# UMI-tools version: 1.1.2
# output generated by dedup --stdin=./raw_bam/LIB056594_TRA00243979_S9_R1_001_TSO17_OFF0_starAligned.sortedByCoord.out.bam --log=./deduplicated_bam/LIB056594_TRA00243979_S9_R1_001_TSO17_OFF0_dedup.log --output-stats=./deduplicated_bam/LIB056594_TRA00243979_S9_R1_001_TSO17_OFF0
# job started at Tue Sep  6 18:16:19 2022 on compute-a-17-63.o2.rc.hms.harvard.edu -- 599c5f7d-042a-478f-bc51-639ae37b4859
# pid: 4000, system: Linux 3.10.0-1160.45.1.el7.x86_64 #1 SMP Wed Oct 13 17:20:51 UTC 2021 x86_64
# assigned_tag                            : None
# cell_tag                                : None
# cell_tag_delim                          : None
# cell_tag_split                          : -
# chimeric_pairs                          : use
# chrom                                   : None
# compresslevel                           : 6
# detection_method                        : None
# filter_umi                              : None
# gene_tag                                : None
# gene_transcript_map                     : None
# get_umi_method                          : read_id
# ignore_tlen                             : False
# ignore_umi                              : False
# in_sam                                  : False
# log2stderr                              : False
# loglevel                                : 1
# mapping_quality                         : 0
# method                                  : directional
# no_sort_output                          : False
# out_sam                                 : False
# output_unmapped                         : False
# paired                                  : False
# per_cell                                : False
# per_contig                              : False
# per_gene                                : False
# random_seed                             : None
# read_length                             : False
# short_help                              : None
# skip_regex                              : ^(__|Unassigned)
# soft_clip_threshold                     : 4
# spliced                                 : False
# stats                                   : ./deduplicated_bam/LIB056594_TRA00243979_S9_R1_001_TSO17_OFF0
# stderr                                  : <_io.TextIOWrapper name='<stderr>' mode='w' encoding='utf-8'>
# stdin                                   : <_io.TextIOWrapper name='./raw_bam/LIB056594_TRA00243979_S9_R1_001_TSO17_OFF0_starAligned.sortedByCoord.out.bam' mode='r' encoding='UTF-8'>
# stdlog                                  : <_io.TextIOWrapper name='./deduplicated_bam/LIB056594_TRA00243979_S9_R1_001_TSO17_OFF0_dedup.log' mode='a' encoding='UTF-8'>
# stdout                                  : <_io.TextIOWrapper name='<stdout>' mode='w' encoding='utf-8'>
# subset                                  : None
# threshold                               : 1
# timeit_file                             : None
# timeit_header                           : None
# timeit_name                             : all
# tmpdir                                  : None
# umi_sep                                 : _
# umi_tag                                 : RX
# umi_tag_delim                           : None
# umi_tag_split                           : None
# umi_whitelist                           : None
# umi_whitelist_paired                    : None
# unmapped_reads                          : discard
# unpaired_reads                          : use
# whole_contig                            : False
2022-09-06 18:16:19,594 INFO command: dedup --stdin=./raw_bam/LIB056594_TRA00243979_S9_R1_001_TSO17_OFF0_starAligned.sortedByCoord.out.bam --log=./deduplicated_bam/LIB056594_TRA00243979_S9_R1_001_TSO17_OFF0_dedup.log --output-stats=./deduplicated_bam/LIB056594_TRA00243979_S9_R1_001_TSO17_OFF0
2022-09-06 18:16:32,511 INFO total_umis 5701196
2022-09-06 18:16:32,511 INFO #umis 1025
2022-09-06 18:16:38,833 INFO Written out 100000 reads
2022-09-06 18:16:44,450 INFO Written out 200000 reads
2022-09-06 18:16:50,475 INFO Written out 300000 reads
2022-09-06 18:16:55,840 INFO Written out 400000 reads
2022-09-06 18:17:01,445 INFO Written out 500000 reads
2022-09-06 18:17:07,211 INFO Written out 600000 reads
2022-09-06 18:17:08,221 INFO Parsed 1000000 input reads
2022-09-06 18:17:12,990 INFO Written out 700000 reads
2022-09-06 18:17:19,243 INFO Written out 800000 reads
2022-09-06 18:17:25,022 INFO Written out 900000 reads
2022-09-06 18:17:30,603 INFO Written out 1000000 reads
2022-09-06 18:17:36,689 INFO Written out 1100000 reads
2022-09-06 18:17:43,499 INFO Written out 1200000 reads
2022-09-06 18:17:44,769 INFO Parsed 2000000 input reads
2022-09-06 18:17:49,372 INFO Written out 1300000 reads
2022-09-06 18:17:55,157 INFO Written out 1400000 reads
2022-09-06 18:18:01,386 INFO Written out 1500000 reads
2022-09-06 18:18:07,417 INFO Written out 1600000 reads
2022-09-06 18:18:13,292 INFO Written out 1700000 reads
2022-09-06 18:18:19,271 INFO Written out 1800000 reads
2022-09-06 18:18:21,661 INFO Parsed 3000000 input reads
2022-09-06 18:18:24,720 INFO Written out 1900000 reads
2022-09-06 18:18:30,556 INFO Written out 2000000 reads
2022-09-06 18:18:36,254 INFO Written out 2100000 reads
2022-09-06 18:18:42,339 INFO Written out 2200000 reads
2022-09-06 18:18:48,065 INFO Written out 2300000 reads
2022-09-06 18:18:53,489 INFO Written out 2400000 reads
2022-09-06 18:18:58,256 INFO Parsed 4000000 input reads
2022-09-06 18:18:58,856 INFO Written out 2500000 reads
2022-09-06 18:19:04,978 INFO Written out 2600000 reads
2022-09-06 18:19:10,616 INFO Written out 2700000 reads
2022-09-06 18:19:18,162 INFO Written out 2800000 reads
2022-09-06 18:19:25,257 INFO Written out 2900000 reads
2022-09-06 18:19:31,204 INFO Written out 3000000 reads
2022-09-06 18:19:35,572 INFO Parsed 5000000 input reads
2022-09-06 18:19:36,923 INFO Written out 3100000 reads
2022-09-06 18:19:49,940 INFO Written out 3200000 reads
2022-09-06 18:19:57,617 INFO Written out 3300000 reads
2022-09-06 18:20:31,651 INFO Reads: Input Reads: 5701196
2022-09-06 18:20:31,651 INFO Number of reads out: 3354212
2022-09-06 18:20:31,651 INFO Total number of positions deduplicated: 1529197
2022-09-06 18:20:31,651 INFO Mean number of unique UMIs per position: 2.96
2022-09-06 18:20:31,651 INFO Max. number of unique UMIs per position: 726
# job finished in 252 seconds at Tue Sep  6 18:20:31 2022 -- 249.36  4.14  0.00  0.00 -- 599c5f7d-042a-478f-bc51-639ae37b4859
