# UMI-tools version: 1.1.2
# output generated by dedup --stdin=./raw_bam/LIB056594_TRA00243982_S12_R1_001_TSO26_OFF3_starAligned.sortedByCoord.out.bam --log=./deduplicated_bam/LIB056594_TRA00243982_S12_R1_001_TSO26_OFF3_dedup.log --output-stats=./deduplicated_bam/LIB056594_TRA00243982_S12_R1_001_TSO26_OFF3
# job started at Tue Sep  6 18:29:09 2022 on compute-e-16-210.o2.rc.hms.harvard.edu -- 2cf623c2-b506-4d42-876d-c9f74fe1d857
# pid: 31087, system: Linux 3.10.0-1160.76.1.el7.x86_64 #1 SMP Wed Aug 10 16:21:17 UTC 2022 x86_64
# assigned_tag                            : None
# cell_tag                                : None
# cell_tag_delim                          : None
# cell_tag_split                          : -
# chimeric_pairs                          : use
# chrom                                   : None
# compresslevel                           : 6
# detection_method                        : None
# filter_umi                              : None
# gene_tag                                : None
# gene_transcript_map                     : None
# get_umi_method                          : read_id
# ignore_tlen                             : False
# ignore_umi                              : False
# in_sam                                  : False
# log2stderr                              : False
# loglevel                                : 1
# mapping_quality                         : 0
# method                                  : directional
# no_sort_output                          : False
# out_sam                                 : False
# output_unmapped                         : False
# paired                                  : False
# per_cell                                : False
# per_contig                              : False
# per_gene                                : False
# random_seed                             : None
# read_length                             : False
# short_help                              : None
# skip_regex                              : ^(__|Unassigned)
# soft_clip_threshold                     : 4
# spliced                                 : False
# stats                                   : ./deduplicated_bam/LIB056594_TRA00243982_S12_R1_001_TSO26_OFF3
# stderr                                  : <_io.TextIOWrapper name='<stderr>' mode='w' encoding='utf-8'>
# stdin                                   : <_io.TextIOWrapper name='./raw_bam/LIB056594_TRA00243982_S12_R1_001_TSO26_OFF3_starAligned.sortedByCoord.out.bam' mode='r' encoding='UTF-8'>
# stdlog                                  : <_io.TextIOWrapper name='./deduplicated_bam/LIB056594_TRA00243982_S12_R1_001_TSO26_OFF3_dedup.log' mode='a' encoding='UTF-8'>
# stdout                                  : <_io.TextIOWrapper name='<stdout>' mode='w' encoding='utf-8'>
# subset                                  : None
# threshold                               : 1
# timeit_file                             : None
# timeit_header                           : None
# timeit_name                             : all
# tmpdir                                  : None
# umi_sep                                 : _
# umi_tag                                 : RX
# umi_tag_delim                           : None
# umi_tag_split                           : None
# umi_whitelist                           : None
# umi_whitelist_paired                    : None
# unmapped_reads                          : discard
# unpaired_reads                          : use
# whole_contig                            : False
2022-09-06 18:29:09,356 INFO command: dedup --stdin=./raw_bam/LIB056594_TRA00243982_S12_R1_001_TSO26_OFF3_starAligned.sortedByCoord.out.bam --log=./deduplicated_bam/LIB056594_TRA00243982_S12_R1_001_TSO26_OFF3_dedup.log --output-stats=./deduplicated_bam/LIB056594_TRA00243982_S12_R1_001_TSO26_OFF3
2022-09-06 18:29:15,487 INFO total_umis 3101223
2022-09-06 18:29:15,487 INFO #umis 1024
2022-09-06 18:29:20,620 INFO Written out 100000 reads
2022-09-06 18:29:25,564 INFO Written out 200000 reads
2022-09-06 18:29:30,853 INFO Written out 300000 reads
2022-09-06 18:29:36,637 INFO Written out 400000 reads
2022-09-06 18:29:42,255 INFO Written out 500000 reads
2022-09-06 18:29:47,050 INFO Written out 600000 reads
2022-09-06 18:29:49,477 INFO Parsed 1000000 input reads
2022-09-06 18:29:52,996 INFO Written out 700000 reads
2022-09-06 18:29:58,444 INFO Written out 800000 reads
2022-09-06 18:30:03,428 INFO Written out 900000 reads
2022-09-06 18:30:08,854 INFO Written out 1000000 reads
2022-09-06 18:30:14,140 INFO Written out 1100000 reads
2022-09-06 18:30:19,439 INFO Written out 1200000 reads
2022-09-06 18:30:24,319 INFO Written out 1300000 reads
2022-09-06 18:30:24,441 INFO Parsed 2000000 input reads
2022-09-06 18:30:28,863 INFO Written out 1400000 reads
2022-09-06 18:30:33,955 INFO Written out 1500000 reads
2022-09-06 18:30:39,488 INFO Written out 1600000 reads
2022-09-06 18:30:44,993 INFO Written out 1700000 reads
2022-09-06 18:30:50,854 INFO Written out 1800000 reads
2022-09-06 18:30:58,427 INFO Written out 1900000 reads
2022-09-06 18:30:58,810 INFO Parsed 3000000 input reads
2022-09-06 18:31:12,874 INFO Reads: Input Reads: 3101223
2022-09-06 18:31:12,875 INFO Number of reads out: 1964169
2022-09-06 18:31:12,875 INFO Total number of positions deduplicated: 892872
2022-09-06 18:31:12,875 INFO Mean number of unique UMIs per position: 2.86
2022-09-06 18:31:12,875 INFO Max. number of unique UMIs per position: 850
# job finished in 123 seconds at Tue Sep  6 18:31:12 2022 -- 123.33  2.16  0.00  0.00 -- 2cf623c2-b506-4d42-876d-c9f74fe1d857
