# UMI-tools version: 1.1.2
# output generated by dedup --stdin=./raw_bam/LIB056594_TRA00243972_S2_R1_001_TSO25_OFF0_starAligned.sortedByCoord.out.bam --log=./deduplicated_bam/LIB056594_TRA00243972_S2_R1_001_TSO25_OFF0_dedup.log --output-stats=./deduplicated_bam/LIB056594_TRA00243972_S2_R1_001_TSO25_OFF0
# job started at Tue Sep  6 18:36:02 2022 on compute-e-16-246.o2.rc.hms.harvard.edu -- 8493e155-9dee-44bc-a991-ed84b9fd8d73
# pid: 15169, system: Linux 3.10.0-1160.76.1.el7.x86_64 #1 SMP Wed Aug 10 16:21:17 UTC 2022 x86_64
# assigned_tag                            : None
# cell_tag                                : None
# cell_tag_delim                          : None
# cell_tag_split                          : -
# chimeric_pairs                          : use
# chrom                                   : None
# compresslevel                           : 6
# detection_method                        : None
# filter_umi                              : None
# gene_tag                                : None
# gene_transcript_map                     : None
# get_umi_method                          : read_id
# ignore_tlen                             : False
# ignore_umi                              : False
# in_sam                                  : False
# log2stderr                              : False
# loglevel                                : 1
# mapping_quality                         : 0
# method                                  : directional
# no_sort_output                          : False
# out_sam                                 : False
# output_unmapped                         : False
# paired                                  : False
# per_cell                                : False
# per_contig                              : False
# per_gene                                : False
# random_seed                             : None
# read_length                             : False
# short_help                              : None
# skip_regex                              : ^(__|Unassigned)
# soft_clip_threshold                     : 4
# spliced                                 : False
# stats                                   : ./deduplicated_bam/LIB056594_TRA00243972_S2_R1_001_TSO25_OFF0
# stderr                                  : <_io.TextIOWrapper name='<stderr>' mode='w' encoding='utf-8'>
# stdin                                   : <_io.TextIOWrapper name='./raw_bam/LIB056594_TRA00243972_S2_R1_001_TSO25_OFF0_starAligned.sortedByCoord.out.bam' mode='r' encoding='UTF-8'>
# stdlog                                  : <_io.TextIOWrapper name='./deduplicated_bam/LIB056594_TRA00243972_S2_R1_001_TSO25_OFF0_dedup.log' mode='a' encoding='UTF-8'>
# stdout                                  : <_io.TextIOWrapper name='<stdout>' mode='w' encoding='utf-8'>
# subset                                  : None
# threshold                               : 1
# timeit_file                             : None
# timeit_header                           : None
# timeit_name                             : all
# tmpdir                                  : None
# umi_sep                                 : _
# umi_tag                                 : RX
# umi_tag_delim                           : None
# umi_tag_split                           : None
# umi_whitelist                           : None
# umi_whitelist_paired                    : None
# unmapped_reads                          : discard
# unpaired_reads                          : use
# whole_contig                            : False
2022-09-06 18:36:02,771 INFO command: dedup --stdin=./raw_bam/LIB056594_TRA00243972_S2_R1_001_TSO25_OFF0_starAligned.sortedByCoord.out.bam --log=./deduplicated_bam/LIB056594_TRA00243972_S2_R1_001_TSO25_OFF0_dedup.log --output-stats=./deduplicated_bam/LIB056594_TRA00243972_S2_R1_001_TSO25_OFF0
2022-09-06 18:36:10,543 INFO total_umis 4110859
2022-09-06 18:36:10,544 INFO #umis 1031
2022-09-06 18:36:15,750 INFO Written out 100000 reads
2022-09-06 18:36:20,221 INFO Written out 200000 reads
2022-09-06 18:36:25,077 INFO Written out 300000 reads
2022-09-06 18:36:29,694 INFO Written out 400000 reads
2022-09-06 18:36:34,747 INFO Written out 500000 reads
2022-09-06 18:36:39,470 INFO Written out 600000 reads
2022-09-06 18:36:42,099 INFO Parsed 1000000 input reads
2022-09-06 18:36:44,207 INFO Written out 700000 reads
2022-09-06 18:36:48,772 INFO Written out 800000 reads
2022-09-06 18:36:54,860 INFO Written out 900000 reads
2022-09-06 18:36:59,757 INFO Written out 1000000 reads
2022-09-06 18:37:04,737 INFO Written out 1100000 reads
2022-09-06 18:37:10,308 INFO Written out 1200000 reads
2022-09-06 18:37:15,474 INFO Written out 1300000 reads
2022-09-06 18:37:15,493 INFO Parsed 2000000 input reads
2022-09-06 18:37:20,404 INFO Written out 1400000 reads
2022-09-06 18:37:24,874 INFO Written out 1500000 reads
2022-09-06 18:37:30,435 INFO Written out 1600000 reads
2022-09-06 18:37:35,849 INFO Written out 1700000 reads
2022-09-06 18:37:41,006 INFO Written out 1800000 reads
2022-09-06 18:37:45,430 INFO Written out 1900000 reads
2022-09-06 18:37:49,189 INFO Parsed 3000000 input reads
2022-09-06 18:37:50,319 INFO Written out 2000000 reads
2022-09-06 18:37:55,716 INFO Written out 2100000 reads
2022-09-06 18:38:01,219 INFO Written out 2200000 reads
2022-09-06 18:38:06,168 INFO Written out 2300000 reads
2022-09-06 18:38:10,946 INFO Written out 2400000 reads
2022-09-06 18:38:20,438 INFO Written out 2500000 reads
2022-09-06 18:38:22,492 INFO Parsed 4000000 input reads
2022-09-06 18:38:39,596 INFO Reads: Input Reads: 4110859
2022-09-06 18:38:39,596 INFO Number of reads out: 2594685
2022-09-06 18:38:39,596 INFO Total number of positions deduplicated: 1219119
2022-09-06 18:38:39,596 INFO Mean number of unique UMIs per position: 2.77
2022-09-06 18:38:39,596 INFO Max. number of unique UMIs per position: 731
# job finished in 156 seconds at Tue Sep  6 18:38:39 2022 -- 155.26  3.21  0.00  0.00 -- 8493e155-9dee-44bc-a991-ed84b9fd8d73
