# UMI-tools version: 1.1.2
# output generated by dedup --stdin=./raw_bam/LIB056594_TRA00243979_S9_R1_001_TSO26_OFF3_starAligned.sortedByCoord.out.bam --log=./deduplicated_bam/LIB056594_TRA00243979_S9_R1_001_TSO26_OFF3_dedup.log --output-stats=./deduplicated_bam/LIB056594_TRA00243979_S9_R1_001_TSO26_OFF3
# job started at Tue Sep  6 18:40:20 2022 on compute-a-17-63.o2.rc.hms.harvard.edu -- 7c1de57e-4d0a-47ec-9386-100d9289a1ad
# pid: 15562, system: Linux 3.10.0-1160.45.1.el7.x86_64 #1 SMP Wed Oct 13 17:20:51 UTC 2021 x86_64
# assigned_tag                            : None
# cell_tag                                : None
# cell_tag_delim                          : None
# cell_tag_split                          : -
# chimeric_pairs                          : use
# chrom                                   : None
# compresslevel                           : 6
# detection_method                        : None
# filter_umi                              : None
# gene_tag                                : None
# gene_transcript_map                     : None
# get_umi_method                          : read_id
# ignore_tlen                             : False
# ignore_umi                              : False
# in_sam                                  : False
# log2stderr                              : False
# loglevel                                : 1
# mapping_quality                         : 0
# method                                  : directional
# no_sort_output                          : False
# out_sam                                 : False
# output_unmapped                         : False
# paired                                  : False
# per_cell                                : False
# per_contig                              : False
# per_gene                                : False
# random_seed                             : None
# read_length                             : False
# short_help                              : None
# skip_regex                              : ^(__|Unassigned)
# soft_clip_threshold                     : 4
# spliced                                 : False
# stats                                   : ./deduplicated_bam/LIB056594_TRA00243979_S9_R1_001_TSO26_OFF3
# stderr                                  : <_io.TextIOWrapper name='<stderr>' mode='w' encoding='utf-8'>
# stdin                                   : <_io.TextIOWrapper name='./raw_bam/LIB056594_TRA00243979_S9_R1_001_TSO26_OFF3_starAligned.sortedByCoord.out.bam' mode='r' encoding='UTF-8'>
# stdlog                                  : <_io.TextIOWrapper name='./deduplicated_bam/LIB056594_TRA00243979_S9_R1_001_TSO26_OFF3_dedup.log' mode='a' encoding='UTF-8'>
# stdout                                  : <_io.TextIOWrapper name='<stdout>' mode='w' encoding='utf-8'>
# subset                                  : None
# threshold                               : 1
# timeit_file                             : None
# timeit_header                           : None
# timeit_name                             : all
# tmpdir                                  : None
# umi_sep                                 : _
# umi_tag                                 : RX
# umi_tag_delim                           : None
# umi_tag_split                           : None
# umi_whitelist                           : None
# umi_whitelist_paired                    : None
# unmapped_reads                          : discard
# unpaired_reads                          : use
# whole_contig                            : False
2022-09-06 18:40:20,213 INFO command: dedup --stdin=./raw_bam/LIB056594_TRA00243979_S9_R1_001_TSO26_OFF3_starAligned.sortedByCoord.out.bam --log=./deduplicated_bam/LIB056594_TRA00243979_S9_R1_001_TSO26_OFF3_dedup.log --output-stats=./deduplicated_bam/LIB056594_TRA00243979_S9_R1_001_TSO26_OFF3
2022-09-06 18:40:33,139 INFO total_umis 5695715
2022-09-06 18:40:33,139 INFO #umis 1024
2022-09-06 18:40:39,313 INFO Written out 100000 reads
2022-09-06 18:40:44,920 INFO Written out 200000 reads
2022-09-06 18:40:50,835 INFO Written out 300000 reads
2022-09-06 18:40:56,756 INFO Written out 400000 reads
2022-09-06 18:41:03,104 INFO Written out 500000 reads
2022-09-06 18:41:09,334 INFO Parsed 1000000 input reads
2022-09-06 18:41:09,407 INFO Written out 600000 reads
2022-09-06 18:41:15,768 INFO Written out 700000 reads
2022-09-06 18:41:22,168 INFO Written out 800000 reads
2022-09-06 18:41:28,582 INFO Written out 900000 reads
2022-09-06 18:41:34,547 INFO Written out 1000000 reads
2022-09-06 18:41:40,828 INFO Written out 1100000 reads
2022-09-06 18:41:47,471 INFO Parsed 2000000 input reads
2022-09-06 18:41:47,879 INFO Written out 1200000 reads
2022-09-06 18:41:54,463 INFO Written out 1300000 reads
2022-09-06 18:42:00,339 INFO Written out 1400000 reads
2022-09-06 18:42:06,105 INFO Written out 1500000 reads
2022-09-06 18:42:12,817 INFO Written out 1600000 reads
2022-09-06 18:42:18,742 INFO Written out 1700000 reads
2022-09-06 18:42:24,766 INFO Written out 1800000 reads
2022-09-06 18:42:24,849 INFO Parsed 3000000 input reads
2022-09-06 18:42:31,020 INFO Written out 1900000 reads
2022-09-06 18:42:36,998 INFO Written out 2000000 reads
2022-09-06 18:42:42,910 INFO Written out 2100000 reads
2022-09-06 18:42:48,479 INFO Written out 2200000 reads
2022-09-06 18:42:53,866 INFO Written out 2300000 reads
2022-09-06 18:42:59,430 INFO Written out 2400000 reads
2022-09-06 18:43:01,589 INFO Parsed 4000000 input reads
2022-09-06 18:43:04,450 INFO Written out 2500000 reads
2022-09-06 18:43:11,218 INFO Written out 2600000 reads
2022-09-06 18:43:18,534 INFO Written out 2700000 reads
2022-09-06 18:43:24,560 INFO Written out 2800000 reads
2022-09-06 18:43:32,016 INFO Written out 2900000 reads
2022-09-06 18:43:38,663 INFO Written out 3000000 reads
2022-09-06 18:43:40,503 INFO Parsed 5000000 input reads
2022-09-06 18:43:51,373 INFO Written out 3100000 reads
2022-09-06 18:43:59,412 INFO Written out 3200000 reads
2022-09-06 18:44:07,804 INFO Written out 3300000 reads
2022-09-06 18:44:37,611 INFO Reads: Input Reads: 5695715
2022-09-06 18:44:37,612 INFO Number of reads out: 3316983
2022-09-06 18:44:37,612 INFO Total number of positions deduplicated: 1417158
2022-09-06 18:44:37,612 INFO Mean number of unique UMIs per position: 3.17
2022-09-06 18:44:37,612 INFO Max. number of unique UMIs per position: 903
# job finished in 257 seconds at Tue Sep  6 18:44:37 2022 -- 254.49  3.98  0.00  0.00 -- 7c1de57e-4d0a-47ec-9386-100d9289a1ad
