# UMI-tools version: 1.1.2
# output generated by dedup --stdin=./raw_bam/LIB056594_TRA00243990_S20_R1_001_TSO25_OFF0_starAligned.sortedByCoord.out.bam --log=./deduplicated_bam/LIB056594_TRA00243990_S20_R1_001_TSO25_OFF0_dedup.log --output-stats=./deduplicated_bam/LIB056594_TRA00243990_S20_R1_001_TSO25_OFF0
# job started at Tue Sep  6 18:46:23 2022 on compute-a-17-124.o2.rc.hms.harvard.edu -- 82a45fc2-0788-44fe-adef-53da2c056c20
# pid: 20002, system: Linux 3.10.0-1160.45.1.el7.x86_64 #1 SMP Wed Oct 13 17:20:51 UTC 2021 x86_64
# assigned_tag                            : None
# cell_tag                                : None
# cell_tag_delim                          : None
# cell_tag_split                          : -
# chimeric_pairs                          : use
# chrom                                   : None
# compresslevel                           : 6
# detection_method                        : None
# filter_umi                              : None
# gene_tag                                : None
# gene_transcript_map                     : None
# get_umi_method                          : read_id
# ignore_tlen                             : False
# ignore_umi                              : False
# in_sam                                  : False
# log2stderr                              : False
# loglevel                                : 1
# mapping_quality                         : 0
# method                                  : directional
# no_sort_output                          : False
# out_sam                                 : False
# output_unmapped                         : False
# paired                                  : False
# per_cell                                : False
# per_contig                              : False
# per_gene                                : False
# random_seed                             : None
# read_length                             : False
# short_help                              : None
# skip_regex                              : ^(__|Unassigned)
# soft_clip_threshold                     : 4
# spliced                                 : False
# stats                                   : ./deduplicated_bam/LIB056594_TRA00243990_S20_R1_001_TSO25_OFF0
# stderr                                  : <_io.TextIOWrapper name='<stderr>' mode='w' encoding='utf-8'>
# stdin                                   : <_io.TextIOWrapper name='./raw_bam/LIB056594_TRA00243990_S20_R1_001_TSO25_OFF0_starAligned.sortedByCoord.out.bam' mode='r' encoding='UTF-8'>
# stdlog                                  : <_io.TextIOWrapper name='./deduplicated_bam/LIB056594_TRA00243990_S20_R1_001_TSO25_OFF0_dedup.log' mode='a' encoding='UTF-8'>
# stdout                                  : <_io.TextIOWrapper name='<stdout>' mode='w' encoding='utf-8'>
# subset                                  : None
# threshold                               : 1
# timeit_file                             : None
# timeit_header                           : None
# timeit_name                             : all
# tmpdir                                  : None
# umi_sep                                 : _
# umi_tag                                 : RX
# umi_tag_delim                           : None
# umi_tag_split                           : None
# umi_whitelist                           : None
# umi_whitelist_paired                    : None
# unmapped_reads                          : discard
# unpaired_reads                          : use
# whole_contig                            : False
2022-09-06 18:46:23,295 INFO command: dedup --stdin=./raw_bam/LIB056594_TRA00243990_S20_R1_001_TSO25_OFF0_starAligned.sortedByCoord.out.bam --log=./deduplicated_bam/LIB056594_TRA00243990_S20_R1_001_TSO25_OFF0_dedup.log --output-stats=./deduplicated_bam/LIB056594_TRA00243990_S20_R1_001_TSO25_OFF0
2022-09-06 18:46:33,115 INFO total_umis 4152448
2022-09-06 18:46:33,115 INFO #umis 1032
2022-09-06 18:46:39,627 INFO Written out 100000 reads
2022-09-06 18:46:45,219 INFO Written out 200000 reads
2022-09-06 18:46:50,989 INFO Written out 300000 reads
2022-09-06 18:46:56,544 INFO Written out 400000 reads
2022-09-06 18:47:02,728 INFO Written out 500000 reads
2022-09-06 18:47:08,444 INFO Written out 600000 reads
2022-09-06 18:47:11,387 INFO Parsed 1000000 input reads
2022-09-06 18:47:14,305 INFO Written out 700000 reads
2022-09-06 18:47:19,496 INFO Written out 800000 reads
2022-09-06 18:47:26,459 INFO Written out 900000 reads
2022-09-06 18:47:32,359 INFO Written out 1000000 reads
2022-09-06 18:47:37,983 INFO Written out 1100000 reads
2022-09-06 18:47:44,412 INFO Written out 1200000 reads
2022-09-06 18:47:49,866 INFO Parsed 2000000 input reads
2022-09-06 18:47:50,379 INFO Written out 1300000 reads
2022-09-06 18:47:56,153 INFO Written out 1400000 reads
2022-09-06 18:48:01,600 INFO Written out 1500000 reads
2022-09-06 18:48:07,732 INFO Written out 1600000 reads
2022-09-06 18:48:13,299 INFO Written out 1700000 reads
2022-09-06 18:48:19,378 INFO Written out 1800000 reads
2022-09-06 18:48:24,656 INFO Written out 1900000 reads
2022-09-06 18:48:28,249 INFO Parsed 3000000 input reads
2022-09-06 18:48:30,483 INFO Written out 2000000 reads
2022-09-06 18:48:37,096 INFO Written out 2100000 reads
2022-09-06 18:48:42,947 INFO Written out 2200000 reads
2022-09-06 18:48:48,819 INFO Written out 2300000 reads
2022-09-06 18:48:54,518 INFO Written out 2400000 reads
2022-09-06 18:49:06,306 INFO Written out 2500000 reads
2022-09-06 18:49:07,936 INFO Parsed 4000000 input reads
2022-09-06 18:49:12,373 INFO Written out 2600000 reads
2022-09-06 18:49:29,312 INFO Reads: Input Reads: 4152448
2022-09-06 18:49:29,312 INFO Number of reads out: 2605317
2022-09-06 18:49:29,312 INFO Total number of positions deduplicated: 1197358
2022-09-06 18:49:29,312 INFO Mean number of unique UMIs per position: 2.85
2022-09-06 18:49:29,312 INFO Max. number of unique UMIs per position: 732
# job finished in 186 seconds at Tue Sep  6 18:49:29 2022 -- 182.99  4.57  0.00  0.00 -- 82a45fc2-0788-44fe-adef-53da2c056c20
