# UMI-tools version: 1.1.2
# output generated by dedup --stdin=./raw_bam/LIB056594_TRA00243977_S7_R1_001_TSO17_OFF0_starAligned.sortedByCoord.out.bam --log=./deduplicated_bam/LIB056594_TRA00243977_S7_R1_001_TSO17_OFF0_dedup.log --output-stats=./deduplicated_bam/LIB056594_TRA00243977_S7_R1_001_TSO17_OFF0
# job started at Tue Sep  6 18:23:42 2022 on compute-a-16-54.o2.rc.hms.harvard.edu -- c2dc01d0-4f20-4757-a683-25f07827dfa4
# pid: 25990, system: Linux 3.10.0-1160.76.1.el7.x86_64 #1 SMP Wed Aug 10 16:21:17 UTC 2022 x86_64
# assigned_tag                            : None
# cell_tag                                : None
# cell_tag_delim                          : None
# cell_tag_split                          : -
# chimeric_pairs                          : use
# chrom                                   : None
# compresslevel                           : 6
# detection_method                        : None
# filter_umi                              : None
# gene_tag                                : None
# gene_transcript_map                     : None
# get_umi_method                          : read_id
# ignore_tlen                             : False
# ignore_umi                              : False
# in_sam                                  : False
# log2stderr                              : False
# loglevel                                : 1
# mapping_quality                         : 0
# method                                  : directional
# no_sort_output                          : False
# out_sam                                 : False
# output_unmapped                         : False
# paired                                  : False
# per_cell                                : False
# per_contig                              : False
# per_gene                                : False
# random_seed                             : None
# read_length                             : False
# short_help                              : None
# skip_regex                              : ^(__|Unassigned)
# soft_clip_threshold                     : 4
# spliced                                 : False
# stats                                   : ./deduplicated_bam/LIB056594_TRA00243977_S7_R1_001_TSO17_OFF0
# stderr                                  : <_io.TextIOWrapper name='<stderr>' mode='w' encoding='utf-8'>
# stdin                                   : <_io.TextIOWrapper name='./raw_bam/LIB056594_TRA00243977_S7_R1_001_TSO17_OFF0_starAligned.sortedByCoord.out.bam' mode='r' encoding='UTF-8'>
# stdlog                                  : <_io.TextIOWrapper name='./deduplicated_bam/LIB056594_TRA00243977_S7_R1_001_TSO17_OFF0_dedup.log' mode='a' encoding='UTF-8'>
# stdout                                  : <_io.TextIOWrapper name='<stdout>' mode='w' encoding='utf-8'>
# subset                                  : None
# threshold                               : 1
# timeit_file                             : None
# timeit_header                           : None
# timeit_name                             : all
# tmpdir                                  : None
# umi_sep                                 : _
# umi_tag                                 : RX
# umi_tag_delim                           : None
# umi_tag_split                           : None
# umi_whitelist                           : None
# umi_whitelist_paired                    : None
# unmapped_reads                          : discard
# unpaired_reads                          : use
# whole_contig                            : False
2022-09-06 18:23:42,039 INFO command: dedup --stdin=./raw_bam/LIB056594_TRA00243977_S7_R1_001_TSO17_OFF0_starAligned.sortedByCoord.out.bam --log=./deduplicated_bam/LIB056594_TRA00243977_S7_R1_001_TSO17_OFF0_dedup.log --output-stats=./deduplicated_bam/LIB056594_TRA00243977_S7_R1_001_TSO17_OFF0
2022-09-06 18:23:51,943 INFO total_umis 4211438
2022-09-06 18:23:51,943 INFO #umis 1026
2022-09-06 18:23:57,918 INFO Written out 100000 reads
2022-09-06 18:24:03,249 INFO Written out 200000 reads
2022-09-06 18:24:08,983 INFO Written out 300000 reads
2022-09-06 18:24:14,506 INFO Written out 400000 reads
2022-09-06 18:24:20,358 INFO Written out 500000 reads
2022-09-06 18:24:25,752 INFO Written out 600000 reads
2022-09-06 18:24:28,559 INFO Parsed 1000000 input reads
2022-09-06 18:24:31,632 INFO Written out 700000 reads
2022-09-06 18:24:36,897 INFO Written out 800000 reads
2022-09-06 18:24:43,503 INFO Written out 900000 reads
2022-09-06 18:24:49,281 INFO Written out 1000000 reads
2022-09-06 18:24:55,007 INFO Written out 1100000 reads
2022-09-06 18:25:01,074 INFO Written out 1200000 reads
2022-09-06 18:25:05,816 INFO Parsed 2000000 input reads
2022-09-06 18:25:06,556 INFO Written out 1300000 reads
2022-09-06 18:25:12,328 INFO Written out 1400000 reads
2022-09-06 18:25:17,817 INFO Written out 1500000 reads
2022-09-06 18:25:23,918 INFO Written out 1600000 reads
2022-09-06 18:25:28,748 INFO Written out 1700000 reads
2022-09-06 18:25:34,314 INFO Written out 1800000 reads
2022-09-06 18:25:39,538 INFO Written out 1900000 reads
2022-09-06 18:25:42,343 INFO Parsed 3000000 input reads
2022-09-06 18:25:45,404 INFO Written out 2000000 reads
2022-09-06 18:25:51,601 INFO Written out 2100000 reads
2022-09-06 18:25:57,462 INFO Written out 2200000 reads
2022-09-06 18:26:03,849 INFO Written out 2300000 reads
2022-09-06 18:26:09,419 INFO Written out 2400000 reads
2022-09-06 18:26:19,484 INFO Written out 2500000 reads
2022-09-06 18:26:20,851 INFO Parsed 4000000 input reads
2022-09-06 18:26:26,767 INFO Written out 2600000 reads
2022-09-06 18:26:42,933 INFO Reads: Input Reads: 4211438
2022-09-06 18:26:42,933 INFO Number of reads out: 2612371
2022-09-06 18:26:42,934 INFO Total number of positions deduplicated: 1233058
2022-09-06 18:26:42,934 INFO Mean number of unique UMIs per position: 2.78
2022-09-06 18:26:42,934 INFO Max. number of unique UMIs per position: 659
# job finished in 180 seconds at Tue Sep  6 18:26:42 2022 -- 180.76  2.29  0.00  0.00 -- c2dc01d0-4f20-4757-a683-25f07827dfa4
