# UMI-tools version: 1.1.2
# output generated by dedup --stdin=./raw_bam/LIB056594_TRA00243991_S21_R1_001_TSO20_OFF3_starAligned.sortedByCoord.out.bam --log=./deduplicated_bam/LIB056594_TRA00243991_S21_R1_001_TSO20_OFF3_dedup.log --output-stats=./deduplicated_bam/LIB056594_TRA00243991_S21_R1_001_TSO20_OFF3
# job started at Tue Sep  6 18:40:22 2022 on compute-a-17-139.o2.rc.hms.harvard.edu -- 3a69e504-be3c-47cd-80bf-1a60125641c2
# pid: 15352, system: Linux 3.10.0-1160.71.1.el7.x86_64 #1 SMP Tue Jun 28 15:37:28 UTC 2022 x86_64
# assigned_tag                            : None
# cell_tag                                : None
# cell_tag_delim                          : None
# cell_tag_split                          : -
# chimeric_pairs                          : use
# chrom                                   : None
# compresslevel                           : 6
# detection_method                        : None
# filter_umi                              : None
# gene_tag                                : None
# gene_transcript_map                     : None
# get_umi_method                          : read_id
# ignore_tlen                             : False
# ignore_umi                              : False
# in_sam                                  : False
# log2stderr                              : False
# loglevel                                : 1
# mapping_quality                         : 0
# method                                  : directional
# no_sort_output                          : False
# out_sam                                 : False
# output_unmapped                         : False
# paired                                  : False
# per_cell                                : False
# per_contig                              : False
# per_gene                                : False
# random_seed                             : None
# read_length                             : False
# short_help                              : None
# skip_regex                              : ^(__|Unassigned)
# soft_clip_threshold                     : 4
# spliced                                 : False
# stats                                   : ./deduplicated_bam/LIB056594_TRA00243991_S21_R1_001_TSO20_OFF3
# stderr                                  : <_io.TextIOWrapper name='<stderr>' mode='w' encoding='utf-8'>
# stdin                                   : <_io.TextIOWrapper name='./raw_bam/LIB056594_TRA00243991_S21_R1_001_TSO20_OFF3_starAligned.sortedByCoord.out.bam' mode='r' encoding='UTF-8'>
# stdlog                                  : <_io.TextIOWrapper name='./deduplicated_bam/LIB056594_TRA00243991_S21_R1_001_TSO20_OFF3_dedup.log' mode='a' encoding='UTF-8'>
# stdout                                  : <_io.TextIOWrapper name='<stdout>' mode='w' encoding='utf-8'>
# subset                                  : None
# threshold                               : 1
# timeit_file                             : None
# timeit_header                           : None
# timeit_name                             : all
# tmpdir                                  : None
# umi_sep                                 : _
# umi_tag                                 : RX
# umi_tag_delim                           : None
# umi_tag_split                           : None
# umi_whitelist                           : None
# umi_whitelist_paired                    : None
# unmapped_reads                          : discard
# unpaired_reads                          : use
# whole_contig                            : False
2022-09-06 18:40:22,171 INFO command: dedup --stdin=./raw_bam/LIB056594_TRA00243991_S21_R1_001_TSO20_OFF3_starAligned.sortedByCoord.out.bam --log=./deduplicated_bam/LIB056594_TRA00243991_S21_R1_001_TSO20_OFF3_dedup.log --output-stats=./deduplicated_bam/LIB056594_TRA00243991_S21_R1_001_TSO20_OFF3
2022-09-06 18:40:31,605 INFO total_umis 4057531
2022-09-06 18:40:31,606 INFO #umis 1021
2022-09-06 18:40:37,008 INFO Written out 100000 reads
2022-09-06 18:40:42,245 INFO Written out 200000 reads
2022-09-06 18:40:47,331 INFO Written out 300000 reads
2022-09-06 18:40:52,881 INFO Written out 400000 reads
2022-09-06 18:40:58,581 INFO Written out 500000 reads
2022-09-06 18:41:03,875 INFO Written out 600000 reads
2022-09-06 18:41:06,221 INFO Parsed 1000000 input reads
2022-09-06 18:41:09,839 INFO Written out 700000 reads
2022-09-06 18:41:15,109 INFO Written out 800000 reads
2022-09-06 18:41:20,930 INFO Written out 900000 reads
2022-09-06 18:41:26,868 INFO Written out 1000000 reads
2022-09-06 18:41:32,226 INFO Written out 1100000 reads
2022-09-06 18:41:37,574 INFO Written out 1200000 reads
2022-09-06 18:41:41,578 INFO Parsed 2000000 input reads
2022-09-06 18:41:43,036 INFO Written out 1300000 reads
2022-09-06 18:41:48,537 INFO Written out 1400000 reads
2022-09-06 18:41:53,931 INFO Written out 1500000 reads
2022-09-06 18:41:59,235 INFO Written out 1600000 reads
2022-09-06 18:42:04,368 INFO Written out 1700000 reads
2022-09-06 18:42:09,533 INFO Written out 1800000 reads
2022-09-06 18:42:14,356 INFO Written out 1900000 reads
2022-09-06 18:42:16,320 INFO Parsed 3000000 input reads
2022-09-06 18:42:19,739 INFO Written out 2000000 reads
2022-09-06 18:42:26,322 INFO Written out 2100000 reads
2022-09-06 18:42:31,817 INFO Written out 2200000 reads
2022-09-06 18:42:37,446 INFO Written out 2300000 reads
2022-09-06 18:42:46,552 INFO Written out 2400000 reads
2022-09-06 18:42:52,163 INFO Written out 2500000 reads
2022-09-06 18:42:52,194 INFO Parsed 4000000 input reads
2022-09-06 18:43:09,469 INFO Reads: Input Reads: 4057531
2022-09-06 18:43:09,469 INFO Number of reads out: 2531703
2022-09-06 18:43:09,469 INFO Total number of positions deduplicated: 1177800
2022-09-06 18:43:09,469 INFO Mean number of unique UMIs per position: 2.84
2022-09-06 18:43:09,469 INFO Max. number of unique UMIs per position: 714
# job finished in 167 seconds at Tue Sep  6 18:43:09 2022 -- 166.95  2.53  0.00  0.00 -- 3a69e504-be3c-47cd-80bf-1a60125641c2
