# UMI-tools version: 1.1.2
# output generated by dedup --stdin=./raw_bam/LIB056594_TRA00243977_S7_R1_001_TSO26_OFF3_starAligned.sortedByCoord.out.bam --log=./deduplicated_bam/LIB056594_TRA00243977_S7_R1_001_TSO26_OFF3_dedup.log --output-stats=./deduplicated_bam/LIB056594_TRA00243977_S7_R1_001_TSO26_OFF3
# job started at Tue Sep  6 18:43:55 2022 on compute-a-16-54.o2.rc.hms.harvard.edu -- 3900716c-a84b-4730-a183-f6dbf156fbd1
# pid: 3451, system: Linux 3.10.0-1160.76.1.el7.x86_64 #1 SMP Wed Aug 10 16:21:17 UTC 2022 x86_64
# assigned_tag                            : None
# cell_tag                                : None
# cell_tag_delim                          : None
# cell_tag_split                          : -
# chimeric_pairs                          : use
# chrom                                   : None
# compresslevel                           : 6
# detection_method                        : None
# filter_umi                              : None
# gene_tag                                : None
# gene_transcript_map                     : None
# get_umi_method                          : read_id
# ignore_tlen                             : False
# ignore_umi                              : False
# in_sam                                  : False
# log2stderr                              : False
# loglevel                                : 1
# mapping_quality                         : 0
# method                                  : directional
# no_sort_output                          : False
# out_sam                                 : False
# output_unmapped                         : False
# paired                                  : False
# per_cell                                : False
# per_contig                              : False
# per_gene                                : False
# random_seed                             : None
# read_length                             : False
# short_help                              : None
# skip_regex                              : ^(__|Unassigned)
# soft_clip_threshold                     : 4
# spliced                                 : False
# stats                                   : ./deduplicated_bam/LIB056594_TRA00243977_S7_R1_001_TSO26_OFF3
# stderr                                  : <_io.TextIOWrapper name='<stderr>' mode='w' encoding='utf-8'>
# stdin                                   : <_io.TextIOWrapper name='./raw_bam/LIB056594_TRA00243977_S7_R1_001_TSO26_OFF3_starAligned.sortedByCoord.out.bam' mode='r' encoding='UTF-8'>
# stdlog                                  : <_io.TextIOWrapper name='./deduplicated_bam/LIB056594_TRA00243977_S7_R1_001_TSO26_OFF3_dedup.log' mode='a' encoding='UTF-8'>
# stdout                                  : <_io.TextIOWrapper name='<stdout>' mode='w' encoding='utf-8'>
# subset                                  : None
# threshold                               : 1
# timeit_file                             : None
# timeit_header                           : None
# timeit_name                             : all
# tmpdir                                  : None
# umi_sep                                 : _
# umi_tag                                 : RX
# umi_tag_delim                           : None
# umi_tag_split                           : None
# umi_whitelist                           : None
# umi_whitelist_paired                    : None
# unmapped_reads                          : discard
# unpaired_reads                          : use
# whole_contig                            : False
2022-09-06 18:43:55,657 INFO command: dedup --stdin=./raw_bam/LIB056594_TRA00243977_S7_R1_001_TSO26_OFF3_starAligned.sortedByCoord.out.bam --log=./deduplicated_bam/LIB056594_TRA00243977_S7_R1_001_TSO26_OFF3_dedup.log --output-stats=./deduplicated_bam/LIB056594_TRA00243977_S7_R1_001_TSO26_OFF3
2022-09-06 18:44:05,313 INFO total_umis 4159920
2022-09-06 18:44:05,313 INFO #umis 1025
2022-09-06 18:44:11,236 INFO Written out 100000 reads
2022-09-06 18:44:16,913 INFO Written out 200000 reads
2022-09-06 18:44:22,420 INFO Written out 300000 reads
2022-09-06 18:44:28,670 INFO Written out 400000 reads
2022-09-06 18:44:35,172 INFO Written out 500000 reads
2022-09-06 18:44:40,983 INFO Written out 600000 reads
2022-09-06 18:44:42,726 INFO Parsed 1000000 input reads
2022-09-06 18:44:47,394 INFO Written out 700000 reads
2022-09-06 18:44:52,737 INFO Written out 800000 reads
2022-09-06 18:44:59,592 INFO Written out 900000 reads
2022-09-06 18:45:06,013 INFO Written out 1000000 reads
2022-09-06 18:45:11,696 INFO Written out 1100000 reads
2022-09-06 18:45:17,736 INFO Written out 1200000 reads
2022-09-06 18:45:21,206 INFO Parsed 2000000 input reads
2022-09-06 18:45:23,854 INFO Written out 1300000 reads
2022-09-06 18:45:29,703 INFO Written out 1400000 reads
2022-09-06 18:45:35,742 INFO Written out 1500000 reads
2022-09-06 18:45:41,555 INFO Written out 1600000 reads
2022-09-06 18:45:47,238 INFO Written out 1700000 reads
2022-09-06 18:45:52,474 INFO Written out 1800000 reads
2022-09-06 18:45:57,030 INFO Written out 1900000 reads
2022-09-06 18:45:58,189 INFO Parsed 3000000 input reads
2022-09-06 18:46:03,108 INFO Written out 2000000 reads
2022-09-06 18:46:09,546 INFO Written out 2100000 reads
2022-09-06 18:46:16,485 INFO Written out 2200000 reads
2022-09-06 18:46:22,780 INFO Written out 2300000 reads
2022-09-06 18:46:33,699 INFO Written out 2400000 reads
2022-09-06 18:46:37,708 INFO Parsed 4000000 input reads
2022-09-06 18:46:40,193 INFO Written out 2500000 reads
2022-09-06 18:46:58,469 INFO Reads: Input Reads: 4159920
2022-09-06 18:46:58,469 INFO Number of reads out: 2543007
2022-09-06 18:46:58,469 INFO Total number of positions deduplicated: 1132524
2022-09-06 18:46:58,470 INFO Mean number of unique UMIs per position: 2.97
2022-09-06 18:46:58,470 INFO Max. number of unique UMIs per position: 859
# job finished in 182 seconds at Tue Sep  6 18:46:58 2022 -- 182.57  2.27  0.00  0.00 -- 3900716c-a84b-4730-a183-f6dbf156fbd1
