# UMI-tools version: 1.1.2
# output generated by dedup --stdin=./raw_bam/LIB056594_TRA00243974_S4_R1_001_TSO26_OFF3_starAligned.sortedByCoord.out.bam --log=./deduplicated_bam/LIB056594_TRA00243974_S4_R1_001_TSO26_OFF3_dedup.log --output-stats=./deduplicated_bam/LIB056594_TRA00243974_S4_R1_001_TSO26_OFF3
# job started at Tue Sep  6 18:44:01 2022 on compute-e-16-209.o2.rc.hms.harvard.edu -- dae473ff-6d1c-4a1d-8e6e-7e052876c02f
# pid: 20579, system: Linux 3.10.0-1160.71.1.el7.x86_64 #1 SMP Tue Jun 28 15:37:28 UTC 2022 x86_64
# assigned_tag                            : None
# cell_tag                                : None
# cell_tag_delim                          : None
# cell_tag_split                          : -
# chimeric_pairs                          : use
# chrom                                   : None
# compresslevel                           : 6
# detection_method                        : None
# filter_umi                              : None
# gene_tag                                : None
# gene_transcript_map                     : None
# get_umi_method                          : read_id
# ignore_tlen                             : False
# ignore_umi                              : False
# in_sam                                  : False
# log2stderr                              : False
# loglevel                                : 1
# mapping_quality                         : 0
# method                                  : directional
# no_sort_output                          : False
# out_sam                                 : False
# output_unmapped                         : False
# paired                                  : False
# per_cell                                : False
# per_contig                              : False
# per_gene                                : False
# random_seed                             : None
# read_length                             : False
# short_help                              : None
# skip_regex                              : ^(__|Unassigned)
# soft_clip_threshold                     : 4
# spliced                                 : False
# stats                                   : ./deduplicated_bam/LIB056594_TRA00243974_S4_R1_001_TSO26_OFF3
# stderr                                  : <_io.TextIOWrapper name='<stderr>' mode='w' encoding='utf-8'>
# stdin                                   : <_io.TextIOWrapper name='./raw_bam/LIB056594_TRA00243974_S4_R1_001_TSO26_OFF3_starAligned.sortedByCoord.out.bam' mode='r' encoding='UTF-8'>
# stdlog                                  : <_io.TextIOWrapper name='./deduplicated_bam/LIB056594_TRA00243974_S4_R1_001_TSO26_OFF3_dedup.log' mode='a' encoding='UTF-8'>
# stdout                                  : <_io.TextIOWrapper name='<stdout>' mode='w' encoding='utf-8'>
# subset                                  : None
# threshold                               : 1
# timeit_file                             : None
# timeit_header                           : None
# timeit_name                             : all
# tmpdir                                  : None
# umi_sep                                 : _
# umi_tag                                 : RX
# umi_tag_delim                           : None
# umi_tag_split                           : None
# umi_whitelist                           : None
# umi_whitelist_paired                    : None
# unmapped_reads                          : discard
# unpaired_reads                          : use
# whole_contig                            : False
2022-09-06 18:44:01,747 INFO command: dedup --stdin=./raw_bam/LIB056594_TRA00243974_S4_R1_001_TSO26_OFF3_starAligned.sortedByCoord.out.bam --log=./deduplicated_bam/LIB056594_TRA00243974_S4_R1_001_TSO26_OFF3_dedup.log --output-stats=./deduplicated_bam/LIB056594_TRA00243974_S4_R1_001_TSO26_OFF3
2022-09-06 18:44:10,438 INFO total_umis 4555484
2022-09-06 18:44:10,439 INFO #umis 1025
2022-09-06 18:44:15,575 INFO Written out 100000 reads
2022-09-06 18:44:20,034 INFO Written out 200000 reads
2022-09-06 18:44:25,027 INFO Written out 300000 reads
2022-09-06 18:44:30,243 INFO Written out 400000 reads
2022-09-06 18:44:35,384 INFO Written out 500000 reads
2022-09-06 18:44:40,661 INFO Written out 600000 reads
2022-09-06 18:44:42,353 INFO Parsed 1000000 input reads
2022-09-06 18:44:46,313 INFO Written out 700000 reads
2022-09-06 18:44:51,006 INFO Written out 800000 reads
2022-09-06 18:44:55,638 INFO Written out 900000 reads
2022-09-06 18:45:01,577 INFO Written out 1000000 reads
2022-09-06 18:45:06,796 INFO Written out 1100000 reads
2022-09-06 18:45:11,731 INFO Written out 1200000 reads
2022-09-06 18:45:15,070 INFO Parsed 2000000 input reads
2022-09-06 18:45:16,840 INFO Written out 1300000 reads
2022-09-06 18:45:22,002 INFO Written out 1400000 reads
2022-09-06 18:45:26,889 INFO Written out 1500000 reads
2022-09-06 18:45:31,989 INFO Written out 1600000 reads
2022-09-06 18:45:36,880 INFO Written out 1700000 reads
2022-09-06 18:45:41,549 INFO Written out 1800000 reads
2022-09-06 18:45:46,329 INFO Written out 1900000 reads
2022-09-06 18:45:47,384 INFO Parsed 3000000 input reads
2022-09-06 18:45:50,853 INFO Written out 2000000 reads
2022-09-06 18:45:55,429 INFO Written out 2100000 reads
2022-09-06 18:46:00,534 INFO Written out 2200000 reads
2022-09-06 18:46:06,512 INFO Written out 2300000 reads
2022-09-06 18:46:13,008 INFO Written out 2400000 reads
2022-09-06 18:46:18,287 INFO Written out 2500000 reads
2022-09-06 18:46:20,164 INFO Parsed 4000000 input reads
2022-09-06 18:46:27,489 INFO Written out 2600000 reads
2022-09-06 18:46:33,242 INFO Written out 2700000 reads
2022-09-06 18:46:53,068 INFO Reads: Input Reads: 4555484
2022-09-06 18:46:53,068 INFO Number of reads out: 2773881
2022-09-06 18:46:53,068 INFO Total number of positions deduplicated: 1225855
2022-09-06 18:46:53,068 INFO Mean number of unique UMIs per position: 2.99
2022-09-06 18:46:53,068 INFO Max. number of unique UMIs per position: 850
# job finished in 171 seconds at Tue Sep  6 18:46:53 2022 -- 170.39  2.55  0.00  0.00 -- dae473ff-6d1c-4a1d-8e6e-7e052876c02f
