# UMI-tools version: 1.1.2
# output generated by dedup --stdin=./raw_bam/LIB056594_TRA00243989_S19_R1_001_TSO17_OFF0_starAligned.sortedByCoord.out.bam --log=./deduplicated_bam/LIB056594_TRA00243989_S19_R1_001_TSO17_OFF0_dedup.log --output-stats=./deduplicated_bam/LIB056594_TRA00243989_S19_R1_001_TSO17_OFF0
# job started at Tue Sep  6 18:18:30 2022 on compute-a-17-78.o2.rc.hms.harvard.edu -- 59c979bd-c76b-48f6-8bbe-32aea0984e76
# pid: 17153, system: Linux 3.10.0-1160.76.1.el7.x86_64 #1 SMP Wed Aug 10 16:21:17 UTC 2022 x86_64
# assigned_tag                            : None
# cell_tag                                : None
# cell_tag_delim                          : None
# cell_tag_split                          : -
# chimeric_pairs                          : use
# chrom                                   : None
# compresslevel                           : 6
# detection_method                        : None
# filter_umi                              : None
# gene_tag                                : None
# gene_transcript_map                     : None
# get_umi_method                          : read_id
# ignore_tlen                             : False
# ignore_umi                              : False
# in_sam                                  : False
# log2stderr                              : False
# loglevel                                : 1
# mapping_quality                         : 0
# method                                  : directional
# no_sort_output                          : False
# out_sam                                 : False
# output_unmapped                         : False
# paired                                  : False
# per_cell                                : False
# per_contig                              : False
# per_gene                                : False
# random_seed                             : None
# read_length                             : False
# short_help                              : None
# skip_regex                              : ^(__|Unassigned)
# soft_clip_threshold                     : 4
# spliced                                 : False
# stats                                   : ./deduplicated_bam/LIB056594_TRA00243989_S19_R1_001_TSO17_OFF0
# stderr                                  : <_io.TextIOWrapper name='<stderr>' mode='w' encoding='utf-8'>
# stdin                                   : <_io.TextIOWrapper name='./raw_bam/LIB056594_TRA00243989_S19_R1_001_TSO17_OFF0_starAligned.sortedByCoord.out.bam' mode='r' encoding='UTF-8'>
# stdlog                                  : <_io.TextIOWrapper name='./deduplicated_bam/LIB056594_TRA00243989_S19_R1_001_TSO17_OFF0_dedup.log' mode='a' encoding='UTF-8'>
# stdout                                  : <_io.TextIOWrapper name='<stdout>' mode='w' encoding='utf-8'>
# subset                                  : None
# threshold                               : 1
# timeit_file                             : None
# timeit_header                           : None
# timeit_name                             : all
# tmpdir                                  : None
# umi_sep                                 : _
# umi_tag                                 : RX
# umi_tag_delim                           : None
# umi_tag_split                           : None
# umi_whitelist                           : None
# umi_whitelist_paired                    : None
# unmapped_reads                          : discard
# unpaired_reads                          : use
# whole_contig                            : False
2022-09-06 18:18:30,027 INFO command: dedup --stdin=./raw_bam/LIB056594_TRA00243989_S19_R1_001_TSO17_OFF0_starAligned.sortedByCoord.out.bam --log=./deduplicated_bam/LIB056594_TRA00243989_S19_R1_001_TSO17_OFF0_dedup.log --output-stats=./deduplicated_bam/LIB056594_TRA00243989_S19_R1_001_TSO17_OFF0
2022-09-06 18:18:40,688 INFO total_umis 4221724
2022-09-06 18:18:40,689 INFO #umis 1033
2022-09-06 18:18:47,147 INFO Written out 100000 reads
2022-09-06 18:18:52,817 INFO Written out 200000 reads
2022-09-06 18:18:58,684 INFO Written out 300000 reads
2022-09-06 18:19:04,386 INFO Written out 400000 reads
2022-09-06 18:19:10,527 INFO Written out 500000 reads
2022-09-06 18:19:16,089 INFO Written out 600000 reads
2022-09-06 18:19:18,700 INFO Parsed 1000000 input reads
2022-09-06 18:19:22,112 INFO Written out 700000 reads
2022-09-06 18:19:27,584 INFO Written out 800000 reads
2022-09-06 18:19:34,275 INFO Written out 900000 reads
2022-09-06 18:19:40,228 INFO Written out 1000000 reads
2022-09-06 18:19:46,045 INFO Written out 1100000 reads
2022-09-06 18:19:52,472 INFO Written out 1200000 reads
2022-09-06 18:19:57,279 INFO Parsed 2000000 input reads
2022-09-06 18:19:58,535 INFO Written out 1300000 reads
2022-09-06 18:20:04,569 INFO Written out 1400000 reads
2022-09-06 18:20:09,694 INFO Written out 1500000 reads
2022-09-06 18:20:15,848 INFO Written out 1600000 reads
2022-09-06 18:20:21,668 INFO Written out 1700000 reads
2022-09-06 18:20:27,481 INFO Written out 1800000 reads
2022-09-06 18:20:33,167 INFO Written out 1900000 reads
2022-09-06 18:20:35,407 INFO Parsed 3000000 input reads
2022-09-06 18:20:38,522 INFO Written out 2000000 reads
2022-09-06 18:20:44,737 INFO Written out 2100000 reads
2022-09-06 18:20:51,701 INFO Written out 2200000 reads
2022-09-06 18:20:57,605 INFO Written out 2300000 reads
2022-09-06 18:21:03,421 INFO Written out 2400000 reads
2022-09-06 18:21:14,236 INFO Written out 2500000 reads
2022-09-06 18:21:15,585 INFO Parsed 4000000 input reads
2022-09-06 18:21:21,186 INFO Written out 2600000 reads
2022-09-06 18:21:38,097 INFO Reads: Input Reads: 4221724
2022-09-06 18:21:38,097 INFO Number of reads out: 2616390
2022-09-06 18:21:38,097 INFO Total number of positions deduplicated: 1238195
2022-09-06 18:21:38,097 INFO Mean number of unique UMIs per position: 2.78
2022-09-06 18:21:38,097 INFO Max. number of unique UMIs per position: 681
# job finished in 188 seconds at Tue Sep  6 18:21:38 2022 -- 187.37  2.31  0.00  0.00 -- 59c979bd-c76b-48f6-8bbe-32aea0984e76
