# UMI-tools version: 1.1.2
# output generated by dedup --stdin=./raw_bam/LIB056594_TRA00243989_S19_R1_001_TSO18_OFF3_starAligned.sortedByCoord.out.bam --log=./deduplicated_bam/LIB056594_TRA00243989_S19_R1_001_TSO18_OFF3_dedup.log --output-stats=./deduplicated_bam/LIB056594_TRA00243989_S19_R1_001_TSO18_OFF3
# job started at Tue Sep  6 18:21:41 2022 on compute-a-17-78.o2.rc.hms.harvard.edu -- b5bb0106-e787-4bb6-a00b-64757ab0ae17
# pid: 18453, system: Linux 3.10.0-1160.76.1.el7.x86_64 #1 SMP Wed Aug 10 16:21:17 UTC 2022 x86_64
# assigned_tag                            : None
# cell_tag                                : None
# cell_tag_delim                          : None
# cell_tag_split                          : -
# chimeric_pairs                          : use
# chrom                                   : None
# compresslevel                           : 6
# detection_method                        : None
# filter_umi                              : None
# gene_tag                                : None
# gene_transcript_map                     : None
# get_umi_method                          : read_id
# ignore_tlen                             : False
# ignore_umi                              : False
# in_sam                                  : False
# log2stderr                              : False
# loglevel                                : 1
# mapping_quality                         : 0
# method                                  : directional
# no_sort_output                          : False
# out_sam                                 : False
# output_unmapped                         : False
# paired                                  : False
# per_cell                                : False
# per_contig                              : False
# per_gene                                : False
# random_seed                             : None
# read_length                             : False
# short_help                              : None
# skip_regex                              : ^(__|Unassigned)
# soft_clip_threshold                     : 4
# spliced                                 : False
# stats                                   : ./deduplicated_bam/LIB056594_TRA00243989_S19_R1_001_TSO18_OFF3
# stderr                                  : <_io.TextIOWrapper name='<stderr>' mode='w' encoding='utf-8'>
# stdin                                   : <_io.TextIOWrapper name='./raw_bam/LIB056594_TRA00243989_S19_R1_001_TSO18_OFF3_starAligned.sortedByCoord.out.bam' mode='r' encoding='UTF-8'>
# stdlog                                  : <_io.TextIOWrapper name='./deduplicated_bam/LIB056594_TRA00243989_S19_R1_001_TSO18_OFF3_dedup.log' mode='a' encoding='UTF-8'>
# stdout                                  : <_io.TextIOWrapper name='<stdout>' mode='w' encoding='utf-8'>
# subset                                  : None
# threshold                               : 1
# timeit_file                             : None
# timeit_header                           : None
# timeit_name                             : all
# tmpdir                                  : None
# umi_sep                                 : _
# umi_tag                                 : RX
# umi_tag_delim                           : None
# umi_tag_split                           : None
# umi_whitelist                           : None
# umi_whitelist_paired                    : None
# unmapped_reads                          : discard
# unpaired_reads                          : use
# whole_contig                            : False
2022-09-06 18:21:41,223 INFO command: dedup --stdin=./raw_bam/LIB056594_TRA00243989_S19_R1_001_TSO18_OFF3_starAligned.sortedByCoord.out.bam --log=./deduplicated_bam/LIB056594_TRA00243989_S19_R1_001_TSO18_OFF3_dedup.log --output-stats=./deduplicated_bam/LIB056594_TRA00243989_S19_R1_001_TSO18_OFF3
2022-09-06 18:21:50,963 INFO total_umis 4258773
2022-09-06 18:21:50,963 INFO #umis 1023
2022-09-06 18:21:56,704 INFO Written out 100000 reads
2022-09-06 18:22:01,981 INFO Written out 200000 reads
2022-09-06 18:22:07,591 INFO Written out 300000 reads
2022-09-06 18:22:13,339 INFO Written out 400000 reads
2022-09-06 18:22:19,207 INFO Written out 500000 reads
2022-09-06 18:22:24,780 INFO Written out 600000 reads
2022-09-06 18:22:26,745 INFO Parsed 1000000 input reads
2022-09-06 18:22:31,183 INFO Written out 700000 reads
2022-09-06 18:22:36,359 INFO Written out 800000 reads
2022-09-06 18:22:42,383 INFO Written out 900000 reads
2022-09-06 18:22:48,879 INFO Written out 1000000 reads
2022-09-06 18:22:54,484 INFO Written out 1100000 reads
2022-09-06 18:23:00,138 INFO Written out 1200000 reads
2022-09-06 18:23:03,581 INFO Parsed 2000000 input reads
2022-09-06 18:23:06,107 INFO Written out 1300000 reads
2022-09-06 18:23:11,582 INFO Written out 1400000 reads
2022-09-06 18:23:17,229 INFO Written out 1500000 reads
2022-09-06 18:23:23,150 INFO Written out 1600000 reads
2022-09-06 18:23:28,618 INFO Written out 1700000 reads
2022-09-06 18:23:33,983 INFO Written out 1800000 reads
2022-09-06 18:23:38,927 INFO Written out 1900000 reads
2022-09-06 18:23:39,582 INFO Parsed 3000000 input reads
2022-09-06 18:23:43,769 INFO Written out 2000000 reads
2022-09-06 18:23:49,664 INFO Written out 2100000 reads
2022-09-06 18:23:55,976 INFO Written out 2200000 reads
2022-09-06 18:24:02,122 INFO Written out 2300000 reads
2022-09-06 18:24:08,220 INFO Written out 2400000 reads
2022-09-06 18:24:18,669 INFO Written out 2500000 reads
2022-09-06 18:24:18,880 INFO Parsed 4000000 input reads
2022-09-06 18:24:24,900 INFO Written out 2600000 reads
2022-09-06 18:24:42,659 INFO Reads: Input Reads: 4258773
2022-09-06 18:24:42,660 INFO Number of reads out: 2623114
2022-09-06 18:24:42,660 INFO Total number of positions deduplicated: 1172276
2022-09-06 18:24:42,660 INFO Mean number of unique UMIs per position: 2.96
2022-09-06 18:24:42,660 INFO Max. number of unique UMIs per position: 811
# job finished in 181 seconds at Tue Sep  6 18:24:42 2022 -- 180.55  2.48  0.00  0.00 -- b5bb0106-e787-4bb6-a00b-64757ab0ae17
