# UMI-tools version: 1.1.2
# output generated by dedup --stdin=./raw_bam/LIB056594_TRA00243977_S7_R1_001_TSO18_OFF3_starAligned.sortedByCoord.out.bam --log=./deduplicated_bam/LIB056594_TRA00243977_S7_R1_001_TSO18_OFF3_dedup.log --output-stats=./deduplicated_bam/LIB056594_TRA00243977_S7_R1_001_TSO18_OFF3
# job started at Tue Sep  6 18:26:46 2022 on compute-a-16-54.o2.rc.hms.harvard.edu -- c3988d1c-dc78-4f23-b305-69bc02b5b7b6
# pid: 26483, system: Linux 3.10.0-1160.76.1.el7.x86_64 #1 SMP Wed Aug 10 16:21:17 UTC 2022 x86_64
# assigned_tag                            : None
# cell_tag                                : None
# cell_tag_delim                          : None
# cell_tag_split                          : -
# chimeric_pairs                          : use
# chrom                                   : None
# compresslevel                           : 6
# detection_method                        : None
# filter_umi                              : None
# gene_tag                                : None
# gene_transcript_map                     : None
# get_umi_method                          : read_id
# ignore_tlen                             : False
# ignore_umi                              : False
# in_sam                                  : False
# log2stderr                              : False
# loglevel                                : 1
# mapping_quality                         : 0
# method                                  : directional
# no_sort_output                          : False
# out_sam                                 : False
# output_unmapped                         : False
# paired                                  : False
# per_cell                                : False
# per_contig                              : False
# per_gene                                : False
# random_seed                             : None
# read_length                             : False
# short_help                              : None
# skip_regex                              : ^(__|Unassigned)
# soft_clip_threshold                     : 4
# spliced                                 : False
# stats                                   : ./deduplicated_bam/LIB056594_TRA00243977_S7_R1_001_TSO18_OFF3
# stderr                                  : <_io.TextIOWrapper name='<stderr>' mode='w' encoding='utf-8'>
# stdin                                   : <_io.TextIOWrapper name='./raw_bam/LIB056594_TRA00243977_S7_R1_001_TSO18_OFF3_starAligned.sortedByCoord.out.bam' mode='r' encoding='UTF-8'>
# stdlog                                  : <_io.TextIOWrapper name='./deduplicated_bam/LIB056594_TRA00243977_S7_R1_001_TSO18_OFF3_dedup.log' mode='a' encoding='UTF-8'>
# stdout                                  : <_io.TextIOWrapper name='<stdout>' mode='w' encoding='utf-8'>
# subset                                  : None
# threshold                               : 1
# timeit_file                             : None
# timeit_header                           : None
# timeit_name                             : all
# tmpdir                                  : None
# umi_sep                                 : _
# umi_tag                                 : RX
# umi_tag_delim                           : None
# umi_tag_split                           : None
# umi_whitelist                           : None
# umi_whitelist_paired                    : None
# unmapped_reads                          : discard
# unpaired_reads                          : use
# whole_contig                            : False
2022-09-06 18:26:46,211 INFO command: dedup --stdin=./raw_bam/LIB056594_TRA00243977_S7_R1_001_TSO18_OFF3_starAligned.sortedByCoord.out.bam --log=./deduplicated_bam/LIB056594_TRA00243977_S7_R1_001_TSO18_OFF3_dedup.log --output-stats=./deduplicated_bam/LIB056594_TRA00243977_S7_R1_001_TSO18_OFF3
2022-09-06 18:26:55,997 INFO total_umis 4290469
2022-09-06 18:26:55,997 INFO #umis 1024
2022-09-06 18:27:02,063 INFO Written out 100000 reads
2022-09-06 18:27:07,596 INFO Written out 200000 reads
2022-09-06 18:27:13,391 INFO Written out 300000 reads
2022-09-06 18:27:19,576 INFO Written out 400000 reads
2022-09-06 18:27:26,024 INFO Written out 500000 reads
2022-09-06 18:27:31,747 INFO Written out 600000 reads
2022-09-06 18:27:33,027 INFO Parsed 1000000 input reads
2022-09-06 18:27:38,309 INFO Written out 700000 reads
2022-09-06 18:27:44,301 INFO Written out 800000 reads
2022-09-06 18:27:50,747 INFO Written out 900000 reads
2022-09-06 18:27:57,075 INFO Written out 1000000 reads
2022-09-06 18:28:03,088 INFO Written out 1100000 reads
2022-09-06 18:28:09,039 INFO Written out 1200000 reads
2022-09-06 18:28:11,231 INFO Parsed 2000000 input reads
2022-09-06 18:28:15,268 INFO Written out 1300000 reads
2022-09-06 18:28:20,923 INFO Written out 1400000 reads
2022-09-06 18:28:27,122 INFO Written out 1500000 reads
2022-09-06 18:28:32,847 INFO Written out 1600000 reads
2022-09-06 18:28:38,633 INFO Written out 1700000 reads
2022-09-06 18:28:43,928 INFO Written out 1800000 reads
2022-09-06 18:28:48,239 INFO Parsed 3000000 input reads
2022-09-06 18:28:49,295 INFO Written out 1900000 reads
2022-09-06 18:28:55,341 INFO Written out 2000000 reads
2022-09-06 18:29:01,661 INFO Written out 2100000 reads
2022-09-06 18:29:07,646 INFO Written out 2200000 reads
2022-09-06 18:29:14,273 INFO Written out 2300000 reads
2022-09-06 18:29:21,027 INFO Written out 2400000 reads
2022-09-06 18:29:28,596 INFO Parsed 4000000 input reads
2022-09-06 18:29:30,716 INFO Written out 2500000 reads
2022-09-06 18:29:52,760 INFO Reads: Input Reads: 4290469
2022-09-06 18:29:52,760 INFO Number of reads out: 2591608
2022-09-06 18:29:52,760 INFO Total number of positions deduplicated: 1152051
2022-09-06 18:29:52,760 INFO Mean number of unique UMIs per position: 3.00
2022-09-06 18:29:52,760 INFO Max. number of unique UMIs per position: 806
# job finished in 186 seconds at Tue Sep  6 18:29:52 2022 -- 186.15  2.30  0.00  0.00 -- c3988d1c-dc78-4f23-b305-69bc02b5b7b6
