# UMI-tools version: 1.1.2
# output generated by dedup --stdin=./raw_bam/LIB056594_TRA00243996_S26_R1_001_TSO01_OFF0_starAligned.sortedByCoord.out.bam --log=./deduplicated_bam/LIB056594_TRA00243996_S26_R1_001_TSO01_OFF0_dedup.log --output-stats=./deduplicated_bam/LIB056594_TRA00243996_S26_R1_001_TSO01_OFF0
# job started at Tue Sep  6 18:09:23 2022 on compute-a-17-124.o2.rc.hms.harvard.edu -- 41bfa4dd-d28b-4a6f-8468-6f45300b1b90
# pid: 30084, system: Linux 3.10.0-1160.45.1.el7.x86_64 #1 SMP Wed Oct 13 17:20:51 UTC 2021 x86_64
# assigned_tag                            : None
# cell_tag                                : None
# cell_tag_delim                          : None
# cell_tag_split                          : -
# chimeric_pairs                          : use
# chrom                                   : None
# compresslevel                           : 6
# detection_method                        : None
# filter_umi                              : None
# gene_tag                                : None
# gene_transcript_map                     : None
# get_umi_method                          : read_id
# ignore_tlen                             : False
# ignore_umi                              : False
# in_sam                                  : False
# log2stderr                              : False
# loglevel                                : 1
# mapping_quality                         : 0
# method                                  : directional
# no_sort_output                          : False
# out_sam                                 : False
# output_unmapped                         : False
# paired                                  : False
# per_cell                                : False
# per_contig                              : False
# per_gene                                : False
# random_seed                             : None
# read_length                             : False
# short_help                              : None
# skip_regex                              : ^(__|Unassigned)
# soft_clip_threshold                     : 4
# spliced                                 : False
# stats                                   : ./deduplicated_bam/LIB056594_TRA00243996_S26_R1_001_TSO01_OFF0
# stderr                                  : <_io.TextIOWrapper name='<stderr>' mode='w' encoding='utf-8'>
# stdin                                   : <_io.TextIOWrapper name='./raw_bam/LIB056594_TRA00243996_S26_R1_001_TSO01_OFF0_starAligned.sortedByCoord.out.bam' mode='r' encoding='UTF-8'>
# stdlog                                  : <_io.TextIOWrapper name='./deduplicated_bam/LIB056594_TRA00243996_S26_R1_001_TSO01_OFF0_dedup.log' mode='a' encoding='UTF-8'>
# stdout                                  : <_io.TextIOWrapper name='<stdout>' mode='w' encoding='utf-8'>
# subset                                  : None
# threshold                               : 1
# timeit_file                             : None
# timeit_header                           : None
# timeit_name                             : all
# tmpdir                                  : None
# umi_sep                                 : _
# umi_tag                                 : RX
# umi_tag_delim                           : None
# umi_tag_split                           : None
# umi_whitelist                           : None
# umi_whitelist_paired                    : None
# unmapped_reads                          : discard
# unpaired_reads                          : use
# whole_contig                            : False
2022-09-06 18:09:23,086 INFO command: dedup --stdin=./raw_bam/LIB056594_TRA00243996_S26_R1_001_TSO01_OFF0_starAligned.sortedByCoord.out.bam --log=./deduplicated_bam/LIB056594_TRA00243996_S26_R1_001_TSO01_OFF0_dedup.log --output-stats=./deduplicated_bam/LIB056594_TRA00243996_S26_R1_001_TSO01_OFF0
2022-09-06 18:09:31,187 INFO total_umis 3453957
2022-09-06 18:09:31,187 INFO #umis 1030
2022-09-06 18:09:36,602 INFO Written out 100000 reads
2022-09-06 18:09:41,739 INFO Written out 200000 reads
2022-09-06 18:09:46,787 INFO Written out 300000 reads
2022-09-06 18:09:52,050 INFO Written out 400000 reads
2022-09-06 18:09:57,206 INFO Written out 500000 reads
2022-09-06 18:10:02,835 INFO Written out 600000 reads
2022-09-06 18:10:07,720 INFO Written out 700000 reads
2022-09-06 18:10:08,194 INFO Parsed 1000000 input reads
2022-09-06 18:10:13,134 INFO Written out 800000 reads
2022-09-06 18:10:18,857 INFO Written out 900000 reads
2022-09-06 18:10:23,853 INFO Written out 1000000 reads
2022-09-06 18:10:29,170 INFO Written out 1100000 reads
2022-09-06 18:10:34,726 INFO Written out 1200000 reads
2022-09-06 18:10:39,695 INFO Written out 1300000 reads
2022-09-06 18:10:44,669 INFO Written out 1400000 reads
2022-09-06 18:10:45,607 INFO Parsed 2000000 input reads
2022-09-06 18:10:49,980 INFO Written out 1500000 reads
2022-09-06 18:10:55,057 INFO Written out 1600000 reads
2022-09-06 18:11:00,421 INFO Written out 1700000 reads
2022-09-06 18:11:05,382 INFO Written out 1800000 reads
2022-09-06 18:11:10,681 INFO Written out 1900000 reads
2022-09-06 18:11:16,432 INFO Written out 2000000 reads
2022-09-06 18:11:21,793 INFO Written out 2100000 reads
2022-09-06 18:11:23,347 INFO Parsed 3000000 input reads
2022-09-06 18:11:27,134 INFO Written out 2200000 reads
2022-09-06 18:11:33,841 INFO Written out 2300000 reads
2022-09-06 18:11:38,132 INFO Written out 2400000 reads
2022-09-06 18:11:54,470 INFO Reads: Input Reads: 3453957
2022-09-06 18:11:54,470 INFO Number of reads out: 2419531
2022-09-06 18:11:54,470 INFO Total number of positions deduplicated: 1181293
2022-09-06 18:11:54,470 INFO Mean number of unique UMIs per position: 2.50
2022-09-06 18:11:54,470 INFO Max. number of unique UMIs per position: 680
# job finished in 151 seconds at Tue Sep  6 18:11:54 2022 -- 150.74  2.49  0.00  0.00 -- 41bfa4dd-d28b-4a6f-8468-6f45300b1b90
