# UMI-tools version: 1.1.2
# output generated by dedup --stdin=./raw_bam/LIB056594_TRA00243990_S20_R1_001_TSO18_OFF3_starAligned.sortedByCoord.out.bam --log=./deduplicated_bam/LIB056594_TRA00243990_S20_R1_001_TSO18_OFF3_dedup.log --output-stats=./deduplicated_bam/LIB056594_TRA00243990_S20_R1_001_TSO18_OFF3
# job started at Tue Sep  6 18:31:00 2022 on compute-a-17-124.o2.rc.hms.harvard.edu -- c80b3ced-2c53-41cf-b2f0-5d2a8bbda2c7
# pid: 10542, system: Linux 3.10.0-1160.45.1.el7.x86_64 #1 SMP Wed Oct 13 17:20:51 UTC 2021 x86_64
# assigned_tag                            : None
# cell_tag                                : None
# cell_tag_delim                          : None
# cell_tag_split                          : -
# chimeric_pairs                          : use
# chrom                                   : None
# compresslevel                           : 6
# detection_method                        : None
# filter_umi                              : None
# gene_tag                                : None
# gene_transcript_map                     : None
# get_umi_method                          : read_id
# ignore_tlen                             : False
# ignore_umi                              : False
# in_sam                                  : False
# log2stderr                              : False
# loglevel                                : 1
# mapping_quality                         : 0
# method                                  : directional
# no_sort_output                          : False
# out_sam                                 : False
# output_unmapped                         : False
# paired                                  : False
# per_cell                                : False
# per_contig                              : False
# per_gene                                : False
# random_seed                             : None
# read_length                             : False
# short_help                              : None
# skip_regex                              : ^(__|Unassigned)
# soft_clip_threshold                     : 4
# spliced                                 : False
# stats                                   : ./deduplicated_bam/LIB056594_TRA00243990_S20_R1_001_TSO18_OFF3
# stderr                                  : <_io.TextIOWrapper name='<stderr>' mode='w' encoding='utf-8'>
# stdin                                   : <_io.TextIOWrapper name='./raw_bam/LIB056594_TRA00243990_S20_R1_001_TSO18_OFF3_starAligned.sortedByCoord.out.bam' mode='r' encoding='UTF-8'>
# stdlog                                  : <_io.TextIOWrapper name='./deduplicated_bam/LIB056594_TRA00243990_S20_R1_001_TSO18_OFF3_dedup.log' mode='a' encoding='UTF-8'>
# stdout                                  : <_io.TextIOWrapper name='<stdout>' mode='w' encoding='utf-8'>
# subset                                  : None
# threshold                               : 1
# timeit_file                             : None
# timeit_header                           : None
# timeit_name                             : all
# tmpdir                                  : None
# umi_sep                                 : _
# umi_tag                                 : RX
# umi_tag_delim                           : None
# umi_tag_split                           : None
# umi_whitelist                           : None
# umi_whitelist_paired                    : None
# unmapped_reads                          : discard
# unpaired_reads                          : use
# whole_contig                            : False
2022-09-06 18:31:00,553 INFO command: dedup --stdin=./raw_bam/LIB056594_TRA00243990_S20_R1_001_TSO18_OFF3_starAligned.sortedByCoord.out.bam --log=./deduplicated_bam/LIB056594_TRA00243990_S20_R1_001_TSO18_OFF3_dedup.log --output-stats=./deduplicated_bam/LIB056594_TRA00243990_S20_R1_001_TSO18_OFF3
2022-09-06 18:31:13,951 INFO total_umis 5747614
2022-09-06 18:31:13,951 INFO #umis 1026
2022-09-06 18:31:20,362 INFO Written out 100000 reads
2022-09-06 18:31:26,003 INFO Written out 200000 reads
2022-09-06 18:31:32,131 INFO Written out 300000 reads
2022-09-06 18:31:37,982 INFO Written out 400000 reads
2022-09-06 18:31:44,481 INFO Written out 500000 reads
2022-09-06 18:31:50,484 INFO Parsed 1000000 input reads
2022-09-06 18:31:50,663 INFO Written out 600000 reads
2022-09-06 18:31:57,334 INFO Written out 700000 reads
2022-09-06 18:32:03,482 INFO Written out 800000 reads
2022-09-06 18:32:10,654 INFO Written out 900000 reads
2022-09-06 18:32:16,558 INFO Written out 1000000 reads
2022-09-06 18:32:22,425 INFO Written out 1100000 reads
2022-09-06 18:32:28,546 INFO Parsed 2000000 input reads
2022-09-06 18:32:29,580 INFO Written out 1200000 reads
2022-09-06 18:32:36,733 INFO Written out 1300000 reads
2022-09-06 18:32:43,043 INFO Written out 1400000 reads
2022-09-06 18:32:49,109 INFO Written out 1500000 reads
2022-09-06 18:32:55,614 INFO Written out 1600000 reads
2022-09-06 18:33:02,014 INFO Written out 1700000 reads
2022-09-06 18:33:07,101 INFO Parsed 3000000 input reads
2022-09-06 18:33:08,317 INFO Written out 1800000 reads
2022-09-06 18:33:14,385 INFO Written out 1900000 reads
2022-09-06 18:33:20,847 INFO Written out 2000000 reads
2022-09-06 18:33:27,030 INFO Written out 2100000 reads
2022-09-06 18:33:33,192 INFO Written out 2200000 reads
2022-09-06 18:33:39,094 INFO Written out 2300000 reads
2022-09-06 18:33:44,687 INFO Written out 2400000 reads
2022-09-06 18:33:45,141 INFO Parsed 4000000 input reads
2022-09-06 18:33:50,024 INFO Written out 2500000 reads
2022-09-06 18:33:56,904 INFO Written out 2600000 reads
2022-09-06 18:34:02,030 INFO Written out 2700000 reads
2022-09-06 18:34:09,746 INFO Written out 2800000 reads
2022-09-06 18:34:16,707 INFO Written out 2900000 reads
2022-09-06 18:34:23,166 INFO Written out 3000000 reads
2022-09-06 18:34:23,713 INFO Parsed 5000000 input reads
2022-09-06 18:34:30,094 INFO Written out 3100000 reads
2022-09-06 18:34:43,535 INFO Written out 3200000 reads
2022-09-06 18:34:51,601 INFO Written out 3300000 reads
2022-09-06 18:35:24,386 INFO Reads: Input Reads: 5747614
2022-09-06 18:35:24,386 INFO Number of reads out: 3335211
2022-09-06 18:35:24,387 INFO Total number of positions deduplicated: 1436065
2022-09-06 18:35:24,387 INFO Mean number of unique UMIs per position: 3.17
2022-09-06 18:35:24,387 INFO Max. number of unique UMIs per position: 850
# job finished in 263 seconds at Tue Sep  6 18:35:24 2022 -- 260.51  4.10  0.00  0.00 -- c80b3ced-2c53-41cf-b2f0-5d2a8bbda2c7
