# UMI-tools version: 1.1.2
# output generated by dedup --stdin=./raw_bam/LIB056594_TRA00243982_S12_R1_001_TSO17_OFF0_starAligned.sortedByCoord.out.bam --log=./deduplicated_bam/LIB056594_TRA00243982_S12_R1_001_TSO17_OFF0_dedup.log --output-stats=./deduplicated_bam/LIB056594_TRA00243982_S12_R1_001_TSO17_OFF0
# job started at Tue Sep  6 18:14:59 2022 on compute-e-16-210.o2.rc.hms.harvard.edu -- 1dd5a294-45a6-4d4c-81c3-064cc402c977
# pid: 5489, system: Linux 3.10.0-1160.76.1.el7.x86_64 #1 SMP Wed Aug 10 16:21:17 UTC 2022 x86_64
# assigned_tag                            : None
# cell_tag                                : None
# cell_tag_delim                          : None
# cell_tag_split                          : -
# chimeric_pairs                          : use
# chrom                                   : None
# compresslevel                           : 6
# detection_method                        : None
# filter_umi                              : None
# gene_tag                                : None
# gene_transcript_map                     : None
# get_umi_method                          : read_id
# ignore_tlen                             : False
# ignore_umi                              : False
# in_sam                                  : False
# log2stderr                              : False
# loglevel                                : 1
# mapping_quality                         : 0
# method                                  : directional
# no_sort_output                          : False
# out_sam                                 : False
# output_unmapped                         : False
# paired                                  : False
# per_cell                                : False
# per_contig                              : False
# per_gene                                : False
# random_seed                             : None
# read_length                             : False
# short_help                              : None
# skip_regex                              : ^(__|Unassigned)
# soft_clip_threshold                     : 4
# spliced                                 : False
# stats                                   : ./deduplicated_bam/LIB056594_TRA00243982_S12_R1_001_TSO17_OFF0
# stderr                                  : <_io.TextIOWrapper name='<stderr>' mode='w' encoding='utf-8'>
# stdin                                   : <_io.TextIOWrapper name='./raw_bam/LIB056594_TRA00243982_S12_R1_001_TSO17_OFF0_starAligned.sortedByCoord.out.bam' mode='r' encoding='UTF-8'>
# stdlog                                  : <_io.TextIOWrapper name='./deduplicated_bam/LIB056594_TRA00243982_S12_R1_001_TSO17_OFF0_dedup.log' mode='a' encoding='UTF-8'>
# stdout                                  : <_io.TextIOWrapper name='<stdout>' mode='w' encoding='utf-8'>
# subset                                  : None
# threshold                               : 1
# timeit_file                             : None
# timeit_header                           : None
# timeit_name                             : all
# tmpdir                                  : None
# umi_sep                                 : _
# umi_tag                                 : RX
# umi_tag_delim                           : None
# umi_tag_split                           : None
# umi_whitelist                           : None
# umi_whitelist_paired                    : None
# unmapped_reads                          : discard
# unpaired_reads                          : use
# whole_contig                            : False
2022-09-06 18:14:59,247 INFO command: dedup --stdin=./raw_bam/LIB056594_TRA00243982_S12_R1_001_TSO17_OFF0_starAligned.sortedByCoord.out.bam --log=./deduplicated_bam/LIB056594_TRA00243982_S12_R1_001_TSO17_OFF0_dedup.log --output-stats=./deduplicated_bam/LIB056594_TRA00243982_S12_R1_001_TSO17_OFF0
2022-09-06 18:15:04,989 INFO total_umis 2903263
2022-09-06 18:15:04,989 INFO #umis 1021
2022-09-06 18:15:09,631 INFO Written out 100000 reads
2022-09-06 18:15:14,147 INFO Written out 200000 reads
2022-09-06 18:15:18,510 INFO Written out 300000 reads
2022-09-06 18:15:23,196 INFO Written out 400000 reads
2022-09-06 18:15:27,761 INFO Written out 500000 reads
2022-09-06 18:15:31,892 INFO Written out 600000 reads
2022-09-06 18:15:35,727 INFO Parsed 1000000 input reads
2022-09-06 18:15:37,124 INFO Written out 700000 reads
2022-09-06 18:15:41,489 INFO Written out 800000 reads
2022-09-06 18:15:46,396 INFO Written out 900000 reads
2022-09-06 18:15:50,871 INFO Written out 1000000 reads
2022-09-06 18:15:54,965 INFO Written out 1100000 reads
2022-09-06 18:15:59,455 INFO Written out 1200000 reads
2022-09-06 18:16:04,079 INFO Written out 1300000 reads
2022-09-06 18:16:06,774 INFO Parsed 2000000 input reads
2022-09-06 18:16:08,231 INFO Written out 1400000 reads
2022-09-06 18:16:12,831 INFO Written out 1500000 reads
2022-09-06 18:16:17,897 INFO Written out 1600000 reads
2022-09-06 18:16:22,401 INFO Written out 1700000 reads
2022-09-06 18:16:28,850 INFO Written out 1800000 reads
2022-09-06 18:16:33,186 INFO Written out 1900000 reads
2022-09-06 18:16:44,550 INFO Reads: Input Reads: 2903263
2022-09-06 18:16:44,550 INFO Number of reads out: 1914230
2022-09-06 18:16:44,550 INFO Total number of positions deduplicated: 943653
2022-09-06 18:16:44,550 INFO Mean number of unique UMIs per position: 2.59
2022-09-06 18:16:44,550 INFO Max. number of unique UMIs per position: 610
# job finished in 105 seconds at Tue Sep  6 18:16:44 2022 -- 104.92  1.79  0.00  0.00 -- 1dd5a294-45a6-4d4c-81c3-064cc402c977
