# UMI-tools version: 1.1.2
# output generated by dedup --stdin=./raw_bam/LIB056594_TRA00243981_S11_R1_001_TSO26_OFF3_starAligned.sortedByCoord.out.bam --log=./deduplicated_bam/LIB056594_TRA00243981_S11_R1_001_TSO26_OFF3_dedup.log --output-stats=./deduplicated_bam/LIB056594_TRA00243981_S11_R1_001_TSO26_OFF3
# job started at Tue Sep  6 18:31:01 2022 on compute-e-16-205.o2.rc.hms.harvard.edu -- a8af7f17-fcfb-4b34-b282-316c0ac6368c
# pid: 21179, system: Linux 3.10.0-1160.71.1.el7.x86_64 #1 SMP Tue Jun 28 15:37:28 UTC 2022 x86_64
# assigned_tag                            : None
# cell_tag                                : None
# cell_tag_delim                          : None
# cell_tag_split                          : -
# chimeric_pairs                          : use
# chrom                                   : None
# compresslevel                           : 6
# detection_method                        : None
# filter_umi                              : None
# gene_tag                                : None
# gene_transcript_map                     : None
# get_umi_method                          : read_id
# ignore_tlen                             : False
# ignore_umi                              : False
# in_sam                                  : False
# log2stderr                              : False
# loglevel                                : 1
# mapping_quality                         : 0
# method                                  : directional
# no_sort_output                          : False
# out_sam                                 : False
# output_unmapped                         : False
# paired                                  : False
# per_cell                                : False
# per_contig                              : False
# per_gene                                : False
# random_seed                             : None
# read_length                             : False
# short_help                              : None
# skip_regex                              : ^(__|Unassigned)
# soft_clip_threshold                     : 4
# spliced                                 : False
# stats                                   : ./deduplicated_bam/LIB056594_TRA00243981_S11_R1_001_TSO26_OFF3
# stderr                                  : <_io.TextIOWrapper name='<stderr>' mode='w' encoding='utf-8'>
# stdin                                   : <_io.TextIOWrapper name='./raw_bam/LIB056594_TRA00243981_S11_R1_001_TSO26_OFF3_starAligned.sortedByCoord.out.bam' mode='r' encoding='UTF-8'>
# stdlog                                  : <_io.TextIOWrapper name='./deduplicated_bam/LIB056594_TRA00243981_S11_R1_001_TSO26_OFF3_dedup.log' mode='a' encoding='UTF-8'>
# stdout                                  : <_io.TextIOWrapper name='<stdout>' mode='w' encoding='utf-8'>
# subset                                  : None
# threshold                               : 1
# timeit_file                             : None
# timeit_header                           : None
# timeit_name                             : all
# tmpdir                                  : None
# umi_sep                                 : _
# umi_tag                                 : RX
# umi_tag_delim                           : None
# umi_tag_split                           : None
# umi_whitelist                           : None
# umi_whitelist_paired                    : None
# unmapped_reads                          : discard
# unpaired_reads                          : use
# whole_contig                            : False
2022-09-06 18:31:01,719 INFO command: dedup --stdin=./raw_bam/LIB056594_TRA00243981_S11_R1_001_TSO26_OFF3_starAligned.sortedByCoord.out.bam --log=./deduplicated_bam/LIB056594_TRA00243981_S11_R1_001_TSO26_OFF3_dedup.log --output-stats=./deduplicated_bam/LIB056594_TRA00243981_S11_R1_001_TSO26_OFF3
2022-09-06 18:31:07,693 INFO total_umis 3069866
2022-09-06 18:31:07,693 INFO #umis 1024
2022-09-06 18:31:12,617 INFO Written out 100000 reads
2022-09-06 18:31:17,470 INFO Written out 200000 reads
2022-09-06 18:31:22,684 INFO Written out 300000 reads
2022-09-06 18:31:28,065 INFO Written out 400000 reads
2022-09-06 18:31:33,228 INFO Written out 500000 reads
2022-09-06 18:31:37,813 INFO Written out 600000 reads
2022-09-06 18:31:39,909 INFO Parsed 1000000 input reads
2022-09-06 18:31:43,244 INFO Written out 700000 reads
2022-09-06 18:31:48,239 INFO Written out 800000 reads
2022-09-06 18:31:52,945 INFO Written out 900000 reads
2022-09-06 18:31:57,843 INFO Written out 1000000 reads
2022-09-06 18:32:03,014 INFO Written out 1100000 reads
2022-09-06 18:32:07,505 INFO Written out 1200000 reads
2022-09-06 18:32:12,198 INFO Parsed 2000000 input reads
2022-09-06 18:32:12,204 INFO Written out 1300000 reads
2022-09-06 18:32:16,362 INFO Written out 1400000 reads
2022-09-06 18:32:21,183 INFO Written out 1500000 reads
2022-09-06 18:32:26,159 INFO Written out 1600000 reads
2022-09-06 18:32:31,013 INFO Written out 1700000 reads
2022-09-06 18:32:39,152 INFO Written out 1800000 reads
2022-09-06 18:32:43,700 INFO Written out 1900000 reads
2022-09-06 18:32:43,707 INFO Parsed 3000000 input reads
2022-09-06 18:32:55,016 INFO Reads: Input Reads: 3069866
2022-09-06 18:32:55,017 INFO Number of reads out: 1940395
2022-09-06 18:32:55,017 INFO Total number of positions deduplicated: 882337
2022-09-06 18:32:55,017 INFO Mean number of unique UMIs per position: 2.87
2022-09-06 18:32:55,017 INFO Max. number of unique UMIs per position: 830
# job finished in 113 seconds at Tue Sep  6 18:32:55 2022 -- 113.38  1.66  0.00  0.00 -- a8af7f17-fcfb-4b34-b282-316c0ac6368c
