# UMI-tools version: 1.1.2
# output generated by dedup --stdin=./raw_bam/LIB056594_TRA00243997_S27_R1_001_TSO25_OFF0_starAligned.sortedByCoord.out.bam --log=./deduplicated_bam/LIB056594_TRA00243997_S27_R1_001_TSO25_OFF0_dedup.log --output-stats=./deduplicated_bam/LIB056594_TRA00243997_S27_R1_001_TSO25_OFF0
# job started at Tue Sep  6 19:16:47 2022 on compute-a-16-89.o2.rc.hms.harvard.edu -- 5ba75213-7c27-4be6-b236-55a619584547
# pid: 29236, system: Linux 3.10.0-1160.76.1.el7.x86_64 #1 SMP Wed Aug 10 16:21:17 UTC 2022 x86_64
# assigned_tag                            : None
# cell_tag                                : None
# cell_tag_delim                          : None
# cell_tag_split                          : -
# chimeric_pairs                          : use
# chrom                                   : None
# compresslevel                           : 6
# detection_method                        : None
# filter_umi                              : None
# gene_tag                                : None
# gene_transcript_map                     : None
# get_umi_method                          : read_id
# ignore_tlen                             : False
# ignore_umi                              : False
# in_sam                                  : False
# log2stderr                              : False
# loglevel                                : 1
# mapping_quality                         : 0
# method                                  : directional
# no_sort_output                          : False
# out_sam                                 : False
# output_unmapped                         : False
# paired                                  : False
# per_cell                                : False
# per_contig                              : False
# per_gene                                : False
# random_seed                             : None
# read_length                             : False
# short_help                              : None
# skip_regex                              : ^(__|Unassigned)
# soft_clip_threshold                     : 4
# spliced                                 : False
# stats                                   : ./deduplicated_bam/LIB056594_TRA00243997_S27_R1_001_TSO25_OFF0
# stderr                                  : <_io.TextIOWrapper name='<stderr>' mode='w' encoding='utf-8'>
# stdin                                   : <_io.TextIOWrapper name='./raw_bam/LIB056594_TRA00243997_S27_R1_001_TSO25_OFF0_starAligned.sortedByCoord.out.bam' mode='r' encoding='UTF-8'>
# stdlog                                  : <_io.TextIOWrapper name='./deduplicated_bam/LIB056594_TRA00243997_S27_R1_001_TSO25_OFF0_dedup.log' mode='a' encoding='UTF-8'>
# stdout                                  : <_io.TextIOWrapper name='<stdout>' mode='w' encoding='utf-8'>
# subset                                  : None
# threshold                               : 1
# timeit_file                             : None
# timeit_header                           : None
# timeit_name                             : all
# tmpdir                                  : None
# umi_sep                                 : _
# umi_tag                                 : RX
# umi_tag_delim                           : None
# umi_tag_split                           : None
# umi_whitelist                           : None
# umi_whitelist_paired                    : None
# unmapped_reads                          : discard
# unpaired_reads                          : use
# whole_contig                            : False
2022-09-06 19:16:47,052 INFO command: dedup --stdin=./raw_bam/LIB056594_TRA00243997_S27_R1_001_TSO25_OFF0_starAligned.sortedByCoord.out.bam --log=./deduplicated_bam/LIB056594_TRA00243997_S27_R1_001_TSO25_OFF0_dedup.log --output-stats=./deduplicated_bam/LIB056594_TRA00243997_S27_R1_001_TSO25_OFF0
2022-09-06 19:16:55,859 INFO total_umis 3821324
2022-09-06 19:16:55,860 INFO #umis 1032
2022-09-06 19:17:01,788 INFO Written out 100000 reads
2022-09-06 19:17:07,158 INFO Written out 200000 reads
2022-09-06 19:17:12,561 INFO Written out 300000 reads
2022-09-06 19:17:18,110 INFO Written out 400000 reads
2022-09-06 19:17:23,531 INFO Written out 500000 reads
2022-09-06 19:17:29,521 INFO Written out 600000 reads
2022-09-06 19:17:32,141 INFO Parsed 1000000 input reads
2022-09-06 19:17:34,411 INFO Written out 700000 reads
2022-09-06 19:17:40,209 INFO Written out 800000 reads
2022-09-06 19:17:46,151 INFO Written out 900000 reads
2022-09-06 19:17:51,535 INFO Written out 1000000 reads
2022-09-06 19:17:57,473 INFO Written out 1100000 reads
2022-09-06 19:18:03,083 INFO Written out 1200000 reads
2022-09-06 19:18:08,400 INFO Written out 1300000 reads
2022-09-06 19:18:08,825 INFO Parsed 2000000 input reads
2022-09-06 19:18:13,278 INFO Written out 1400000 reads
2022-09-06 19:18:19,016 INFO Written out 1500000 reads
2022-09-06 19:18:24,213 INFO Written out 1600000 reads
2022-09-06 19:18:29,786 INFO Written out 1700000 reads
2022-09-06 19:18:34,812 INFO Written out 1800000 reads
2022-09-06 19:18:40,428 INFO Written out 1900000 reads
2022-09-06 19:18:45,214 INFO Parsed 3000000 input reads
2022-09-06 19:18:46,683 INFO Written out 2000000 reads
2022-09-06 19:18:52,079 INFO Written out 2100000 reads
2022-09-06 19:18:57,472 INFO Written out 2200000 reads
2022-09-06 19:19:05,895 INFO Written out 2300000 reads
2022-09-06 19:19:11,295 INFO Written out 2400000 reads
2022-09-06 19:19:28,962 INFO Reads: Input Reads: 3821324
2022-09-06 19:19:28,962 INFO Number of reads out: 2443114
2022-09-06 19:19:28,962 INFO Total number of positions deduplicated: 1157021
2022-09-06 19:19:28,962 INFO Mean number of unique UMIs per position: 2.73
2022-09-06 19:19:28,963 INFO Max. number of unique UMIs per position: 704
# job finished in 161 seconds at Tue Sep  6 19:19:28 2022 -- 161.27  2.30  0.00  0.00 -- 5ba75213-7c27-4be6-b236-55a619584547
