# UMI-tools version: 1.1.2
# output generated by dedup --stdin=./raw_bam/LIB056594_TRA00243979_S9_R1_001_TSO22_OFF3_starAligned.sortedByCoord.out.bam --log=./deduplicated_bam/LIB056594_TRA00243979_S9_R1_001_TSO22_OFF3_dedup.log --output-stats=./deduplicated_bam/LIB056594_TRA00243979_S9_R1_001_TSO22_OFF3
# job started at Tue Sep  6 18:31:20 2022 on compute-a-17-63.o2.rc.hms.harvard.edu -- 63db81b8-dc89-41cb-8c75-389daa4a1146
# pid: 7948, system: Linux 3.10.0-1160.45.1.el7.x86_64 #1 SMP Wed Oct 13 17:20:51 UTC 2021 x86_64
# assigned_tag                            : None
# cell_tag                                : None
# cell_tag_delim                          : None
# cell_tag_split                          : -
# chimeric_pairs                          : use
# chrom                                   : None
# compresslevel                           : 6
# detection_method                        : None
# filter_umi                              : None
# gene_tag                                : None
# gene_transcript_map                     : None
# get_umi_method                          : read_id
# ignore_tlen                             : False
# ignore_umi                              : False
# in_sam                                  : False
# log2stderr                              : False
# loglevel                                : 1
# mapping_quality                         : 0
# method                                  : directional
# no_sort_output                          : False
# out_sam                                 : False
# output_unmapped                         : False
# paired                                  : False
# per_cell                                : False
# per_contig                              : False
# per_gene                                : False
# random_seed                             : None
# read_length                             : False
# short_help                              : None
# skip_regex                              : ^(__|Unassigned)
# soft_clip_threshold                     : 4
# spliced                                 : False
# stats                                   : ./deduplicated_bam/LIB056594_TRA00243979_S9_R1_001_TSO22_OFF3
# stderr                                  : <_io.TextIOWrapper name='<stderr>' mode='w' encoding='utf-8'>
# stdin                                   : <_io.TextIOWrapper name='./raw_bam/LIB056594_TRA00243979_S9_R1_001_TSO22_OFF3_starAligned.sortedByCoord.out.bam' mode='r' encoding='UTF-8'>
# stdlog                                  : <_io.TextIOWrapper name='./deduplicated_bam/LIB056594_TRA00243979_S9_R1_001_TSO22_OFF3_dedup.log' mode='a' encoding='UTF-8'>
# stdout                                  : <_io.TextIOWrapper name='<stdout>' mode='w' encoding='utf-8'>
# subset                                  : None
# threshold                               : 1
# timeit_file                             : None
# timeit_header                           : None
# timeit_name                             : all
# tmpdir                                  : None
# umi_sep                                 : _
# umi_tag                                 : RX
# umi_tag_delim                           : None
# umi_tag_split                           : None
# umi_whitelist                           : None
# umi_whitelist_paired                    : None
# unmapped_reads                          : discard
# unpaired_reads                          : use
# whole_contig                            : False
2022-09-06 18:31:20,086 INFO command: dedup --stdin=./raw_bam/LIB056594_TRA00243979_S9_R1_001_TSO22_OFF3_starAligned.sortedByCoord.out.bam --log=./deduplicated_bam/LIB056594_TRA00243979_S9_R1_001_TSO22_OFF3_dedup.log --output-stats=./deduplicated_bam/LIB056594_TRA00243979_S9_R1_001_TSO22_OFF3
2022-09-06 18:31:29,620 INFO total_umis 4125830
2022-09-06 18:31:29,621 INFO #umis 1020
2022-09-06 18:31:35,374 INFO Written out 100000 reads
2022-09-06 18:31:40,879 INFO Written out 200000 reads
2022-09-06 18:31:46,445 INFO Written out 300000 reads
2022-09-06 18:31:52,308 INFO Written out 400000 reads
2022-09-06 18:31:58,182 INFO Written out 500000 reads
2022-09-06 18:32:04,060 INFO Parsed 1000000 input reads
2022-09-06 18:32:04,288 INFO Written out 600000 reads
2022-09-06 18:32:10,009 INFO Written out 700000 reads
2022-09-06 18:32:15,684 INFO Written out 800000 reads
2022-09-06 18:32:22,010 INFO Written out 900000 reads
2022-09-06 18:32:27,835 INFO Written out 1000000 reads
2022-09-06 18:32:33,630 INFO Written out 1100000 reads
2022-09-06 18:32:39,514 INFO Written out 1200000 reads
2022-09-06 18:32:39,552 INFO Parsed 2000000 input reads
2022-09-06 18:32:45,126 INFO Written out 1300000 reads
2022-09-06 18:32:51,013 INFO Written out 1400000 reads
2022-09-06 18:32:56,355 INFO Written out 1500000 reads
2022-09-06 18:33:01,860 INFO Written out 1600000 reads
2022-09-06 18:33:07,164 INFO Written out 1700000 reads
2022-09-06 18:33:12,083 INFO Written out 1800000 reads
2022-09-06 18:33:14,180 INFO Parsed 3000000 input reads
2022-09-06 18:33:18,041 INFO Written out 1900000 reads
2022-09-06 18:33:23,878 INFO Written out 2000000 reads
2022-09-06 18:33:30,641 INFO Written out 2100000 reads
2022-09-06 18:33:36,890 INFO Written out 2200000 reads
2022-09-06 18:33:47,070 INFO Written out 2300000 reads
2022-09-06 18:33:49,995 INFO Parsed 4000000 input reads
2022-09-06 18:33:53,902 INFO Written out 2400000 reads
2022-09-06 18:34:09,312 INFO Reads: Input Reads: 4125830
2022-09-06 18:34:09,312 INFO Number of reads out: 2405661
2022-09-06 18:34:09,312 INFO Total number of positions deduplicated: 1119284
2022-09-06 18:34:09,312 INFO Mean number of unique UMIs per position: 2.93
2022-09-06 18:34:09,312 INFO Max. number of unique UMIs per position: 747
# job finished in 169 seconds at Tue Sep  6 18:34:09 2022 -- 168.45  2.81  0.00  0.00 -- 63db81b8-dc89-41cb-8c75-389daa4a1146
