# UMI-tools version: 1.1.2
# output generated by dedup --stdin=./raw_bam/LIB056594_TRA00243976_S6_R1_001_TSO18_OFF3_starAligned.sortedByCoord.out.bam --log=./deduplicated_bam/LIB056594_TRA00243976_S6_R1_001_TSO18_OFF3_dedup.log --output-stats=./deduplicated_bam/LIB056594_TRA00243976_S6_R1_001_TSO18_OFF3
# job started at Tue Sep  6 18:06:04 2022 on compute-e-16-253.o2.rc.hms.harvard.edu -- 64779d96-c00f-4c5e-9782-e35949ed69b0
# pid: 27332, system: Linux 3.10.0-1160.45.1.el7.x86_64 #1 SMP Wed Oct 13 17:20:51 UTC 2021 x86_64
# assigned_tag                            : None
# cell_tag                                : None
# cell_tag_delim                          : None
# cell_tag_split                          : -
# chimeric_pairs                          : use
# chrom                                   : None
# compresslevel                           : 6
# detection_method                        : None
# filter_umi                              : None
# gene_tag                                : None
# gene_transcript_map                     : None
# get_umi_method                          : read_id
# ignore_tlen                             : False
# ignore_umi                              : False
# in_sam                                  : False
# log2stderr                              : False
# loglevel                                : 1
# mapping_quality                         : 0
# method                                  : directional
# no_sort_output                          : False
# out_sam                                 : False
# output_unmapped                         : False
# paired                                  : False
# per_cell                                : False
# per_contig                              : False
# per_gene                                : False
# random_seed                             : None
# read_length                             : False
# short_help                              : None
# skip_regex                              : ^(__|Unassigned)
# soft_clip_threshold                     : 4
# spliced                                 : False
# stats                                   : ./deduplicated_bam/LIB056594_TRA00243976_S6_R1_001_TSO18_OFF3
# stderr                                  : <_io.TextIOWrapper name='<stderr>' mode='w' encoding='utf-8'>
# stdin                                   : <_io.TextIOWrapper name='./raw_bam/LIB056594_TRA00243976_S6_R1_001_TSO18_OFF3_starAligned.sortedByCoord.out.bam' mode='r' encoding='UTF-8'>
# stdlog                                  : <_io.TextIOWrapper name='./deduplicated_bam/LIB056594_TRA00243976_S6_R1_001_TSO18_OFF3_dedup.log' mode='a' encoding='UTF-8'>
# stdout                                  : <_io.TextIOWrapper name='<stdout>' mode='w' encoding='utf-8'>
# subset                                  : None
# threshold                               : 1
# timeit_file                             : None
# timeit_header                           : None
# timeit_name                             : all
# tmpdir                                  : None
# umi_sep                                 : _
# umi_tag                                 : RX
# umi_tag_delim                           : None
# umi_tag_split                           : None
# umi_whitelist                           : None
# umi_whitelist_paired                    : None
# unmapped_reads                          : discard
# unpaired_reads                          : use
# whole_contig                            : False
2022-09-06 18:06:04,012 INFO command: dedup --stdin=./raw_bam/LIB056594_TRA00243976_S6_R1_001_TSO18_OFF3_starAligned.sortedByCoord.out.bam --log=./deduplicated_bam/LIB056594_TRA00243976_S6_R1_001_TSO18_OFF3_dedup.log --output-stats=./deduplicated_bam/LIB056594_TRA00243976_S6_R1_001_TSO18_OFF3
2022-09-06 18:06:11,158 INFO total_umis 4104147
2022-09-06 18:06:11,158 INFO #umis 1025
2022-09-06 18:06:15,363 INFO Written out 100000 reads
2022-09-06 18:06:19,413 INFO Written out 200000 reads
2022-09-06 18:06:23,480 INFO Written out 300000 reads
2022-09-06 18:06:27,837 INFO Written out 400000 reads
2022-09-06 18:06:32,387 INFO Written out 500000 reads
2022-09-06 18:06:36,616 INFO Written out 600000 reads
2022-09-06 18:06:38,016 INFO Parsed 1000000 input reads
2022-09-06 18:06:41,303 INFO Written out 700000 reads
2022-09-06 18:06:45,237 INFO Written out 800000 reads
2022-09-06 18:06:49,974 INFO Written out 900000 reads
2022-09-06 18:06:54,644 INFO Written out 1000000 reads
2022-09-06 18:06:58,867 INFO Written out 1100000 reads
2022-09-06 18:07:03,184 INFO Written out 1200000 reads
2022-09-06 18:07:05,772 INFO Parsed 2000000 input reads
2022-09-06 18:07:07,609 INFO Written out 1300000 reads
2022-09-06 18:07:11,887 INFO Written out 1400000 reads
2022-09-06 18:07:16,185 INFO Written out 1500000 reads
2022-09-06 18:07:20,312 INFO Written out 1600000 reads
2022-09-06 18:07:24,549 INFO Written out 1700000 reads
2022-09-06 18:07:28,265 INFO Written out 1800000 reads
2022-09-06 18:07:31,940 INFO Written out 1900000 reads
2022-09-06 18:07:32,686 INFO Parsed 3000000 input reads
2022-09-06 18:07:36,515 INFO Written out 2000000 reads
2022-09-06 18:07:41,235 INFO Written out 2100000 reads
2022-09-06 18:07:45,798 INFO Written out 2200000 reads
2022-09-06 18:07:50,085 INFO Written out 2300000 reads
2022-09-06 18:07:57,622 INFO Written out 2400000 reads
2022-09-06 18:08:00,526 INFO Parsed 4000000 input reads
2022-09-06 18:08:02,104 INFO Written out 2500000 reads
2022-09-06 18:08:14,878 INFO Reads: Input Reads: 4104147
2022-09-06 18:08:14,878 INFO Number of reads out: 2524960
2022-09-06 18:08:14,878 INFO Total number of positions deduplicated: 1131572
2022-09-06 18:08:14,878 INFO Mean number of unique UMIs per position: 2.96
2022-09-06 18:08:14,878 INFO Max. number of unique UMIs per position: 822
# job finished in 130 seconds at Tue Sep  6 18:08:14 2022 -- 130.79  2.02  0.00  0.00 -- 64779d96-c00f-4c5e-9782-e35949ed69b0
