# UMI-tools version: 1.1.2
# output generated by dedup --stdin=./raw_bam/LIB056594_TRA00243990_S20_R1_001_TSO26_OFF3_starAligned.sortedByCoord.out.bam --log=./deduplicated_bam/LIB056594_TRA00243990_S20_R1_001_TSO26_OFF3_dedup.log --output-stats=./deduplicated_bam/LIB056594_TRA00243990_S20_R1_001_TSO26_OFF3
# job started at Tue Sep  6 18:49:32 2022 on compute-a-17-124.o2.rc.hms.harvard.edu -- ea7c0e7b-0e9e-4b8b-9458-2b2920b0a54b
# pid: 21083, system: Linux 3.10.0-1160.45.1.el7.x86_64 #1 SMP Wed Oct 13 17:20:51 UTC 2021 x86_64
# assigned_tag                            : None
# cell_tag                                : None
# cell_tag_delim                          : None
# cell_tag_split                          : -
# chimeric_pairs                          : use
# chrom                                   : None
# compresslevel                           : 6
# detection_method                        : None
# filter_umi                              : None
# gene_tag                                : None
# gene_transcript_map                     : None
# get_umi_method                          : read_id
# ignore_tlen                             : False
# ignore_umi                              : False
# in_sam                                  : False
# log2stderr                              : False
# loglevel                                : 1
# mapping_quality                         : 0
# method                                  : directional
# no_sort_output                          : False
# out_sam                                 : False
# output_unmapped                         : False
# paired                                  : False
# per_cell                                : False
# per_contig                              : False
# per_gene                                : False
# random_seed                             : None
# read_length                             : False
# short_help                              : None
# skip_regex                              : ^(__|Unassigned)
# soft_clip_threshold                     : 4
# spliced                                 : False
# stats                                   : ./deduplicated_bam/LIB056594_TRA00243990_S20_R1_001_TSO26_OFF3
# stderr                                  : <_io.TextIOWrapper name='<stderr>' mode='w' encoding='utf-8'>
# stdin                                   : <_io.TextIOWrapper name='./raw_bam/LIB056594_TRA00243990_S20_R1_001_TSO26_OFF3_starAligned.sortedByCoord.out.bam' mode='r' encoding='UTF-8'>
# stdlog                                  : <_io.TextIOWrapper name='./deduplicated_bam/LIB056594_TRA00243990_S20_R1_001_TSO26_OFF3_dedup.log' mode='a' encoding='UTF-8'>
# stdout                                  : <_io.TextIOWrapper name='<stdout>' mode='w' encoding='utf-8'>
# subset                                  : None
# threshold                               : 1
# timeit_file                             : None
# timeit_header                           : None
# timeit_name                             : all
# tmpdir                                  : None
# umi_sep                                 : _
# umi_tag                                 : RX
# umi_tag_delim                           : None
# umi_tag_split                           : None
# umi_whitelist                           : None
# umi_whitelist_paired                    : None
# unmapped_reads                          : discard
# unpaired_reads                          : use
# whole_contig                            : False
2022-09-06 18:49:32,453 INFO command: dedup --stdin=./raw_bam/LIB056594_TRA00243990_S20_R1_001_TSO26_OFF3_starAligned.sortedByCoord.out.bam --log=./deduplicated_bam/LIB056594_TRA00243990_S20_R1_001_TSO26_OFF3_dedup.log --output-stats=./deduplicated_bam/LIB056594_TRA00243990_S20_R1_001_TSO26_OFF3
2022-09-06 18:49:43,594 INFO total_umis 4845263
2022-09-06 18:49:43,595 INFO #umis 1024
2022-09-06 18:49:49,789 INFO Written out 100000 reads
2022-09-06 18:49:55,190 INFO Written out 200000 reads
2022-09-06 18:50:01,218 INFO Written out 300000 reads
2022-09-06 18:50:07,635 INFO Written out 400000 reads
2022-09-06 18:50:13,596 INFO Written out 500000 reads
2022-09-06 18:50:19,988 INFO Written out 600000 reads
2022-09-06 18:50:20,657 INFO Parsed 1000000 input reads
2022-09-06 18:50:26,219 INFO Written out 700000 reads
2022-09-06 18:50:32,668 INFO Written out 800000 reads
2022-09-06 18:50:38,187 INFO Written out 900000 reads
2022-09-06 18:50:44,485 INFO Written out 1000000 reads
2022-09-06 18:50:51,683 INFO Written out 1100000 reads
2022-09-06 18:50:57,686 INFO Written out 1200000 reads
2022-09-06 18:50:59,156 INFO Parsed 2000000 input reads
2022-09-06 18:51:03,364 INFO Written out 1300000 reads
2022-09-06 18:51:09,974 INFO Written out 1400000 reads
2022-09-06 18:51:15,902 INFO Written out 1500000 reads
2022-09-06 18:51:21,941 INFO Written out 1600000 reads
2022-09-06 18:51:27,959 INFO Written out 1700000 reads
2022-09-06 18:51:33,931 INFO Written out 1800000 reads
2022-09-06 18:51:37,318 INFO Parsed 3000000 input reads
2022-09-06 18:51:39,726 INFO Written out 1900000 reads
2022-09-06 18:51:45,223 INFO Written out 2000000 reads
2022-09-06 18:51:50,633 INFO Written out 2100000 reads
2022-09-06 18:51:55,462 INFO Written out 2200000 reads
2022-09-06 18:52:02,059 INFO Written out 2300000 reads
2022-09-06 18:52:09,098 INFO Written out 2400000 reads
2022-09-06 18:52:15,248 INFO Parsed 4000000 input reads
2022-09-06 18:52:15,417 INFO Written out 2500000 reads
2022-09-06 18:52:22,009 INFO Written out 2600000 reads
2022-09-06 18:52:34,323 INFO Written out 2700000 reads
2022-09-06 18:52:41,973 INFO Written out 2800000 reads
2022-09-06 18:52:48,547 INFO Written out 2900000 reads
2022-09-06 18:53:06,954 INFO Reads: Input Reads: 4845263
2022-09-06 18:53:06,955 INFO Number of reads out: 2907902
2022-09-06 18:53:06,955 INFO Total number of positions deduplicated: 1251374
2022-09-06 18:53:06,955 INFO Mean number of unique UMIs per position: 3.11
2022-09-06 18:53:06,955 INFO Max. number of unique UMIs per position: 884
# job finished in 214 seconds at Tue Sep  6 18:53:06 2022 -- 213.43  2.73  0.00  0.00 -- ea7c0e7b-0e9e-4b8b-9458-2b2920b0a54b
