# UMI-tools version: 1.1.2
# output generated by dedup --stdin=./raw_bam/LIB056594_TRA00243979_S9_R1_001_TSONaN_OFF0_starAligned.sortedByCoord.out.bam --log=./deduplicated_bam/LIB056594_TRA00243979_S9_R1_001_TSONaN_OFF0_dedup.log --output-stats=./deduplicated_bam/LIB056594_TRA00243979_S9_R1_001_TSONaN_OFF0
# job started at Tue Sep  6 18:46:49 2022 on compute-a-17-63.o2.rc.hms.harvard.edu -- 907c31c7-032a-43ad-bccc-93748ec5a08e
# pid: 17051, system: Linux 3.10.0-1160.45.1.el7.x86_64 #1 SMP Wed Oct 13 17:20:51 UTC 2021 x86_64
# assigned_tag                            : None
# cell_tag                                : None
# cell_tag_delim                          : None
# cell_tag_split                          : -
# chimeric_pairs                          : use
# chrom                                   : None
# compresslevel                           : 6
# detection_method                        : None
# filter_umi                              : None
# gene_tag                                : None
# gene_transcript_map                     : None
# get_umi_method                          : read_id
# ignore_tlen                             : False
# ignore_umi                              : False
# in_sam                                  : False
# log2stderr                              : False
# loglevel                                : 1
# mapping_quality                         : 0
# method                                  : directional
# no_sort_output                          : False
# out_sam                                 : False
# output_unmapped                         : False
# paired                                  : False
# per_cell                                : False
# per_contig                              : False
# per_gene                                : False
# random_seed                             : None
# read_length                             : False
# short_help                              : None
# skip_regex                              : ^(__|Unassigned)
# soft_clip_threshold                     : 4
# spliced                                 : False
# stats                                   : ./deduplicated_bam/LIB056594_TRA00243979_S9_R1_001_TSONaN_OFF0
# stderr                                  : <_io.TextIOWrapper name='<stderr>' mode='w' encoding='utf-8'>
# stdin                                   : <_io.TextIOWrapper name='./raw_bam/LIB056594_TRA00243979_S9_R1_001_TSONaN_OFF0_starAligned.sortedByCoord.out.bam' mode='r' encoding='UTF-8'>
# stdlog                                  : <_io.TextIOWrapper name='./deduplicated_bam/LIB056594_TRA00243979_S9_R1_001_TSONaN_OFF0_dedup.log' mode='a' encoding='UTF-8'>
# stdout                                  : <_io.TextIOWrapper name='<stdout>' mode='w' encoding='utf-8'>
# subset                                  : None
# threshold                               : 1
# timeit_file                             : None
# timeit_header                           : None
# timeit_name                             : all
# tmpdir                                  : None
# umi_sep                                 : _
# umi_tag                                 : RX
# umi_tag_delim                           : None
# umi_tag_split                           : None
# umi_whitelist                           : None
# umi_whitelist_paired                    : None
# unmapped_reads                          : discard
# unpaired_reads                          : use
# whole_contig                            : False
2022-09-06 18:46:49,258 INFO command: dedup --stdin=./raw_bam/LIB056594_TRA00243979_S9_R1_001_TSONaN_OFF0_starAligned.sortedByCoord.out.bam --log=./deduplicated_bam/LIB056594_TRA00243979_S9_R1_001_TSONaN_OFF0_dedup.log --output-stats=./deduplicated_bam/LIB056594_TRA00243979_S9_R1_001_TSONaN_OFF0
2022-09-06 18:46:49,460 INFO total_umis 52322
2022-09-06 18:46:49,460 INFO #umis 888
2022-09-06 18:46:52,252 INFO Reads: Input Reads: 52322
2022-09-06 18:46:52,253 INFO Number of reads out: 47295
2022-09-06 18:46:52,253 INFO Total number of positions deduplicated: 43966
2022-09-06 18:46:52,253 INFO Mean number of unique UMIs per position: 1.09
2022-09-06 18:46:52,253 INFO Max. number of unique UMIs per position: 17
# job finished in 3 seconds at Tue Sep  6 18:46:52 2022 --  4.59  0.55  0.00  0.00 -- 907c31c7-032a-43ad-bccc-93748ec5a08e
