# UMI-tools version: 1.1.2
# output generated by dedup --stdin=./raw_bam/LIB056594_TRA00243973_S3_R1_001_TSO20_OFF3_starAligned.sortedByCoord.out.bam --log=./deduplicated_bam/LIB056594_TRA00243973_S3_R1_001_TSO20_OFF3_dedup.log --output-stats=./deduplicated_bam/LIB056594_TRA00243973_S3_R1_001_TSO20_OFF3
# job started at Tue Sep  6 18:21:11 2022 on compute-e-16-206.o2.rc.hms.harvard.edu -- b59e63ba-fc83-4a47-a4f5-5d7a39c3ccdc
# pid: 29187, system: Linux 3.10.0-1160.76.1.el7.x86_64 #1 SMP Wed Aug 10 16:21:17 UTC 2022 x86_64
# assigned_tag                            : None
# cell_tag                                : None
# cell_tag_delim                          : None
# cell_tag_split                          : -
# chimeric_pairs                          : use
# chrom                                   : None
# compresslevel                           : 6
# detection_method                        : None
# filter_umi                              : None
# gene_tag                                : None
# gene_transcript_map                     : None
# get_umi_method                          : read_id
# ignore_tlen                             : False
# ignore_umi                              : False
# in_sam                                  : False
# log2stderr                              : False
# loglevel                                : 1
# mapping_quality                         : 0
# method                                  : directional
# no_sort_output                          : False
# out_sam                                 : False
# output_unmapped                         : False
# paired                                  : False
# per_cell                                : False
# per_contig                              : False
# per_gene                                : False
# random_seed                             : None
# read_length                             : False
# short_help                              : None
# skip_regex                              : ^(__|Unassigned)
# soft_clip_threshold                     : 4
# spliced                                 : False
# stats                                   : ./deduplicated_bam/LIB056594_TRA00243973_S3_R1_001_TSO20_OFF3
# stderr                                  : <_io.TextIOWrapper name='<stderr>' mode='w' encoding='utf-8'>
# stdin                                   : <_io.TextIOWrapper name='./raw_bam/LIB056594_TRA00243973_S3_R1_001_TSO20_OFF3_starAligned.sortedByCoord.out.bam' mode='r' encoding='UTF-8'>
# stdlog                                  : <_io.TextIOWrapper name='./deduplicated_bam/LIB056594_TRA00243973_S3_R1_001_TSO20_OFF3_dedup.log' mode='a' encoding='UTF-8'>
# stdout                                  : <_io.TextIOWrapper name='<stdout>' mode='w' encoding='utf-8'>
# subset                                  : None
# threshold                               : 1
# timeit_file                             : None
# timeit_header                           : None
# timeit_name                             : all
# tmpdir                                  : None
# umi_sep                                 : _
# umi_tag                                 : RX
# umi_tag_delim                           : None
# umi_tag_split                           : None
# umi_whitelist                           : None
# umi_whitelist_paired                    : None
# unmapped_reads                          : discard
# unpaired_reads                          : use
# whole_contig                            : False
2022-09-06 18:21:11,544 INFO command: dedup --stdin=./raw_bam/LIB056594_TRA00243973_S3_R1_001_TSO20_OFF3_starAligned.sortedByCoord.out.bam --log=./deduplicated_bam/LIB056594_TRA00243973_S3_R1_001_TSO20_OFF3_dedup.log --output-stats=./deduplicated_bam/LIB056594_TRA00243973_S3_R1_001_TSO20_OFF3
2022-09-06 18:21:19,500 INFO total_umis 4117347
2022-09-06 18:21:19,500 INFO #umis 1016
2022-09-06 18:21:24,197 INFO Written out 100000 reads
2022-09-06 18:21:28,801 INFO Written out 200000 reads
2022-09-06 18:21:33,215 INFO Written out 300000 reads
2022-09-06 18:21:37,881 INFO Written out 400000 reads
2022-09-06 18:21:42,772 INFO Written out 500000 reads
2022-09-06 18:21:47,032 INFO Written out 600000 reads
2022-09-06 18:21:48,331 INFO Parsed 1000000 input reads
2022-09-06 18:21:51,977 INFO Written out 700000 reads
2022-09-06 18:21:56,077 INFO Written out 800000 reads
2022-09-06 18:22:00,944 INFO Written out 900000 reads
2022-09-06 18:22:05,714 INFO Written out 1000000 reads
2022-09-06 18:22:10,372 INFO Written out 1100000 reads
2022-09-06 18:22:15,113 INFO Written out 1200000 reads
2022-09-06 18:22:17,138 INFO Parsed 2000000 input reads
2022-09-06 18:22:19,725 INFO Written out 1300000 reads
2022-09-06 18:22:24,195 INFO Written out 1400000 reads
2022-09-06 18:22:28,709 INFO Written out 1500000 reads
2022-09-06 18:22:33,125 INFO Written out 1600000 reads
2022-09-06 18:22:37,997 INFO Written out 1700000 reads
2022-09-06 18:22:42,357 INFO Written out 1800000 reads
2022-09-06 18:22:46,363 INFO Parsed 3000000 input reads
2022-09-06 18:22:46,450 INFO Written out 1900000 reads
2022-09-06 18:22:51,174 INFO Written out 2000000 reads
2022-09-06 18:22:56,262 INFO Written out 2100000 reads
2022-09-06 18:23:00,841 INFO Written out 2200000 reads
2022-09-06 18:23:05,839 INFO Written out 2300000 reads
2022-09-06 18:23:14,218 INFO Written out 2400000 reads
2022-09-06 18:23:16,965 INFO Parsed 4000000 input reads
2022-09-06 18:23:19,417 INFO Written out 2500000 reads
2022-09-06 18:23:32,812 INFO Reads: Input Reads: 4117347
2022-09-06 18:23:32,812 INFO Number of reads out: 2513134
2022-09-06 18:23:32,812 INFO Total number of positions deduplicated: 1169386
2022-09-06 18:23:32,812 INFO Mean number of unique UMIs per position: 2.84
2022-09-06 18:23:32,812 INFO Max. number of unique UMIs per position: 750
# job finished in 141 seconds at Tue Sep  6 18:23:32 2022 -- 141.00  1.80  0.00  0.00 -- b59e63ba-fc83-4a47-a4f5-5d7a39c3ccdc
