# UMI-tools version: 1.1.2
# output generated by dedup --stdin=./raw_bam/LIB056594_TRA00243993_S23_R1_001_TSO17_OFF0_starAligned.sortedByCoord.out.bam --log=./deduplicated_bam/LIB056594_TRA00243993_S23_R1_001_TSO17_OFF0_dedup.log --output-stats=./deduplicated_bam/LIB056594_TRA00243993_S23_R1_001_TSO17_OFF0
# job started at Tue Sep  6 18:45:12 2022 on compute-a-16-84.o2.rc.hms.harvard.edu -- 52466628-e05b-441b-8275-6b6a97181b32
# pid: 13903, system: Linux 3.10.0-1160.76.1.el7.x86_64 #1 SMP Wed Aug 10 16:21:17 UTC 2022 x86_64
# assigned_tag                            : None
# cell_tag                                : None
# cell_tag_delim                          : None
# cell_tag_split                          : -
# chimeric_pairs                          : use
# chrom                                   : None
# compresslevel                           : 6
# detection_method                        : None
# filter_umi                              : None
# gene_tag                                : None
# gene_transcript_map                     : None
# get_umi_method                          : read_id
# ignore_tlen                             : False
# ignore_umi                              : False
# in_sam                                  : False
# log2stderr                              : False
# loglevel                                : 1
# mapping_quality                         : 0
# method                                  : directional
# no_sort_output                          : False
# out_sam                                 : False
# output_unmapped                         : False
# paired                                  : False
# per_cell                                : False
# per_contig                              : False
# per_gene                                : False
# random_seed                             : None
# read_length                             : False
# short_help                              : None
# skip_regex                              : ^(__|Unassigned)
# soft_clip_threshold                     : 4
# spliced                                 : False
# stats                                   : ./deduplicated_bam/LIB056594_TRA00243993_S23_R1_001_TSO17_OFF0
# stderr                                  : <_io.TextIOWrapper name='<stderr>' mode='w' encoding='utf-8'>
# stdin                                   : <_io.TextIOWrapper name='./raw_bam/LIB056594_TRA00243993_S23_R1_001_TSO17_OFF0_starAligned.sortedByCoord.out.bam' mode='r' encoding='UTF-8'>
# stdlog                                  : <_io.TextIOWrapper name='./deduplicated_bam/LIB056594_TRA00243993_S23_R1_001_TSO17_OFF0_dedup.log' mode='a' encoding='UTF-8'>
# stdout                                  : <_io.TextIOWrapper name='<stdout>' mode='w' encoding='utf-8'>
# subset                                  : None
# threshold                               : 1
# timeit_file                             : None
# timeit_header                           : None
# timeit_name                             : all
# tmpdir                                  : None
# umi_sep                                 : _
# umi_tag                                 : RX
# umi_tag_delim                           : None
# umi_tag_split                           : None
# umi_whitelist                           : None
# umi_whitelist_paired                    : None
# unmapped_reads                          : discard
# unpaired_reads                          : use
# whole_contig                            : False
2022-09-06 18:45:12,499 INFO command: dedup --stdin=./raw_bam/LIB056594_TRA00243993_S23_R1_001_TSO17_OFF0_starAligned.sortedByCoord.out.bam --log=./deduplicated_bam/LIB056594_TRA00243993_S23_R1_001_TSO17_OFF0_dedup.log --output-stats=./deduplicated_bam/LIB056594_TRA00243993_S23_R1_001_TSO17_OFF0
2022-09-06 18:45:18,649 INFO total_umis 2573826
2022-09-06 18:45:18,650 INFO #umis 1016
2022-09-06 18:45:23,983 INFO Written out 100000 reads
2022-09-06 18:45:29,083 INFO Written out 200000 reads
2022-09-06 18:45:34,172 INFO Written out 300000 reads
2022-09-06 18:45:39,423 INFO Written out 400000 reads
2022-09-06 18:45:44,456 INFO Written out 500000 reads
2022-09-06 18:45:49,861 INFO Written out 600000 reads
2022-09-06 18:45:54,517 INFO Parsed 1000000 input reads
2022-09-06 18:45:55,006 INFO Written out 700000 reads
2022-09-06 18:46:00,460 INFO Written out 800000 reads
2022-09-06 18:46:05,525 INFO Written out 900000 reads
2022-09-06 18:46:10,359 INFO Written out 1000000 reads
2022-09-06 18:46:15,482 INFO Written out 1100000 reads
2022-09-06 18:46:20,828 INFO Written out 1200000 reads
2022-09-06 18:46:25,443 INFO Written out 1300000 reads
2022-09-06 18:46:30,424 INFO Parsed 2000000 input reads
2022-09-06 18:46:30,553 INFO Written out 1400000 reads
2022-09-06 18:46:36,116 INFO Written out 1500000 reads
2022-09-06 18:46:41,094 INFO Written out 1600000 reads
2022-09-06 18:46:47,529 INFO Written out 1700000 reads
2022-09-06 18:47:01,165 INFO Reads: Input Reads: 2573826
2022-09-06 18:47:01,165 INFO Number of reads out: 1750802
2022-09-06 18:47:01,165 INFO Total number of positions deduplicated: 880607
2022-09-06 18:47:01,165 INFO Mean number of unique UMIs per position: 2.49
2022-09-06 18:47:01,165 INFO Max. number of unique UMIs per position: 552
# job finished in 108 seconds at Tue Sep  6 18:47:01 2022 -- 108.69  1.91  0.00  0.00 -- 52466628-e05b-441b-8275-6b6a97181b32
