# UMI-tools version: 1.1.2
# output generated by dedup -I M18-39155_T1.Aligned.sortedByCoord.out.bam -S M18-39155_T1.bam --output-stats M18-39155_T1 --paired --log M18-39155_T1.umitools_dedup.log
# job started at Tue Jan 17 14:15:02 2023 on terra -- 697564a5-ef5c-42c1-abd6-d1ef0c3661fb
# pid: 195537, system: Linux 3.10.0-1160.45.1.el7.x86_64 #1 SMP Wed Oct 13 17:20:51 UTC 2021 x86_64
# assigned_tag                            : None
# cell_tag                                : None
# cell_tag_delim                          : None
# cell_tag_split                          : -
# chimeric_pairs                          : use
# chrom                                   : None
# compresslevel                           : 6
# detection_method                        : None
# filter_umi                              : None
# gene_tag                                : None
# gene_transcript_map                     : None
# get_umi_method                          : read_id
# ignore_tlen                             : False
# ignore_umi                              : False
# in_sam                                  : False
# log2stderr                              : False
# loglevel                                : 1
# mapping_quality                         : 0
# method                                  : directional
# no_sort_output                          : False
# out_sam                                 : False
# output_unmapped                         : False
# paired                                  : True
# per_cell                                : False
# per_contig                              : False
# per_gene                                : False
# random_seed                             : None
# read_length                             : False
# short_help                              : None
# skip_regex                              : ^(__|Unassigned)
# soft_clip_threshold                     : 4
# spliced                                 : False
# stats                                   : M18-39155_T1
# stderr                                  : <_io.TextIOWrapper name='<stderr>' mode='w' encoding='utf-8'>
# stdin                                   : <_io.TextIOWrapper name='M18-39155_T1.Aligned.sortedByCoord.out.bam' mode='r' encoding='UTF-8'>
# stdlog                                  : <_io.TextIOWrapper name='M18-39155_T1.umitools_dedup.log' mode='a' encoding='UTF-8'>
# stdout                                  : <_io.TextIOWrapper name='M18-39155_T1.bam' mode='w' encoding='UTF-8'>
# subset                                  : None
# threshold                               : 1
# timeit_file                             : None
# timeit_header                           : None
# timeit_name                             : all
# tmpdir                                  : None
# umi_sep                                 : _
# umi_tag                                 : RX
# umi_tag_delim                           : None
# umi_tag_split                           : None
# umi_whitelist                           : None
# umi_whitelist_paired                    : None
# unmapped_reads                          : discard
# unpaired_reads                          : use
# whole_contig                            : False
2023-01-17 14:15:02,973 WARNING Chimeric read pairs are being used. Some read pair UMIs may be grouped/deduplicated using just the mapping coordinates from read1.This may also increase the run time and memory usage. Consider --chimeric-pairs==discard to discard these reads or --chimeric-pairs==output (group command only) to output them without grouping
2023-01-17 14:15:02,973 WARNING Unpaired read pairs are being used. Some read pair UMIs may be grouped/deduplicated using just the mapping coordinates from read1.This may also increase the run time and memory usage. Consider --unpared-reads==discard to discard these reads or --unpared-reads==output (group command only) to output them without grouping
2023-01-17 14:15:02,974 INFO command: dedup -I M18-39155_T1.Aligned.sortedByCoord.out.bam -S M18-39155_T1.bam --output-stats M18-39155_T1 --paired --log M18-39155_T1.umitools_dedup.log
2023-01-17 14:15:16,637 INFO total_umis 5925335
2023-01-17 14:15:16,637 INFO #umis 105
2023-01-17 14:15:33,052 INFO Written out 100000 reads
2023-01-17 14:15:36,072 INFO Written out 200000 reads
2023-01-17 14:15:39,272 INFO Written out 300000 reads
2023-01-17 14:15:42,664 INFO Written out 400000 reads
2023-01-17 14:15:48,691 INFO Written out 500000 reads
2023-01-17 14:15:51,960 INFO Written out 600000 reads
2023-01-17 14:15:55,117 INFO Written out 700000 reads
2023-01-17 14:16:00,268 INFO Written out 800000 reads
2023-01-17 14:16:03,467 INFO Written out 900000 reads
2023-01-17 14:16:04,589 INFO Parsed 1000000 input reads
2023-01-17 14:16:08,030 INFO Written out 1000000 reads
2023-01-17 14:16:11,754 INFO Written out 1100000 reads
2023-01-17 14:16:15,209 INFO Written out 1200000 reads
2023-01-17 14:16:19,993 INFO Written out 1300000 reads
2023-01-17 14:16:23,867 INFO Written out 1400000 reads
2023-01-17 14:16:27,179 INFO Written out 1500000 reads
2023-01-17 14:16:33,716 INFO Written out 1600000 reads
2023-01-17 14:16:37,387 INFO Written out 1700000 reads
2023-01-17 14:16:43,175 INFO Written out 1800000 reads
2023-01-17 14:16:44,791 INFO Parsed 2000000 input reads
2023-01-17 14:16:47,579 INFO Written out 1900000 reads
2023-01-17 14:16:51,205 INFO Written out 2000000 reads
2023-01-17 14:16:56,124 INFO Written out 2100000 reads
2023-01-17 14:17:01,450 INFO Written out 2200000 reads
2023-01-17 14:17:07,902 INFO Written out 2300000 reads
2023-01-17 14:17:13,287 INFO Written out 2400000 reads
2023-01-17 14:17:17,260 INFO Written out 2500000 reads
2023-01-17 14:17:23,557 INFO Written out 2600000 reads
2023-01-17 14:17:27,746 INFO Written out 2700000 reads
2023-01-17 14:17:29,788 INFO Parsed 3000000 input reads
2023-01-17 14:17:32,282 INFO Written out 2800000 reads
2023-01-17 14:17:38,953 INFO Written out 2900000 reads
2023-01-17 14:17:43,111 INFO Written out 3000000 reads
2023-01-17 14:17:48,031 INFO Written out 3100000 reads
2023-01-17 14:17:53,142 INFO Written out 3200000 reads
2023-01-17 14:17:58,497 INFO Written out 3300000 reads
2023-01-17 14:18:04,045 INFO Written out 3400000 reads
2023-01-17 14:18:10,326 INFO Written out 3500000 reads
2023-01-17 14:18:15,626 INFO Written out 3600000 reads
2023-01-17 14:18:21,955 INFO Parsed 4000000 input reads
2023-01-17 14:18:23,391 INFO Written out 3700000 reads
2023-01-17 14:18:28,289 INFO Written out 3800000 reads
2023-01-17 14:18:32,899 INFO Written out 3900000 reads
2023-01-17 14:18:39,863 INFO Written out 4000000 reads
2023-01-17 14:18:43,820 INFO Written out 4100000 reads
2023-01-17 14:18:48,400 INFO Written out 4200000 reads
2023-01-17 14:18:56,578 INFO Written out 4300000 reads
2023-01-17 14:19:02,146 INFO Written out 4400000 reads
2023-01-17 14:19:09,595 INFO Written out 4500000 reads
2023-01-17 14:19:14,908 INFO Parsed 5000000 input reads
2023-01-17 14:19:14,971 INFO Written out 4600000 reads
2023-01-17 14:19:21,739 INFO Written out 4700000 reads
2023-01-17 14:19:36,627 INFO Written out 4800000 reads
2023-01-17 14:19:38,690 INFO Written out 4900000 reads
2023-01-17 14:19:51,526 INFO Written out 5000000 reads
2023-01-17 14:19:54,623 INFO Written out 5100000 reads
2023-01-17 14:20:01,541 INFO Written out 5200000 reads
2023-01-17 14:20:02,191 INFO Searching for mates for 0 unmatched alignments
2023-01-17 14:20:16,341 INFO 0 mates never found
2023-01-17 14:21:29,581 INFO Reads: Input Reads: 5925335, Read pairs: 5925335, Read 2 unmapped: 7
2023-01-17 14:21:29,581 INFO Number of reads out: 5216274
2023-01-17 14:21:29,581 INFO Total number of positions deduplicated: 4830713
2023-01-17 14:21:29,581 INFO Mean number of unique UMIs per position: 1.14
2023-01-17 14:21:29,581 INFO Max. number of unique UMIs per position: 63
# job finished in 386 seconds at Tue Jan 17 14:21:29 2023 -- 379.90 18.05  0.00  0.00 -- 697564a5-ef5c-42c1-abd6-d1ef0c3661fb
