# UMI-tools version: 1.1.2
# output generated by dedup --stdin=./raw_bam/LIB056594_TRA00243979_S9_R1_001_TSO25_OFF0_starAligned.sortedByCoord.out.bam --log=./deduplicated_bam/LIB056594_TRA00243979_S9_R1_001_TSO25_OFF0_dedup.log --output-stats=./deduplicated_bam/LIB056594_TRA00243979_S9_R1_001_TSO25_OFF0
# job started at Tue Sep  6 18:35:45 2022 on compute-a-17-63.o2.rc.hms.harvard.edu -- aeea671c-6477-4d17-b903-04b857133816
# pid: 14899, system: Linux 3.10.0-1160.45.1.el7.x86_64 #1 SMP Wed Oct 13 17:20:51 UTC 2021 x86_64
# assigned_tag                            : None
# cell_tag                                : None
# cell_tag_delim                          : None
# cell_tag_split                          : -
# chimeric_pairs                          : use
# chrom                                   : None
# compresslevel                           : 6
# detection_method                        : None
# filter_umi                              : None
# gene_tag                                : None
# gene_transcript_map                     : None
# get_umi_method                          : read_id
# ignore_tlen                             : False
# ignore_umi                              : False
# in_sam                                  : False
# log2stderr                              : False
# loglevel                                : 1
# mapping_quality                         : 0
# method                                  : directional
# no_sort_output                          : False
# out_sam                                 : False
# output_unmapped                         : False
# paired                                  : False
# per_cell                                : False
# per_contig                              : False
# per_gene                                : False
# random_seed                             : None
# read_length                             : False
# short_help                              : None
# skip_regex                              : ^(__|Unassigned)
# soft_clip_threshold                     : 4
# spliced                                 : False
# stats                                   : ./deduplicated_bam/LIB056594_TRA00243979_S9_R1_001_TSO25_OFF0
# stderr                                  : <_io.TextIOWrapper name='<stderr>' mode='w' encoding='utf-8'>
# stdin                                   : <_io.TextIOWrapper name='./raw_bam/LIB056594_TRA00243979_S9_R1_001_TSO25_OFF0_starAligned.sortedByCoord.out.bam' mode='r' encoding='UTF-8'>
# stdlog                                  : <_io.TextIOWrapper name='./deduplicated_bam/LIB056594_TRA00243979_S9_R1_001_TSO25_OFF0_dedup.log' mode='a' encoding='UTF-8'>
# stdout                                  : <_io.TextIOWrapper name='<stdout>' mode='w' encoding='utf-8'>
# subset                                  : None
# threshold                               : 1
# timeit_file                             : None
# timeit_header                           : None
# timeit_name                             : all
# tmpdir                                  : None
# umi_sep                                 : _
# umi_tag                                 : RX
# umi_tag_delim                           : None
# umi_tag_split                           : None
# umi_whitelist                           : None
# umi_whitelist_paired                    : None
# unmapped_reads                          : discard
# unpaired_reads                          : use
# whole_contig                            : False
2022-09-06 18:35:45,237 INFO command: dedup --stdin=./raw_bam/LIB056594_TRA00243979_S9_R1_001_TSO25_OFF0_starAligned.sortedByCoord.out.bam --log=./deduplicated_bam/LIB056594_TRA00243979_S9_R1_001_TSO25_OFF0_dedup.log --output-stats=./deduplicated_bam/LIB056594_TRA00243979_S9_R1_001_TSO25_OFF0
2022-09-06 18:35:58,897 INFO total_umis 5992337
2022-09-06 18:35:58,898 INFO #umis 1035
2022-09-06 18:36:05,607 INFO Written out 100000 reads
2022-09-06 18:36:11,574 INFO Written out 200000 reads
2022-09-06 18:36:17,442 INFO Written out 300000 reads
2022-09-06 18:36:22,967 INFO Written out 400000 reads
2022-09-06 18:36:28,841 INFO Written out 500000 reads
2022-09-06 18:36:34,873 INFO Written out 600000 reads
2022-09-06 18:36:35,623 INFO Parsed 1000000 input reads
2022-09-06 18:36:40,907 INFO Written out 700000 reads
2022-09-06 18:36:47,021 INFO Written out 800000 reads
2022-09-06 18:36:53,613 INFO Written out 900000 reads
2022-09-06 18:36:58,964 INFO Written out 1000000 reads
2022-09-06 18:37:04,453 INFO Written out 1100000 reads
2022-09-06 18:37:11,921 INFO Written out 1200000 reads
2022-09-06 18:37:13,692 INFO Parsed 2000000 input reads
2022-09-06 18:37:18,174 INFO Written out 1300000 reads
2022-09-06 18:37:24,462 INFO Written out 1400000 reads
2022-09-06 18:37:30,221 INFO Written out 1500000 reads
2022-09-06 18:37:36,680 INFO Written out 1600000 reads
2022-09-06 18:37:42,946 INFO Written out 1700000 reads
2022-09-06 18:37:48,698 INFO Written out 1800000 reads
2022-09-06 18:37:51,393 INFO Parsed 3000000 input reads
2022-09-06 18:37:54,751 INFO Written out 1900000 reads
2022-09-06 18:38:00,159 INFO Written out 2000000 reads
2022-09-06 18:38:06,545 INFO Written out 2100000 reads
2022-09-06 18:38:12,145 INFO Written out 2200000 reads
2022-09-06 18:38:18,045 INFO Written out 2300000 reads
2022-09-06 18:38:24,176 INFO Written out 2400000 reads
2022-09-06 18:38:29,084 INFO Parsed 4000000 input reads
2022-09-06 18:38:29,653 INFO Written out 2500000 reads
2022-09-06 18:38:35,114 INFO Written out 2600000 reads
2022-09-06 18:38:41,461 INFO Written out 2700000 reads
2022-09-06 18:38:47,657 INFO Written out 2800000 reads
2022-09-06 18:38:54,873 INFO Written out 2900000 reads
2022-09-06 18:39:01,276 INFO Written out 3000000 reads
2022-09-06 18:39:07,266 INFO Parsed 5000000 input reads
2022-09-06 18:39:08,304 INFO Written out 3100000 reads
2022-09-06 18:39:14,475 INFO Written out 3200000 reads
2022-09-06 18:39:27,185 INFO Written out 3300000 reads
2022-09-06 18:39:36,492 INFO Written out 3400000 reads
2022-09-06 18:39:44,344 INFO Written out 3500000 reads
2022-09-06 18:40:16,872 INFO Reads: Input Reads: 5992337
2022-09-06 18:40:16,872 INFO Number of reads out: 3522994
2022-09-06 18:40:16,872 INFO Total number of positions deduplicated: 1568855
2022-09-06 18:40:16,872 INFO Mean number of unique UMIs per position: 3.03
2022-09-06 18:40:16,872 INFO Max. number of unique UMIs per position: 773
# job finished in 271 seconds at Tue Sep  6 18:40:16 2022 -- 267.66  4.86  0.00  0.00 -- aeea671c-6477-4d17-b903-04b857133816
