# UMI-tools version: 1.1.2
# output generated by dedup --stdin=./raw_bam/LIB056594_TRA00244000_S30_R1_001_TSO01_OFF0_starAligned.sortedByCoord.out.bam --log=./deduplicated_bam/LIB056594_TRA00244000_S30_R1_001_TSO01_OFF0_dedup.log --output-stats=./deduplicated_bam/LIB056594_TRA00244000_S30_R1_001_TSO01_OFF0
# job started at Tue Sep  6 18:29:31 2022 on compute-a-16-67.o2.rc.hms.harvard.edu -- b99c68f5-bb6b-48d3-8108-08982268d116
# pid: 11012, system: Linux 3.10.0-1160.76.1.el7.x86_64 #1 SMP Wed Aug 10 16:21:17 UTC 2022 x86_64
# assigned_tag                            : None
# cell_tag                                : None
# cell_tag_delim                          : None
# cell_tag_split                          : -
# chimeric_pairs                          : use
# chrom                                   : None
# compresslevel                           : 6
# detection_method                        : None
# filter_umi                              : None
# gene_tag                                : None
# gene_transcript_map                     : None
# get_umi_method                          : read_id
# ignore_tlen                             : False
# ignore_umi                              : False
# in_sam                                  : False
# log2stderr                              : False
# loglevel                                : 1
# mapping_quality                         : 0
# method                                  : directional
# no_sort_output                          : False
# out_sam                                 : False
# output_unmapped                         : False
# paired                                  : False
# per_cell                                : False
# per_contig                              : False
# per_gene                                : False
# random_seed                             : None
# read_length                             : False
# short_help                              : None
# skip_regex                              : ^(__|Unassigned)
# soft_clip_threshold                     : 4
# spliced                                 : False
# stats                                   : ./deduplicated_bam/LIB056594_TRA00244000_S30_R1_001_TSO01_OFF0
# stderr                                  : <_io.TextIOWrapper name='<stderr>' mode='w' encoding='utf-8'>
# stdin                                   : <_io.TextIOWrapper name='./raw_bam/LIB056594_TRA00244000_S30_R1_001_TSO01_OFF0_starAligned.sortedByCoord.out.bam' mode='r' encoding='UTF-8'>
# stdlog                                  : <_io.TextIOWrapper name='./deduplicated_bam/LIB056594_TRA00244000_S30_R1_001_TSO01_OFF0_dedup.log' mode='a' encoding='UTF-8'>
# stdout                                  : <_io.TextIOWrapper name='<stdout>' mode='w' encoding='utf-8'>
# subset                                  : None
# threshold                               : 1
# timeit_file                             : None
# timeit_header                           : None
# timeit_name                             : all
# tmpdir                                  : None
# umi_sep                                 : _
# umi_tag                                 : RX
# umi_tag_delim                           : None
# umi_tag_split                           : None
# umi_whitelist                           : None
# umi_whitelist_paired                    : None
# unmapped_reads                          : discard
# unpaired_reads                          : use
# whole_contig                            : False
2022-09-06 18:29:31,338 INFO command: dedup --stdin=./raw_bam/LIB056594_TRA00244000_S30_R1_001_TSO01_OFF0_starAligned.sortedByCoord.out.bam --log=./deduplicated_bam/LIB056594_TRA00244000_S30_R1_001_TSO01_OFF0_dedup.log --output-stats=./deduplicated_bam/LIB056594_TRA00244000_S30_R1_001_TSO01_OFF0
2022-09-06 18:29:40,548 INFO total_umis 4046060
2022-09-06 18:29:40,549 INFO #umis 1035
2022-09-06 18:29:46,130 INFO Written out 100000 reads
2022-09-06 18:29:51,293 INFO Written out 200000 reads
2022-09-06 18:29:56,533 INFO Written out 300000 reads
2022-09-06 18:30:01,770 INFO Written out 400000 reads
2022-09-06 18:30:07,251 INFO Written out 500000 reads
2022-09-06 18:30:12,537 INFO Written out 600000 reads
2022-09-06 18:30:17,402 INFO Parsed 1000000 input reads
2022-09-06 18:30:18,465 INFO Written out 700000 reads
2022-09-06 18:30:23,263 INFO Written out 800000 reads
2022-09-06 18:30:28,962 INFO Written out 900000 reads
2022-09-06 18:30:34,958 INFO Written out 1000000 reads
2022-09-06 18:30:40,182 INFO Written out 1100000 reads
2022-09-06 18:30:45,380 INFO Written out 1200000 reads
2022-09-06 18:30:51,333 INFO Written out 1300000 reads
2022-09-06 18:30:54,710 INFO Parsed 2000000 input reads
2022-09-06 18:30:56,484 INFO Written out 1400000 reads
2022-09-06 18:31:01,840 INFO Written out 1500000 reads
2022-09-06 18:31:06,661 INFO Written out 1600000 reads
2022-09-06 18:31:12,192 INFO Written out 1700000 reads
2022-09-06 18:31:17,321 INFO Written out 1800000 reads
2022-09-06 18:31:23,086 INFO Written out 1900000 reads
2022-09-06 18:31:27,996 INFO Written out 2000000 reads
2022-09-06 18:31:31,295 INFO Parsed 3000000 input reads
2022-09-06 18:31:32,984 INFO Written out 2100000 reads
2022-09-06 18:31:38,364 INFO Written out 2200000 reads
2022-09-06 18:31:44,812 INFO Written out 2300000 reads
2022-09-06 18:31:50,772 INFO Written out 2400000 reads
2022-09-06 18:31:55,826 INFO Written out 2500000 reads
2022-09-06 18:32:02,531 INFO Written out 2600000 reads
2022-09-06 18:32:07,671 INFO Parsed 4000000 input reads
2022-09-06 18:32:07,679 INFO Written out 2700000 reads
2022-09-06 18:32:25,933 INFO Reads: Input Reads: 4046060
2022-09-06 18:32:25,934 INFO Number of reads out: 2723044
2022-09-06 18:32:25,934 INFO Total number of positions deduplicated: 1301532
2022-09-06 18:32:25,934 INFO Mean number of unique UMIs per position: 2.61
2022-09-06 18:32:25,934 INFO Max. number of unique UMIs per position: 742
# job finished in 174 seconds at Tue Sep  6 18:32:25 2022 -- 174.15  2.78  0.00  0.00 -- b99c68f5-bb6b-48d3-8108-08982268d116
