# UMI-tools version: 1.1.2
# output generated by dedup --stdin=./raw_bam/LIB056594_TRA00244008_S38_R1_001_TSO01_OFF0_starAligned.sortedByCoord.out.bam --log=./deduplicated_bam/LIB056594_TRA00244008_S38_R1_001_TSO01_OFF0_dedup.log --output-stats=./deduplicated_bam/LIB056594_TRA00244008_S38_R1_001_TSO01_OFF0
# job started at Tue Sep  6 18:20:34 2022 on compute-a-17-127.o2.rc.hms.harvard.edu -- a3280379-1c6c-41af-a7ca-6d372d0fa617
# pid: 21839, system: Linux 3.10.0-1160.45.1.el7.x86_64 #1 SMP Wed Oct 13 17:20:51 UTC 2021 x86_64
# assigned_tag                            : None
# cell_tag                                : None
# cell_tag_delim                          : None
# cell_tag_split                          : -
# chimeric_pairs                          : use
# chrom                                   : None
# compresslevel                           : 6
# detection_method                        : None
# filter_umi                              : None
# gene_tag                                : None
# gene_transcript_map                     : None
# get_umi_method                          : read_id
# ignore_tlen                             : False
# ignore_umi                              : False
# in_sam                                  : False
# log2stderr                              : False
# loglevel                                : 1
# mapping_quality                         : 0
# method                                  : directional
# no_sort_output                          : False
# out_sam                                 : False
# output_unmapped                         : False
# paired                                  : False
# per_cell                                : False
# per_contig                              : False
# per_gene                                : False
# random_seed                             : None
# read_length                             : False
# short_help                              : None
# skip_regex                              : ^(__|Unassigned)
# soft_clip_threshold                     : 4
# spliced                                 : False
# stats                                   : ./deduplicated_bam/LIB056594_TRA00244008_S38_R1_001_TSO01_OFF0
# stderr                                  : <_io.TextIOWrapper name='<stderr>' mode='w' encoding='utf-8'>
# stdin                                   : <_io.TextIOWrapper name='./raw_bam/LIB056594_TRA00244008_S38_R1_001_TSO01_OFF0_starAligned.sortedByCoord.out.bam' mode='r' encoding='UTF-8'>
# stdlog                                  : <_io.TextIOWrapper name='./deduplicated_bam/LIB056594_TRA00244008_S38_R1_001_TSO01_OFF0_dedup.log' mode='a' encoding='UTF-8'>
# stdout                                  : <_io.TextIOWrapper name='<stdout>' mode='w' encoding='utf-8'>
# subset                                  : None
# threshold                               : 1
# timeit_file                             : None
# timeit_header                           : None
# timeit_name                             : all
# tmpdir                                  : None
# umi_sep                                 : _
# umi_tag                                 : RX
# umi_tag_delim                           : None
# umi_tag_split                           : None
# umi_whitelist                           : None
# umi_whitelist_paired                    : None
# unmapped_reads                          : discard
# unpaired_reads                          : use
# whole_contig                            : False
2022-09-06 18:20:34,175 INFO command: dedup --stdin=./raw_bam/LIB056594_TRA00244008_S38_R1_001_TSO01_OFF0_starAligned.sortedByCoord.out.bam --log=./deduplicated_bam/LIB056594_TRA00244008_S38_R1_001_TSO01_OFF0_dedup.log --output-stats=./deduplicated_bam/LIB056594_TRA00244008_S38_R1_001_TSO01_OFF0
2022-09-06 18:20:42,512 INFO total_umis 3631235
2022-09-06 18:20:42,513 INFO #umis 1029
2022-09-06 18:20:47,803 INFO Written out 100000 reads
2022-09-06 18:20:52,885 INFO Written out 200000 reads
2022-09-06 18:20:57,860 INFO Written out 300000 reads
2022-09-06 18:21:03,042 INFO Written out 400000 reads
2022-09-06 18:21:08,173 INFO Written out 500000 reads
2022-09-06 18:21:13,297 INFO Written out 600000 reads
2022-09-06 18:21:18,218 INFO Written out 700000 reads
2022-09-06 18:21:18,459 INFO Parsed 1000000 input reads
2022-09-06 18:21:23,226 INFO Written out 800000 reads
2022-09-06 18:21:29,036 INFO Written out 900000 reads
2022-09-06 18:21:34,008 INFO Written out 1000000 reads
2022-09-06 18:21:39,065 INFO Written out 1100000 reads
2022-09-06 18:21:44,554 INFO Written out 1200000 reads
2022-09-06 18:21:49,356 INFO Written out 1300000 reads
2022-09-06 18:21:54,417 INFO Written out 1400000 reads
2022-09-06 18:21:54,890 INFO Parsed 2000000 input reads
2022-09-06 18:21:59,362 INFO Written out 1500000 reads
2022-09-06 18:22:04,478 INFO Written out 1600000 reads
2022-09-06 18:22:09,681 INFO Written out 1700000 reads
2022-09-06 18:22:14,455 INFO Written out 1800000 reads
2022-09-06 18:22:19,237 INFO Written out 1900000 reads
2022-09-06 18:22:24,337 INFO Written out 2000000 reads
2022-09-06 18:22:30,144 INFO Written out 2100000 reads
2022-09-06 18:22:31,628 INFO Parsed 3000000 input reads
2022-09-06 18:22:36,814 INFO Written out 2200000 reads
2022-09-06 18:22:41,570 INFO Written out 2300000 reads
2022-09-06 18:22:47,423 INFO Written out 2400000 reads
2022-09-06 18:23:09,083 INFO Reads: Input Reads: 3631235
2022-09-06 18:23:09,083 INFO Number of reads out: 2488157
2022-09-06 18:23:09,083 INFO Total number of positions deduplicated: 1200056
2022-09-06 18:23:09,083 INFO Mean number of unique UMIs per position: 2.58
2022-09-06 18:23:09,083 INFO Max. number of unique UMIs per position: 715
# job finished in 154 seconds at Tue Sep  6 18:23:09 2022 -- 154.44  2.58  0.00  0.00 -- a3280379-1c6c-41af-a7ca-6d372d0fa617
