# UMI-tools version: 1.1.2
# output generated by dedup --stdin=./raw_bam/LIB056594_TRA00243976_S6_R1_001_TSO26_OFF3_starAligned.sortedByCoord.out.bam --log=./deduplicated_bam/LIB056594_TRA00243976_S6_R1_001_TSO26_OFF3_dedup.log --output-stats=./deduplicated_bam/LIB056594_TRA00243976_S6_R1_001_TSO26_OFF3
# job started at Tue Sep  6 18:19:20 2022 on compute-e-16-253.o2.rc.hms.harvard.edu -- faf557a8-d878-4461-9b24-2450925b87ad
# pid: 30059, system: Linux 3.10.0-1160.45.1.el7.x86_64 #1 SMP Wed Oct 13 17:20:51 UTC 2021 x86_64
# assigned_tag                            : None
# cell_tag                                : None
# cell_tag_delim                          : None
# cell_tag_split                          : -
# chimeric_pairs                          : use
# chrom                                   : None
# compresslevel                           : 6
# detection_method                        : None
# filter_umi                              : None
# gene_tag                                : None
# gene_transcript_map                     : None
# get_umi_method                          : read_id
# ignore_tlen                             : False
# ignore_umi                              : False
# in_sam                                  : False
# log2stderr                              : False
# loglevel                                : 1
# mapping_quality                         : 0
# method                                  : directional
# no_sort_output                          : False
# out_sam                                 : False
# output_unmapped                         : False
# paired                                  : False
# per_cell                                : False
# per_contig                              : False
# per_gene                                : False
# random_seed                             : None
# read_length                             : False
# short_help                              : None
# skip_regex                              : ^(__|Unassigned)
# soft_clip_threshold                     : 4
# spliced                                 : False
# stats                                   : ./deduplicated_bam/LIB056594_TRA00243976_S6_R1_001_TSO26_OFF3
# stderr                                  : <_io.TextIOWrapper name='<stderr>' mode='w' encoding='utf-8'>
# stdin                                   : <_io.TextIOWrapper name='./raw_bam/LIB056594_TRA00243976_S6_R1_001_TSO26_OFF3_starAligned.sortedByCoord.out.bam' mode='r' encoding='UTF-8'>
# stdlog                                  : <_io.TextIOWrapper name='./deduplicated_bam/LIB056594_TRA00243976_S6_R1_001_TSO26_OFF3_dedup.log' mode='a' encoding='UTF-8'>
# stdout                                  : <_io.TextIOWrapper name='<stdout>' mode='w' encoding='utf-8'>
# subset                                  : None
# threshold                               : 1
# timeit_file                             : None
# timeit_header                           : None
# timeit_name                             : all
# tmpdir                                  : None
# umi_sep                                 : _
# umi_tag                                 : RX
# umi_tag_delim                           : None
# umi_tag_split                           : None
# umi_whitelist                           : None
# umi_whitelist_paired                    : None
# unmapped_reads                          : discard
# unpaired_reads                          : use
# whole_contig                            : False
2022-09-06 18:19:20,325 INFO command: dedup --stdin=./raw_bam/LIB056594_TRA00243976_S6_R1_001_TSO26_OFF3_starAligned.sortedByCoord.out.bam --log=./deduplicated_bam/LIB056594_TRA00243976_S6_R1_001_TSO26_OFF3_dedup.log --output-stats=./deduplicated_bam/LIB056594_TRA00243976_S6_R1_001_TSO26_OFF3
2022-09-06 18:19:27,016 INFO total_umis 3947420
2022-09-06 18:19:27,017 INFO #umis 1024
2022-09-06 18:19:31,271 INFO Written out 100000 reads
2022-09-06 18:19:35,325 INFO Written out 200000 reads
2022-09-06 18:19:39,516 INFO Written out 300000 reads
2022-09-06 18:19:43,998 INFO Written out 400000 reads
2022-09-06 18:19:48,516 INFO Written out 500000 reads
2022-09-06 18:19:52,931 INFO Written out 600000 reads
2022-09-06 18:19:54,395 INFO Parsed 1000000 input reads
2022-09-06 18:19:57,246 INFO Written out 700000 reads
2022-09-06 18:20:01,259 INFO Written out 800000 reads
2022-09-06 18:20:06,257 INFO Written out 900000 reads
2022-09-06 18:20:10,613 INFO Written out 1000000 reads
2022-09-06 18:20:14,633 INFO Written out 1100000 reads
2022-09-06 18:20:19,268 INFO Written out 1200000 reads
2022-09-06 18:20:22,087 INFO Parsed 2000000 input reads
2022-09-06 18:20:23,384 INFO Written out 1300000 reads
2022-09-06 18:20:27,775 INFO Written out 1400000 reads
2022-09-06 18:20:31,816 INFO Written out 1500000 reads
2022-09-06 18:20:35,842 INFO Written out 1600000 reads
2022-09-06 18:20:39,840 INFO Written out 1700000 reads
2022-09-06 18:20:43,301 INFO Written out 1800000 reads
2022-09-06 18:20:47,579 INFO Written out 1900000 reads
2022-09-06 18:20:49,285 INFO Parsed 3000000 input reads
2022-09-06 18:20:52,446 INFO Written out 2000000 reads
2022-09-06 18:20:57,057 INFO Written out 2100000 reads
2022-09-06 18:21:01,517 INFO Written out 2200000 reads
2022-09-06 18:21:08,706 INFO Written out 2300000 reads
2022-09-06 18:21:13,469 INFO Written out 2400000 reads
2022-09-06 18:21:26,859 INFO Reads: Input Reads: 3947420
2022-09-06 18:21:26,859 INFO Number of reads out: 2451625
2022-09-06 18:21:26,859 INFO Total number of positions deduplicated: 1092977
2022-09-06 18:21:26,859 INFO Mean number of unique UMIs per position: 2.95
2022-09-06 18:21:26,859 INFO Max. number of unique UMIs per position: 863
# job finished in 126 seconds at Tue Sep  6 18:21:26 2022 -- 126.46  2.02  0.00  0.00 -- faf557a8-d878-4461-9b24-2450925b87ad
