# UMI-tools version: 1.1.2
# output generated by dedup --stdin=./raw_bam/LIB056594_TRA00243974_S4_R1_001_TSO18_OFF3_starAligned.sortedByCoord.out.bam --log=./deduplicated_bam/LIB056594_TRA00243974_S4_R1_001_TSO18_OFF3_dedup.log --output-stats=./deduplicated_bam/LIB056594_TRA00243974_S4_R1_001_TSO18_OFF3
# job started at Tue Sep  6 18:26:41 2022 on compute-e-16-209.o2.rc.hms.harvard.edu -- d7480711-eb37-4f7b-ac83-d5d0fe393686
# pid: 10617, system: Linux 3.10.0-1160.71.1.el7.x86_64 #1 SMP Tue Jun 28 15:37:28 UTC 2022 x86_64
# assigned_tag                            : None
# cell_tag                                : None
# cell_tag_delim                          : None
# cell_tag_split                          : -
# chimeric_pairs                          : use
# chrom                                   : None
# compresslevel                           : 6
# detection_method                        : None
# filter_umi                              : None
# gene_tag                                : None
# gene_transcript_map                     : None
# get_umi_method                          : read_id
# ignore_tlen                             : False
# ignore_umi                              : False
# in_sam                                  : False
# log2stderr                              : False
# loglevel                                : 1
# mapping_quality                         : 0
# method                                  : directional
# no_sort_output                          : False
# out_sam                                 : False
# output_unmapped                         : False
# paired                                  : False
# per_cell                                : False
# per_contig                              : False
# per_gene                                : False
# random_seed                             : None
# read_length                             : False
# short_help                              : None
# skip_regex                              : ^(__|Unassigned)
# soft_clip_threshold                     : 4
# spliced                                 : False
# stats                                   : ./deduplicated_bam/LIB056594_TRA00243974_S4_R1_001_TSO18_OFF3
# stderr                                  : <_io.TextIOWrapper name='<stderr>' mode='w' encoding='utf-8'>
# stdin                                   : <_io.TextIOWrapper name='./raw_bam/LIB056594_TRA00243974_S4_R1_001_TSO18_OFF3_starAligned.sortedByCoord.out.bam' mode='r' encoding='UTF-8'>
# stdlog                                  : <_io.TextIOWrapper name='./deduplicated_bam/LIB056594_TRA00243974_S4_R1_001_TSO18_OFF3_dedup.log' mode='a' encoding='UTF-8'>
# stdout                                  : <_io.TextIOWrapper name='<stdout>' mode='w' encoding='utf-8'>
# subset                                  : None
# threshold                               : 1
# timeit_file                             : None
# timeit_header                           : None
# timeit_name                             : all
# tmpdir                                  : None
# umi_sep                                 : _
# umi_tag                                 : RX
# umi_tag_delim                           : None
# umi_tag_split                           : None
# umi_whitelist                           : None
# umi_whitelist_paired                    : None
# unmapped_reads                          : discard
# unpaired_reads                          : use
# whole_contig                            : False
2022-09-06 18:26:41,012 INFO command: dedup --stdin=./raw_bam/LIB056594_TRA00243974_S4_R1_001_TSO18_OFF3_starAligned.sortedByCoord.out.bam --log=./deduplicated_bam/LIB056594_TRA00243974_S4_R1_001_TSO18_OFF3_dedup.log --output-stats=./deduplicated_bam/LIB056594_TRA00243974_S4_R1_001_TSO18_OFF3
2022-09-06 18:26:49,958 INFO total_umis 4722731
2022-09-06 18:26:49,959 INFO #umis 1024
2022-09-06 18:26:55,116 INFO Written out 100000 reads
2022-09-06 18:26:59,759 INFO Written out 200000 reads
2022-09-06 18:27:04,766 INFO Written out 300000 reads
2022-09-06 18:27:10,057 INFO Written out 400000 reads
2022-09-06 18:27:14,960 INFO Written out 500000 reads
2022-09-06 18:27:20,313 INFO Written out 600000 reads
2022-09-06 18:27:21,427 INFO Parsed 1000000 input reads
2022-09-06 18:27:25,774 INFO Written out 700000 reads
2022-09-06 18:27:30,941 INFO Written out 800000 reads
2022-09-06 18:27:35,490 INFO Written out 900000 reads
2022-09-06 18:27:41,218 INFO Written out 1000000 reads
2022-09-06 18:27:46,899 INFO Written out 1100000 reads
2022-09-06 18:27:51,875 INFO Written out 1200000 reads
2022-09-06 18:27:53,896 INFO Parsed 2000000 input reads
2022-09-06 18:27:57,138 INFO Written out 1300000 reads
2022-09-06 18:28:02,432 INFO Written out 1400000 reads
2022-09-06 18:28:07,251 INFO Written out 1500000 reads
2022-09-06 18:28:12,277 INFO Written out 1600000 reads
2022-09-06 18:28:17,551 INFO Written out 1700000 reads
2022-09-06 18:28:22,563 INFO Written out 1800000 reads
2022-09-06 18:28:26,156 INFO Parsed 3000000 input reads
2022-09-06 18:28:27,591 INFO Written out 1900000 reads
2022-09-06 18:28:32,306 INFO Written out 2000000 reads
2022-09-06 18:28:36,468 INFO Written out 2100000 reads
2022-09-06 18:28:41,936 INFO Written out 2200000 reads
2022-09-06 18:28:47,551 INFO Written out 2300000 reads
2022-09-06 18:28:52,770 INFO Written out 2400000 reads
2022-09-06 18:28:58,042 INFO Parsed 4000000 input reads
2022-09-06 18:28:59,169 INFO Written out 2500000 reads
2022-09-06 18:29:04,735 INFO Written out 2600000 reads
2022-09-06 18:29:14,045 INFO Written out 2700000 reads
2022-09-06 18:29:19,781 INFO Written out 2800000 reads
2022-09-06 18:29:37,613 INFO Reads: Input Reads: 4722731
2022-09-06 18:29:37,613 INFO Number of reads out: 2836403
2022-09-06 18:29:37,613 INFO Total number of positions deduplicated: 1257422
2022-09-06 18:29:37,613 INFO Mean number of unique UMIs per position: 3.00
2022-09-06 18:29:37,613 INFO Max. number of unique UMIs per position: 810
# job finished in 176 seconds at Tue Sep  6 18:29:37 2022 -- 175.66  2.43  0.00  0.00 -- d7480711-eb37-4f7b-ac83-d5d0fe393686
