# UMI-tools version: 1.1.2
# output generated by dedup --stdin=./raw_bam/LIB056594_TRA00243974_S4_R1_001_TSO17_OFF0_starAligned.sortedByCoord.out.bam --log=./deduplicated_bam/LIB056594_TRA00243974_S4_R1_001_TSO17_OFF0_dedup.log --output-stats=./deduplicated_bam/LIB056594_TRA00243974_S4_R1_001_TSO17_OFF0
# job started at Tue Sep  6 18:23:33 2022 on compute-e-16-209.o2.rc.hms.harvard.edu -- 4ca84a0a-08c9-4fb8-bacf-f8369fa50d4a
# pid: 8593, system: Linux 3.10.0-1160.71.1.el7.x86_64 #1 SMP Tue Jun 28 15:37:28 UTC 2022 x86_64
# assigned_tag                            : None
# cell_tag                                : None
# cell_tag_delim                          : None
# cell_tag_split                          : -
# chimeric_pairs                          : use
# chrom                                   : None
# compresslevel                           : 6
# detection_method                        : None
# filter_umi                              : None
# gene_tag                                : None
# gene_transcript_map                     : None
# get_umi_method                          : read_id
# ignore_tlen                             : False
# ignore_umi                              : False
# in_sam                                  : False
# log2stderr                              : False
# loglevel                                : 1
# mapping_quality                         : 0
# method                                  : directional
# no_sort_output                          : False
# out_sam                                 : False
# output_unmapped                         : False
# paired                                  : False
# per_cell                                : False
# per_contig                              : False
# per_gene                                : False
# random_seed                             : None
# read_length                             : False
# short_help                              : None
# skip_regex                              : ^(__|Unassigned)
# soft_clip_threshold                     : 4
# spliced                                 : False
# stats                                   : ./deduplicated_bam/LIB056594_TRA00243974_S4_R1_001_TSO17_OFF0
# stderr                                  : <_io.TextIOWrapper name='<stderr>' mode='w' encoding='utf-8'>
# stdin                                   : <_io.TextIOWrapper name='./raw_bam/LIB056594_TRA00243974_S4_R1_001_TSO17_OFF0_starAligned.sortedByCoord.out.bam' mode='r' encoding='UTF-8'>
# stdlog                                  : <_io.TextIOWrapper name='./deduplicated_bam/LIB056594_TRA00243974_S4_R1_001_TSO17_OFF0_dedup.log' mode='a' encoding='UTF-8'>
# stdout                                  : <_io.TextIOWrapper name='<stdout>' mode='w' encoding='utf-8'>
# subset                                  : None
# threshold                               : 1
# timeit_file                             : None
# timeit_header                           : None
# timeit_name                             : all
# tmpdir                                  : None
# umi_sep                                 : _
# umi_tag                                 : RX
# umi_tag_delim                           : None
# umi_tag_split                           : None
# umi_whitelist                           : None
# umi_whitelist_paired                    : None
# unmapped_reads                          : discard
# unpaired_reads                          : use
# whole_contig                            : False
2022-09-06 18:23:33,625 INFO command: dedup --stdin=./raw_bam/LIB056594_TRA00243974_S4_R1_001_TSO17_OFF0_starAligned.sortedByCoord.out.bam --log=./deduplicated_bam/LIB056594_TRA00243974_S4_R1_001_TSO17_OFF0_dedup.log --output-stats=./deduplicated_bam/LIB056594_TRA00243974_S4_R1_001_TSO17_OFF0
2022-09-06 18:23:43,685 INFO total_umis 4896890
2022-09-06 18:23:43,685 INFO #umis 1024
2022-09-06 18:23:49,031 INFO Written out 100000 reads
2022-09-06 18:23:53,811 INFO Written out 200000 reads
2022-09-06 18:23:58,804 INFO Written out 300000 reads
2022-09-06 18:24:03,713 INFO Written out 400000 reads
2022-09-06 18:24:08,533 INFO Written out 500000 reads
2022-09-06 18:24:13,453 INFO Written out 600000 reads
2022-09-06 18:24:15,517 INFO Parsed 1000000 input reads
2022-09-06 18:24:18,542 INFO Written out 700000 reads
2022-09-06 18:24:23,595 INFO Written out 800000 reads
2022-09-06 18:24:28,086 INFO Written out 900000 reads
2022-09-06 18:24:33,646 INFO Written out 1000000 reads
2022-09-06 18:24:38,918 INFO Written out 1100000 reads
2022-09-06 18:24:43,872 INFO Written out 1200000 reads
2022-09-06 18:24:47,722 INFO Parsed 2000000 input reads
2022-09-06 18:24:48,760 INFO Written out 1300000 reads
2022-09-06 18:24:54,256 INFO Written out 1400000 reads
2022-09-06 18:24:59,362 INFO Written out 1500000 reads
2022-09-06 18:25:04,300 INFO Written out 1600000 reads
2022-09-06 18:25:08,993 INFO Written out 1700000 reads
2022-09-06 18:25:14,038 INFO Written out 1800000 reads
2022-09-06 18:25:19,047 INFO Written out 1900000 reads
2022-09-06 18:25:20,229 INFO Parsed 3000000 input reads
2022-09-06 18:25:24,339 INFO Written out 2000000 reads
2022-09-06 18:25:28,861 INFO Written out 2100000 reads
2022-09-06 18:25:33,487 INFO Written out 2200000 reads
2022-09-06 18:25:38,850 INFO Written out 2300000 reads
2022-09-06 18:25:43,771 INFO Written out 2400000 reads
2022-09-06 18:25:50,025 INFO Written out 2500000 reads
2022-09-06 18:25:53,251 INFO Parsed 4000000 input reads
2022-09-06 18:25:56,666 INFO Written out 2600000 reads
2022-09-06 18:26:01,810 INFO Written out 2700000 reads
2022-09-06 18:26:10,752 INFO Written out 2800000 reads
2022-09-06 18:26:16,629 INFO Written out 2900000 reads
2022-09-06 18:26:38,590 INFO Reads: Input Reads: 4896890
2022-09-06 18:26:38,590 INFO Number of reads out: 2983673
2022-09-06 18:26:38,590 INFO Total number of positions deduplicated: 1392910
2022-09-06 18:26:38,590 INFO Mean number of unique UMIs per position: 2.83
2022-09-06 18:26:38,590 INFO Max. number of unique UMIs per position: 676
# job finished in 184 seconds at Tue Sep  6 18:26:38 2022 -- 184.02  2.68  0.00  0.00 -- 4ca84a0a-08c9-4fb8-bacf-f8369fa50d4a
