# UMI-tools version: 1.1.2
# output generated by dedup --stdin=./raw_bam/LIB056594_TRA00243974_S4_R1_001_TSO25_OFF0_starAligned.sortedByCoord.out.bam --log=./deduplicated_bam/LIB056594_TRA00243974_S4_R1_001_TSO25_OFF0_dedup.log --output-stats=./deduplicated_bam/LIB056594_TRA00243974_S4_R1_001_TSO25_OFF0
# job started at Tue Sep  6 18:40:44 2022 on compute-e-16-209.o2.rc.hms.harvard.edu -- 6413cbb7-bd83-4539-8960-46da40b4af3d
# pid: 13601, system: Linux 3.10.0-1160.71.1.el7.x86_64 #1 SMP Tue Jun 28 15:37:28 UTC 2022 x86_64
# assigned_tag                            : None
# cell_tag                                : None
# cell_tag_delim                          : None
# cell_tag_split                          : -
# chimeric_pairs                          : use
# chrom                                   : None
# compresslevel                           : 6
# detection_method                        : None
# filter_umi                              : None
# gene_tag                                : None
# gene_transcript_map                     : None
# get_umi_method                          : read_id
# ignore_tlen                             : False
# ignore_umi                              : False
# in_sam                                  : False
# log2stderr                              : False
# loglevel                                : 1
# mapping_quality                         : 0
# method                                  : directional
# no_sort_output                          : False
# out_sam                                 : False
# output_unmapped                         : False
# paired                                  : False
# per_cell                                : False
# per_contig                              : False
# per_gene                                : False
# random_seed                             : None
# read_length                             : False
# short_help                              : None
# skip_regex                              : ^(__|Unassigned)
# soft_clip_threshold                     : 4
# spliced                                 : False
# stats                                   : ./deduplicated_bam/LIB056594_TRA00243974_S4_R1_001_TSO25_OFF0
# stderr                                  : <_io.TextIOWrapper name='<stderr>' mode='w' encoding='utf-8'>
# stdin                                   : <_io.TextIOWrapper name='./raw_bam/LIB056594_TRA00243974_S4_R1_001_TSO25_OFF0_starAligned.sortedByCoord.out.bam' mode='r' encoding='UTF-8'>
# stdlog                                  : <_io.TextIOWrapper name='./deduplicated_bam/LIB056594_TRA00243974_S4_R1_001_TSO25_OFF0_dedup.log' mode='a' encoding='UTF-8'>
# stdout                                  : <_io.TextIOWrapper name='<stdout>' mode='w' encoding='utf-8'>
# subset                                  : None
# threshold                               : 1
# timeit_file                             : None
# timeit_header                           : None
# timeit_name                             : all
# tmpdir                                  : None
# umi_sep                                 : _
# umi_tag                                 : RX
# umi_tag_delim                           : None
# umi_tag_split                           : None
# umi_whitelist                           : None
# umi_whitelist_paired                    : None
# unmapped_reads                          : discard
# unpaired_reads                          : use
# whole_contig                            : False
2022-09-06 18:40:44,775 INFO command: dedup --stdin=./raw_bam/LIB056594_TRA00243974_S4_R1_001_TSO25_OFF0_starAligned.sortedByCoord.out.bam --log=./deduplicated_bam/LIB056594_TRA00243974_S4_R1_001_TSO25_OFF0_dedup.log --output-stats=./deduplicated_bam/LIB056594_TRA00243974_S4_R1_001_TSO25_OFF0
2022-09-06 18:40:54,796 INFO total_umis 5290640
2022-09-06 18:40:54,797 INFO #umis 1036
2022-09-06 18:40:59,950 INFO Written out 100000 reads
2022-09-06 18:41:04,626 INFO Written out 200000 reads
2022-09-06 18:41:09,329 INFO Written out 300000 reads
2022-09-06 18:41:13,841 INFO Written out 400000 reads
2022-09-06 18:41:18,571 INFO Written out 500000 reads
2022-09-06 18:41:23,403 INFO Written out 600000 reads
2022-09-06 18:41:25,443 INFO Parsed 1000000 input reads
2022-09-06 18:41:28,264 INFO Written out 700000 reads
2022-09-06 18:41:33,427 INFO Written out 800000 reads
2022-09-06 18:41:37,527 INFO Written out 900000 reads
2022-09-06 18:41:41,913 INFO Written out 1000000 reads
2022-09-06 18:41:47,814 INFO Written out 1100000 reads
2022-09-06 18:41:52,781 INFO Written out 1200000 reads
2022-09-06 18:41:56,606 INFO Parsed 2000000 input reads
2022-09-06 18:41:57,384 INFO Written out 1300000 reads
2022-09-06 18:42:02,271 INFO Written out 1400000 reads
2022-09-06 18:42:07,643 INFO Written out 1500000 reads
2022-09-06 18:42:12,450 INFO Written out 1600000 reads
2022-09-06 18:42:17,349 INFO Written out 1700000 reads
2022-09-06 18:42:21,677 INFO Written out 1800000 reads
2022-09-06 18:42:26,755 INFO Written out 1900000 reads
2022-09-06 18:42:27,902 INFO Parsed 3000000 input reads
2022-09-06 18:42:31,442 INFO Written out 2000000 reads
2022-09-06 18:42:36,348 INFO Written out 2100000 reads
2022-09-06 18:42:41,167 INFO Written out 2200000 reads
2022-09-06 18:42:45,642 INFO Written out 2300000 reads
2022-09-06 18:42:50,113 INFO Written out 2400000 reads
2022-09-06 18:42:55,193 INFO Written out 2500000 reads
2022-09-06 18:43:00,012 INFO Parsed 4000000 input reads
2022-09-06 18:43:01,766 INFO Written out 2600000 reads
2022-09-06 18:43:06,448 INFO Written out 2700000 reads
2022-09-06 18:43:13,448 INFO Written out 2800000 reads
2022-09-06 18:43:18,057 INFO Written out 2900000 reads
2022-09-06 18:43:27,572 INFO Written out 3000000 reads
2022-09-06 18:43:33,301 INFO Parsed 5000000 input reads
2022-09-06 18:43:33,490 INFO Written out 3100000 reads
2022-09-06 18:43:40,857 INFO Written out 3200000 reads
2022-09-06 18:43:58,957 INFO Reads: Input Reads: 5290640
2022-09-06 18:43:58,957 INFO Number of reads out: 3209343
2022-09-06 18:43:58,957 INFO Total number of positions deduplicated: 1467649
2022-09-06 18:43:58,957 INFO Mean number of unique UMIs per position: 2.89
2022-09-06 18:43:58,957 INFO Max. number of unique UMIs per position: 744
# job finished in 194 seconds at Tue Sep  6 18:43:58 2022 -- 192.48  2.95  0.00  0.00 -- 6413cbb7-bd83-4539-8960-46da40b4af3d
