# UMI-tools version: 1.1.2
# output generated by dedup --stdin=./raw_bam/LIB056594_TRA00243976_S6_R1_001_TSO25_OFF0_starAligned.sortedByCoord.out.bam --log=./deduplicated_bam/LIB056594_TRA00243976_S6_R1_001_TSO25_OFF0_dedup.log --output-stats=./deduplicated_bam/LIB056594_TRA00243976_S6_R1_001_TSO25_OFF0
# job started at Tue Sep  6 18:16:50 2022 on compute-e-16-253.o2.rc.hms.harvard.edu -- acb4c220-aaa2-40bc-a7ed-bb4b504a44e5
# pid: 29516, system: Linux 3.10.0-1160.45.1.el7.x86_64 #1 SMP Wed Oct 13 17:20:51 UTC 2021 x86_64
# assigned_tag                            : None
# cell_tag                                : None
# cell_tag_delim                          : None
# cell_tag_split                          : -
# chimeric_pairs                          : use
# chrom                                   : None
# compresslevel                           : 6
# detection_method                        : None
# filter_umi                              : None
# gene_tag                                : None
# gene_transcript_map                     : None
# get_umi_method                          : read_id
# ignore_tlen                             : False
# ignore_umi                              : False
# in_sam                                  : False
# log2stderr                              : False
# loglevel                                : 1
# mapping_quality                         : 0
# method                                  : directional
# no_sort_output                          : False
# out_sam                                 : False
# output_unmapped                         : False
# paired                                  : False
# per_cell                                : False
# per_contig                              : False
# per_gene                                : False
# random_seed                             : None
# read_length                             : False
# short_help                              : None
# skip_regex                              : ^(__|Unassigned)
# soft_clip_threshold                     : 4
# spliced                                 : False
# stats                                   : ./deduplicated_bam/LIB056594_TRA00243976_S6_R1_001_TSO25_OFF0
# stderr                                  : <_io.TextIOWrapper name='<stderr>' mode='w' encoding='utf-8'>
# stdin                                   : <_io.TextIOWrapper name='./raw_bam/LIB056594_TRA00243976_S6_R1_001_TSO25_OFF0_starAligned.sortedByCoord.out.bam' mode='r' encoding='UTF-8'>
# stdlog                                  : <_io.TextIOWrapper name='./deduplicated_bam/LIB056594_TRA00243976_S6_R1_001_TSO25_OFF0_dedup.log' mode='a' encoding='UTF-8'>
# stdout                                  : <_io.TextIOWrapper name='<stdout>' mode='w' encoding='utf-8'>
# subset                                  : None
# threshold                               : 1
# timeit_file                             : None
# timeit_header                           : None
# timeit_name                             : all
# tmpdir                                  : None
# umi_sep                                 : _
# umi_tag                                 : RX
# umi_tag_delim                           : None
# umi_tag_split                           : None
# umi_whitelist                           : None
# umi_whitelist_paired                    : None
# unmapped_reads                          : discard
# unpaired_reads                          : use
# whole_contig                            : False
2022-09-06 18:16:50,888 INFO command: dedup --stdin=./raw_bam/LIB056594_TRA00243976_S6_R1_001_TSO25_OFF0_starAligned.sortedByCoord.out.bam --log=./deduplicated_bam/LIB056594_TRA00243976_S6_R1_001_TSO25_OFF0_dedup.log --output-stats=./deduplicated_bam/LIB056594_TRA00243976_S6_R1_001_TSO25_OFF0
2022-09-06 18:16:58,562 INFO total_umis 4490145
2022-09-06 18:16:58,563 INFO #umis 1035
2022-09-06 18:17:03,109 INFO Written out 100000 reads
2022-09-06 18:17:07,335 INFO Written out 200000 reads
2022-09-06 18:17:11,568 INFO Written out 300000 reads
2022-09-06 18:17:15,786 INFO Written out 400000 reads
2022-09-06 18:17:20,010 INFO Written out 500000 reads
2022-09-06 18:17:24,348 INFO Written out 600000 reads
2022-09-06 18:17:26,287 INFO Parsed 1000000 input reads
2022-09-06 18:17:28,911 INFO Written out 700000 reads
2022-09-06 18:17:32,664 INFO Written out 800000 reads
2022-09-06 18:17:37,167 INFO Written out 900000 reads
2022-09-06 18:17:42,122 INFO Written out 1000000 reads
2022-09-06 18:17:46,261 INFO Written out 1100000 reads
2022-09-06 18:17:50,688 INFO Written out 1200000 reads
2022-09-06 18:17:54,436 INFO Parsed 2000000 input reads
2022-09-06 18:17:55,313 INFO Written out 1300000 reads
2022-09-06 18:17:59,651 INFO Written out 1400000 reads
2022-09-06 18:18:03,764 INFO Written out 1500000 reads
2022-09-06 18:18:07,666 INFO Written out 1600000 reads
2022-09-06 18:18:12,159 INFO Written out 1700000 reads
2022-09-06 18:18:16,200 INFO Written out 1800000 reads
2022-09-06 18:18:20,639 INFO Written out 1900000 reads
2022-09-06 18:18:22,445 INFO Parsed 3000000 input reads
2022-09-06 18:18:24,731 INFO Written out 2000000 reads
2022-09-06 18:18:28,574 INFO Written out 2100000 reads
2022-09-06 18:18:33,307 INFO Written out 2200000 reads
2022-09-06 18:18:38,366 INFO Written out 2300000 reads
2022-09-06 18:18:42,943 INFO Written out 2400000 reads
2022-09-06 18:18:47,463 INFO Written out 2500000 reads
2022-09-06 18:18:50,449 INFO Parsed 4000000 input reads
2022-09-06 18:18:55,299 INFO Written out 2600000 reads
2022-09-06 18:19:00,413 INFO Written out 2700000 reads
2022-09-06 18:19:17,655 INFO Reads: Input Reads: 4490145
2022-09-06 18:19:17,655 INFO Number of reads out: 2782367
2022-09-06 18:19:17,655 INFO Total number of positions deduplicated: 1284423
2022-09-06 18:19:17,655 INFO Mean number of unique UMIs per position: 2.86
2022-09-06 18:19:17,655 INFO Max. number of unique UMIs per position: 729
# job finished in 146 seconds at Tue Sep  6 18:19:17 2022 -- 146.48  2.33  0.00  0.00 -- acb4c220-aaa2-40bc-a7ed-bb4b504a44e5
