# UMI-tools version: 1.1.2
# output generated by dedup --stdin=./raw_bam/LIB056594_TRA00243975_S5_R1_001_TSO24_OFF3_starAligned.sortedByCoord.out.bam --log=./deduplicated_bam/LIB056594_TRA00243975_S5_R1_001_TSO24_OFF3_dedup.log --output-stats=./deduplicated_bam/LIB056594_TRA00243975_S5_R1_001_TSO24_OFF3
# job started at Tue Sep  6 18:12:47 2022 on compute-e-16-253.o2.rc.hms.harvard.edu -- fce7b0f9-2312-4de7-b8ac-a01822967aff
# pid: 28757, system: Linux 3.10.0-1160.45.1.el7.x86_64 #1 SMP Wed Oct 13 17:20:51 UTC 2021 x86_64
# assigned_tag                            : None
# cell_tag                                : None
# cell_tag_delim                          : None
# cell_tag_split                          : -
# chimeric_pairs                          : use
# chrom                                   : None
# compresslevel                           : 6
# detection_method                        : None
# filter_umi                              : None
# gene_tag                                : None
# gene_transcript_map                     : None
# get_umi_method                          : read_id
# ignore_tlen                             : False
# ignore_umi                              : False
# in_sam                                  : False
# log2stderr                              : False
# loglevel                                : 1
# mapping_quality                         : 0
# method                                  : directional
# no_sort_output                          : False
# out_sam                                 : False
# output_unmapped                         : False
# paired                                  : False
# per_cell                                : False
# per_contig                              : False
# per_gene                                : False
# random_seed                             : None
# read_length                             : False
# short_help                              : None
# skip_regex                              : ^(__|Unassigned)
# soft_clip_threshold                     : 4
# spliced                                 : False
# stats                                   : ./deduplicated_bam/LIB056594_TRA00243975_S5_R1_001_TSO24_OFF3
# stderr                                  : <_io.TextIOWrapper name='<stderr>' mode='w' encoding='utf-8'>
# stdin                                   : <_io.TextIOWrapper name='./raw_bam/LIB056594_TRA00243975_S5_R1_001_TSO24_OFF3_starAligned.sortedByCoord.out.bam' mode='r' encoding='UTF-8'>
# stdlog                                  : <_io.TextIOWrapper name='./deduplicated_bam/LIB056594_TRA00243975_S5_R1_001_TSO24_OFF3_dedup.log' mode='a' encoding='UTF-8'>
# stdout                                  : <_io.TextIOWrapper name='<stdout>' mode='w' encoding='utf-8'>
# subset                                  : None
# threshold                               : 1
# timeit_file                             : None
# timeit_header                           : None
# timeit_name                             : all
# tmpdir                                  : None
# umi_sep                                 : _
# umi_tag                                 : RX
# umi_tag_delim                           : None
# umi_tag_split                           : None
# umi_whitelist                           : None
# umi_whitelist_paired                    : None
# unmapped_reads                          : discard
# unpaired_reads                          : use
# whole_contig                            : False
2022-09-06 18:12:47,721 INFO command: dedup --stdin=./raw_bam/LIB056594_TRA00243975_S5_R1_001_TSO24_OFF3_starAligned.sortedByCoord.out.bam --log=./deduplicated_bam/LIB056594_TRA00243975_S5_R1_001_TSO24_OFF3_dedup.log --output-stats=./deduplicated_bam/LIB056594_TRA00243975_S5_R1_001_TSO24_OFF3
2022-09-06 18:12:53,683 INFO total_umis 3118557
2022-09-06 18:12:53,684 INFO #umis 1025
2022-09-06 18:12:58,570 INFO Written out 100000 reads
2022-09-06 18:13:03,235 INFO Written out 200000 reads
2022-09-06 18:13:07,770 INFO Written out 300000 reads
2022-09-06 18:13:12,608 INFO Written out 400000 reads
2022-09-06 18:13:17,297 INFO Written out 500000 reads
2022-09-06 18:13:21,937 INFO Written out 600000 reads
2022-09-06 18:13:24,264 INFO Parsed 1000000 input reads
2022-09-06 18:13:26,719 INFO Written out 700000 reads
2022-09-06 18:13:31,856 INFO Written out 800000 reads
2022-09-06 18:13:36,714 INFO Written out 900000 reads
2022-09-06 18:13:41,657 INFO Written out 1000000 reads
2022-09-06 18:13:46,223 INFO Written out 1100000 reads
2022-09-06 18:13:51,150 INFO Written out 1200000 reads
2022-09-06 18:13:55,871 INFO Written out 1300000 reads
2022-09-06 18:13:56,046 INFO Parsed 2000000 input reads
2022-09-06 18:14:00,288 INFO Written out 1400000 reads
2022-09-06 18:14:04,369 INFO Written out 1500000 reads
2022-09-06 18:14:09,086 INFO Written out 1600000 reads
2022-09-06 18:14:14,349 INFO Written out 1700000 reads
2022-09-06 18:14:18,950 INFO Written out 1800000 reads
2022-09-06 18:14:26,158 INFO Written out 1900000 reads
2022-09-06 18:14:27,302 INFO Parsed 3000000 input reads
2022-09-06 18:14:40,202 INFO Reads: Input Reads: 3118557
2022-09-06 18:14:40,202 INFO Number of reads out: 1997763
2022-09-06 18:14:40,202 INFO Total number of positions deduplicated: 912290
2022-09-06 18:14:40,202 INFO Mean number of unique UMIs per position: 2.82
2022-09-06 18:14:40,203 INFO Max. number of unique UMIs per position: 861
# job finished in 112 seconds at Tue Sep  6 18:14:40 2022 -- 112.44  1.82  0.00  0.00 -- fce7b0f9-2312-4de7-b8ac-a01822967aff
