# UMI-tools version: 1.1.2
# output generated by dedup --stdin=./raw_bam/LIB056594_TRA00243994_S24_R1_001_TSO25_OFF0_starAligned.sortedByCoord.out.bam --log=./deduplicated_bam/LIB056594_TRA00243994_S24_R1_001_TSO25_OFF0_dedup.log --output-stats=./deduplicated_bam/LIB056594_TRA00243994_S24_R1_001_TSO25_OFF0
# job started at Tue Sep  6 18:41:16 2022 on compute-a-17-92.o2.rc.hms.harvard.edu -- 2c7d0bad-06e6-42f2-889e-f0f49b4136cb
# pid: 21735, system: Linux 3.10.0-1160.45.1.el7.x86_64 #1 SMP Wed Oct 13 17:20:51 UTC 2021 x86_64
# assigned_tag                            : None
# cell_tag                                : None
# cell_tag_delim                          : None
# cell_tag_split                          : -
# chimeric_pairs                          : use
# chrom                                   : None
# compresslevel                           : 6
# detection_method                        : None
# filter_umi                              : None
# gene_tag                                : None
# gene_transcript_map                     : None
# get_umi_method                          : read_id
# ignore_tlen                             : False
# ignore_umi                              : False
# in_sam                                  : False
# log2stderr                              : False
# loglevel                                : 1
# mapping_quality                         : 0
# method                                  : directional
# no_sort_output                          : False
# out_sam                                 : False
# output_unmapped                         : False
# paired                                  : False
# per_cell                                : False
# per_contig                              : False
# per_gene                                : False
# random_seed                             : None
# read_length                             : False
# short_help                              : None
# skip_regex                              : ^(__|Unassigned)
# soft_clip_threshold                     : 4
# spliced                                 : False
# stats                                   : ./deduplicated_bam/LIB056594_TRA00243994_S24_R1_001_TSO25_OFF0
# stderr                                  : <_io.TextIOWrapper name='<stderr>' mode='w' encoding='utf-8'>
# stdin                                   : <_io.TextIOWrapper name='./raw_bam/LIB056594_TRA00243994_S24_R1_001_TSO25_OFF0_starAligned.sortedByCoord.out.bam' mode='r' encoding='UTF-8'>
# stdlog                                  : <_io.TextIOWrapper name='./deduplicated_bam/LIB056594_TRA00243994_S24_R1_001_TSO25_OFF0_dedup.log' mode='a' encoding='UTF-8'>
# stdout                                  : <_io.TextIOWrapper name='<stdout>' mode='w' encoding='utf-8'>
# subset                                  : None
# threshold                               : 1
# timeit_file                             : None
# timeit_header                           : None
# timeit_name                             : all
# tmpdir                                  : None
# umi_sep                                 : _
# umi_tag                                 : RX
# umi_tag_delim                           : None
# umi_tag_split                           : None
# umi_whitelist                           : None
# umi_whitelist_paired                    : None
# unmapped_reads                          : discard
# unpaired_reads                          : use
# whole_contig                            : False
2022-09-06 18:41:16,495 INFO command: dedup --stdin=./raw_bam/LIB056594_TRA00243994_S24_R1_001_TSO25_OFF0_starAligned.sortedByCoord.out.bam --log=./deduplicated_bam/LIB056594_TRA00243994_S24_R1_001_TSO25_OFF0_dedup.log --output-stats=./deduplicated_bam/LIB056594_TRA00243994_S24_R1_001_TSO25_OFF0
2022-09-06 18:41:23,524 INFO total_umis 2896760
2022-09-06 18:41:23,525 INFO #umis 1030
2022-09-06 18:41:29,238 INFO Written out 100000 reads
2022-09-06 18:41:34,548 INFO Written out 200000 reads
2022-09-06 18:41:39,874 INFO Written out 300000 reads
2022-09-06 18:41:45,358 INFO Written out 400000 reads
2022-09-06 18:41:51,149 INFO Written out 500000 reads
2022-09-06 18:41:56,209 INFO Written out 600000 reads
2022-09-06 18:42:01,951 INFO Parsed 1000000 input reads
2022-09-06 18:42:02,559 INFO Written out 700000 reads
2022-09-06 18:42:07,796 INFO Written out 800000 reads
2022-09-06 18:42:13,736 INFO Written out 900000 reads
2022-09-06 18:42:19,250 INFO Written out 1000000 reads
2022-09-06 18:42:24,575 INFO Written out 1100000 reads
2022-09-06 18:42:29,941 INFO Written out 1200000 reads
2022-09-06 18:42:35,602 INFO Written out 1300000 reads
2022-09-06 18:42:40,617 INFO Parsed 2000000 input reads
2022-09-06 18:42:40,658 INFO Written out 1400000 reads
2022-09-06 18:42:45,936 INFO Written out 1500000 reads
2022-09-06 18:42:52,103 INFO Written out 1600000 reads
2022-09-06 18:42:57,517 INFO Written out 1700000 reads
2022-09-06 18:43:02,756 INFO Written out 1800000 reads
2022-09-06 18:43:10,510 INFO Written out 1900000 reads
2022-09-06 18:43:26,152 INFO Reads: Input Reads: 2896760
2022-09-06 18:43:26,152 INFO Number of reads out: 1970380
2022-09-06 18:43:26,152 INFO Total number of positions deduplicated: 956009
2022-09-06 18:43:26,152 INFO Mean number of unique UMIs per position: 2.57
2022-09-06 18:43:26,152 INFO Max. number of unique UMIs per position: 641
# job finished in 129 seconds at Tue Sep  6 18:43:26 2022 -- 129.14  2.47  0.00  0.00 -- 2c7d0bad-06e6-42f2-889e-f0f49b4136cb
