# UMI-tools version: 1.1.2
# output generated by dedup --stdin=./raw_bam/LIB056594_TRA00243997_S27_R1_001_TSO01_OFF0_starAligned.sortedByCoord.out.bam --log=./deduplicated_bam/LIB056594_TRA00243997_S27_R1_001_TSO01_OFF0_dedup.log --output-stats=./deduplicated_bam/LIB056594_TRA00243997_S27_R1_001_TSO01_OFF0
# job started at Tue Sep  6 18:26:55 2022 on compute-a-16-89.o2.rc.hms.harvard.edu -- 5128ca50-e371-4887-b7bd-b958c31d6193
# pid: 4672, system: Linux 3.10.0-1160.76.1.el7.x86_64 #1 SMP Wed Aug 10 16:21:17 UTC 2022 x86_64
# assigned_tag                            : None
# cell_tag                                : None
# cell_tag_delim                          : None
# cell_tag_split                          : -
# chimeric_pairs                          : use
# chrom                                   : None
# compresslevel                           : 6
# detection_method                        : None
# filter_umi                              : None
# gene_tag                                : None
# gene_transcript_map                     : None
# get_umi_method                          : read_id
# ignore_tlen                             : False
# ignore_umi                              : False
# in_sam                                  : False
# log2stderr                              : False
# loglevel                                : 1
# mapping_quality                         : 0
# method                                  : directional
# no_sort_output                          : False
# out_sam                                 : False
# output_unmapped                         : False
# paired                                  : False
# per_cell                                : False
# per_contig                              : False
# per_gene                                : False
# random_seed                             : None
# read_length                             : False
# short_help                              : None
# skip_regex                              : ^(__|Unassigned)
# soft_clip_threshold                     : 4
# spliced                                 : False
# stats                                   : ./deduplicated_bam/LIB056594_TRA00243997_S27_R1_001_TSO01_OFF0
# stderr                                  : <_io.TextIOWrapper name='<stderr>' mode='w' encoding='utf-8'>
# stdin                                   : <_io.TextIOWrapper name='./raw_bam/LIB056594_TRA00243997_S27_R1_001_TSO01_OFF0_starAligned.sortedByCoord.out.bam' mode='r' encoding='UTF-8'>
# stdlog                                  : <_io.TextIOWrapper name='./deduplicated_bam/LIB056594_TRA00243997_S27_R1_001_TSO01_OFF0_dedup.log' mode='a' encoding='UTF-8'>
# stdout                                  : <_io.TextIOWrapper name='<stdout>' mode='w' encoding='utf-8'>
# subset                                  : None
# threshold                               : 1
# timeit_file                             : None
# timeit_header                           : None
# timeit_name                             : all
# tmpdir                                  : None
# umi_sep                                 : _
# umi_tag                                 : RX
# umi_tag_delim                           : None
# umi_tag_split                           : None
# umi_whitelist                           : None
# umi_whitelist_paired                    : None
# unmapped_reads                          : discard
# unpaired_reads                          : use
# whole_contig                            : False
2022-09-06 18:26:55,722 INFO command: dedup --stdin=./raw_bam/LIB056594_TRA00243997_S27_R1_001_TSO01_OFF0_starAligned.sortedByCoord.out.bam --log=./deduplicated_bam/LIB056594_TRA00243997_S27_R1_001_TSO01_OFF0_dedup.log --output-stats=./deduplicated_bam/LIB056594_TRA00243997_S27_R1_001_TSO01_OFF0
2022-09-06 18:27:08,641 INFO total_umis 5572295
2022-09-06 18:27:08,642 INFO #umis 1035
2022-09-06 18:27:14,322 INFO Written out 100000 reads
2022-09-06 18:27:19,908 INFO Written out 200000 reads
2022-09-06 18:27:25,766 INFO Written out 300000 reads
2022-09-06 18:27:30,738 INFO Written out 400000 reads
2022-09-06 18:27:36,489 INFO Written out 500000 reads
2022-09-06 18:27:42,177 INFO Written out 600000 reads
2022-09-06 18:27:45,640 INFO Parsed 1000000 input reads
2022-09-06 18:27:48,127 INFO Written out 700000 reads
2022-09-06 18:27:53,477 INFO Written out 800000 reads
2022-09-06 18:27:59,720 INFO Written out 900000 reads
2022-09-06 18:28:05,281 INFO Written out 1000000 reads
2022-09-06 18:28:10,375 INFO Written out 1100000 reads
2022-09-06 18:28:16,557 INFO Written out 1200000 reads
2022-09-06 18:28:23,135 INFO Parsed 2000000 input reads
2022-09-06 18:28:23,186 INFO Written out 1300000 reads
2022-09-06 18:28:28,689 INFO Written out 1400000 reads
2022-09-06 18:28:34,202 INFO Written out 1500000 reads
2022-09-06 18:28:39,850 INFO Written out 1600000 reads
2022-09-06 18:28:46,164 INFO Written out 1700000 reads
2022-09-06 18:28:52,113 INFO Written out 1800000 reads
2022-09-06 18:28:57,150 INFO Written out 1900000 reads
2022-09-06 18:29:01,009 INFO Parsed 3000000 input reads
2022-09-06 18:29:03,033 INFO Written out 2000000 reads
2022-09-06 18:29:08,167 INFO Written out 2100000 reads
2022-09-06 18:29:14,152 INFO Written out 2200000 reads
2022-09-06 18:29:19,767 INFO Written out 2300000 reads
2022-09-06 18:29:25,377 INFO Written out 2400000 reads
2022-09-06 18:29:31,257 INFO Written out 2500000 reads
2022-09-06 18:29:36,308 INFO Written out 2600000 reads
2022-09-06 18:29:38,512 INFO Parsed 4000000 input reads
2022-09-06 18:29:41,469 INFO Written out 2700000 reads
2022-09-06 18:29:47,270 INFO Written out 2800000 reads
2022-09-06 18:29:53,328 INFO Written out 2900000 reads
2022-09-06 18:29:59,781 INFO Written out 3000000 reads
2022-09-06 18:30:06,017 INFO Written out 3100000 reads
2022-09-06 18:30:13,077 INFO Written out 3200000 reads
2022-09-06 18:30:16,420 INFO Parsed 5000000 input reads
2022-09-06 18:30:18,750 INFO Written out 3300000 reads
2022-09-06 18:30:27,060 INFO Written out 3400000 reads
2022-09-06 18:30:31,852 INFO Written out 3500000 reads
2022-09-06 18:31:08,437 INFO Reads: Input Reads: 5572295
2022-09-06 18:31:08,437 INFO Number of reads out: 3574749
2022-09-06 18:31:08,437 INFO Total number of positions deduplicated: 1658227
2022-09-06 18:31:08,437 INFO Mean number of unique UMIs per position: 2.76
2022-09-06 18:31:08,437 INFO Max. number of unique UMIs per position: 799
# job finished in 252 seconds at Tue Sep  6 18:31:08 2022 -- 250.18  3.87  0.00  0.00 -- 5128ca50-e371-4887-b7bd-b958c31d6193
