# UMI-tools version: 1.1.2
# output generated by dedup --stdin=./raw_bam/LIB056594_TRA00243976_S6_R1_001_TSO20_OFF3_starAligned.sortedByCoord.out.bam --log=./deduplicated_bam/LIB056594_TRA00243976_S6_R1_001_TSO20_OFF3_dedup.log --output-stats=./deduplicated_bam/LIB056594_TRA00243976_S6_R1_001_TSO20_OFF3
# job started at Tue Sep  6 18:09:41 2022 on compute-e-16-253.o2.rc.hms.harvard.edu -- eb54ef3f-58f3-4b26-8ba6-0e6f5722c0ac
# pid: 28068, system: Linux 3.10.0-1160.45.1.el7.x86_64 #1 SMP Wed Oct 13 17:20:51 UTC 2021 x86_64
# assigned_tag                            : None
# cell_tag                                : None
# cell_tag_delim                          : None
# cell_tag_split                          : -
# chimeric_pairs                          : use
# chrom                                   : None
# compresslevel                           : 6
# detection_method                        : None
# filter_umi                              : None
# gene_tag                                : None
# gene_transcript_map                     : None
# get_umi_method                          : read_id
# ignore_tlen                             : False
# ignore_umi                              : False
# in_sam                                  : False
# log2stderr                              : False
# loglevel                                : 1
# mapping_quality                         : 0
# method                                  : directional
# no_sort_output                          : False
# out_sam                                 : False
# output_unmapped                         : False
# paired                                  : False
# per_cell                                : False
# per_contig                              : False
# per_gene                                : False
# random_seed                             : None
# read_length                             : False
# short_help                              : None
# skip_regex                              : ^(__|Unassigned)
# soft_clip_threshold                     : 4
# spliced                                 : False
# stats                                   : ./deduplicated_bam/LIB056594_TRA00243976_S6_R1_001_TSO20_OFF3
# stderr                                  : <_io.TextIOWrapper name='<stderr>' mode='w' encoding='utf-8'>
# stdin                                   : <_io.TextIOWrapper name='./raw_bam/LIB056594_TRA00243976_S6_R1_001_TSO20_OFF3_starAligned.sortedByCoord.out.bam' mode='r' encoding='UTF-8'>
# stdlog                                  : <_io.TextIOWrapper name='./deduplicated_bam/LIB056594_TRA00243976_S6_R1_001_TSO20_OFF3_dedup.log' mode='a' encoding='UTF-8'>
# stdout                                  : <_io.TextIOWrapper name='<stdout>' mode='w' encoding='utf-8'>
# subset                                  : None
# threshold                               : 1
# timeit_file                             : None
# timeit_header                           : None
# timeit_name                             : all
# tmpdir                                  : None
# umi_sep                                 : _
# umi_tag                                 : RX
# umi_tag_delim                           : None
# umi_tag_split                           : None
# umi_whitelist                           : None
# umi_whitelist_paired                    : None
# unmapped_reads                          : discard
# unpaired_reads                          : use
# whole_contig                            : False
2022-09-06 18:09:41,462 INFO command: dedup --stdin=./raw_bam/LIB056594_TRA00243976_S6_R1_001_TSO20_OFF3_starAligned.sortedByCoord.out.bam --log=./deduplicated_bam/LIB056594_TRA00243976_S6_R1_001_TSO20_OFF3_dedup.log --output-stats=./deduplicated_bam/LIB056594_TRA00243976_S6_R1_001_TSO20_OFF3
2022-09-06 18:09:49,313 INFO total_umis 4058734
2022-09-06 18:09:49,314 INFO #umis 1018
2022-09-06 18:09:53,596 INFO Written out 100000 reads
2022-09-06 18:09:57,675 INFO Written out 200000 reads
2022-09-06 18:10:01,737 INFO Written out 300000 reads
2022-09-06 18:10:06,180 INFO Written out 400000 reads
2022-09-06 18:10:10,729 INFO Written out 500000 reads
2022-09-06 18:10:15,298 INFO Written out 600000 reads
2022-09-06 18:10:16,025 INFO Parsed 1000000 input reads
2022-09-06 18:10:19,664 INFO Written out 700000 reads
2022-09-06 18:10:23,661 INFO Written out 800000 reads
2022-09-06 18:10:28,652 INFO Written out 900000 reads
2022-09-06 18:10:33,059 INFO Written out 1000000 reads
2022-09-06 18:10:37,300 INFO Written out 1100000 reads
2022-09-06 18:10:41,914 INFO Written out 1200000 reads
2022-09-06 18:10:43,404 INFO Parsed 2000000 input reads
2022-09-06 18:10:45,950 INFO Written out 1300000 reads
2022-09-06 18:10:50,028 INFO Written out 1400000 reads
2022-09-06 18:10:54,545 INFO Written out 1500000 reads
2022-09-06 18:10:58,768 INFO Written out 1600000 reads
2022-09-06 18:11:02,712 INFO Written out 1700000 reads
2022-09-06 18:11:06,614 INFO Written out 1800000 reads
2022-09-06 18:11:10,186 INFO Parsed 3000000 input reads
2022-09-06 18:11:10,440 INFO Written out 1900000 reads
2022-09-06 18:11:15,179 INFO Written out 2000000 reads
2022-09-06 18:11:19,760 INFO Written out 2100000 reads
2022-09-06 18:11:24,000 INFO Written out 2200000 reads
2022-09-06 18:11:28,758 INFO Written out 2300000 reads
2022-09-06 18:11:36,144 INFO Written out 2400000 reads
2022-09-06 18:11:37,827 INFO Parsed 4000000 input reads
2022-09-06 18:11:50,763 INFO Reads: Input Reads: 4058734
2022-09-06 18:11:50,764 INFO Number of reads out: 2464178
2022-09-06 18:11:50,764 INFO Total number of positions deduplicated: 1142920
2022-09-06 18:11:50,764 INFO Mean number of unique UMIs per position: 2.88
2022-09-06 18:11:50,764 INFO Max. number of unique UMIs per position: 736
# job finished in 129 seconds at Tue Sep  6 18:11:50 2022 -- 129.81  2.26  0.00  0.00 -- eb54ef3f-58f3-4b26-8ba6-0e6f5722c0ac
