# UMI-tools version: 1.1.2
# output generated by dedup --stdin=./raw_bam/LIB056594_TRA00243988_S18_R1_001_TSO19_OFF0_starAligned.sortedByCoord.out.bam --log=./deduplicated_bam/LIB056594_TRA00243988_S18_R1_001_TSO19_OFF0_dedup.log --output-stats=./deduplicated_bam/LIB056594_TRA00243988_S18_R1_001_TSO19_OFF0
# job started at Tue Sep  6 18:27:35 2022 on compute-a-16-58.o2.rc.hms.harvard.edu -- 18b5d8c6-ddb1-4e8b-a14a-056479253ddf
# pid: 12163, system: Linux 3.10.0-1160.76.1.el7.x86_64 #1 SMP Wed Aug 10 16:21:17 UTC 2022 x86_64
# assigned_tag                            : None
# cell_tag                                : None
# cell_tag_delim                          : None
# cell_tag_split                          : -
# chimeric_pairs                          : use
# chrom                                   : None
# compresslevel                           : 6
# detection_method                        : None
# filter_umi                              : None
# gene_tag                                : None
# gene_transcript_map                     : None
# get_umi_method                          : read_id
# ignore_tlen                             : False
# ignore_umi                              : False
# in_sam                                  : False
# log2stderr                              : False
# loglevel                                : 1
# mapping_quality                         : 0
# method                                  : directional
# no_sort_output                          : False
# out_sam                                 : False
# output_unmapped                         : False
# paired                                  : False
# per_cell                                : False
# per_contig                              : False
# per_gene                                : False
# random_seed                             : None
# read_length                             : False
# short_help                              : None
# skip_regex                              : ^(__|Unassigned)
# soft_clip_threshold                     : 4
# spliced                                 : False
# stats                                   : ./deduplicated_bam/LIB056594_TRA00243988_S18_R1_001_TSO19_OFF0
# stderr                                  : <_io.TextIOWrapper name='<stderr>' mode='w' encoding='utf-8'>
# stdin                                   : <_io.TextIOWrapper name='./raw_bam/LIB056594_TRA00243988_S18_R1_001_TSO19_OFF0_starAligned.sortedByCoord.out.bam' mode='r' encoding='UTF-8'>
# stdlog                                  : <_io.TextIOWrapper name='./deduplicated_bam/LIB056594_TRA00243988_S18_R1_001_TSO19_OFF0_dedup.log' mode='a' encoding='UTF-8'>
# stdout                                  : <_io.TextIOWrapper name='<stdout>' mode='w' encoding='utf-8'>
# subset                                  : None
# threshold                               : 1
# timeit_file                             : None
# timeit_header                           : None
# timeit_name                             : all
# tmpdir                                  : None
# umi_sep                                 : _
# umi_tag                                 : RX
# umi_tag_delim                           : None
# umi_tag_split                           : None
# umi_whitelist                           : None
# umi_whitelist_paired                    : None
# unmapped_reads                          : discard
# unpaired_reads                          : use
# whole_contig                            : False
2022-09-06 18:27:35,179 INFO command: dedup --stdin=./raw_bam/LIB056594_TRA00243988_S18_R1_001_TSO19_OFF0_starAligned.sortedByCoord.out.bam --log=./deduplicated_bam/LIB056594_TRA00243988_S18_R1_001_TSO19_OFF0_dedup.log --output-stats=./deduplicated_bam/LIB056594_TRA00243988_S18_R1_001_TSO19_OFF0
2022-09-06 18:27:41,361 INFO total_umis 2647700
2022-09-06 18:27:41,362 INFO #umis 1024
2022-09-06 18:27:47,023 INFO Written out 100000 reads
2022-09-06 18:27:52,336 INFO Written out 200000 reads
2022-09-06 18:27:57,490 INFO Written out 300000 reads
2022-09-06 18:28:02,742 INFO Written out 400000 reads
2022-09-06 18:28:07,842 INFO Written out 500000 reads
2022-09-06 18:28:13,404 INFO Written out 600000 reads
2022-09-06 18:28:17,528 INFO Parsed 1000000 input reads
2022-09-06 18:28:18,632 INFO Written out 700000 reads
2022-09-06 18:28:24,096 INFO Written out 800000 reads
2022-09-06 18:28:29,369 INFO Written out 900000 reads
2022-09-06 18:28:34,517 INFO Written out 1000000 reads
2022-09-06 18:28:39,802 INFO Written out 1100000 reads
2022-09-06 18:28:45,109 INFO Written out 1200000 reads
2022-09-06 18:28:50,012 INFO Written out 1300000 reads
2022-09-06 18:28:53,972 INFO Parsed 2000000 input reads
2022-09-06 18:28:55,313 INFO Written out 1400000 reads
2022-09-06 18:29:00,907 INFO Written out 1500000 reads
2022-09-06 18:29:05,992 INFO Written out 1600000 reads
2022-09-06 18:29:13,455 INFO Written out 1700000 reads
2022-09-06 18:29:27,630 INFO Reads: Input Reads: 2647700
2022-09-06 18:29:27,630 INFO Number of reads out: 1765832
2022-09-06 18:29:27,630 INFO Total number of positions deduplicated: 879417
2022-09-06 18:29:27,630 INFO Mean number of unique UMIs per position: 2.53
2022-09-06 18:29:27,630 INFO Max. number of unique UMIs per position: 623
# job finished in 112 seconds at Tue Sep  6 18:29:27 2022 -- 112.48  1.93  0.00  0.00 -- 18b5d8c6-ddb1-4e8b-a14a-056479253ddf
