# UMI-tools version: 1.1.2
# output generated by dedup --stdin=./raw_bam/LIB056594_TRA00243993_S23_R1_001_TSO25_OFF0_starAligned.sortedByCoord.out.bam --log=./deduplicated_bam/LIB056594_TRA00243993_S23_R1_001_TSO25_OFF0_dedup.log --output-stats=./deduplicated_bam/LIB056594_TRA00243993_S23_R1_001_TSO25_OFF0
# job started at Tue Sep  6 18:56:46 2022 on compute-a-16-84.o2.rc.hms.harvard.edu -- d0119086-355c-40ea-bb04-7e7fe1b95ce3
# pid: 16292, system: Linux 3.10.0-1160.76.1.el7.x86_64 #1 SMP Wed Aug 10 16:21:17 UTC 2022 x86_64
# assigned_tag                            : None
# cell_tag                                : None
# cell_tag_delim                          : None
# cell_tag_split                          : -
# chimeric_pairs                          : use
# chrom                                   : None
# compresslevel                           : 6
# detection_method                        : None
# filter_umi                              : None
# gene_tag                                : None
# gene_transcript_map                     : None
# get_umi_method                          : read_id
# ignore_tlen                             : False
# ignore_umi                              : False
# in_sam                                  : False
# log2stderr                              : False
# loglevel                                : 1
# mapping_quality                         : 0
# method                                  : directional
# no_sort_output                          : False
# out_sam                                 : False
# output_unmapped                         : False
# paired                                  : False
# per_cell                                : False
# per_contig                              : False
# per_gene                                : False
# random_seed                             : None
# read_length                             : False
# short_help                              : None
# skip_regex                              : ^(__|Unassigned)
# soft_clip_threshold                     : 4
# spliced                                 : False
# stats                                   : ./deduplicated_bam/LIB056594_TRA00243993_S23_R1_001_TSO25_OFF0
# stderr                                  : <_io.TextIOWrapper name='<stderr>' mode='w' encoding='utf-8'>
# stdin                                   : <_io.TextIOWrapper name='./raw_bam/LIB056594_TRA00243993_S23_R1_001_TSO25_OFF0_starAligned.sortedByCoord.out.bam' mode='r' encoding='UTF-8'>
# stdlog                                  : <_io.TextIOWrapper name='./deduplicated_bam/LIB056594_TRA00243993_S23_R1_001_TSO25_OFF0_dedup.log' mode='a' encoding='UTF-8'>
# stdout                                  : <_io.TextIOWrapper name='<stdout>' mode='w' encoding='utf-8'>
# subset                                  : None
# threshold                               : 1
# timeit_file                             : None
# timeit_header                           : None
# timeit_name                             : all
# tmpdir                                  : None
# umi_sep                                 : _
# umi_tag                                 : RX
# umi_tag_delim                           : None
# umi_tag_split                           : None
# umi_whitelist                           : None
# umi_whitelist_paired                    : None
# unmapped_reads                          : discard
# unpaired_reads                          : use
# whole_contig                            : False
2022-09-06 18:56:46,137 INFO command: dedup --stdin=./raw_bam/LIB056594_TRA00243993_S23_R1_001_TSO25_OFF0_starAligned.sortedByCoord.out.bam --log=./deduplicated_bam/LIB056594_TRA00243993_S23_R1_001_TSO25_OFF0_dedup.log --output-stats=./deduplicated_bam/LIB056594_TRA00243993_S23_R1_001_TSO25_OFF0
2022-09-06 18:56:53,019 INFO total_umis 2959505
2022-09-06 18:56:53,019 INFO #umis 1028
2022-09-06 18:56:58,455 INFO Written out 100000 reads
2022-09-06 18:57:03,604 INFO Written out 200000 reads
2022-09-06 18:57:08,554 INFO Written out 300000 reads
2022-09-06 18:57:13,812 INFO Written out 400000 reads
2022-09-06 18:57:19,166 INFO Written out 500000 reads
2022-09-06 18:57:23,847 INFO Written out 600000 reads
2022-09-06 18:57:28,900 INFO Parsed 1000000 input reads
2022-09-06 18:57:29,543 INFO Written out 700000 reads
2022-09-06 18:57:34,628 INFO Written out 800000 reads
2022-09-06 18:57:40,064 INFO Written out 900000 reads
2022-09-06 18:57:45,331 INFO Written out 1000000 reads
2022-09-06 18:57:50,375 INFO Written out 1100000 reads
2022-09-06 18:57:55,383 INFO Written out 1200000 reads
2022-09-06 18:58:00,462 INFO Written out 1300000 reads
2022-09-06 18:58:05,238 INFO Parsed 2000000 input reads
2022-09-06 18:58:05,676 INFO Written out 1400000 reads
2022-09-06 18:58:10,209 INFO Written out 1500000 reads
2022-09-06 18:58:15,713 INFO Written out 1600000 reads
2022-09-06 18:58:21,506 INFO Written out 1700000 reads
2022-09-06 18:58:26,632 INFO Written out 1800000 reads
2022-09-06 18:58:34,076 INFO Written out 1900000 reads
2022-09-06 18:58:39,120 INFO Written out 2000000 reads
2022-09-06 18:58:51,668 INFO Reads: Input Reads: 2959505
2022-09-06 18:58:51,668 INFO Number of reads out: 2004772
2022-09-06 18:58:51,668 INFO Total number of positions deduplicated: 971694
2022-09-06 18:58:51,668 INFO Mean number of unique UMIs per position: 2.58
2022-09-06 18:58:51,668 INFO Max. number of unique UMIs per position: 665
# job finished in 125 seconds at Tue Sep  6 18:58:51 2022 -- 125.50  1.99  0.00  0.00 -- d0119086-355c-40ea-bb04-7e7fe1b95ce3
