# UMI-tools version: 1.1.2
# output generated by dedup --stdin=./raw_bam/LIB056594_TRA00243977_S7_R1_001_TSO25_OFF0_starAligned.sortedByCoord.out.bam --log=./deduplicated_bam/LIB056594_TRA00243977_S7_R1_001_TSO25_OFF0_dedup.log --output-stats=./deduplicated_bam/LIB056594_TRA00243977_S7_R1_001_TSO25_OFF0
# job started at Tue Sep  6 18:40:55 2022 on compute-a-16-54.o2.rc.hms.harvard.edu -- 3e3ce5e7-2080-4dc6-ba32-12399e9c8041
# pid: 2477, system: Linux 3.10.0-1160.76.1.el7.x86_64 #1 SMP Wed Aug 10 16:21:17 UTC 2022 x86_64
# assigned_tag                            : None
# cell_tag                                : None
# cell_tag_delim                          : None
# cell_tag_split                          : -
# chimeric_pairs                          : use
# chrom                                   : None
# compresslevel                           : 6
# detection_method                        : None
# filter_umi                              : None
# gene_tag                                : None
# gene_transcript_map                     : None
# get_umi_method                          : read_id
# ignore_tlen                             : False
# ignore_umi                              : False
# in_sam                                  : False
# log2stderr                              : False
# loglevel                                : 1
# mapping_quality                         : 0
# method                                  : directional
# no_sort_output                          : False
# out_sam                                 : False
# output_unmapped                         : False
# paired                                  : False
# per_cell                                : False
# per_contig                              : False
# per_gene                                : False
# random_seed                             : None
# read_length                             : False
# short_help                              : None
# skip_regex                              : ^(__|Unassigned)
# soft_clip_threshold                     : 4
# spliced                                 : False
# stats                                   : ./deduplicated_bam/LIB056594_TRA00243977_S7_R1_001_TSO25_OFF0
# stderr                                  : <_io.TextIOWrapper name='<stderr>' mode='w' encoding='utf-8'>
# stdin                                   : <_io.TextIOWrapper name='./raw_bam/LIB056594_TRA00243977_S7_R1_001_TSO25_OFF0_starAligned.sortedByCoord.out.bam' mode='r' encoding='UTF-8'>
# stdlog                                  : <_io.TextIOWrapper name='./deduplicated_bam/LIB056594_TRA00243977_S7_R1_001_TSO25_OFF0_dedup.log' mode='a' encoding='UTF-8'>
# stdout                                  : <_io.TextIOWrapper name='<stdout>' mode='w' encoding='utf-8'>
# subset                                  : None
# threshold                               : 1
# timeit_file                             : None
# timeit_header                           : None
# timeit_name                             : all
# tmpdir                                  : None
# umi_sep                                 : _
# umi_tag                                 : RX
# umi_tag_delim                           : None
# umi_tag_split                           : None
# umi_whitelist                           : None
# umi_whitelist_paired                    : None
# unmapped_reads                          : discard
# unpaired_reads                          : use
# whole_contig                            : False
2022-09-06 18:40:55,540 INFO command: dedup --stdin=./raw_bam/LIB056594_TRA00243977_S7_R1_001_TSO25_OFF0_starAligned.sortedByCoord.out.bam --log=./deduplicated_bam/LIB056594_TRA00243977_S7_R1_001_TSO25_OFF0_dedup.log --output-stats=./deduplicated_bam/LIB056594_TRA00243977_S7_R1_001_TSO25_OFF0
2022-09-06 18:41:05,544 INFO total_umis 4074407
2022-09-06 18:41:05,545 INFO #umis 1035
2022-09-06 18:41:11,699 INFO Written out 100000 reads
2022-09-06 18:41:17,176 INFO Written out 200000 reads
2022-09-06 18:41:22,361 INFO Written out 300000 reads
2022-09-06 18:41:27,098 INFO Written out 400000 reads
2022-09-06 18:41:32,371 INFO Written out 500000 reads
2022-09-06 18:41:38,151 INFO Written out 600000 reads
2022-09-06 18:41:41,275 INFO Parsed 1000000 input reads
2022-09-06 18:41:43,730 INFO Written out 700000 reads
2022-09-06 18:41:48,925 INFO Written out 800000 reads
2022-09-06 18:41:55,763 INFO Written out 900000 reads
2022-09-06 18:42:01,412 INFO Written out 1000000 reads
2022-09-06 18:42:07,162 INFO Written out 1100000 reads
2022-09-06 18:42:13,400 INFO Written out 1200000 reads
2022-09-06 18:42:18,861 INFO Written out 1300000 reads
2022-09-06 18:42:19,153 INFO Parsed 2000000 input reads
2022-09-06 18:42:24,305 INFO Written out 1400000 reads
2022-09-06 18:42:29,710 INFO Written out 1500000 reads
2022-09-06 18:42:35,659 INFO Written out 1600000 reads
2022-09-06 18:42:41,387 INFO Written out 1700000 reads
2022-09-06 18:42:46,574 INFO Written out 1800000 reads
2022-09-06 18:42:51,765 INFO Written out 1900000 reads
2022-09-06 18:42:56,986 INFO Parsed 3000000 input reads
2022-09-06 18:42:57,692 INFO Written out 2000000 reads
2022-09-06 18:43:04,325 INFO Written out 2100000 reads
2022-09-06 18:43:10,023 INFO Written out 2200000 reads
2022-09-06 18:43:15,783 INFO Written out 2300000 reads
2022-09-06 18:43:25,510 INFO Written out 2400000 reads
2022-09-06 18:43:32,189 INFO Written out 2500000 reads
2022-09-06 18:43:34,127 INFO Parsed 4000000 input reads
2022-09-06 18:43:52,340 INFO Reads: Input Reads: 4074407
2022-09-06 18:43:52,340 INFO Number of reads out: 2567661
2022-09-06 18:43:52,340 INFO Total number of positions deduplicated: 1200158
2022-09-06 18:43:52,340 INFO Mean number of unique UMIs per position: 2.78
2022-09-06 18:43:52,340 INFO Max. number of unique UMIs per position: 715
# job finished in 176 seconds at Tue Sep  6 18:43:52 2022 -- 176.63  2.34  0.00  0.00 -- 3e3ce5e7-2080-4dc6-ba32-12399e9c8041
