# UMI-tools version: 1.1.2
# output generated by dedup --stdin=./raw_bam/LIB056594_TRA00243987_S17_R1_001_TSO17_OFF0_starAligned.sortedByCoord.out.bam --log=./deduplicated_bam/LIB056594_TRA00243987_S17_R1_001_TSO17_OFF0_dedup.log --output-stats=./deduplicated_bam/LIB056594_TRA00243987_S17_R1_001_TSO17_OFF0
# job started at Tue Sep  6 18:17:12 2022 on compute-a-17-90.o2.rc.hms.harvard.edu -- d9579383-c7e3-4228-bd42-0b943366e8a1
# pid: 18783, system: Linux 3.10.0-1160.76.1.el7.x86_64 #1 SMP Wed Aug 10 16:21:17 UTC 2022 x86_64
# assigned_tag                            : None
# cell_tag                                : None
# cell_tag_delim                          : None
# cell_tag_split                          : -
# chimeric_pairs                          : use
# chrom                                   : None
# compresslevel                           : 6
# detection_method                        : None
# filter_umi                              : None
# gene_tag                                : None
# gene_transcript_map                     : None
# get_umi_method                          : read_id
# ignore_tlen                             : False
# ignore_umi                              : False
# in_sam                                  : False
# log2stderr                              : False
# loglevel                                : 1
# mapping_quality                         : 0
# method                                  : directional
# no_sort_output                          : False
# out_sam                                 : False
# output_unmapped                         : False
# paired                                  : False
# per_cell                                : False
# per_contig                              : False
# per_gene                                : False
# random_seed                             : None
# read_length                             : False
# short_help                              : None
# skip_regex                              : ^(__|Unassigned)
# soft_clip_threshold                     : 4
# spliced                                 : False
# stats                                   : ./deduplicated_bam/LIB056594_TRA00243987_S17_R1_001_TSO17_OFF0
# stderr                                  : <_io.TextIOWrapper name='<stderr>' mode='w' encoding='utf-8'>
# stdin                                   : <_io.TextIOWrapper name='./raw_bam/LIB056594_TRA00243987_S17_R1_001_TSO17_OFF0_starAligned.sortedByCoord.out.bam' mode='r' encoding='UTF-8'>
# stdlog                                  : <_io.TextIOWrapper name='./deduplicated_bam/LIB056594_TRA00243987_S17_R1_001_TSO17_OFF0_dedup.log' mode='a' encoding='UTF-8'>
# stdout                                  : <_io.TextIOWrapper name='<stdout>' mode='w' encoding='utf-8'>
# subset                                  : None
# threshold                               : 1
# timeit_file                             : None
# timeit_header                           : None
# timeit_name                             : all
# tmpdir                                  : None
# umi_sep                                 : _
# umi_tag                                 : RX
# umi_tag_delim                           : None
# umi_tag_split                           : None
# umi_whitelist                           : None
# umi_whitelist_paired                    : None
# unmapped_reads                          : discard
# unpaired_reads                          : use
# whole_contig                            : False
2022-09-06 18:17:12,677 INFO command: dedup --stdin=./raw_bam/LIB056594_TRA00243987_S17_R1_001_TSO17_OFF0_starAligned.sortedByCoord.out.bam --log=./deduplicated_bam/LIB056594_TRA00243987_S17_R1_001_TSO17_OFF0_dedup.log --output-stats=./deduplicated_bam/LIB056594_TRA00243987_S17_R1_001_TSO17_OFF0
2022-09-06 18:17:21,812 INFO total_umis 3931283
2022-09-06 18:17:21,812 INFO #umis 1024
2022-09-06 18:17:27,989 INFO Written out 100000 reads
2022-09-06 18:17:33,350 INFO Written out 200000 reads
2022-09-06 18:17:38,845 INFO Written out 300000 reads
2022-09-06 18:17:44,439 INFO Written out 400000 reads
2022-09-06 18:17:49,952 INFO Written out 500000 reads
2022-09-06 18:17:55,881 INFO Written out 600000 reads
2022-09-06 18:17:58,179 INFO Parsed 1000000 input reads
2022-09-06 18:18:00,955 INFO Written out 700000 reads
2022-09-06 18:18:06,803 INFO Written out 800000 reads
2022-09-06 18:18:12,927 INFO Written out 900000 reads
2022-09-06 18:18:18,433 INFO Written out 1000000 reads
2022-09-06 18:18:24,386 INFO Written out 1100000 reads
2022-09-06 18:18:30,230 INFO Written out 1200000 reads
2022-09-06 18:18:34,860 INFO Parsed 2000000 input reads
2022-09-06 18:18:35,599 INFO Written out 1300000 reads
2022-09-06 18:18:40,628 INFO Written out 1400000 reads
2022-09-06 18:18:46,582 INFO Written out 1500000 reads
2022-09-06 18:18:51,910 INFO Written out 1600000 reads
2022-09-06 18:18:57,606 INFO Written out 1700000 reads
2022-09-06 18:19:02,527 INFO Written out 1800000 reads
2022-09-06 18:19:08,345 INFO Written out 1900000 reads
2022-09-06 18:19:11,562 INFO Parsed 3000000 input reads
2022-09-06 18:19:14,721 INFO Written out 2000000 reads
2022-09-06 18:19:20,157 INFO Written out 2100000 reads
2022-09-06 18:19:25,928 INFO Written out 2200000 reads
2022-09-06 18:19:35,165 INFO Written out 2300000 reads
2022-09-06 18:19:41,519 INFO Written out 2400000 reads
2022-09-06 18:20:00,751 INFO Reads: Input Reads: 3931283
2022-09-06 18:20:00,751 INFO Number of reads out: 2453594
2022-09-06 18:20:00,752 INFO Total number of positions deduplicated: 1164909
2022-09-06 18:20:00,752 INFO Mean number of unique UMIs per position: 2.78
2022-09-06 18:20:00,752 INFO Max. number of unique UMIs per position: 668
# job finished in 168 seconds at Tue Sep  6 18:20:00 2022 -- 167.20  2.33  0.00  0.00 -- d9579383-c7e3-4228-bd42-0b943366e8a1
