
File	test.h5		
Pairs considered	11062450		
Min rest. site distance	300		
Max rest. site distance	800		

Pairs used	2341597	(21.17)	(66.82)
One mate unmapped	7558158	(68.32)	(215.68)
One mate not unique	66214	(0.60)	(1.89)
One mate low quality	566679	(5.12)	(16.17)
dangling end	0	(0.00)	(0.00)
self ligation (removed)	0	(0.00)	(0.00)
One mate not close to rest site	0	(0.00)	(0.00)
same fragment (800 bp)	459887	(4.16)	(13.12)
self circle	213642	(1.93)	(6.10)
duplicated pairs	69915	(0.63)	(2.00)
Of pairs used:
inter chromosomal	217004	(9.27)
short range < 20kb	832700	(35.56)
long range	1291893	(55.17)
inward pairs	616639	(26.33)
outward pairs	505583	(21.59)
left pairs	481229	(20.55)
right pairs	521142	(22.26)
