
File	SRR443883.cool		
Pairs considered	130534234		
Min rest. site distance	300		
Max rest. site distance	800		

Pairs used	44899181	(34.40)	(54.12)
One mate unmapped	47576234	(36.45)	(57.35)
One mate not unique	231996	(0.18)	(0.28)
One mate low quality	6898437	(5.28)	(8.32)
dangling end	0	(0.00)	(0.00)
self ligation (removed)	0	(0.00)	(0.00)
One mate not close to rest site	0	(0.00)	(0.00)
same fragment (800 bp)	26096500	(19.99)	(31.46)
self circle	1752780	(1.34)	(2.11)
duplicated pairs	4831886	(3.70)	(5.82)
Of pairs used:
inter chromosomal	9381021	(20.89)
short range < 20kb	3965623	(8.83)
long range	31552537	(70.27)
inward pairs	8503350	(18.94)
outward pairs	9560389	(21.29)
left pairs	8741433	(19.47)
right pairs	8712988	(19.41)
