
File	SRR443884.cool		
Pairs considered	166383692		
Min rest. site distance	300		
Max rest. site distance	800		

Pairs used	50543403	(30.38)	(52.30)
One mate unmapped	69735271	(41.91)	(72.15)
One mate not unique	570641	(0.34)	(0.59)
One mate low quality	6244380	(3.75)	(6.46)
dangling end	0	(0.00)	(0.00)
self ligation (removed)	0	(0.00)	(0.00)
One mate not close to rest site	0	(0.00)	(0.00)
same fragment (800 bp)	32548529	(19.56)	(33.68)
self circle	1966078	(1.18)	(2.03)
duplicated pairs	6741468	(4.05)	(6.98)
Of pairs used:
inter chromosomal	10557152	(20.89)
short range < 20kb	4418602	(8.74)
long range	35567649	(70.37)
inward pairs	9585010	(18.96)
outward pairs	10771467	(21.31)
left pairs	9924057	(19.63)
right pairs	9705717	(19.20)
