
File	SRR443885.cool		
Pairs considered	168555404		
Min rest. site distance	300		
Max rest. site distance	800		

Pairs used	50155550	(29.76)	(52.33)
One mate unmapped	72710674	(43.14)	(75.86)
One mate not unique	467656	(0.28)	(0.49)
One mate low quality	6284754	(3.73)	(6.56)
dangling end	0	(0.00)	(0.00)
self ligation (removed)	0	(0.00)	(0.00)
One mate not close to rest site	0	(0.00)	(0.00)
same fragment (800 bp)	32314898	(19.17)	(33.72)
self circle	1949465	(1.16)	(2.03)
duplicated pairs	6621872	(3.93)	(6.91)
Of pairs used:
inter chromosomal	10480783	(20.90)
short range < 20kb	4388638	(8.75)
long range	35286129	(70.35)
inward pairs	9512320	(18.97)
outward pairs	10681995	(21.30)
left pairs	9837015	(19.61)
right pairs	9643437	(19.23)
