gnuplot 4.6 patchlevel 6
Aligning contigs to reference...
	Aligning contigs to the reference
Parsing coords...
Loading reference...
	Loaded [meta_ref_1_Lactobacillus_plantarum_22_55k.fa]
	Loaded [meta_ref_2_Lactobacillus_delbrueckii_bulgaricus_ATCC_BAA_365_32_60k.fa]
	Loaded [meta_ref_3_Lactobacillus_reuteri_F275_Kitasato_55_65k.fa]
Loading SNPs...
	Total Regions: 3
	Total Region Length: 179997
Analyzing contigs...
CONTIG: NODE_1_length_55421_cov_26.1146_ID_4744408 (54221bp)
Best alignment score: 36102.0 (LEN: 36102, IDY: 100.00)
			The best set is below. Score: 53970.5, number of alignments: 2, unaligned bases: 0
		This contig is misassembled. 2 total aligns.
			Excluding internal overlap of size 1 between Alignment 1 and 2: 41879 59998 | 18120 1 | 18120 18120 --> 41880 59998 | 18119 1 | 18119 18119
			Real Alignment 1: 41880 59998 | 18119 1 | 18119 18119 | 100.0 | meta_ref_2_Lactobacillus_delbrueckii_bulgaricus_ATCC_BAA_365_32_60k.fa NODE_1_length_55421_cov_26.1146_ID_4744408
			  Extensive misassembly (relocation, inconsistency = 1200) between these two alignments
			Real Alignment 2: 4578 40679 | 54221 18120 | 36102 36102 | 100.0 | meta_ref_2_Lactobacillus_delbrueckii_bulgaricus_ATCC_BAA_365_32_60k.fa NODE_1_length_55421_cov_26.1146_ID_4744408

CONTIG: NODE_2_length_49658_cov_2.58581_ID_2497514 (49658bp)
Best alignment score: 49648.1 (LEN: 49658, IDY: 99.98)
		One align captures most of this contig: 5305 54962 | 1 49658 | 49658 49658 | 99.98 | meta_ref_1_Lactobacillus_plantarum_22_55k.fa NODE_2_length_49658_cov_2.58581_ID_2497514

CONTIG: NODE_3_length_27260_cov_310.524_ID_9332986 (27260bp)
Best alignment score: 27257.3 (LEN: 27260, IDY: 99.99)
		One align captures most of this contig: 7597 34856 | 1 27260 | 27260 27260 | 99.99 | meta_ref_3_Lactobacillus_reuteri_F275_Kitasato_55_65k.fa NODE_3_length_27260_cov_310.524_ID_9332986

CONTIG: NODE_4_length_16099_cov_310.325_ID_9343456 (16099bp)
Best alignment score: 16099.0 (LEN: 16099, IDY: 100.00)
		One align captures most of this contig: 36665 52763 | 1 16099 | 16099 16099 | 100.0 | meta_ref_3_Lactobacillus_reuteri_F275_Kitasato_55_65k.fa NODE_4_length_16099_cov_310.325_ID_9343456

CONTIG: NODE_5_length_10428_cov_300.989_ID_9343584 (10428bp)
Best alignment score: 10428.0 (LEN: 10428, IDY: 100.00)
		One align captures most of this contig: 54572 64999 | 1 10428 | 10428 10428 | 100.0 | meta_ref_3_Lactobacillus_reuteri_F275_Kitasato_55_65k.fa NODE_5_length_10428_cov_300.989_ID_9343584

CONTIG: NODE_6_length_6988_cov_303.415_ID_9341226 (6988bp)
Best alignment score: 6985.9 (LEN: 6988, IDY: 99.97)
		Skipping these alignments as insignificant (option --ambiguity-score is set to "0.99"):
			Skipping alignment 1 79 | 3349 3427 | 79 79 | 100.0 | meta_ref_3_Lactobacillus_reuteri_F275_Kitasato_55_65k.fa NODE_6_length_6988_cov_303.415_ID_9341226
		One align captures most of this contig: 25 7012 | 1 6988 | 6988 6988 | 99.97 | meta_ref_3_Lactobacillus_reuteri_F275_Kitasato_55_65k.fa NODE_6_length_6988_cov_303.415_ID_9341226

CONTIG: NODE_7_length_3447_cov_44.4894_ID_2480336 (3447bp)
Best alignment score: 3431.8 (LEN: 3447, IDY: 99.56)
		One align captures most of this contig: 3 3449 | 3447 1 | 3447 3447 | 99.56 | meta_ref_2_Lactobacillus_delbrueckii_bulgaricus_ATCC_BAA_365_32_60k.fa NODE_7_length_3447_cov_44.4894_ID_2480336

CONTIG: NODE_8_length_817_cov_651.256_ID_9343784 (817bp)
Best alignment score: 813.0 (LEN: 817, IDY: 99.51)
		This contig has 2 significant alignments. [An ambiguously mapped contig]
		Using all these alignments (option --ambiguity-usage is set to "all"):
			Alignment: 52709 53525 | 1 817 | 817 817 | 99.51 | meta_ref_3_Lactobacillus_reuteri_F275_Kitasato_55_65k.fa NODE_8_length_817_cov_651.256_ID_9343784
			Alignment: 34802 35618 | 1 817 | 817 817 | 98.65 | meta_ref_3_Lactobacillus_reuteri_F275_Kitasato_55_65k.fa NODE_8_length_817_cov_651.256_ID_9343784

CONTIG: NODE_9_length_729_cov_671.122_ID_9343806 (729bp)
Best alignment score: 729.0 (LEN: 729, IDY: 100.00)
		Skipping these alignments as insignificant (option --ambiguity-score is set to "0.99"):
			Skipping alignment 53899 54626 | 728 1 | 728 728 | 98.9 | meta_ref_3_Lactobacillus_reuteri_F275_Kitasato_55_65k.fa NODE_9_length_729_cov_671.122_ID_9343806
		One align captures most of this contig: 35991 36719 | 729 1 | 729 729 | 100.0 | meta_ref_3_Lactobacillus_reuteri_F275_Kitasato_55_65k.fa NODE_9_length_729_cov_671.122_ID_9343806

CONTIG: NODE_10_length_714_cov_2.71927_ID_9333852 (714bp)
Best alignment score: 713.0 (LEN: 714, IDY: 99.86)
		Skipping these alignments as insignificant (option --ambiguity-score is set to "0.99"):
			Skipping alignment 1 131 | 464 333 | 131 132 | 97.73 | meta_ref_1_Lactobacillus_plantarum_22_55k.fa NODE_10_length_714_cov_2.71927_ID_9333852
		One align captures most of this contig: 78 791 | 714 1 | 714 714 | 99.86 | meta_ref_1_Lactobacillus_plantarum_22_55k.fa NODE_10_length_714_cov_2.71927_ID_9333852

CONTIG: NODE_11_length_694_cov_336.263_ID_9343406 (694bp)
Best alignment score: 693.0 (LEN: 694, IDY: 99.86)
		One align captures most of this contig: 6958 7651 | 1 694 | 694 694 | 99.86 | meta_ref_3_Lactobacillus_reuteri_F275_Kitasato_55_65k.fa NODE_11_length_694_cov_336.263_ID_9343406

CONTIG: NODE_29_length_219_cov_25.5122_ID_8985538 (763bp)
Best alignment score: 219.0 (LEN: 219, IDY: 100.00)
			The best set is below. Score: 350.0, number of alignments: 2, unaligned bases: 361
		This contig is misassembled. 2 total aligns.
			Real Alignment 1: 4394 4612 | 1 219 | 219 219 | 100.0 | meta_ref_2_Lactobacillus_delbrueckii_bulgaricus_ATCC_BAA_365_32_60k.fa NODE_29_length_219_cov_25.5122_ID_8985538
			  Extensive misassembly (interspecies translocation) between these two alignments
			Real Alignment 2: 3645 3827 | 428 610 | 183 183 | 100.0 | meta_ref_1_Lactobacillus_plantarum_22_55k.fa NODE_29_length_219_cov_25.5122_ID_8985538

CONTIG: NODE_35_specially_unaligned (885bp)
		This contig is unaligned. (885 bp)
		Unaligned bases: 885 total: 885

Analyzing coverage...
Writing SNPs into /home/vsaveliev/quast/quast_test_output/combined_reference/contigs_reports/nucmer_output/meta_contigs_2.used_snps.gz
	Reference meta_ref_1_Lactobacillus_plantarum_22_55k.fa: 3 total alignments. 1 total regions.
		Region: 1 to 54999 (54999 bp)
			START in gap: 1 to 78 (77 bp)
			Align 1: 78 791 NODE_10_length_714_cov_2.71927_ID_9333852 714 1
				Gap between this and next alignment: 791 to 3645 (2853 bp)
				Next Alignment: 3645 3827 NODE_29_length_219_cov_25.5122_ID_8985538 428 610

			Align 2: 3645 3827 NODE_29_length_219_cov_25.5122_ID_8985538 428 610
				Gap between this and next alignment: 3827 to 5305 (1477 bp)
				Next Alignment: 5305 54962 NODE_2_length_49658_cov_2.58581_ID_2497514 1 49658

			Align 3: 5305 54962 NODE_2_length_49658_cov_2.58581_ID_2497514 1 49658
			END in gap: 54962 to 54999 (37 bp).

	Reference meta_ref_3_Lactobacillus_reuteri_F275_Kitasato_55_65k.fa: 8 total alignments. 1 total regions.
		Region: 1 to 64999 (64999 bp)
			START in gap: 1 to 25 (24 bp)
			Align 1: 25 7012 NODE_6_length_6988_cov_303.415_ID_9341226 1 6988
				Negative gap (overlap) between this and next alignment: 7012 to 6958 (-54 bp)
				Next Alignment: 6958 7651 NODE_11_length_694_cov_336.263_ID_9343406 1 694

			Previous gap was negative, modifying coordinates to ignore overlap
				Moving contig start from 1 to 56.
			Align 2: 7013 7651 NODE_11_length_694_cov_336.263_ID_9343406 56 694
				Negative gap (overlap) between this and next alignment: 7651 to 7597 (-54 bp)
				Next Alignment: 7597 34856 NODE_3_length_27260_cov_310.524_ID_9332986 1 27260

			Previous gap was negative, modifying coordinates to ignore overlap
				Moving contig start from 1 to 56.
			Align 3: 7652 34856 NODE_3_length_27260_cov_310.524_ID_9332986 56 27260
				Negative gap (overlap) between this and next alignment: 34856 to 34802 (-54 bp)
				Next Alignment: 34802 35618 NODE_8_length_817_cov_651.256_ID_9343784 1 817

			Previous gap was negative, modifying coordinates to ignore overlap
				Moving contig start from 1 to 56.
			Align 4: 34857 35618 NODE_8_length_817_cov_651.256_ID_9343784 56 817
				Gap between this and next alignment: 35618 to 35991 (372 bp)
				Next Alignment: 35991 36719 NODE_9_length_729_cov_671.122_ID_9343806 729 1

			Align 5: 35991 36719 NODE_9_length_729_cov_671.122_ID_9343806 729 1
				Negative gap (overlap) between this and next alignment: 36719 to 36665 (-54 bp)
				Next Alignment: 36665 52763 NODE_4_length_16099_cov_310.325_ID_9343456 1 16099

			Previous gap was negative, modifying coordinates to ignore overlap
				Moving contig start from 1 to 56.
			Align 6: 36720 52763 NODE_4_length_16099_cov_310.325_ID_9343456 56 16099
				Negative gap (overlap) between this and next alignment: 52763 to 52709 (-54 bp)
				Next Alignment: 52709 53525 NODE_8_length_817_cov_651.256_ID_9343784 1 817

			Previous gap was negative, modifying coordinates to ignore overlap
				Moving contig start from 1 to 56.
			Align 7: 52764 53525 NODE_8_length_817_cov_651.256_ID_9343784 56 817
				Gap between this and next alignment: 53525 to 54572 (1046 bp)
				Next Alignment: 54572 64999 NODE_5_length_10428_cov_300.989_ID_9343584 1 10428

			Align 8: 54572 64999 NODE_5_length_10428_cov_300.989_ID_9343584 1 10428
			END in current alignment.  Modifying 64999 to 64999.

	Reference meta_ref_2_Lactobacillus_delbrueckii_bulgaricus_ATCC_BAA_365_32_60k.fa: 4 total alignments. 1 total regions.
		Region: 1 to 59999 (59999 bp)
			START in gap: 1 to 3 (2 bp)
			Align 1: 3 3449 NODE_7_length_3447_cov_44.4894_ID_2480336 3447 1
				Gap between this and next alignment: 3449 to 4394 (944 bp)
				Next Alignment: 4394 4612 NODE_29_length_219_cov_25.5122_ID_8985538 1 219

			Align 2: 4394 4612 NODE_29_length_219_cov_25.5122_ID_8985538 1 219
				Negative gap (overlap) between this and next alignment: 4612 to 4578 (-34 bp)
				Next Alignment: 4578 40679 NODE_1_length_55421_cov_26.1146_ID_4744408 54221 18120

			Previous gap was negative, modifying coordinates to ignore overlap
				Moving contig start from 54221 to 54186.
			Align 3: 4613 40679 NODE_1_length_55421_cov_26.1146_ID_4744408 54186 18120
				Gap between this and next alignment: 40679 to 41880 (1200 bp)
				Next Alignment: 41880 59998 NODE_1_length_55421_cov_26.1146_ID_4744408 18119 1

			Align 4: 41880 59998 NODE_1_length_55421_cov_26.1146_ID_4744408 18119 1
			END in gap: 59998 to 59999 (1 bp).


Analysis is finished!
Founded SNPs were written into /home/vsaveliev/quast/quast_test_output/combined_reference/contigs_reports/nucmer_output/meta_contigs_2.used_snps.gz

Results:
	Local Misassemblies: 0
	Misassemblies: 2
		Relocations: 1
		Translocations: 0
		Interspecies translocations: 1
		Inversions: 0
	Potentially Misassembled Contigs (i/s translocations): 0
		Possible Misassemblies: 0
	Scaffold gap misassemblies: 0
	Misassembled Contigs: 2
	Misassembled Contig Bases: 54984
	Misassemblies Inter-Contig Overlap: 0
Uncovered Regions: 0 (0)
Unaligned Contigs: 1 + 0 part
Half Unaligned Contigs with Misassemblies: 0
Unaligned Contig Bases: 885

Ambiguously Mapped Contigs: 1
Total Bases in Ambiguously Mapped Contigs: 817
Extra Bases in Ambiguously Mapped Contigs: 817
Note that --allow-ambiguity option was set to "all" and each of these contigs was used several times.

	Covered Bases: 171964

	SNPs: 47
	Insertions: 0
	Deletions: 0

	Positive Gaps: 11
		Internal Gaps: 1
		External Gaps: 10
		External Gap Total: 6833
		External Gap Average: 683
	Negative Gaps: 6
		Internal Overlaps: 0
		External Overlaps: 6
		External Overlaps Total: -304
		External Overlaps Average: -51
	Contigs with Redundant Alignments: 0 (0)
