gnuplot 4.6 patchlevel 6
Aligning contigs to reference...
	Aligning contigs to the reference
Parsing coords...
Loading reference...
	Loaded [meta_ref_2_Lactobacillus_delbrueckii_bulgaricus_ATCC_BAA_365_32_60k.fa]
Loading SNPs...
	Total Regions: 1
	Total Region Length: 59999
Analyzing contigs...
CONTIG: NODE_8_length_182_cov_2.81102 (1132bp)
Best alignment score: 638.0 (LEN: 638, IDY: 100.00)
			The best set is below. Score: 638.0, number of alignments: 1, unaligned bases: 494
		Alignment: 1717 2354 | 820 183 | 638 638 | 100.0 | meta_ref_2_Lactobacillus_delbrueckii_bulgaricus_ATCC_BAA_365_32_60k.fa NODE_8_length_182_cov_2.81102

CONTIG: NODE_15_length_55106_cov_26.0999 (55106bp)
Best alignment score: 55106.0 (LEN: 55106, IDY: 100.00)
		One align captures most of this contig: 4893 59998 | 1 55106 | 55106 55106 | 100.0 | meta_ref_2_Lactobacillus_delbrueckii_bulgaricus_ATCC_BAA_365_32_60k.fa NODE_15_length_55106_cov_26.0999

CONTIG: NODE_33_length_929_cov_25.7529 (929bp)
Best alignment score: 929.0 (LEN: 929, IDY: 100.00)
		One align captures most of this contig: 844 1772 | 1 929 | 929 929 | 100.0 | meta_ref_2_Lactobacillus_delbrueckii_bulgaricus_ATCC_BAA_365_32_60k.fa NODE_33_length_929_cov_25.7529

CONTIG: NODE_35_length_850_cov_25.8629 (850bp)
Best alignment score: 835.0 (LEN: 850, IDY: 98.24)
		One align captures most of this contig: 3 852 | 1 850 | 850 850 | 98.24 | meta_ref_2_Lactobacillus_delbrueckii_bulgaricus_ATCC_BAA_365_32_60k.fa NODE_35_length_850_cov_25.8629

CONTIG: NODE_39_length_1141_cov_25.1602 (1141bp)
Best alignment score: 1141.0 (LEN: 1141, IDY: 100.00)
		One align captures most of this contig: 2300 3440 | 1 1141 | 1141 1141 | 100.0 | meta_ref_2_Lactobacillus_delbrueckii_bulgaricus_ATCC_BAA_365_32_60k.fa NODE_39_length_1141_cov_25.1602

Analyzing coverage...
Writing SNPs into /home/vsaveliev/quast/quast_test_output/runs_per_reference/meta_ref_2/contigs_reports/nucmer_output/meta_contigs_1.used_snps.gz
	Reference meta_ref_2_Lactobacillus_delbrueckii_bulgaricus_ATCC_BAA_365_32_60k.fa: 5 total alignments. 1 total regions.
		Region: 1 to 59999 (59999 bp)
			START in gap: 1 to 3 (2 bp)
			Align 1: 3 852 NODE_35_length_850_cov_25.8629 1 850
				Negative gap (overlap) between this and next alignment: 852 to 844 (-8 bp)
				Next Alignment: 844 1772 NODE_33_length_929_cov_25.7529 1 929

			Previous gap was negative, modifying coordinates to ignore overlap
				Moving contig start from 1 to 10.
			Align 2: 853 1772 NODE_33_length_929_cov_25.7529 10 929
				Negative gap (overlap) between this and next alignment: 1772 to 1717 (-55 bp)
				Next Alignment: 1717 2354 NODE_8_length_182_cov_2.81102 820 183

			Previous gap was negative, modifying coordinates to ignore overlap
				Moving contig start from 820 to 764.
			Align 3: 1773 2354 NODE_8_length_182_cov_2.81102 764 183
				Negative gap (overlap) between this and next alignment: 2354 to 2300 (-54 bp)
				Next Alignment: 2300 3440 NODE_39_length_1141_cov_25.1602 1 1141

			Previous gap was negative, modifying coordinates to ignore overlap
				Moving contig start from 1 to 56.
			Align 4: 2355 3440 NODE_39_length_1141_cov_25.1602 56 1141
				Gap between this and next alignment: 3440 to 4893 (1452 bp)
				Next Alignment: 4893 59998 NODE_15_length_55106_cov_26.0999 1 55106

			Align 5: 4893 59998 NODE_15_length_55106_cov_26.0999 1 55106
			END in gap: 59998 to 59999 (1 bp).


Analysis is finished!
Founded SNPs were written into /home/vsaveliev/quast/quast_test_output/runs_per_reference/meta_ref_2/contigs_reports/nucmer_output/meta_contigs_1.used_snps.gz

Results:
	Local Misassemblies: 0
	Misassemblies: 0
		Relocations: 0
		Translocations: 0
		Inversions: 0
	Scaffold gap misassemblies: 0
	Misassembled Contigs: 0
	Misassembled Contig Bases: 0
	Misassemblies Inter-Contig Overlap: 0
Uncovered Regions: 0 (0)
Unaligned Contigs: 0 + 0 part
Half Unaligned Contigs with Misassemblies: 0
Unaligned Contig Bases: 0

Ambiguously Mapped Contigs: 0
Total Bases in Ambiguously Mapped Contigs: 0
Extra Bases in Ambiguously Mapped Contigs: 0
Note that --allow-ambiguity option was set to "one" and only first alignment per each of these contigs was used.

	Covered Bases: 58544

	SNPs: 14
	Insertions: 0
	Deletions: 0

	Positive Gaps: 3
		Internal Gaps: 0
		External Gaps: 3
		External Gap Total: 1455
		External Gap Average: 485
	Negative Gaps: 3
		Internal Overlaps: 0
		External Overlaps: 3
		External Overlaps Total: -117
		External Overlaps Average: -39
	Contigs with Redundant Alignments: 0 (0)
