gnuplot 4.6 patchlevel 6
Aligning contigs to reference...
	Aligning contigs to the reference
Parsing coords...
Loading reference...
	Loaded [meta_ref_2_Lactobacillus_delbrueckii_bulgaricus_ATCC_BAA_365_32_60k.fa]
Loading SNPs...
	Total Regions: 1
	Total Region Length: 59999
Analyzing contigs...
CONTIG: NODE_1_length_55421_cov_26.1146_ID_4744408 (54221bp)
Best alignment score: 36102.0 (LEN: 36102, IDY: 100.00)
			The best set is below. Score: 53970.5, number of alignments: 2, unaligned bases: 0
		This contig is misassembled. 2 total aligns.
			Excluding internal overlap of size 1 between Alignment 1 and 2: 41879 59998 | 18120 1 | 18120 18120 --> 41880 59998 | 18119 1 | 18119 18119
			Real Alignment 1: 41880 59998 | 18119 1 | 18119 18119 | 100.0 | meta_ref_2_Lactobacillus_delbrueckii_bulgaricus_ATCC_BAA_365_32_60k.fa NODE_1_length_55421_cov_26.1146_ID_4744408
			  Extensive misassembly (relocation, inconsistency = 1200) between these two alignments
			Real Alignment 2: 4578 40679 | 54221 18120 | 36102 36102 | 100.0 | meta_ref_2_Lactobacillus_delbrueckii_bulgaricus_ATCC_BAA_365_32_60k.fa NODE_1_length_55421_cov_26.1146_ID_4744408

CONTIG: NODE_7_length_3447_cov_44.4894_ID_2480336 (3447bp)
Best alignment score: 3431.8 (LEN: 3447, IDY: 99.56)
		One align captures most of this contig: 3 3449 | 3447 1 | 3447 3447 | 99.56 | meta_ref_2_Lactobacillus_delbrueckii_bulgaricus_ATCC_BAA_365_32_60k.fa NODE_7_length_3447_cov_44.4894_ID_2480336

CONTIG: NODE_29_length_219_cov_25.5122_ID_8985538 (763bp)
Best alignment score: 219.0 (LEN: 219, IDY: 100.00)
			The best set is below. Score: 219.0, number of alignments: 1, unaligned bases: 544
		This contig is partially unaligned. (Aligned 219 out of 763 bases)
		Alignment: 4394 4612 | 1 219 | 219 219 | 100.0 | meta_ref_2_Lactobacillus_delbrueckii_bulgaricus_ATCC_BAA_365_32_60k.fa NODE_29_length_219_cov_25.5122_ID_8985538
		Unaligned bases: 220 to 763 (544)

Analyzing coverage...
Writing SNPs into /home/vsaveliev/quast/quast_test_output/runs_per_reference/meta_ref_2/contigs_reports/nucmer_output/meta_contigs_2.used_snps.gz
	Reference meta_ref_2_Lactobacillus_delbrueckii_bulgaricus_ATCC_BAA_365_32_60k.fa: 4 total alignments. 1 total regions.
		Region: 1 to 59999 (59999 bp)
			START in gap: 1 to 3 (2 bp)
			Align 1: 3 3449 NODE_7_length_3447_cov_44.4894_ID_2480336 3447 1
				Gap between this and next alignment: 3449 to 4394 (944 bp)
				Next Alignment: 4394 4612 NODE_29_length_219_cov_25.5122_ID_8985538 1 219

			Align 2: 4394 4612 NODE_29_length_219_cov_25.5122_ID_8985538 1 219
				Negative gap (overlap) between this and next alignment: 4612 to 4578 (-34 bp)
				Next Alignment: 4578 40679 NODE_1_length_55421_cov_26.1146_ID_4744408 54221 18120

			Previous gap was negative, modifying coordinates to ignore overlap
				Moving contig start from 54221 to 54186.
			Align 3: 4613 40679 NODE_1_length_55421_cov_26.1146_ID_4744408 54186 18120
				Gap between this and next alignment: 40679 to 41880 (1200 bp)
				Next Alignment: 41880 59998 NODE_1_length_55421_cov_26.1146_ID_4744408 18119 1

			Align 4: 41880 59998 NODE_1_length_55421_cov_26.1146_ID_4744408 18119 1
			END in gap: 59998 to 59999 (1 bp).


Analysis is finished!
Founded SNPs were written into /home/vsaveliev/quast/quast_test_output/runs_per_reference/meta_ref_2/contigs_reports/nucmer_output/meta_contigs_2.used_snps.gz

Results:
	Local Misassemblies: 0
	Misassemblies: 1
		Relocations: 1
		Translocations: 0
		Inversions: 0
	Scaffold gap misassemblies: 0
	Misassembled Contigs: 1
	Misassembled Contig Bases: 54221
	Misassemblies Inter-Contig Overlap: 0
Uncovered Regions: 0 (0)
Unaligned Contigs: 0 + 1 part
Half Unaligned Contigs with Misassemblies: 0
Unaligned Contig Bases: 544

Ambiguously Mapped Contigs: 0
Total Bases in Ambiguously Mapped Contigs: 0
Extra Bases in Ambiguously Mapped Contigs: 0
Note that --allow-ambiguity option was set to "one" and only first alignment per each of these contigs was used.

	Covered Bases: 57852

	SNPs: 15
	Insertions: 0
	Deletions: 0

	Positive Gaps: 4
		Internal Gaps: 1
		External Gaps: 3
		External Gap Total: 947
		External Gap Average: 316
	Negative Gaps: 1
		Internal Overlaps: 0
		External Overlaps: 1
		External Overlaps Total: -34
		External Overlaps Average: -34
	Contigs with Redundant Alignments: 0 (0)
