1	249250621	10	0
2	243199373	10	0
3	198022430	10	0
4	191154276	10	0
5	180915260	10	0
6	171115067	10	0
7	159138663	10	0
8	146364022	10	0
9	141213431	10	0
10	135534747	10	0
11	135006516	10	0
12	133851895	10	0
13	115169878	10	0
14	107349540	10	0
15	102531392	10	0
16	90354753	10	0
17	81195210	10	0
18	78077248	10	0
19	59128983	10	0
20	63025520	10	0
21	48129895	10	0
22	51304566	10	0
X	155270560	10	0
Y	59373566	10	0
MT	16569	10	0
GL000207.1	4262	10	0
GL000226.1	15008	10	0
GL000229.1	19913	10	0
GL000231.1	27386	10	0
GL000210.1	27682	10	0
GL000239.1	33824	10	0
GL000235.1	34474	10	0
GL000201.1	36148	10	0
GL000247.1	36422	10	0
GL000245.1	36651	10	0
GL000197.1	37175	10	0
GL000203.1	37498	10	0
GL000246.1	38154	10	0
GL000249.1	38502	10	0
GL000196.1	38914	10	0
GL000248.1	39786	10	0
GL000244.1	39929	10	0
GL000238.1	39939	10	0
GL000202.1	40103	10	0
GL000234.1	40531	10	0
GL000232.1	40652	10	0
GL000206.1	41001	10	0
GL000240.1	41933	10	0
GL000236.1	41934	10	0
GL000241.1	42152	10	0
GL000243.1	43341	10	0
GL000242.1	43523	10	0
GL000230.1	43691	10	0
GL000237.1	45867	10	0
GL000233.1	45941	10	0
GL000204.1	81310	10	0
GL000198.1	90085	10	0
GL000208.1	92689	10	0
GL000191.1	106433	10	0
GL000227.1	128374	0	0
GL000228.1	129120	0	0
GL000214.1	137718	0	0
GL000221.1	155397	0	0
GL000209.1	159169	0	0
GL000218.1	161147	0	0
GL000220.1	161802	0	0
GL000213.1	164239	0	0
GL000211.1	166566	0	0
GL000199.1	169874	0	0
GL000217.1	172149	0	0
GL000216.1	172294	0	0
GL000215.1	172545	0	0
GL000205.1	174588	0	0
GL000219.1	179198	0	0
GL000224.1	179693	0	0
GL000223.1	180455	0	0
GL000195.1	182896	0	0
GL000212.1	186858	0	0
GL000222.1	186861	0	0
GL000200.1	187035	0	0
GL000193.1	189789	0	0
GL000194.1	191469	0	0
GL000225.1	211173	0	0
GL000192.1	547496	0	0
NC_007605	171823	0	0
hs37d5	35477943	0	0
*	0	0	0
