# UMI-tools version: 1.1.2
# output generated by dedup --stdin=./raw_bam/LIB056594_TRA00243974_S4_R1_001_TSO20_OFF3_starAligned.sortedByCoord.out.bam --log=./deduplicated_bam/LIB056594_TRA00243974_S4_R1_001_TSO20_OFF3_dedup.log --output-stats=./deduplicated_bam/LIB056594_TRA00243974_S4_R1_001_TSO20_OFF3
# job started at Tue Sep  6 18:31:14 2022 on compute-e-16-209.o2.rc.hms.harvard.edu -- c5325fd4-c86f-4f8c-bab9-0b44a774de48
# pid: 11552, system: Linux 3.10.0-1160.71.1.el7.x86_64 #1 SMP Tue Jun 28 15:37:28 UTC 2022 x86_64
# assigned_tag                            : None
# cell_tag                                : None
# cell_tag_delim                          : None
# cell_tag_split                          : -
# chimeric_pairs                          : use
# chrom                                   : None
# compresslevel                           : 6
# detection_method                        : None
# filter_umi                              : None
# gene_tag                                : None
# gene_transcript_map                     : None
# get_umi_method                          : read_id
# ignore_tlen                             : False
# ignore_umi                              : False
# in_sam                                  : False
# log2stderr                              : False
# loglevel                                : 1
# mapping_quality                         : 0
# method                                  : directional
# no_sort_output                          : False
# out_sam                                 : False
# output_unmapped                         : False
# paired                                  : False
# per_cell                                : False
# per_contig                              : False
# per_gene                                : False
# random_seed                             : None
# read_length                             : False
# short_help                              : None
# skip_regex                              : ^(__|Unassigned)
# soft_clip_threshold                     : 4
# spliced                                 : False
# stats                                   : ./deduplicated_bam/LIB056594_TRA00243974_S4_R1_001_TSO20_OFF3
# stderr                                  : <_io.TextIOWrapper name='<stderr>' mode='w' encoding='utf-8'>
# stdin                                   : <_io.TextIOWrapper name='./raw_bam/LIB056594_TRA00243974_S4_R1_001_TSO20_OFF3_starAligned.sortedByCoord.out.bam' mode='r' encoding='UTF-8'>
# stdlog                                  : <_io.TextIOWrapper name='./deduplicated_bam/LIB056594_TRA00243974_S4_R1_001_TSO20_OFF3_dedup.log' mode='a' encoding='UTF-8'>
# stdout                                  : <_io.TextIOWrapper name='<stdout>' mode='w' encoding='utf-8'>
# subset                                  : None
# threshold                               : 1
# timeit_file                             : None
# timeit_header                           : None
# timeit_name                             : all
# tmpdir                                  : None
# umi_sep                                 : _
# umi_tag                                 : RX
# umi_tag_delim                           : None
# umi_tag_split                           : None
# umi_whitelist                           : None
# umi_whitelist_paired                    : None
# unmapped_reads                          : discard
# unpaired_reads                          : use
# whole_contig                            : False
2022-09-06 18:31:14,303 INFO command: dedup --stdin=./raw_bam/LIB056594_TRA00243974_S4_R1_001_TSO20_OFF3_starAligned.sortedByCoord.out.bam --log=./deduplicated_bam/LIB056594_TRA00243974_S4_R1_001_TSO20_OFF3_dedup.log --output-stats=./deduplicated_bam/LIB056594_TRA00243974_S4_R1_001_TSO20_OFF3
2022-09-06 18:31:23,605 INFO total_umis 4862975
2022-09-06 18:31:23,606 INFO #umis 1019
2022-09-06 18:31:28,475 INFO Written out 100000 reads
2022-09-06 18:31:32,864 INFO Written out 200000 reads
2022-09-06 18:31:37,666 INFO Written out 300000 reads
2022-09-06 18:31:42,619 INFO Written out 400000 reads
2022-09-06 18:31:47,383 INFO Written out 500000 reads
2022-09-06 18:31:52,408 INFO Written out 600000 reads
2022-09-06 18:31:53,207 INFO Parsed 1000000 input reads
2022-09-06 18:31:57,323 INFO Written out 700000 reads
2022-09-06 18:32:02,496 INFO Written out 800000 reads
2022-09-06 18:32:07,029 INFO Written out 900000 reads
2022-09-06 18:32:12,161 INFO Written out 1000000 reads
2022-09-06 18:32:17,613 INFO Written out 1100000 reads
2022-09-06 18:32:22,416 INFO Written out 1200000 reads
2022-09-06 18:32:23,767 INFO Parsed 2000000 input reads
2022-09-06 18:32:27,093 INFO Written out 1300000 reads
2022-09-06 18:32:32,262 INFO Written out 1400000 reads
2022-09-06 18:32:37,129 INFO Written out 1500000 reads
2022-09-06 18:32:41,822 INFO Written out 1600000 reads
2022-09-06 18:32:46,769 INFO Written out 1700000 reads
2022-09-06 18:32:51,382 INFO Written out 1800000 reads
2022-09-06 18:32:54,119 INFO Parsed 3000000 input reads
2022-09-06 18:32:56,163 INFO Written out 1900000 reads
2022-09-06 18:33:00,586 INFO Written out 2000000 reads
2022-09-06 18:33:05,020 INFO Written out 2100000 reads
2022-09-06 18:33:09,084 INFO Written out 2200000 reads
2022-09-06 18:33:14,315 INFO Written out 2300000 reads
2022-09-06 18:33:20,099 INFO Written out 2400000 reads
2022-09-06 18:33:24,760 INFO Parsed 4000000 input reads
2022-09-06 18:33:25,636 INFO Written out 2500000 reads
2022-09-06 18:33:30,871 INFO Written out 2600000 reads
2022-09-06 18:33:36,031 INFO Written out 2700000 reads
2022-09-06 18:33:45,540 INFO Written out 2800000 reads
2022-09-06 18:34:07,179 INFO Reads: Input Reads: 4862975
2022-09-06 18:34:07,179 INFO Number of reads out: 2895564
2022-09-06 18:34:07,179 INFO Total number of positions deduplicated: 1321942
2022-09-06 18:34:07,179 INFO Mean number of unique UMIs per position: 2.92
2022-09-06 18:34:07,179 INFO Max. number of unique UMIs per position: 754
# job finished in 172 seconds at Tue Sep  6 18:34:07 2022 -- 171.91  2.46  0.00  0.00 -- c5325fd4-c86f-4f8c-bab9-0b44a774de48
