# UMI-tools version: 1.1.2
# output generated by dedup --stdin=./raw_bam/LIB056594_TRA00243997_S27_R1_001_TSO26_OFF3_starAligned.sortedByCoord.out.bam --log=./deduplicated_bam/LIB056594_TRA00243997_S27_R1_001_TSO26_OFF3_dedup.log --output-stats=./deduplicated_bam/LIB056594_TRA00243997_S27_R1_001_TSO26_OFF3
# job started at Tue Sep  6 19:19:31 2022 on compute-a-16-89.o2.rc.hms.harvard.edu -- 7e96314a-28c3-4ea7-8fb2-755d6ffb7dfb
# pid: 29764, system: Linux 3.10.0-1160.76.1.el7.x86_64 #1 SMP Wed Aug 10 16:21:17 UTC 2022 x86_64
# assigned_tag                            : None
# cell_tag                                : None
# cell_tag_delim                          : None
# cell_tag_split                          : -
# chimeric_pairs                          : use
# chrom                                   : None
# compresslevel                           : 6
# detection_method                        : None
# filter_umi                              : None
# gene_tag                                : None
# gene_transcript_map                     : None
# get_umi_method                          : read_id
# ignore_tlen                             : False
# ignore_umi                              : False
# in_sam                                  : False
# log2stderr                              : False
# loglevel                                : 1
# mapping_quality                         : 0
# method                                  : directional
# no_sort_output                          : False
# out_sam                                 : False
# output_unmapped                         : False
# paired                                  : False
# per_cell                                : False
# per_contig                              : False
# per_gene                                : False
# random_seed                             : None
# read_length                             : False
# short_help                              : None
# skip_regex                              : ^(__|Unassigned)
# soft_clip_threshold                     : 4
# spliced                                 : False
# stats                                   : ./deduplicated_bam/LIB056594_TRA00243997_S27_R1_001_TSO26_OFF3
# stderr                                  : <_io.TextIOWrapper name='<stderr>' mode='w' encoding='utf-8'>
# stdin                                   : <_io.TextIOWrapper name='./raw_bam/LIB056594_TRA00243997_S27_R1_001_TSO26_OFF3_starAligned.sortedByCoord.out.bam' mode='r' encoding='UTF-8'>
# stdlog                                  : <_io.TextIOWrapper name='./deduplicated_bam/LIB056594_TRA00243997_S27_R1_001_TSO26_OFF3_dedup.log' mode='a' encoding='UTF-8'>
# stdout                                  : <_io.TextIOWrapper name='<stdout>' mode='w' encoding='utf-8'>
# subset                                  : None
# threshold                               : 1
# timeit_file                             : None
# timeit_header                           : None
# timeit_name                             : all
# tmpdir                                  : None
# umi_sep                                 : _
# umi_tag                                 : RX
# umi_tag_delim                           : None
# umi_tag_split                           : None
# umi_whitelist                           : None
# umi_whitelist_paired                    : None
# unmapped_reads                          : discard
# unpaired_reads                          : use
# whole_contig                            : False
2022-09-06 19:19:31,959 INFO command: dedup --stdin=./raw_bam/LIB056594_TRA00243997_S27_R1_001_TSO26_OFF3_starAligned.sortedByCoord.out.bam --log=./deduplicated_bam/LIB056594_TRA00243997_S27_R1_001_TSO26_OFF3_dedup.log --output-stats=./deduplicated_bam/LIB056594_TRA00243997_S27_R1_001_TSO26_OFF3
2022-09-06 19:19:41,700 INFO total_umis 4166376
2022-09-06 19:19:41,701 INFO #umis 1026
2022-09-06 19:19:47,554 INFO Written out 100000 reads
2022-09-06 19:19:53,159 INFO Written out 200000 reads
2022-09-06 19:19:58,816 INFO Written out 300000 reads
2022-09-06 19:20:04,863 INFO Written out 400000 reads
2022-09-06 19:20:11,229 INFO Written out 500000 reads
2022-09-06 19:20:17,041 INFO Written out 600000 reads
2022-09-06 19:20:19,058 INFO Parsed 1000000 input reads
2022-09-06 19:20:23,599 INFO Written out 700000 reads
2022-09-06 19:20:29,271 INFO Written out 800000 reads
2022-09-06 19:20:35,635 INFO Written out 900000 reads
2022-09-06 19:20:42,393 INFO Written out 1000000 reads
2022-09-06 19:20:48,220 INFO Written out 1100000 reads
2022-09-06 19:20:53,908 INFO Written out 1200000 reads
2022-09-06 19:20:57,429 INFO Parsed 2000000 input reads
2022-09-06 19:21:00,210 INFO Written out 1300000 reads
2022-09-06 19:21:05,894 INFO Written out 1400000 reads
2022-09-06 19:21:11,844 INFO Written out 1500000 reads
2022-09-06 19:21:17,710 INFO Written out 1600000 reads
2022-09-06 19:21:23,146 INFO Written out 1700000 reads
2022-09-06 19:21:28,817 INFO Written out 1800000 reads
2022-09-06 19:21:33,882 INFO Written out 1900000 reads
2022-09-06 19:21:34,684 INFO Parsed 3000000 input reads
2022-09-06 19:21:39,871 INFO Written out 2000000 reads
2022-09-06 19:21:46,111 INFO Written out 2100000 reads
2022-09-06 19:21:52,241 INFO Written out 2200000 reads
2022-09-06 19:21:58,404 INFO Written out 2300000 reads
2022-09-06 19:22:09,094 INFO Written out 2400000 reads
2022-09-06 19:22:13,890 INFO Parsed 4000000 input reads
2022-09-06 19:22:14,581 INFO Written out 2500000 reads
2022-09-06 19:22:34,637 INFO Reads: Input Reads: 4166376
2022-09-06 19:22:34,638 INFO Number of reads out: 2571009
2022-09-06 19:22:34,638 INFO Total number of positions deduplicated: 1145360
2022-09-06 19:22:34,638 INFO Mean number of unique UMIs per position: 2.95
2022-09-06 19:22:34,638 INFO Max. number of unique UMIs per position: 852
# job finished in 182 seconds at Tue Sep  6 19:22:34 2022 -- 181.89  2.48  0.00  0.00 -- 7e96314a-28c3-4ea7-8fb2-755d6ffb7dfb
