# UMI-tools version: 1.1.2
# output generated by dedup --stdin=./raw_bam/LIB056594_TRA00243997_S27_R1_001_TSO18_OFF3_starAligned.sortedByCoord.out.bam --log=./deduplicated_bam/LIB056594_TRA00243997_S27_R1_001_TSO18_OFF3_dedup.log --output-stats=./deduplicated_bam/LIB056594_TRA00243997_S27_R1_001_TSO18_OFF3
# job started at Tue Sep  6 19:02:02 2022 on compute-a-16-89.o2.rc.hms.harvard.edu -- ce5453dd-d746-436b-abee-58d0463d0b1e
# pid: 20738, system: Linux 3.10.0-1160.76.1.el7.x86_64 #1 SMP Wed Aug 10 16:21:17 UTC 2022 x86_64
# assigned_tag                            : None
# cell_tag                                : None
# cell_tag_delim                          : None
# cell_tag_split                          : -
# chimeric_pairs                          : use
# chrom                                   : None
# compresslevel                           : 6
# detection_method                        : None
# filter_umi                              : None
# gene_tag                                : None
# gene_transcript_map                     : None
# get_umi_method                          : read_id
# ignore_tlen                             : False
# ignore_umi                              : False
# in_sam                                  : False
# log2stderr                              : False
# loglevel                                : 1
# mapping_quality                         : 0
# method                                  : directional
# no_sort_output                          : False
# out_sam                                 : False
# output_unmapped                         : False
# paired                                  : False
# per_cell                                : False
# per_contig                              : False
# per_gene                                : False
# random_seed                             : None
# read_length                             : False
# short_help                              : None
# skip_regex                              : ^(__|Unassigned)
# soft_clip_threshold                     : 4
# spliced                                 : False
# stats                                   : ./deduplicated_bam/LIB056594_TRA00243997_S27_R1_001_TSO18_OFF3
# stderr                                  : <_io.TextIOWrapper name='<stderr>' mode='w' encoding='utf-8'>
# stdin                                   : <_io.TextIOWrapper name='./raw_bam/LIB056594_TRA00243997_S27_R1_001_TSO18_OFF3_starAligned.sortedByCoord.out.bam' mode='r' encoding='UTF-8'>
# stdlog                                  : <_io.TextIOWrapper name='./deduplicated_bam/LIB056594_TRA00243997_S27_R1_001_TSO18_OFF3_dedup.log' mode='a' encoding='UTF-8'>
# stdout                                  : <_io.TextIOWrapper name='<stdout>' mode='w' encoding='utf-8'>
# subset                                  : None
# threshold                               : 1
# timeit_file                             : None
# timeit_header                           : None
# timeit_name                             : all
# tmpdir                                  : None
# umi_sep                                 : _
# umi_tag                                 : RX
# umi_tag_delim                           : None
# umi_tag_split                           : None
# umi_whitelist                           : None
# umi_whitelist_paired                    : None
# unmapped_reads                          : discard
# unpaired_reads                          : use
# whole_contig                            : False
2022-09-06 19:02:02,196 INFO command: dedup --stdin=./raw_bam/LIB056594_TRA00243997_S27_R1_001_TSO18_OFF3_starAligned.sortedByCoord.out.bam --log=./deduplicated_bam/LIB056594_TRA00243997_S27_R1_001_TSO18_OFF3_dedup.log --output-stats=./deduplicated_bam/LIB056594_TRA00243997_S27_R1_001_TSO18_OFF3
2022-09-06 19:02:13,846 INFO total_umis 4823100
2022-09-06 19:02:13,846 INFO #umis 1022
2022-09-06 19:02:20,024 INFO Written out 100000 reads
2022-09-06 19:02:25,563 INFO Written out 200000 reads
2022-09-06 19:02:31,639 INFO Written out 300000 reads
2022-09-06 19:02:38,063 INFO Written out 400000 reads
2022-09-06 19:02:44,013 INFO Written out 500000 reads
2022-09-06 19:02:50,286 INFO Written out 600000 reads
2022-09-06 19:02:51,346 INFO Parsed 1000000 input reads
2022-09-06 19:02:56,318 INFO Written out 700000 reads
2022-09-06 19:03:03,044 INFO Written out 800000 reads
2022-09-06 19:03:08,918 INFO Written out 900000 reads
2022-09-06 19:03:15,304 INFO Written out 1000000 reads
2022-09-06 19:03:22,195 INFO Written out 1100000 reads
2022-09-06 19:03:28,531 INFO Written out 1200000 reads
2022-09-06 19:03:30,028 INFO Parsed 2000000 input reads
2022-09-06 19:03:34,557 INFO Written out 1300000 reads
2022-09-06 19:03:40,749 INFO Written out 1400000 reads
2022-09-06 19:03:46,872 INFO Written out 1500000 reads
2022-09-06 19:03:53,072 INFO Written out 1600000 reads
2022-09-06 19:03:59,245 INFO Written out 1700000 reads
2022-09-06 19:04:05,424 INFO Written out 1800000 reads
2022-09-06 19:04:08,577 INFO Parsed 3000000 input reads
2022-09-06 19:04:11,300 INFO Written out 1900000 reads
2022-09-06 19:04:17,059 INFO Written out 2000000 reads
2022-09-06 19:04:22,481 INFO Written out 2100000 reads
2022-09-06 19:04:27,640 INFO Written out 2200000 reads
2022-09-06 19:04:34,027 INFO Written out 2300000 reads
2022-09-06 19:04:40,722 INFO Written out 2400000 reads
2022-09-06 19:04:46,888 INFO Written out 2500000 reads
2022-09-06 19:04:46,907 INFO Parsed 4000000 input reads
2022-09-06 19:04:53,120 INFO Written out 2600000 reads
2022-09-06 19:04:59,934 INFO Written out 2700000 reads
2022-09-06 19:05:10,625 INFO Written out 2800000 reads
2022-09-06 19:05:17,540 INFO Written out 2900000 reads
2022-09-06 19:05:36,876 INFO Reads: Input Reads: 4823100
2022-09-06 19:05:36,876 INFO Number of reads out: 2916157
2022-09-06 19:05:36,876 INFO Total number of positions deduplicated: 1275534
2022-09-06 19:05:36,876 INFO Mean number of unique UMIs per position: 3.05
2022-09-06 19:05:36,877 INFO Max. number of unique UMIs per position: 815
# job finished in 214 seconds at Tue Sep  6 19:05:36 2022 -- 213.76  2.75  0.00  0.00 -- ce5453dd-d746-436b-abee-58d0463d0b1e
