# UMI-tools version: 1.1.2
# output generated by dedup --stdin=./raw_bam/LIB056594_TRA00243979_S9_R1_001_TSO20_OFF3_starAligned.sortedByCoord.out.bam --log=./deduplicated_bam/LIB056594_TRA00243979_S9_R1_001_TSO20_OFF3_dedup.log --output-stats=./deduplicated_bam/LIB056594_TRA00243979_S9_R1_001_TSO20_OFF3
# job started at Tue Sep  6 18:27:04 2022 on compute-a-17-63.o2.rc.hms.harvard.edu -- 72fc5412-c2a3-477c-907d-35fa75e4048c
# pid: 7321, system: Linux 3.10.0-1160.45.1.el7.x86_64 #1 SMP Wed Oct 13 17:20:51 UTC 2021 x86_64
# assigned_tag                            : None
# cell_tag                                : None
# cell_tag_delim                          : None
# cell_tag_split                          : -
# chimeric_pairs                          : use
# chrom                                   : None
# compresslevel                           : 6
# detection_method                        : None
# filter_umi                              : None
# gene_tag                                : None
# gene_transcript_map                     : None
# get_umi_method                          : read_id
# ignore_tlen                             : False
# ignore_umi                              : False
# in_sam                                  : False
# log2stderr                              : False
# loglevel                                : 1
# mapping_quality                         : 0
# method                                  : directional
# no_sort_output                          : False
# out_sam                                 : False
# output_unmapped                         : False
# paired                                  : False
# per_cell                                : False
# per_contig                              : False
# per_gene                                : False
# random_seed                             : None
# read_length                             : False
# short_help                              : None
# skip_regex                              : ^(__|Unassigned)
# soft_clip_threshold                     : 4
# spliced                                 : False
# stats                                   : ./deduplicated_bam/LIB056594_TRA00243979_S9_R1_001_TSO20_OFF3
# stderr                                  : <_io.TextIOWrapper name='<stderr>' mode='w' encoding='utf-8'>
# stdin                                   : <_io.TextIOWrapper name='./raw_bam/LIB056594_TRA00243979_S9_R1_001_TSO20_OFF3_starAligned.sortedByCoord.out.bam' mode='r' encoding='UTF-8'>
# stdlog                                  : <_io.TextIOWrapper name='./deduplicated_bam/LIB056594_TRA00243979_S9_R1_001_TSO20_OFF3_dedup.log' mode='a' encoding='UTF-8'>
# stdout                                  : <_io.TextIOWrapper name='<stdout>' mode='w' encoding='utf-8'>
# subset                                  : None
# threshold                               : 1
# timeit_file                             : None
# timeit_header                           : None
# timeit_name                             : all
# tmpdir                                  : None
# umi_sep                                 : _
# umi_tag                                 : RX
# umi_tag_delim                           : None
# umi_tag_split                           : None
# umi_whitelist                           : None
# umi_whitelist_paired                    : None
# unmapped_reads                          : discard
# unpaired_reads                          : use
# whole_contig                            : False
2022-09-06 18:27:04,853 INFO command: dedup --stdin=./raw_bam/LIB056594_TRA00243979_S9_R1_001_TSO20_OFF3_starAligned.sortedByCoord.out.bam --log=./deduplicated_bam/LIB056594_TRA00243979_S9_R1_001_TSO20_OFF3_dedup.log --output-stats=./deduplicated_bam/LIB056594_TRA00243979_S9_R1_001_TSO20_OFF3
2022-09-06 18:27:16,525 INFO total_umis 5025421
2022-09-06 18:27:16,525 INFO #umis 1019
2022-09-06 18:27:22,662 INFO Written out 100000 reads
2022-09-06 18:27:28,172 INFO Written out 200000 reads
2022-09-06 18:27:33,998 INFO Written out 300000 reads
2022-09-06 18:27:40,154 INFO Written out 400000 reads
2022-09-06 18:27:46,046 INFO Written out 500000 reads
2022-09-06 18:27:51,970 INFO Parsed 1000000 input reads
2022-09-06 18:27:52,208 INFO Written out 600000 reads
2022-09-06 18:27:58,121 INFO Written out 700000 reads
2022-09-06 18:28:04,579 INFO Written out 800000 reads
2022-09-06 18:28:10,139 INFO Written out 900000 reads
2022-09-06 18:28:16,221 INFO Written out 1000000 reads
2022-09-06 18:28:22,940 INFO Written out 1100000 reads
2022-09-06 18:28:27,970 INFO Parsed 2000000 input reads
2022-09-06 18:28:28,886 INFO Written out 1200000 reads
2022-09-06 18:28:34,457 INFO Written out 1300000 reads
2022-09-06 18:28:40,426 INFO Written out 1400000 reads
2022-09-06 18:28:46,271 INFO Written out 1500000 reads
2022-09-06 18:28:52,081 INFO Written out 1600000 reads
2022-09-06 18:28:57,952 INFO Written out 1700000 reads
2022-09-06 18:29:03,552 INFO Parsed 3000000 input reads
2022-09-06 18:29:03,719 INFO Written out 1800000 reads
2022-09-06 18:29:09,449 INFO Written out 1900000 reads
2022-09-06 18:29:15,024 INFO Written out 2000000 reads
2022-09-06 18:29:20,337 INFO Written out 2100000 reads
2022-09-06 18:29:25,546 INFO Written out 2200000 reads
2022-09-06 18:29:31,815 INFO Written out 2300000 reads
2022-09-06 18:29:38,520 INFO Written out 2400000 reads
2022-09-06 18:29:39,879 INFO Parsed 4000000 input reads
2022-09-06 18:29:44,670 INFO Written out 2500000 reads
2022-09-06 18:29:51,036 INFO Written out 2600000 reads
2022-09-06 18:29:57,733 INFO Written out 2700000 reads
2022-09-06 18:30:10,965 INFO Written out 2800000 reads
2022-09-06 18:30:18,162 INFO Parsed 5000000 input reads
2022-09-06 18:30:18,352 INFO Written out 2900000 reads
2022-09-06 18:30:36,738 INFO Reads: Input Reads: 5025421
2022-09-06 18:30:36,739 INFO Number of reads out: 2906996
2022-09-06 18:30:36,739 INFO Total number of positions deduplicated: 1305585
2022-09-06 18:30:36,739 INFO Mean number of unique UMIs per position: 3.04
2022-09-06 18:30:36,739 INFO Max. number of unique UMIs per position: 771
# job finished in 211 seconds at Tue Sep  6 18:30:36 2022 -- 210.66  3.07  0.00  0.00 -- 72fc5412-c2a3-477c-907d-35fa75e4048c
