# UMI-tools version: 1.1.2
# output generated by dedup --stdin=./raw_bam/LIB056594_TRA00243974_S4_R1_001_TSO24_OFF3_starAligned.sortedByCoord.out.bam --log=./deduplicated_bam/LIB056594_TRA00243974_S4_R1_001_TSO24_OFF3_dedup.log --output-stats=./deduplicated_bam/LIB056594_TRA00243974_S4_R1_001_TSO24_OFF3
# job started at Tue Sep  6 18:37:57 2022 on compute-e-16-209.o2.rc.hms.harvard.edu -- 639c3b48-959d-43b1-ac21-8e16e5823d98
# pid: 13054, system: Linux 3.10.0-1160.71.1.el7.x86_64 #1 SMP Tue Jun 28 15:37:28 UTC 2022 x86_64
# assigned_tag                            : None
# cell_tag                                : None
# cell_tag_delim                          : None
# cell_tag_split                          : -
# chimeric_pairs                          : use
# chrom                                   : None
# compresslevel                           : 6
# detection_method                        : None
# filter_umi                              : None
# gene_tag                                : None
# gene_transcript_map                     : None
# get_umi_method                          : read_id
# ignore_tlen                             : False
# ignore_umi                              : False
# in_sam                                  : False
# log2stderr                              : False
# loglevel                                : 1
# mapping_quality                         : 0
# method                                  : directional
# no_sort_output                          : False
# out_sam                                 : False
# output_unmapped                         : False
# paired                                  : False
# per_cell                                : False
# per_contig                              : False
# per_gene                                : False
# random_seed                             : None
# read_length                             : False
# short_help                              : None
# skip_regex                              : ^(__|Unassigned)
# soft_clip_threshold                     : 4
# spliced                                 : False
# stats                                   : ./deduplicated_bam/LIB056594_TRA00243974_S4_R1_001_TSO24_OFF3
# stderr                                  : <_io.TextIOWrapper name='<stderr>' mode='w' encoding='utf-8'>
# stdin                                   : <_io.TextIOWrapper name='./raw_bam/LIB056594_TRA00243974_S4_R1_001_TSO24_OFF3_starAligned.sortedByCoord.out.bam' mode='r' encoding='UTF-8'>
# stdlog                                  : <_io.TextIOWrapper name='./deduplicated_bam/LIB056594_TRA00243974_S4_R1_001_TSO24_OFF3_dedup.log' mode='a' encoding='UTF-8'>
# stdout                                  : <_io.TextIOWrapper name='<stdout>' mode='w' encoding='utf-8'>
# subset                                  : None
# threshold                               : 1
# timeit_file                             : None
# timeit_header                           : None
# timeit_name                             : all
# tmpdir                                  : None
# umi_sep                                 : _
# umi_tag                                 : RX
# umi_tag_delim                           : None
# umi_tag_split                           : None
# umi_whitelist                           : None
# umi_whitelist_paired                    : None
# unmapped_reads                          : discard
# unpaired_reads                          : use
# whole_contig                            : False
2022-09-06 18:37:57,806 INFO command: dedup --stdin=./raw_bam/LIB056594_TRA00243974_S4_R1_001_TSO24_OFF3_starAligned.sortedByCoord.out.bam --log=./deduplicated_bam/LIB056594_TRA00243974_S4_R1_001_TSO24_OFF3_dedup.log --output-stats=./deduplicated_bam/LIB056594_TRA00243974_S4_R1_001_TSO24_OFF3
2022-09-06 18:38:06,483 INFO total_umis 4425442
2022-09-06 18:38:06,484 INFO #umis 1025
2022-09-06 18:38:11,535 INFO Written out 100000 reads
2022-09-06 18:38:16,117 INFO Written out 200000 reads
2022-09-06 18:38:20,901 INFO Written out 300000 reads
2022-09-06 18:38:25,732 INFO Written out 400000 reads
2022-09-06 18:38:30,813 INFO Written out 500000 reads
2022-09-06 18:38:35,651 INFO Written out 600000 reads
2022-09-06 18:38:37,826 INFO Parsed 1000000 input reads
2022-09-06 18:38:41,200 INFO Written out 700000 reads
2022-09-06 18:38:45,767 INFO Written out 800000 reads
2022-09-06 18:38:50,654 INFO Written out 900000 reads
2022-09-06 18:38:55,981 INFO Written out 1000000 reads
2022-09-06 18:39:01,150 INFO Written out 1100000 reads
2022-09-06 18:39:06,018 INFO Written out 1200000 reads
2022-09-06 18:39:10,047 INFO Parsed 2000000 input reads
2022-09-06 18:39:11,270 INFO Written out 1300000 reads
2022-09-06 18:39:16,115 INFO Written out 1400000 reads
2022-09-06 18:39:21,103 INFO Written out 1500000 reads
2022-09-06 18:39:26,236 INFO Written out 1600000 reads
2022-09-06 18:39:31,039 INFO Written out 1700000 reads
2022-09-06 18:39:35,985 INFO Written out 1800000 reads
2022-09-06 18:39:40,500 INFO Written out 1900000 reads
2022-09-06 18:39:41,770 INFO Parsed 3000000 input reads
2022-09-06 18:39:44,721 INFO Written out 2000000 reads
2022-09-06 18:39:49,819 INFO Written out 2100000 reads
2022-09-06 18:39:55,737 INFO Written out 2200000 reads
2022-09-06 18:40:00,985 INFO Written out 2300000 reads
2022-09-06 18:40:06,542 INFO Written out 2400000 reads
2022-09-06 18:40:12,030 INFO Written out 2500000 reads
2022-09-06 18:40:16,948 INFO Parsed 4000000 input reads
2022-09-06 18:40:20,468 INFO Written out 2600000 reads
2022-09-06 18:40:26,851 INFO Written out 2700000 reads
2022-09-06 18:40:42,413 INFO Reads: Input Reads: 4425442
2022-09-06 18:40:42,413 INFO Number of reads out: 2715550
2022-09-06 18:40:42,413 INFO Total number of positions deduplicated: 1191220
2022-09-06 18:40:42,413 INFO Mean number of unique UMIs per position: 2.98
2022-09-06 18:40:42,413 INFO Max. number of unique UMIs per position: 896
# job finished in 164 seconds at Tue Sep  6 18:40:42 2022 -- 163.58  2.46  0.00  0.00 -- 639c3b48-959d-43b1-ac21-8e16e5823d98
