# UMI-tools version: 1.1.2
# output generated by dedup --stdin=./raw_bam/LIB056594_TRA00243991_S21_R1_001_TSO25_OFF0_starAligned.sortedByCoord.out.bam --log=./deduplicated_bam/LIB056594_TRA00243991_S21_R1_001_TSO25_OFF0_dedup.log --output-stats=./deduplicated_bam/LIB056594_TRA00243991_S21_R1_001_TSO25_OFF0
# job started at Tue Sep  6 18:48:41 2022 on compute-a-17-139.o2.rc.hms.harvard.edu -- 919a42b8-0a15-4c80-b315-ebcf936f3c99
# pid: 23004, system: Linux 3.10.0-1160.71.1.el7.x86_64 #1 SMP Tue Jun 28 15:37:28 UTC 2022 x86_64
# assigned_tag                            : None
# cell_tag                                : None
# cell_tag_delim                          : None
# cell_tag_split                          : -
# chimeric_pairs                          : use
# chrom                                   : None
# compresslevel                           : 6
# detection_method                        : None
# filter_umi                              : None
# gene_tag                                : None
# gene_transcript_map                     : None
# get_umi_method                          : read_id
# ignore_tlen                             : False
# ignore_umi                              : False
# in_sam                                  : False
# log2stderr                              : False
# loglevel                                : 1
# mapping_quality                         : 0
# method                                  : directional
# no_sort_output                          : False
# out_sam                                 : False
# output_unmapped                         : False
# paired                                  : False
# per_cell                                : False
# per_contig                              : False
# per_gene                                : False
# random_seed                             : None
# read_length                             : False
# short_help                              : None
# skip_regex                              : ^(__|Unassigned)
# soft_clip_threshold                     : 4
# spliced                                 : False
# stats                                   : ./deduplicated_bam/LIB056594_TRA00243991_S21_R1_001_TSO25_OFF0
# stderr                                  : <_io.TextIOWrapper name='<stderr>' mode='w' encoding='utf-8'>
# stdin                                   : <_io.TextIOWrapper name='./raw_bam/LIB056594_TRA00243991_S21_R1_001_TSO25_OFF0_starAligned.sortedByCoord.out.bam' mode='r' encoding='UTF-8'>
# stdlog                                  : <_io.TextIOWrapper name='./deduplicated_bam/LIB056594_TRA00243991_S21_R1_001_TSO25_OFF0_dedup.log' mode='a' encoding='UTF-8'>
# stdout                                  : <_io.TextIOWrapper name='<stdout>' mode='w' encoding='utf-8'>
# subset                                  : None
# threshold                               : 1
# timeit_file                             : None
# timeit_header                           : None
# timeit_name                             : all
# tmpdir                                  : None
# umi_sep                                 : _
# umi_tag                                 : RX
# umi_tag_delim                           : None
# umi_tag_split                           : None
# umi_whitelist                           : None
# umi_whitelist_paired                    : None
# unmapped_reads                          : discard
# unpaired_reads                          : use
# whole_contig                            : False
2022-09-06 18:48:41,270 INFO command: dedup --stdin=./raw_bam/LIB056594_TRA00243991_S21_R1_001_TSO25_OFF0_starAligned.sortedByCoord.out.bam --log=./deduplicated_bam/LIB056594_TRA00243991_S21_R1_001_TSO25_OFF0_dedup.log --output-stats=./deduplicated_bam/LIB056594_TRA00243991_S21_R1_001_TSO25_OFF0
2022-09-06 18:48:51,048 INFO total_umis 4297070
2022-09-06 18:48:51,049 INFO #umis 1030
2022-09-06 18:48:56,791 INFO Written out 100000 reads
2022-09-06 18:49:02,121 INFO Written out 200000 reads
2022-09-06 18:49:07,320 INFO Written out 300000 reads
2022-09-06 18:49:12,699 INFO Written out 400000 reads
2022-09-06 18:49:18,009 INFO Written out 500000 reads
2022-09-06 18:49:23,303 INFO Written out 600000 reads
2022-09-06 18:49:27,107 INFO Parsed 1000000 input reads
2022-09-06 18:49:29,317 INFO Written out 700000 reads
2022-09-06 18:49:34,062 INFO Written out 800000 reads
2022-09-06 18:49:39,765 INFO Written out 900000 reads
2022-09-06 18:49:45,815 INFO Written out 1000000 reads
2022-09-06 18:49:51,050 INFO Written out 1100000 reads
2022-09-06 18:49:56,487 INFO Written out 1200000 reads
2022-09-06 18:50:02,372 INFO Written out 1300000 reads
2022-09-06 18:50:04,001 INFO Parsed 2000000 input reads
2022-09-06 18:50:07,844 INFO Written out 1400000 reads
2022-09-06 18:50:13,219 INFO Written out 1500000 reads
2022-09-06 18:50:18,039 INFO Written out 1600000 reads
2022-09-06 18:50:23,624 INFO Written out 1700000 reads
2022-09-06 18:50:28,926 INFO Written out 1800000 reads
2022-09-06 18:50:34,477 INFO Written out 1900000 reads
2022-09-06 18:50:39,418 INFO Written out 2000000 reads
2022-09-06 18:50:40,199 INFO Parsed 3000000 input reads
2022-09-06 18:50:44,351 INFO Written out 2100000 reads
2022-09-06 18:50:49,781 INFO Written out 2200000 reads
2022-09-06 18:50:56,220 INFO Written out 2300000 reads
2022-09-06 18:51:02,085 INFO Written out 2400000 reads
2022-09-06 18:51:07,645 INFO Written out 2500000 reads
2022-09-06 18:51:16,883 INFO Written out 2600000 reads
2022-09-06 18:51:19,368 INFO Parsed 4000000 input reads
2022-09-06 18:51:22,265 INFO Written out 2700000 reads
2022-09-06 18:51:44,926 INFO Reads: Input Reads: 4297070
2022-09-06 18:51:44,927 INFO Number of reads out: 2780401
2022-09-06 18:51:44,927 INFO Total number of positions deduplicated: 1299712
2022-09-06 18:51:44,927 INFO Mean number of unique UMIs per position: 2.76
2022-09-06 18:51:44,927 INFO Max. number of unique UMIs per position: 709
# job finished in 183 seconds at Tue Sep  6 18:51:44 2022 -- 182.78  2.55  0.00  0.00 -- 919a42b8-0a15-4c80-b315-ebcf936f3c99
