# UMI-tools version: 1.1.2
# output generated by dedup --stdin=./raw_bam/LIB056594_TRA00243991_S21_R1_001_TSO01_OFF0_starAligned.sortedByCoord.out.bam --log=./deduplicated_bam/LIB056594_TRA00243991_S21_R1_001_TSO01_OFF0_dedup.log --output-stats=./deduplicated_bam/LIB056594_TRA00243991_S21_R1_001_TSO01_OFF0
# job started at Tue Sep  6 18:09:54 2022 on compute-a-17-139.o2.rc.hms.harvard.edu -- 637ff8a5-389d-490b-993d-b883c2bf6b6f
# pid: 4137, system: Linux 3.10.0-1160.71.1.el7.x86_64 #1 SMP Tue Jun 28 15:37:28 UTC 2022 x86_64
# assigned_tag                            : None
# cell_tag                                : None
# cell_tag_delim                          : None
# cell_tag_split                          : -
# chimeric_pairs                          : use
# chrom                                   : None
# compresslevel                           : 6
# detection_method                        : None
# filter_umi                              : None
# gene_tag                                : None
# gene_transcript_map                     : None
# get_umi_method                          : read_id
# ignore_tlen                             : False
# ignore_umi                              : False
# in_sam                                  : False
# log2stderr                              : False
# loglevel                                : 1
# mapping_quality                         : 0
# method                                  : directional
# no_sort_output                          : False
# out_sam                                 : False
# output_unmapped                         : False
# paired                                  : False
# per_cell                                : False
# per_contig                              : False
# per_gene                                : False
# random_seed                             : None
# read_length                             : False
# short_help                              : None
# skip_regex                              : ^(__|Unassigned)
# soft_clip_threshold                     : 4
# spliced                                 : False
# stats                                   : ./deduplicated_bam/LIB056594_TRA00243991_S21_R1_001_TSO01_OFF0
# stderr                                  : <_io.TextIOWrapper name='<stderr>' mode='w' encoding='utf-8'>
# stdin                                   : <_io.TextIOWrapper name='./raw_bam/LIB056594_TRA00243991_S21_R1_001_TSO01_OFF0_starAligned.sortedByCoord.out.bam' mode='r' encoding='UTF-8'>
# stdlog                                  : <_io.TextIOWrapper name='./deduplicated_bam/LIB056594_TRA00243991_S21_R1_001_TSO01_OFF0_dedup.log' mode='a' encoding='UTF-8'>
# stdout                                  : <_io.TextIOWrapper name='<stdout>' mode='w' encoding='utf-8'>
# subset                                  : None
# threshold                               : 1
# timeit_file                             : None
# timeit_header                           : None
# timeit_name                             : all
# tmpdir                                  : None
# umi_sep                                 : _
# umi_tag                                 : RX
# umi_tag_delim                           : None
# umi_tag_split                           : None
# umi_whitelist                           : None
# umi_whitelist_paired                    : None
# unmapped_reads                          : discard
# unpaired_reads                          : use
# whole_contig                            : False
2022-09-06 18:09:54,229 INFO command: dedup --stdin=./raw_bam/LIB056594_TRA00243991_S21_R1_001_TSO01_OFF0_starAligned.sortedByCoord.out.bam --log=./deduplicated_bam/LIB056594_TRA00243991_S21_R1_001_TSO01_OFF0_dedup.log --output-stats=./deduplicated_bam/LIB056594_TRA00243991_S21_R1_001_TSO01_OFF0
2022-09-06 18:10:03,450 INFO total_umis 3983586
2022-09-06 18:10:03,450 INFO #umis 1036
2022-09-06 18:10:08,933 INFO Written out 100000 reads
2022-09-06 18:10:14,123 INFO Written out 200000 reads
2022-09-06 18:10:19,226 INFO Written out 300000 reads
2022-09-06 18:10:24,391 INFO Written out 400000 reads
2022-09-06 18:10:29,866 INFO Written out 500000 reads
2022-09-06 18:10:35,013 INFO Written out 600000 reads
2022-09-06 18:10:40,143 INFO Parsed 1000000 input reads
2022-09-06 18:10:40,941 INFO Written out 700000 reads
2022-09-06 18:10:45,812 INFO Written out 800000 reads
2022-09-06 18:10:51,496 INFO Written out 900000 reads
2022-09-06 18:10:57,366 INFO Written out 1000000 reads
2022-09-06 18:11:02,315 INFO Written out 1100000 reads
2022-09-06 18:11:07,540 INFO Written out 1200000 reads
2022-09-06 18:11:13,147 INFO Written out 1300000 reads
2022-09-06 18:11:17,216 INFO Parsed 2000000 input reads
2022-09-06 18:11:18,553 INFO Written out 1400000 reads
2022-09-06 18:11:23,802 INFO Written out 1500000 reads
2022-09-06 18:11:28,579 INFO Written out 1600000 reads
2022-09-06 18:11:33,898 INFO Written out 1700000 reads
2022-09-06 18:11:39,180 INFO Written out 1800000 reads
2022-09-06 18:11:44,406 INFO Written out 1900000 reads
2022-09-06 18:11:49,325 INFO Written out 2000000 reads
2022-09-06 18:11:53,746 INFO Parsed 3000000 input reads
2022-09-06 18:11:54,354 INFO Written out 2100000 reads
2022-09-06 18:11:59,865 INFO Written out 2200000 reads
2022-09-06 18:12:06,532 INFO Written out 2300000 reads
2022-09-06 18:12:12,094 INFO Written out 2400000 reads
2022-09-06 18:12:17,226 INFO Written out 2500000 reads
2022-09-06 18:12:23,550 INFO Written out 2600000 reads
2022-09-06 18:12:28,783 INFO Written out 2700000 reads
2022-09-06 18:12:45,966 INFO Reads: Input Reads: 3983586
2022-09-06 18:12:45,967 INFO Number of reads out: 2713667
2022-09-06 18:12:45,967 INFO Total number of positions deduplicated: 1307344
2022-09-06 18:12:45,967 INFO Mean number of unique UMIs per position: 2.60
2022-09-06 18:12:45,967 INFO Max. number of unique UMIs per position: 739
# job finished in 171 seconds at Tue Sep  6 18:12:45 2022 -- 171.08  2.73  0.00  0.00 -- 637ff8a5-389d-490b-993d-b883c2bf6b6f
