# UMI-tools version: 1.1.2
# output generated by dedup --stdin=./raw_bam/LIB056594_TRA00243979_S9_R1_001_TSO18_OFF3_starAligned.sortedByCoord.out.bam --log=./deduplicated_bam/LIB056594_TRA00243979_S9_R1_001_TSO18_OFF3_dedup.log --output-stats=./deduplicated_bam/LIB056594_TRA00243979_S9_R1_001_TSO18_OFF3
# job started at Tue Sep  6 18:20:35 2022 on compute-a-17-63.o2.rc.hms.harvard.edu -- 742f56d0-e6db-4b37-9eef-e9b0c9c00324
# pid: 4726, system: Linux 3.10.0-1160.45.1.el7.x86_64 #1 SMP Wed Oct 13 17:20:51 UTC 2021 x86_64
# assigned_tag                            : None
# cell_tag                                : None
# cell_tag_delim                          : None
# cell_tag_split                          : -
# chimeric_pairs                          : use
# chrom                                   : None
# compresslevel                           : 6
# detection_method                        : None
# filter_umi                              : None
# gene_tag                                : None
# gene_transcript_map                     : None
# get_umi_method                          : read_id
# ignore_tlen                             : False
# ignore_umi                              : False
# in_sam                                  : False
# log2stderr                              : False
# loglevel                                : 1
# mapping_quality                         : 0
# method                                  : directional
# no_sort_output                          : False
# out_sam                                 : False
# output_unmapped                         : False
# paired                                  : False
# per_cell                                : False
# per_contig                              : False
# per_gene                                : False
# random_seed                             : None
# read_length                             : False
# short_help                              : None
# skip_regex                              : ^(__|Unassigned)
# soft_clip_threshold                     : 4
# spliced                                 : False
# stats                                   : ./deduplicated_bam/LIB056594_TRA00243979_S9_R1_001_TSO18_OFF3
# stderr                                  : <_io.TextIOWrapper name='<stderr>' mode='w' encoding='utf-8'>
# stdin                                   : <_io.TextIOWrapper name='./raw_bam/LIB056594_TRA00243979_S9_R1_001_TSO18_OFF3_starAligned.sortedByCoord.out.bam' mode='r' encoding='UTF-8'>
# stdlog                                  : <_io.TextIOWrapper name='./deduplicated_bam/LIB056594_TRA00243979_S9_R1_001_TSO18_OFF3_dedup.log' mode='a' encoding='UTF-8'>
# stdout                                  : <_io.TextIOWrapper name='<stdout>' mode='w' encoding='utf-8'>
# subset                                  : None
# threshold                               : 1
# timeit_file                             : None
# timeit_header                           : None
# timeit_name                             : all
# tmpdir                                  : None
# umi_sep                                 : _
# umi_tag                                 : RX
# umi_tag_delim                           : None
# umi_tag_split                           : None
# umi_whitelist                           : None
# umi_whitelist_paired                    : None
# unmapped_reads                          : discard
# unpaired_reads                          : use
# whole_contig                            : False
2022-09-06 18:20:35,092 INFO command: dedup --stdin=./raw_bam/LIB056594_TRA00243979_S9_R1_001_TSO18_OFF3_starAligned.sortedByCoord.out.bam --log=./deduplicated_bam/LIB056594_TRA00243979_S9_R1_001_TSO18_OFF3_dedup.log --output-stats=./deduplicated_bam/LIB056594_TRA00243979_S9_R1_001_TSO18_OFF3
2022-09-06 18:20:47,427 INFO total_umis 5489471
2022-09-06 18:20:47,428 INFO #umis 1024
2022-09-06 18:20:53,562 INFO Written out 100000 reads
2022-09-06 18:20:59,183 INFO Written out 200000 reads
2022-09-06 18:21:04,923 INFO Written out 300000 reads
2022-09-06 18:21:11,085 INFO Written out 400000 reads
2022-09-06 18:21:17,288 INFO Written out 500000 reads
2022-09-06 18:21:23,391 INFO Parsed 1000000 input reads
2022-09-06 18:21:23,447 INFO Written out 600000 reads
2022-09-06 18:21:29,474 INFO Written out 700000 reads
2022-09-06 18:21:35,942 INFO Written out 800000 reads
2022-09-06 18:21:42,302 INFO Written out 900000 reads
2022-09-06 18:21:47,873 INFO Written out 1000000 reads
2022-09-06 18:21:54,084 INFO Written out 1100000 reads
2022-09-06 18:22:00,371 INFO Parsed 2000000 input reads
2022-09-06 18:22:01,050 INFO Written out 1200000 reads
2022-09-06 18:22:07,162 INFO Written out 1300000 reads
2022-09-06 18:22:13,235 INFO Written out 1400000 reads
2022-09-06 18:22:19,182 INFO Written out 1500000 reads
2022-09-06 18:22:25,376 INFO Written out 1600000 reads
2022-09-06 18:22:31,094 INFO Written out 1700000 reads
2022-09-06 18:22:37,230 INFO Written out 1800000 reads
2022-09-06 18:22:37,430 INFO Parsed 3000000 input reads
2022-09-06 18:22:43,469 INFO Written out 1900000 reads
2022-09-06 18:22:49,435 INFO Written out 2000000 reads
2022-09-06 18:22:55,412 INFO Written out 2100000 reads
2022-09-06 18:23:01,248 INFO Written out 2200000 reads
2022-09-06 18:23:06,647 INFO Written out 2300000 reads
2022-09-06 18:23:11,931 INFO Written out 2400000 reads
2022-09-06 18:23:14,276 INFO Parsed 4000000 input reads
2022-09-06 18:23:18,476 INFO Written out 2500000 reads
2022-09-06 18:23:24,631 INFO Written out 2600000 reads
2022-09-06 18:23:31,125 INFO Written out 2700000 reads
2022-09-06 18:23:38,319 INFO Written out 2800000 reads
2022-09-06 18:23:44,913 INFO Written out 2900000 reads
2022-09-06 18:23:57,353 INFO Written out 3000000 reads
2022-09-06 18:23:57,764 INFO Parsed 5000000 input reads
2022-09-06 18:24:04,557 INFO Written out 3100000 reads
2022-09-06 18:24:12,325 INFO Written out 3200000 reads
2022-09-06 18:24:32,759 INFO Reads: Input Reads: 5489471
2022-09-06 18:24:32,759 INFO Number of reads out: 3201396
2022-09-06 18:24:32,759 INFO Total number of positions deduplicated: 1384076
2022-09-06 18:24:32,759 INFO Mean number of unique UMIs per position: 3.14
2022-09-06 18:24:32,759 INFO Max. number of unique UMIs per position: 835
# job finished in 237 seconds at Tue Sep  6 18:24:32 2022 -- 235.60  3.70  0.00  0.00 -- 742f56d0-e6db-4b37-9eef-e9b0c9c00324
