# UMI-tools version: 1.1.2
# output generated by dedup --stdin=./raw_bam/LIB056594_TRA00243971_S1_R1_001_TSO25_OFF0_starAligned.sortedByCoord.out.bam --log=./deduplicated_bam/LIB056594_TRA00243971_S1_R1_001_TSO25_OFF0_dedup.log --output-stats=./deduplicated_bam/LIB056594_TRA00243971_S1_R1_001_TSO25_OFF0
# job started at Tue Sep  6 18:42:24 2022 on compute-a-16-165.o2.rc.hms.harvard.edu -- ed210e16-dc80-4877-8e98-a96f4b305abf
# pid: 19654, system: Linux 3.10.0-1160.76.1.el7.x86_64 #1 SMP Wed Aug 10 16:21:17 UTC 2022 x86_64
# assigned_tag                            : None
# cell_tag                                : None
# cell_tag_delim                          : None
# cell_tag_split                          : -
# chimeric_pairs                          : use
# chrom                                   : None
# compresslevel                           : 6
# detection_method                        : None
# filter_umi                              : None
# gene_tag                                : None
# gene_transcript_map                     : None
# get_umi_method                          : read_id
# ignore_tlen                             : False
# ignore_umi                              : False
# in_sam                                  : False
# log2stderr                              : False
# loglevel                                : 1
# mapping_quality                         : 0
# method                                  : directional
# no_sort_output                          : False
# out_sam                                 : False
# output_unmapped                         : False
# paired                                  : False
# per_cell                                : False
# per_contig                              : False
# per_gene                                : False
# random_seed                             : None
# read_length                             : False
# short_help                              : None
# skip_regex                              : ^(__|Unassigned)
# soft_clip_threshold                     : 4
# spliced                                 : False
# stats                                   : ./deduplicated_bam/LIB056594_TRA00243971_S1_R1_001_TSO25_OFF0
# stderr                                  : <_io.TextIOWrapper name='<stderr>' mode='w' encoding='utf-8'>
# stdin                                   : <_io.TextIOWrapper name='./raw_bam/LIB056594_TRA00243971_S1_R1_001_TSO25_OFF0_starAligned.sortedByCoord.out.bam' mode='r' encoding='UTF-8'>
# stdlog                                  : <_io.TextIOWrapper name='./deduplicated_bam/LIB056594_TRA00243971_S1_R1_001_TSO25_OFF0_dedup.log' mode='a' encoding='UTF-8'>
# stdout                                  : <_io.TextIOWrapper name='<stdout>' mode='w' encoding='utf-8'>
# subset                                  : None
# threshold                               : 1
# timeit_file                             : None
# timeit_header                           : None
# timeit_name                             : all
# tmpdir                                  : None
# umi_sep                                 : _
# umi_tag                                 : RX
# umi_tag_delim                           : None
# umi_tag_split                           : None
# umi_whitelist                           : None
# umi_whitelist_paired                    : None
# unmapped_reads                          : discard
# unpaired_reads                          : use
# whole_contig                            : False
2022-09-06 18:42:24,949 INFO command: dedup --stdin=./raw_bam/LIB056594_TRA00243971_S1_R1_001_TSO25_OFF0_starAligned.sortedByCoord.out.bam --log=./deduplicated_bam/LIB056594_TRA00243971_S1_R1_001_TSO25_OFF0_dedup.log --output-stats=./deduplicated_bam/LIB056594_TRA00243971_S1_R1_001_TSO25_OFF0
2022-09-06 18:42:34,501 INFO total_umis 4197893
2022-09-06 18:42:34,501 INFO #umis 1032
2022-09-06 18:42:40,531 INFO Written out 100000 reads
2022-09-06 18:42:46,000 INFO Written out 200000 reads
2022-09-06 18:42:51,577 INFO Written out 300000 reads
2022-09-06 18:42:57,026 INFO Written out 400000 reads
2022-09-06 18:43:03,033 INFO Written out 500000 reads
2022-09-06 18:43:08,536 INFO Written out 600000 reads
2022-09-06 18:43:11,141 INFO Parsed 1000000 input reads
2022-09-06 18:43:14,262 INFO Written out 700000 reads
2022-09-06 18:43:19,418 INFO Written out 800000 reads
2022-09-06 18:43:25,826 INFO Written out 900000 reads
2022-09-06 18:43:31,825 INFO Written out 1000000 reads
2022-09-06 18:43:37,603 INFO Written out 1100000 reads
2022-09-06 18:43:43,721 INFO Written out 1200000 reads
2022-09-06 18:43:48,729 INFO Parsed 2000000 input reads
2022-09-06 18:43:49,766 INFO Written out 1300000 reads
2022-09-06 18:43:55,231 INFO Written out 1400000 reads
2022-09-06 18:44:00,423 INFO Written out 1500000 reads
2022-09-06 18:44:06,219 INFO Written out 1600000 reads
2022-09-06 18:44:11,741 INFO Written out 1700000 reads
2022-09-06 18:44:17,621 INFO Written out 1800000 reads
2022-09-06 18:44:22,785 INFO Written out 1900000 reads
2022-09-06 18:44:25,570 INFO Parsed 3000000 input reads
2022-09-06 18:44:28,015 INFO Written out 2000000 reads
2022-09-06 18:44:34,209 INFO Written out 2100000 reads
2022-09-06 18:44:40,815 INFO Written out 2200000 reads
2022-09-06 18:44:46,642 INFO Written out 2300000 reads
2022-09-06 18:44:52,388 INFO Written out 2400000 reads
2022-09-06 18:45:02,237 INFO Written out 2500000 reads
2022-09-06 18:45:04,408 INFO Parsed 4000000 input reads
2022-09-06 18:45:08,485 INFO Written out 2600000 reads
2022-09-06 18:45:26,867 INFO Reads: Input Reads: 4197893
2022-09-06 18:45:26,868 INFO Number of reads out: 2632256
2022-09-06 18:45:26,868 INFO Total number of positions deduplicated: 1233945
2022-09-06 18:45:26,868 INFO Mean number of unique UMIs per position: 2.78
2022-09-06 18:45:26,868 INFO Max. number of unique UMIs per position: 742
# job finished in 181 seconds at Tue Sep  6 18:45:26 2022 -- 180.22  2.81  0.00  0.00 -- ed210e16-dc80-4877-8e98-a96f4b305abf
