# UMI-tools version: 1.1.2
# output generated by dedup --stdin=./raw_bam/LIB056594_TRA00243973_S3_R1_001_TSO25_OFF0_starAligned.sortedByCoord.out.bam --log=./deduplicated_bam/LIB056594_TRA00243973_S3_R1_001_TSO25_OFF0_dedup.log --output-stats=./deduplicated_bam/LIB056594_TRA00243973_S3_R1_001_TSO25_OFF0
# job started at Tue Sep  6 18:28:53 2022 on compute-e-16-206.o2.rc.hms.harvard.edu -- a9e66d43-9f30-4153-b160-7c277255e207
# pid: 29089, system: Linux 3.10.0-1160.76.1.el7.x86_64 #1 SMP Wed Aug 10 16:21:17 UTC 2022 x86_64
# assigned_tag                            : None
# cell_tag                                : None
# cell_tag_delim                          : None
# cell_tag_split                          : -
# chimeric_pairs                          : use
# chrom                                   : None
# compresslevel                           : 6
# detection_method                        : None
# filter_umi                              : None
# gene_tag                                : None
# gene_transcript_map                     : None
# get_umi_method                          : read_id
# ignore_tlen                             : False
# ignore_umi                              : False
# in_sam                                  : False
# log2stderr                              : False
# loglevel                                : 1
# mapping_quality                         : 0
# method                                  : directional
# no_sort_output                          : False
# out_sam                                 : False
# output_unmapped                         : False
# paired                                  : False
# per_cell                                : False
# per_contig                              : False
# per_gene                                : False
# random_seed                             : None
# read_length                             : False
# short_help                              : None
# skip_regex                              : ^(__|Unassigned)
# soft_clip_threshold                     : 4
# spliced                                 : False
# stats                                   : ./deduplicated_bam/LIB056594_TRA00243973_S3_R1_001_TSO25_OFF0
# stderr                                  : <_io.TextIOWrapper name='<stderr>' mode='w' encoding='utf-8'>
# stdin                                   : <_io.TextIOWrapper name='./raw_bam/LIB056594_TRA00243973_S3_R1_001_TSO25_OFF0_starAligned.sortedByCoord.out.bam' mode='r' encoding='UTF-8'>
# stdlog                                  : <_io.TextIOWrapper name='./deduplicated_bam/LIB056594_TRA00243973_S3_R1_001_TSO25_OFF0_dedup.log' mode='a' encoding='UTF-8'>
# stdout                                  : <_io.TextIOWrapper name='<stdout>' mode='w' encoding='utf-8'>
# subset                                  : None
# threshold                               : 1
# timeit_file                             : None
# timeit_header                           : None
# timeit_name                             : all
# tmpdir                                  : None
# umi_sep                                 : _
# umi_tag                                 : RX
# umi_tag_delim                           : None
# umi_tag_split                           : None
# umi_whitelist                           : None
# umi_whitelist_paired                    : None
# unmapped_reads                          : discard
# unpaired_reads                          : use
# whole_contig                            : False
2022-09-06 18:28:53,573 INFO command: dedup --stdin=./raw_bam/LIB056594_TRA00243973_S3_R1_001_TSO25_OFF0_starAligned.sortedByCoord.out.bam --log=./deduplicated_bam/LIB056594_TRA00243973_S3_R1_001_TSO25_OFF0_dedup.log --output-stats=./deduplicated_bam/LIB056594_TRA00243973_S3_R1_001_TSO25_OFF0
2022-09-06 18:29:01,781 INFO total_umis 4192258
2022-09-06 18:29:01,782 INFO #umis 1027
2022-09-06 18:29:06,929 INFO Written out 100000 reads
2022-09-06 18:29:11,415 INFO Written out 200000 reads
2022-09-06 18:29:16,029 INFO Written out 300000 reads
2022-09-06 18:29:20,526 INFO Written out 400000 reads
2022-09-06 18:29:25,384 INFO Written out 500000 reads
2022-09-06 18:29:29,990 INFO Written out 600000 reads
2022-09-06 18:29:32,517 INFO Parsed 1000000 input reads
2022-09-06 18:29:34,748 INFO Written out 700000 reads
2022-09-06 18:29:39,047 INFO Written out 800000 reads
2022-09-06 18:29:44,352 INFO Written out 900000 reads
2022-09-06 18:29:49,251 INFO Written out 1000000 reads
2022-09-06 18:29:54,190 INFO Written out 1100000 reads
2022-09-06 18:29:59,318 INFO Written out 1200000 reads
2022-09-06 18:30:03,867 INFO Parsed 2000000 input reads
2022-09-06 18:30:04,078 INFO Written out 1300000 reads
2022-09-06 18:30:08,084 INFO Written out 1400000 reads
2022-09-06 18:30:12,217 INFO Written out 1500000 reads
2022-09-06 18:30:16,787 INFO Written out 1600000 reads
2022-09-06 18:30:21,054 INFO Written out 1700000 reads
2022-09-06 18:30:25,686 INFO Written out 1800000 reads
2022-09-06 18:30:29,832 INFO Written out 1900000 reads
2022-09-06 18:30:32,807 INFO Parsed 3000000 input reads
2022-09-06 18:30:34,005 INFO Written out 2000000 reads
2022-09-06 18:30:38,593 INFO Written out 2100000 reads
2022-09-06 18:30:43,918 INFO Written out 2200000 reads
2022-09-06 18:30:48,320 INFO Written out 2300000 reads
2022-09-06 18:30:52,700 INFO Written out 2400000 reads
2022-09-06 18:30:59,909 INFO Written out 2500000 reads
2022-09-06 18:31:03,144 INFO Parsed 4000000 input reads
2022-09-06 18:31:05,592 INFO Written out 2600000 reads
2022-09-06 18:31:21,202 INFO Reads: Input Reads: 4192258
2022-09-06 18:31:21,202 INFO Number of reads out: 2646908
2022-09-06 18:31:21,202 INFO Total number of positions deduplicated: 1238759
2022-09-06 18:31:21,202 INFO Mean number of unique UMIs per position: 2.77
2022-09-06 18:31:21,202 INFO Max. number of unique UMIs per position: 736
# job finished in 147 seconds at Tue Sep  6 18:31:21 2022 -- 146.76  2.20  0.00  0.00 -- a9e66d43-9f30-4153-b160-7c277255e207
