# UMI-tools version: 1.1.2
# output generated by dedup --stdin=./raw_bam/LIB056594_TRA00244003_S33_R1_001_TSO02_OFF3_starAligned.sortedByCoord.out.bam --log=./deduplicated_bam/LIB056594_TRA00244003_S33_R1_001_TSO02_OFF3_dedup.log --output-stats=./deduplicated_bam/LIB056594_TRA00244003_S33_R1_001_TSO02_OFF3
# job started at Tue Sep  6 18:28:00 2022 on compute-e-16-209.o2.rc.hms.harvard.edu -- 477e0071-4f12-4545-80ad-339adf604662
# pid: 10844, system: Linux 3.10.0-1160.71.1.el7.x86_64 #1 SMP Tue Jun 28 15:37:28 UTC 2022 x86_64
# assigned_tag                            : None
# cell_tag                                : None
# cell_tag_delim                          : None
# cell_tag_split                          : -
# chimeric_pairs                          : use
# chrom                                   : None
# compresslevel                           : 6
# detection_method                        : None
# filter_umi                              : None
# gene_tag                                : None
# gene_transcript_map                     : None
# get_umi_method                          : read_id
# ignore_tlen                             : False
# ignore_umi                              : False
# in_sam                                  : False
# log2stderr                              : False
# loglevel                                : 1
# mapping_quality                         : 0
# method                                  : directional
# no_sort_output                          : False
# out_sam                                 : False
# output_unmapped                         : False
# paired                                  : False
# per_cell                                : False
# per_contig                              : False
# per_gene                                : False
# random_seed                             : None
# read_length                             : False
# short_help                              : None
# skip_regex                              : ^(__|Unassigned)
# soft_clip_threshold                     : 4
# spliced                                 : False
# stats                                   : ./deduplicated_bam/LIB056594_TRA00244003_S33_R1_001_TSO02_OFF3
# stderr                                  : <_io.TextIOWrapper name='<stderr>' mode='w' encoding='utf-8'>
# stdin                                   : <_io.TextIOWrapper name='./raw_bam/LIB056594_TRA00244003_S33_R1_001_TSO02_OFF3_starAligned.sortedByCoord.out.bam' mode='r' encoding='UTF-8'>
# stdlog                                  : <_io.TextIOWrapper name='./deduplicated_bam/LIB056594_TRA00244003_S33_R1_001_TSO02_OFF3_dedup.log' mode='a' encoding='UTF-8'>
# stdout                                  : <_io.TextIOWrapper name='<stdout>' mode='w' encoding='utf-8'>
# subset                                  : None
# threshold                               : 1
# timeit_file                             : None
# timeit_header                           : None
# timeit_name                             : all
# tmpdir                                  : None
# umi_sep                                 : _
# umi_tag                                 : RX
# umi_tag_delim                           : None
# umi_tag_split                           : None
# umi_whitelist                           : None
# umi_whitelist_paired                    : None
# unmapped_reads                          : discard
# unpaired_reads                          : use
# whole_contig                            : False
2022-09-06 18:28:00,601 INFO command: dedup --stdin=./raw_bam/LIB056594_TRA00244003_S33_R1_001_TSO02_OFF3_starAligned.sortedByCoord.out.bam --log=./deduplicated_bam/LIB056594_TRA00244003_S33_R1_001_TSO02_OFF3_dedup.log --output-stats=./deduplicated_bam/LIB056594_TRA00244003_S33_R1_001_TSO02_OFF3
2022-09-06 18:28:06,029 INFO total_umis 2713417
2022-09-06 18:28:06,029 INFO #umis 1024
2022-09-06 18:28:10,265 INFO Written out 100000 reads
2022-09-06 18:28:14,519 INFO Written out 200000 reads
2022-09-06 18:28:18,805 INFO Written out 300000 reads
2022-09-06 18:28:23,287 INFO Written out 400000 reads
2022-09-06 18:28:27,980 INFO Written out 500000 reads
2022-09-06 18:28:32,019 INFO Written out 600000 reads
2022-09-06 18:28:36,727 INFO Written out 700000 reads
2022-09-06 18:28:36,942 INFO Parsed 1000000 input reads
2022-09-06 18:28:41,139 INFO Written out 800000 reads
2022-09-06 18:28:45,357 INFO Written out 900000 reads
2022-09-06 18:28:49,776 INFO Written out 1000000 reads
2022-09-06 18:28:53,886 INFO Written out 1100000 reads
2022-09-06 18:28:58,286 INFO Written out 1200000 reads
2022-09-06 18:29:02,452 INFO Written out 1300000 reads
2022-09-06 18:29:06,377 INFO Written out 1400000 reads
2022-09-06 18:29:07,756 INFO Parsed 2000000 input reads
2022-09-06 18:29:10,718 INFO Written out 1500000 reads
2022-09-06 18:29:15,390 INFO Written out 1600000 reads
2022-09-06 18:29:19,807 INFO Written out 1700000 reads
2022-09-06 18:29:24,378 INFO Written out 1800000 reads
2022-09-06 18:29:29,269 INFO Written out 1900000 reads
2022-09-06 18:29:39,828 INFO Reads: Input Reads: 2713417
2022-09-06 18:29:39,829 INFO Number of reads out: 1905184
2022-09-06 18:29:39,829 INFO Total number of positions deduplicated: 908787
2022-09-06 18:29:39,829 INFO Mean number of unique UMIs per position: 2.56
2022-09-06 18:29:39,829 INFO Max. number of unique UMIs per position: 690
# job finished in 99 seconds at Tue Sep  6 18:29:39 2022 -- 98.75  2.07  0.00  0.00 -- 477e0071-4f12-4545-80ad-339adf604662
