# UMI-tools version: 1.1.2
# output generated by dedup --stdin=./raw_bam/LIB056594_TRA00243987_S17_R1_001_TSO18_OFF3_starAligned.sortedByCoord.out.bam --log=./deduplicated_bam/LIB056594_TRA00243987_S17_R1_001_TSO18_OFF3_dedup.log --output-stats=./deduplicated_bam/LIB056594_TRA00243987_S17_R1_001_TSO18_OFF3
# job started at Tue Sep  6 18:20:03 2022 on compute-a-17-90.o2.rc.hms.harvard.edu -- 0c4f303f-f63d-44fa-bdf8-257c1288caf9
# pid: 19396, system: Linux 3.10.0-1160.76.1.el7.x86_64 #1 SMP Wed Aug 10 16:21:17 UTC 2022 x86_64
# assigned_tag                            : None
# cell_tag                                : None
# cell_tag_delim                          : None
# cell_tag_split                          : -
# chimeric_pairs                          : use
# chrom                                   : None
# compresslevel                           : 6
# detection_method                        : None
# filter_umi                              : None
# gene_tag                                : None
# gene_transcript_map                     : None
# get_umi_method                          : read_id
# ignore_tlen                             : False
# ignore_umi                              : False
# in_sam                                  : False
# log2stderr                              : False
# loglevel                                : 1
# mapping_quality                         : 0
# method                                  : directional
# no_sort_output                          : False
# out_sam                                 : False
# output_unmapped                         : False
# paired                                  : False
# per_cell                                : False
# per_contig                              : False
# per_gene                                : False
# random_seed                             : None
# read_length                             : False
# short_help                              : None
# skip_regex                              : ^(__|Unassigned)
# soft_clip_threshold                     : 4
# spliced                                 : False
# stats                                   : ./deduplicated_bam/LIB056594_TRA00243987_S17_R1_001_TSO18_OFF3
# stderr                                  : <_io.TextIOWrapper name='<stderr>' mode='w' encoding='utf-8'>
# stdin                                   : <_io.TextIOWrapper name='./raw_bam/LIB056594_TRA00243987_S17_R1_001_TSO18_OFF3_starAligned.sortedByCoord.out.bam' mode='r' encoding='UTF-8'>
# stdlog                                  : <_io.TextIOWrapper name='./deduplicated_bam/LIB056594_TRA00243987_S17_R1_001_TSO18_OFF3_dedup.log' mode='a' encoding='UTF-8'>
# stdout                                  : <_io.TextIOWrapper name='<stdout>' mode='w' encoding='utf-8'>
# subset                                  : None
# threshold                               : 1
# timeit_file                             : None
# timeit_header                           : None
# timeit_name                             : all
# tmpdir                                  : None
# umi_sep                                 : _
# umi_tag                                 : RX
# umi_tag_delim                           : None
# umi_tag_split                           : None
# umi_whitelist                           : None
# umi_whitelist_paired                    : None
# unmapped_reads                          : discard
# unpaired_reads                          : use
# whole_contig                            : False
2022-09-06 18:20:03,746 INFO command: dedup --stdin=./raw_bam/LIB056594_TRA00243987_S17_R1_001_TSO18_OFF3_starAligned.sortedByCoord.out.bam --log=./deduplicated_bam/LIB056594_TRA00243987_S17_R1_001_TSO18_OFF3_dedup.log --output-stats=./deduplicated_bam/LIB056594_TRA00243987_S17_R1_001_TSO18_OFF3
2022-09-06 18:20:15,255 INFO total_umis 4584986
2022-09-06 18:20:15,255 INFO #umis 1024
2022-09-06 18:20:21,356 INFO Written out 100000 reads
2022-09-06 18:20:26,639 INFO Written out 200000 reads
2022-09-06 18:20:32,614 INFO Written out 300000 reads
2022-09-06 18:20:38,826 INFO Written out 400000 reads
2022-09-06 18:20:45,051 INFO Written out 500000 reads
2022-09-06 18:20:51,104 INFO Written out 600000 reads
2022-09-06 18:20:51,830 INFO Parsed 1000000 input reads
2022-09-06 18:20:58,122 INFO Written out 700000 reads
2022-09-06 18:21:03,818 INFO Written out 800000 reads
2022-09-06 18:21:09,735 INFO Written out 900000 reads
2022-09-06 18:21:16,535 INFO Written out 1000000 reads
2022-09-06 18:21:22,785 INFO Written out 1100000 reads
2022-09-06 18:21:28,797 INFO Written out 1200000 reads
2022-09-06 18:21:29,860 INFO Parsed 2000000 input reads
2022-09-06 18:21:34,809 INFO Written out 1300000 reads
2022-09-06 18:21:41,004 INFO Written out 1400000 reads
2022-09-06 18:21:47,016 INFO Written out 1500000 reads
2022-09-06 18:21:53,325 INFO Written out 1600000 reads
2022-09-06 18:21:59,139 INFO Written out 1700000 reads
2022-09-06 18:22:04,995 INFO Written out 1800000 reads
2022-09-06 18:22:07,556 INFO Parsed 3000000 input reads
2022-09-06 18:22:10,554 INFO Written out 1900000 reads
2022-09-06 18:22:15,905 INFO Written out 2000000 reads
2022-09-06 18:22:21,610 INFO Written out 2100000 reads
2022-09-06 18:22:27,493 INFO Written out 2200000 reads
2022-09-06 18:22:34,145 INFO Written out 2300000 reads
2022-09-06 18:22:40,948 INFO Written out 2400000 reads
2022-09-06 18:22:45,148 INFO Parsed 4000000 input reads
2022-09-06 18:22:47,711 INFO Written out 2500000 reads
2022-09-06 18:22:58,853 INFO Written out 2600000 reads
2022-09-06 18:23:05,103 INFO Written out 2700000 reads
2022-09-06 18:23:24,914 INFO Reads: Input Reads: 4584986
2022-09-06 18:23:24,914 INFO Number of reads out: 2734616
2022-09-06 18:23:24,914 INFO Total number of positions deduplicated: 1206396
2022-09-06 18:23:24,914 INFO Mean number of unique UMIs per position: 3.06
2022-09-06 18:23:24,914 INFO Max. number of unique UMIs per position: 835
# job finished in 201 seconds at Tue Sep  6 18:23:24 2022 -- 200.08  2.47  0.00  0.00 -- 0c4f303f-f63d-44fa-bdf8-257c1288caf9
