# UMI-tools version: 1.1.2
# output generated by dedup --stdin=./raw_bam/LIB056594_TRA00243983_S13_R1_001_TSO18_OFF3_starAligned.sortedByCoord.out.bam --log=./deduplicated_bam/LIB056594_TRA00243983_S13_R1_001_TSO18_OFF3_dedup.log --output-stats=./deduplicated_bam/LIB056594_TRA00243983_S13_R1_001_TSO18_OFF3
# job started at Tue Sep  6 18:05:51 2022 on compute-a-17-108.o2.rc.hms.harvard.edu -- b5275323-f311-486d-9935-09f800f903e8
# pid: 21431, system: Linux 3.10.0-1160.76.1.el7.x86_64 #1 SMP Wed Aug 10 16:21:17 UTC 2022 x86_64
# assigned_tag                            : None
# cell_tag                                : None
# cell_tag_delim                          : None
# cell_tag_split                          : -
# chimeric_pairs                          : use
# chrom                                   : None
# compresslevel                           : 6
# detection_method                        : None
# filter_umi                              : None
# gene_tag                                : None
# gene_transcript_map                     : None
# get_umi_method                          : read_id
# ignore_tlen                             : False
# ignore_umi                              : False
# in_sam                                  : False
# log2stderr                              : False
# loglevel                                : 1
# mapping_quality                         : 0
# method                                  : directional
# no_sort_output                          : False
# out_sam                                 : False
# output_unmapped                         : False
# paired                                  : False
# per_cell                                : False
# per_contig                              : False
# per_gene                                : False
# random_seed                             : None
# read_length                             : False
# short_help                              : None
# skip_regex                              : ^(__|Unassigned)
# soft_clip_threshold                     : 4
# spliced                                 : False
# stats                                   : ./deduplicated_bam/LIB056594_TRA00243983_S13_R1_001_TSO18_OFF3
# stderr                                  : <_io.TextIOWrapper name='<stderr>' mode='w' encoding='utf-8'>
# stdin                                   : <_io.TextIOWrapper name='./raw_bam/LIB056594_TRA00243983_S13_R1_001_TSO18_OFF3_starAligned.sortedByCoord.out.bam' mode='r' encoding='UTF-8'>
# stdlog                                  : <_io.TextIOWrapper name='./deduplicated_bam/LIB056594_TRA00243983_S13_R1_001_TSO18_OFF3_dedup.log' mode='a' encoding='UTF-8'>
# stdout                                  : <_io.TextIOWrapper name='<stdout>' mode='w' encoding='utf-8'>
# subset                                  : None
# threshold                               : 1
# timeit_file                             : None
# timeit_header                           : None
# timeit_name                             : all
# tmpdir                                  : None
# umi_sep                                 : _
# umi_tag                                 : RX
# umi_tag_delim                           : None
# umi_tag_split                           : None
# umi_whitelist                           : None
# umi_whitelist_paired                    : None
# unmapped_reads                          : discard
# unpaired_reads                          : use
# whole_contig                            : False
2022-09-06 18:05:51,767 INFO command: dedup --stdin=./raw_bam/LIB056594_TRA00243983_S13_R1_001_TSO18_OFF3_starAligned.sortedByCoord.out.bam --log=./deduplicated_bam/LIB056594_TRA00243983_S13_R1_001_TSO18_OFF3_dedup.log --output-stats=./deduplicated_bam/LIB056594_TRA00243983_S13_R1_001_TSO18_OFF3
2022-09-06 18:05:58,994 INFO total_umis 3167598
2022-09-06 18:05:58,995 INFO #umis 1023
2022-09-06 18:06:04,545 INFO Written out 100000 reads
2022-09-06 18:06:09,935 INFO Written out 200000 reads
2022-09-06 18:06:15,677 INFO Written out 300000 reads
2022-09-06 18:06:21,683 INFO Written out 400000 reads
2022-09-06 18:06:27,763 INFO Written out 500000 reads
2022-09-06 18:06:32,998 INFO Written out 600000 reads
2022-09-06 18:06:35,153 INFO Parsed 1000000 input reads
2022-09-06 18:06:39,036 INFO Written out 700000 reads
2022-09-06 18:06:45,043 INFO Written out 800000 reads
2022-09-06 18:06:50,660 INFO Written out 900000 reads
2022-09-06 18:06:56,567 INFO Written out 1000000 reads
2022-09-06 18:07:02,058 INFO Written out 1100000 reads
2022-09-06 18:07:07,853 INFO Written out 1200000 reads
2022-09-06 18:07:12,282 INFO Parsed 2000000 input reads
2022-09-06 18:07:13,134 INFO Written out 1300000 reads
2022-09-06 18:07:18,291 INFO Written out 1400000 reads
2022-09-06 18:07:22,837 INFO Written out 1500000 reads
2022-09-06 18:07:29,231 INFO Written out 1600000 reads
2022-09-06 18:07:35,159 INFO Written out 1700000 reads
2022-09-06 18:07:40,993 INFO Written out 1800000 reads
2022-09-06 18:07:49,092 INFO Written out 1900000 reads
2022-09-06 18:07:49,423 INFO Parsed 3000000 input reads
2022-09-06 18:08:06,014 INFO Reads: Input Reads: 3167598
2022-09-06 18:08:06,014 INFO Number of reads out: 1989380
2022-09-06 18:08:06,015 INFO Total number of positions deduplicated: 923655
2022-09-06 18:08:06,015 INFO Mean number of unique UMIs per position: 2.81
2022-09-06 18:08:06,015 INFO Max. number of unique UMIs per position: 793
# job finished in 134 seconds at Tue Sep  6 18:08:06 2022 -- 134.05  1.85  0.00  0.00 -- b5275323-f311-486d-9935-09f800f903e8
