# UMI-tools version: 1.1.2
# output generated by dedup --stdin=./raw_bam/LIB056594_TRA00243997_S27_R1_001_TSO17_OFF0_starAligned.sortedByCoord.out.bam --log=./deduplicated_bam/LIB056594_TRA00243997_S27_R1_001_TSO17_OFF0_dedup.log --output-stats=./deduplicated_bam/LIB056594_TRA00243997_S27_R1_001_TSO17_OFF0
# job started at Tue Sep  6 18:58:53 2022 on compute-a-16-89.o2.rc.hms.harvard.edu -- a51a0377-6d59-4ffd-bf72-ca9393f99aaf
# pid: 20273, system: Linux 3.10.0-1160.76.1.el7.x86_64 #1 SMP Wed Aug 10 16:21:17 UTC 2022 x86_64
# assigned_tag                            : None
# cell_tag                                : None
# cell_tag_delim                          : None
# cell_tag_split                          : -
# chimeric_pairs                          : use
# chrom                                   : None
# compresslevel                           : 6
# detection_method                        : None
# filter_umi                              : None
# gene_tag                                : None
# gene_transcript_map                     : None
# get_umi_method                          : read_id
# ignore_tlen                             : False
# ignore_umi                              : False
# in_sam                                  : False
# log2stderr                              : False
# loglevel                                : 1
# mapping_quality                         : 0
# method                                  : directional
# no_sort_output                          : False
# out_sam                                 : False
# output_unmapped                         : False
# paired                                  : False
# per_cell                                : False
# per_contig                              : False
# per_gene                                : False
# random_seed                             : None
# read_length                             : False
# short_help                              : None
# skip_regex                              : ^(__|Unassigned)
# soft_clip_threshold                     : 4
# spliced                                 : False
# stats                                   : ./deduplicated_bam/LIB056594_TRA00243997_S27_R1_001_TSO17_OFF0
# stderr                                  : <_io.TextIOWrapper name='<stderr>' mode='w' encoding='utf-8'>
# stdin                                   : <_io.TextIOWrapper name='./raw_bam/LIB056594_TRA00243997_S27_R1_001_TSO17_OFF0_starAligned.sortedByCoord.out.bam' mode='r' encoding='UTF-8'>
# stdlog                                  : <_io.TextIOWrapper name='./deduplicated_bam/LIB056594_TRA00243997_S27_R1_001_TSO17_OFF0_dedup.log' mode='a' encoding='UTF-8'>
# stdout                                  : <_io.TextIOWrapper name='<stdout>' mode='w' encoding='utf-8'>
# subset                                  : None
# threshold                               : 1
# timeit_file                             : None
# timeit_header                           : None
# timeit_name                             : all
# tmpdir                                  : None
# umi_sep                                 : _
# umi_tag                                 : RX
# umi_tag_delim                           : None
# umi_tag_split                           : None
# umi_whitelist                           : None
# umi_whitelist_paired                    : None
# unmapped_reads                          : discard
# unpaired_reads                          : use
# whole_contig                            : False
2022-09-06 18:58:53,002 INFO command: dedup --stdin=./raw_bam/LIB056594_TRA00243997_S27_R1_001_TSO17_OFF0_starAligned.sortedByCoord.out.bam --log=./deduplicated_bam/LIB056594_TRA00243997_S27_R1_001_TSO17_OFF0_dedup.log --output-stats=./deduplicated_bam/LIB056594_TRA00243997_S27_R1_001_TSO17_OFF0
2022-09-06 18:59:03,204 INFO total_umis 4475526
2022-09-06 18:59:03,205 INFO #umis 1025
2022-09-06 18:59:09,058 INFO Written out 100000 reads
2022-09-06 18:59:14,398 INFO Written out 200000 reads
2022-09-06 18:59:19,711 INFO Written out 300000 reads
2022-09-06 18:59:25,033 INFO Written out 400000 reads
2022-09-06 18:59:30,500 INFO Written out 500000 reads
2022-09-06 18:59:35,828 INFO Written out 600000 reads
2022-09-06 18:59:38,136 INFO Parsed 1000000 input reads
2022-09-06 18:59:41,950 INFO Written out 700000 reads
2022-09-06 18:59:46,773 INFO Written out 800000 reads
2022-09-06 18:59:52,461 INFO Written out 900000 reads
2022-09-06 18:59:58,539 INFO Written out 1000000 reads
2022-09-06 19:00:03,999 INFO Written out 1100000 reads
2022-09-06 19:00:09,390 INFO Written out 1200000 reads
2022-09-06 19:00:13,960 INFO Parsed 2000000 input reads
2022-09-06 19:00:15,258 INFO Written out 1300000 reads
2022-09-06 19:00:20,619 INFO Written out 1400000 reads
2022-09-06 19:00:26,082 INFO Written out 1500000 reads
2022-09-06 19:00:31,046 INFO Written out 1600000 reads
2022-09-06 19:00:36,658 INFO Written out 1700000 reads
2022-09-06 19:00:42,235 INFO Written out 1800000 reads
2022-09-06 19:00:47,726 INFO Written out 1900000 reads
2022-09-06 19:00:49,619 INFO Parsed 3000000 input reads
2022-09-06 19:00:52,912 INFO Written out 2000000 reads
2022-09-06 19:00:57,833 INFO Written out 2100000 reads
2022-09-06 19:01:03,445 INFO Written out 2200000 reads
2022-09-06 19:01:09,938 INFO Written out 2300000 reads
2022-09-06 19:01:15,461 INFO Written out 2400000 reads
2022-09-06 19:01:21,049 INFO Written out 2500000 reads
2022-09-06 19:01:25,213 INFO Parsed 4000000 input reads
2022-09-06 19:01:26,249 INFO Written out 2600000 reads
2022-09-06 19:01:36,879 INFO Written out 2700000 reads
2022-09-06 19:01:59,077 INFO Reads: Input Reads: 4475526
2022-09-06 19:01:59,077 INFO Number of reads out: 2784219
2022-09-06 19:01:59,077 INFO Total number of positions deduplicated: 1314442
2022-09-06 19:01:59,077 INFO Mean number of unique UMIs per position: 2.78
2022-09-06 19:01:59,077 INFO Max. number of unique UMIs per position: 705
# job finished in 186 seconds at Tue Sep  6 19:01:59 2022 -- 185.51  2.53  0.00  0.00 -- a51a0377-6d59-4ffd-bf72-ca9393f99aaf
