# UMI-tools version: 1.1.2
# output generated by dedup --stdin=./raw_bam/LIB056594_TRA00243990_S20_R1_001_TSO20_OFF3_starAligned.sortedByCoord.out.bam --log=./deduplicated_bam/LIB056594_TRA00243990_S20_R1_001_TSO20_OFF3_dedup.log --output-stats=./deduplicated_bam/LIB056594_TRA00243990_S20_R1_001_TSO20_OFF3
# job started at Tue Sep  6 18:38:02 2022 on compute-a-17-124.o2.rc.hms.harvard.edu -- 0a1755fb-7194-441a-80bd-0fd4a57679f5
# pid: 11896, system: Linux 3.10.0-1160.45.1.el7.x86_64 #1 SMP Wed Oct 13 17:20:51 UTC 2021 x86_64
# assigned_tag                            : None
# cell_tag                                : None
# cell_tag_delim                          : None
# cell_tag_split                          : -
# chimeric_pairs                          : use
# chrom                                   : None
# compresslevel                           : 6
# detection_method                        : None
# filter_umi                              : None
# gene_tag                                : None
# gene_transcript_map                     : None
# get_umi_method                          : read_id
# ignore_tlen                             : False
# ignore_umi                              : False
# in_sam                                  : False
# log2stderr                              : False
# loglevel                                : 1
# mapping_quality                         : 0
# method                                  : directional
# no_sort_output                          : False
# out_sam                                 : False
# output_unmapped                         : False
# paired                                  : False
# per_cell                                : False
# per_contig                              : False
# per_gene                                : False
# random_seed                             : None
# read_length                             : False
# short_help                              : None
# skip_regex                              : ^(__|Unassigned)
# soft_clip_threshold                     : 4
# spliced                                 : False
# stats                                   : ./deduplicated_bam/LIB056594_TRA00243990_S20_R1_001_TSO20_OFF3
# stderr                                  : <_io.TextIOWrapper name='<stderr>' mode='w' encoding='utf-8'>
# stdin                                   : <_io.TextIOWrapper name='./raw_bam/LIB056594_TRA00243990_S20_R1_001_TSO20_OFF3_starAligned.sortedByCoord.out.bam' mode='r' encoding='UTF-8'>
# stdlog                                  : <_io.TextIOWrapper name='./deduplicated_bam/LIB056594_TRA00243990_S20_R1_001_TSO20_OFF3_dedup.log' mode='a' encoding='UTF-8'>
# stdout                                  : <_io.TextIOWrapper name='<stdout>' mode='w' encoding='utf-8'>
# subset                                  : None
# threshold                               : 1
# timeit_file                             : None
# timeit_header                           : None
# timeit_name                             : all
# tmpdir                                  : None
# umi_sep                                 : _
# umi_tag                                 : RX
# umi_tag_delim                           : None
# umi_tag_split                           : None
# umi_whitelist                           : None
# umi_whitelist_paired                    : None
# unmapped_reads                          : discard
# unpaired_reads                          : use
# whole_contig                            : False
2022-09-06 18:38:02,892 INFO command: dedup --stdin=./raw_bam/LIB056594_TRA00243990_S20_R1_001_TSO20_OFF3_starAligned.sortedByCoord.out.bam --log=./deduplicated_bam/LIB056594_TRA00243990_S20_R1_001_TSO20_OFF3_dedup.log --output-stats=./deduplicated_bam/LIB056594_TRA00243990_S20_R1_001_TSO20_OFF3
2022-09-06 18:38:13,362 INFO total_umis 4503912
2022-09-06 18:38:13,363 INFO #umis 1017
2022-09-06 18:38:19,465 INFO Written out 100000 reads
2022-09-06 18:38:24,794 INFO Written out 200000 reads
2022-09-06 18:38:30,829 INFO Written out 300000 reads
2022-09-06 18:38:36,746 INFO Written out 400000 reads
2022-09-06 18:38:42,979 INFO Written out 500000 reads
2022-09-06 18:38:48,910 INFO Written out 600000 reads
2022-09-06 18:38:49,339 INFO Parsed 1000000 input reads
2022-09-06 18:38:55,477 INFO Written out 700000 reads
2022-09-06 18:39:00,951 INFO Written out 800000 reads
2022-09-06 18:39:07,031 INFO Written out 900000 reads
2022-09-06 18:39:13,823 INFO Written out 1000000 reads
2022-09-06 18:39:20,008 INFO Written out 1100000 reads
2022-09-06 18:39:25,553 INFO Written out 1200000 reads
2022-09-06 18:39:26,324 INFO Parsed 2000000 input reads
2022-09-06 18:39:31,881 INFO Written out 1300000 reads
2022-09-06 18:39:37,632 INFO Written out 1400000 reads
2022-09-06 18:39:43,580 INFO Written out 1500000 reads
2022-09-06 18:39:49,572 INFO Written out 1600000 reads
2022-09-06 18:39:55,116 INFO Written out 1700000 reads
2022-09-06 18:40:00,935 INFO Written out 1800000 reads
2022-09-06 18:40:03,119 INFO Parsed 3000000 input reads
2022-09-06 18:40:06,750 INFO Written out 1900000 reads
2022-09-06 18:40:11,829 INFO Written out 2000000 reads
2022-09-06 18:40:18,023 INFO Written out 2100000 reads
2022-09-06 18:40:24,645 INFO Written out 2200000 reads
2022-09-06 18:40:30,454 INFO Written out 2300000 reads
2022-09-06 18:40:36,498 INFO Written out 2400000 reads
2022-09-06 18:40:40,395 INFO Parsed 4000000 input reads
2022-09-06 18:40:43,157 INFO Written out 2500000 reads
2022-09-06 18:40:54,968 INFO Written out 2600000 reads
2022-09-06 18:41:16,605 INFO Reads: Input Reads: 4503912
2022-09-06 18:41:16,605 INFO Number of reads out: 2675175
2022-09-06 18:41:16,605 INFO Total number of positions deduplicated: 1208157
2022-09-06 18:41:16,605 INFO Mean number of unique UMIs per position: 2.99
2022-09-06 18:41:16,605 INFO Max. number of unique UMIs per position: 757
# job finished in 193 seconds at Tue Sep  6 18:41:16 2022 -- 192.73  2.64  0.00  0.00 -- 0a1755fb-7194-441a-80bd-0fd4a57679f5
