# UMI-tools version: 1.1.2
# output generated by dedup --stdin=./raw_bam/LIB056594_TRA00243997_S27_R1_001_TSO02_OFF3_starAligned.sortedByCoord.out.bam --log=./deduplicated_bam/LIB056594_TRA00243997_S27_R1_001_TSO02_OFF3_dedup.log --output-stats=./deduplicated_bam/LIB056594_TRA00243997_S27_R1_001_TSO02_OFF3
# job started at Tue Sep  6 18:31:11 2022 on compute-a-16-89.o2.rc.hms.harvard.edu -- 610e6907-c592-442a-8811-33c59e1789c9
# pid: 5291, system: Linux 3.10.0-1160.76.1.el7.x86_64 #1 SMP Wed Aug 10 16:21:17 UTC 2022 x86_64
# assigned_tag                            : None
# cell_tag                                : None
# cell_tag_delim                          : None
# cell_tag_split                          : -
# chimeric_pairs                          : use
# chrom                                   : None
# compresslevel                           : 6
# detection_method                        : None
# filter_umi                              : None
# gene_tag                                : None
# gene_transcript_map                     : None
# get_umi_method                          : read_id
# ignore_tlen                             : False
# ignore_umi                              : False
# in_sam                                  : False
# log2stderr                              : False
# loglevel                                : 1
# mapping_quality                         : 0
# method                                  : directional
# no_sort_output                          : False
# out_sam                                 : False
# output_unmapped                         : False
# paired                                  : False
# per_cell                                : False
# per_contig                              : False
# per_gene                                : False
# random_seed                             : None
# read_length                             : False
# short_help                              : None
# skip_regex                              : ^(__|Unassigned)
# soft_clip_threshold                     : 4
# spliced                                 : False
# stats                                   : ./deduplicated_bam/LIB056594_TRA00243997_S27_R1_001_TSO02_OFF3
# stderr                                  : <_io.TextIOWrapper name='<stderr>' mode='w' encoding='utf-8'>
# stdin                                   : <_io.TextIOWrapper name='./raw_bam/LIB056594_TRA00243997_S27_R1_001_TSO02_OFF3_starAligned.sortedByCoord.out.bam' mode='r' encoding='UTF-8'>
# stdlog                                  : <_io.TextIOWrapper name='./deduplicated_bam/LIB056594_TRA00243997_S27_R1_001_TSO02_OFF3_dedup.log' mode='a' encoding='UTF-8'>
# stdout                                  : <_io.TextIOWrapper name='<stdout>' mode='w' encoding='utf-8'>
# subset                                  : None
# threshold                               : 1
# timeit_file                             : None
# timeit_header                           : None
# timeit_name                             : all
# tmpdir                                  : None
# umi_sep                                 : _
# umi_tag                                 : RX
# umi_tag_delim                           : None
# umi_tag_split                           : None
# umi_whitelist                           : None
# umi_whitelist_paired                    : None
# unmapped_reads                          : discard
# unpaired_reads                          : use
# whole_contig                            : False
2022-09-06 18:31:11,554 INFO command: dedup --stdin=./raw_bam/LIB056594_TRA00243997_S27_R1_001_TSO02_OFF3_starAligned.sortedByCoord.out.bam --log=./deduplicated_bam/LIB056594_TRA00243997_S27_R1_001_TSO02_OFF3_dedup.log --output-stats=./deduplicated_bam/LIB056594_TRA00243997_S27_R1_001_TSO02_OFF3
2022-09-06 18:31:20,998 INFO total_umis 3721485
2022-09-06 18:31:20,998 INFO #umis 1024
2022-09-06 18:31:26,484 INFO Written out 100000 reads
2022-09-06 18:31:31,970 INFO Written out 200000 reads
2022-09-06 18:31:37,517 INFO Written out 300000 reads
2022-09-06 18:31:43,181 INFO Written out 400000 reads
2022-09-06 18:31:49,140 INFO Written out 500000 reads
2022-09-06 18:31:55,094 INFO Written out 600000 reads
2022-09-06 18:31:58,494 INFO Parsed 1000000 input reads
2022-09-06 18:32:01,097 INFO Written out 700000 reads
2022-09-06 18:32:06,433 INFO Written out 800000 reads
2022-09-06 18:32:12,965 INFO Written out 900000 reads
2022-09-06 18:32:18,636 INFO Written out 1000000 reads
2022-09-06 18:32:24,362 INFO Written out 1100000 reads
2022-09-06 18:32:30,155 INFO Written out 1200000 reads
2022-09-06 18:32:35,678 INFO Written out 1300000 reads
2022-09-06 18:32:36,415 INFO Parsed 2000000 input reads
2022-09-06 18:32:41,249 INFO Written out 1400000 reads
2022-09-06 18:32:46,999 INFO Written out 1500000 reads
2022-09-06 18:32:52,594 INFO Written out 1600000 reads
2022-09-06 18:32:57,957 INFO Written out 1700000 reads
2022-09-06 18:33:03,029 INFO Written out 1800000 reads
2022-09-06 18:33:08,408 INFO Written out 1900000 reads
2022-09-06 18:33:13,789 INFO Parsed 3000000 input reads
2022-09-06 18:33:14,640 INFO Written out 2000000 reads
2022-09-06 18:33:20,363 INFO Written out 2100000 reads
2022-09-06 18:33:26,435 INFO Written out 2200000 reads
2022-09-06 18:33:34,789 INFO Written out 2300000 reads
2022-09-06 18:33:39,455 INFO Written out 2400000 reads
2022-09-06 18:33:55,191 INFO Reads: Input Reads: 3721485
2022-09-06 18:33:55,192 INFO Number of reads out: 2418085
2022-09-06 18:33:55,192 INFO Total number of positions deduplicated: 1114710
2022-09-06 18:33:55,192 INFO Mean number of unique UMIs per position: 2.76
2022-09-06 18:33:55,192 INFO Max. number of unique UMIs per position: 783
# job finished in 163 seconds at Tue Sep  6 18:33:55 2022 -- 163.22  2.25  0.00  0.00 -- 610e6907-c592-442a-8811-33c59e1789c9
