# UMI-tools version: 1.1.2
# output generated by dedup --stdin=./raw_bam/LIB056594_TRA00243997_S27_R1_001_TSO20_OFF3_starAligned.sortedByCoord.out.bam --log=./deduplicated_bam/LIB056594_TRA00243997_S27_R1_001_TSO20_OFF3_dedup.log --output-stats=./deduplicated_bam/LIB056594_TRA00243997_S27_R1_001_TSO20_OFF3
# job started at Tue Sep  6 19:08:07 2022 on compute-a-16-89.o2.rc.hms.harvard.edu -- ad581c4a-d509-42ef-bf3f-b0dce177424f
# pid: 21613, system: Linux 3.10.0-1160.76.1.el7.x86_64 #1 SMP Wed Aug 10 16:21:17 UTC 2022 x86_64
# assigned_tag                            : None
# cell_tag                                : None
# cell_tag_delim                          : None
# cell_tag_split                          : -
# chimeric_pairs                          : use
# chrom                                   : None
# compresslevel                           : 6
# detection_method                        : None
# filter_umi                              : None
# gene_tag                                : None
# gene_transcript_map                     : None
# get_umi_method                          : read_id
# ignore_tlen                             : False
# ignore_umi                              : False
# in_sam                                  : False
# log2stderr                              : False
# loglevel                                : 1
# mapping_quality                         : 0
# method                                  : directional
# no_sort_output                          : False
# out_sam                                 : False
# output_unmapped                         : False
# paired                                  : False
# per_cell                                : False
# per_contig                              : False
# per_gene                                : False
# random_seed                             : None
# read_length                             : False
# short_help                              : None
# skip_regex                              : ^(__|Unassigned)
# soft_clip_threshold                     : 4
# spliced                                 : False
# stats                                   : ./deduplicated_bam/LIB056594_TRA00243997_S27_R1_001_TSO20_OFF3
# stderr                                  : <_io.TextIOWrapper name='<stderr>' mode='w' encoding='utf-8'>
# stdin                                   : <_io.TextIOWrapper name='./raw_bam/LIB056594_TRA00243997_S27_R1_001_TSO20_OFF3_starAligned.sortedByCoord.out.bam' mode='r' encoding='UTF-8'>
# stdlog                                  : <_io.TextIOWrapper name='./deduplicated_bam/LIB056594_TRA00243997_S27_R1_001_TSO20_OFF3_dedup.log' mode='a' encoding='UTF-8'>
# stdout                                  : <_io.TextIOWrapper name='<stdout>' mode='w' encoding='utf-8'>
# subset                                  : None
# threshold                               : 1
# timeit_file                             : None
# timeit_header                           : None
# timeit_name                             : all
# tmpdir                                  : None
# umi_sep                                 : _
# umi_tag                                 : RX
# umi_tag_delim                           : None
# umi_tag_split                           : None
# umi_whitelist                           : None
# umi_whitelist_paired                    : None
# unmapped_reads                          : discard
# unpaired_reads                          : use
# whole_contig                            : False
2022-09-06 19:08:07,859 INFO command: dedup --stdin=./raw_bam/LIB056594_TRA00243997_S27_R1_001_TSO20_OFF3_starAligned.sortedByCoord.out.bam --log=./deduplicated_bam/LIB056594_TRA00243997_S27_R1_001_TSO20_OFF3_dedup.log --output-stats=./deduplicated_bam/LIB056594_TRA00243997_S27_R1_001_TSO20_OFF3
2022-09-06 19:08:18,404 INFO total_umis 4649471
2022-09-06 19:08:18,404 INFO #umis 1014
2022-09-06 19:08:24,047 INFO Written out 100000 reads
2022-09-06 19:08:29,152 INFO Written out 200000 reads
2022-09-06 19:08:34,642 INFO Written out 300000 reads
2022-09-06 19:08:40,370 INFO Written out 400000 reads
2022-09-06 19:08:45,815 INFO Written out 500000 reads
2022-09-06 19:08:51,503 INFO Written out 600000 reads
2022-09-06 19:08:52,666 INFO Parsed 1000000 input reads
2022-09-06 19:08:57,633 INFO Written out 700000 reads
2022-09-06 19:09:03,262 INFO Written out 800000 reads
2022-09-06 19:09:08,394 INFO Written out 900000 reads
2022-09-06 19:09:14,778 INFO Written out 1000000 reads
2022-09-06 19:09:20,933 INFO Written out 1100000 reads
2022-09-06 19:09:26,437 INFO Written out 1200000 reads
2022-09-06 19:09:27,949 INFO Parsed 2000000 input reads
2022-09-06 19:09:31,891 INFO Written out 1300000 reads
2022-09-06 19:09:37,763 INFO Written out 1400000 reads
2022-09-06 19:09:43,072 INFO Written out 1500000 reads
2022-09-06 19:09:48,607 INFO Written out 1600000 reads
2022-09-06 19:09:54,183 INFO Written out 1700000 reads
2022-09-06 19:09:59,826 INFO Written out 1800000 reads
2022-09-06 19:10:03,110 INFO Parsed 3000000 input reads
2022-09-06 19:10:05,370 INFO Written out 1900000 reads
2022-09-06 19:10:10,278 INFO Written out 2000000 reads
2022-09-06 19:10:15,064 INFO Written out 2100000 reads
2022-09-06 19:10:20,688 INFO Written out 2200000 reads
2022-09-06 19:10:26,868 INFO Written out 2300000 reads
2022-09-06 19:10:32,219 INFO Written out 2400000 reads
2022-09-06 19:10:37,972 INFO Parsed 4000000 input reads
2022-09-06 19:10:38,377 INFO Written out 2500000 reads
2022-09-06 19:10:44,508 INFO Written out 2600000 reads
2022-09-06 19:10:54,686 INFO Written out 2700000 reads
2022-09-06 19:11:01,184 INFO Written out 2800000 reads
2022-09-06 19:11:18,956 INFO Reads: Input Reads: 4649471
2022-09-06 19:11:18,956 INFO Number of reads out: 2806775
2022-09-06 19:11:18,956 INFO Total number of positions deduplicated: 1271037
2022-09-06 19:11:18,956 INFO Mean number of unique UMIs per position: 2.95
2022-09-06 19:11:18,956 INFO Max. number of unique UMIs per position: 745
# job finished in 191 seconds at Tue Sep  6 19:11:18 2022 -- 190.18  2.52  0.00  0.00 -- ad581c4a-d509-42ef-bf3f-b0dce177424f
