# UMI-tools version: 1.1.2
# output generated by dedup --stdin=./raw_bam/LIB056594_TRA00243991_S21_R1_001_TSO18_OFF3_starAligned.sortedByCoord.out.bam --log=./deduplicated_bam/LIB056594_TRA00243991_S21_R1_001_TSO18_OFF3_dedup.log --output-stats=./deduplicated_bam/LIB056594_TRA00243991_S21_R1_001_TSO18_OFF3
# job started at Tue Sep  6 18:34:55 2022 on compute-a-17-139.o2.rc.hms.harvard.edu -- 9e2c01b6-2960-4d7e-9c42-e966c7af34fc
# pid: 14598, system: Linux 3.10.0-1160.71.1.el7.x86_64 #1 SMP Tue Jun 28 15:37:28 UTC 2022 x86_64
# assigned_tag                            : None
# cell_tag                                : None
# cell_tag_delim                          : None
# cell_tag_split                          : -
# chimeric_pairs                          : use
# chrom                                   : None
# compresslevel                           : 6
# detection_method                        : None
# filter_umi                              : None
# gene_tag                                : None
# gene_transcript_map                     : None
# get_umi_method                          : read_id
# ignore_tlen                             : False
# ignore_umi                              : False
# in_sam                                  : False
# log2stderr                              : False
# loglevel                                : 1
# mapping_quality                         : 0
# method                                  : directional
# no_sort_output                          : False
# out_sam                                 : False
# output_unmapped                         : False
# paired                                  : False
# per_cell                                : False
# per_contig                              : False
# per_gene                                : False
# random_seed                             : None
# read_length                             : False
# short_help                              : None
# skip_regex                              : ^(__|Unassigned)
# soft_clip_threshold                     : 4
# spliced                                 : False
# stats                                   : ./deduplicated_bam/LIB056594_TRA00243991_S21_R1_001_TSO18_OFF3
# stderr                                  : <_io.TextIOWrapper name='<stderr>' mode='w' encoding='utf-8'>
# stdin                                   : <_io.TextIOWrapper name='./raw_bam/LIB056594_TRA00243991_S21_R1_001_TSO18_OFF3_starAligned.sortedByCoord.out.bam' mode='r' encoding='UTF-8'>
# stdlog                                  : <_io.TextIOWrapper name='./deduplicated_bam/LIB056594_TRA00243991_S21_R1_001_TSO18_OFF3_dedup.log' mode='a' encoding='UTF-8'>
# stdout                                  : <_io.TextIOWrapper name='<stdout>' mode='w' encoding='utf-8'>
# subset                                  : None
# threshold                               : 1
# timeit_file                             : None
# timeit_header                           : None
# timeit_name                             : all
# tmpdir                                  : None
# umi_sep                                 : _
# umi_tag                                 : RX
# umi_tag_delim                           : None
# umi_tag_split                           : None
# umi_whitelist                           : None
# umi_whitelist_paired                    : None
# unmapped_reads                          : discard
# unpaired_reads                          : use
# whole_contig                            : False
2022-09-06 18:34:55,866 INFO command: dedup --stdin=./raw_bam/LIB056594_TRA00243991_S21_R1_001_TSO18_OFF3_starAligned.sortedByCoord.out.bam --log=./deduplicated_bam/LIB056594_TRA00243991_S21_R1_001_TSO18_OFF3_dedup.log --output-stats=./deduplicated_bam/LIB056594_TRA00243991_S21_R1_001_TSO18_OFF3
2022-09-06 18:35:06,129 INFO total_umis 4422993
2022-09-06 18:35:06,130 INFO #umis 1022
2022-09-06 18:35:11,854 INFO Written out 100000 reads
2022-09-06 18:35:16,917 INFO Written out 200000 reads
2022-09-06 18:35:22,412 INFO Written out 300000 reads
2022-09-06 18:35:28,260 INFO Written out 400000 reads
2022-09-06 18:35:33,915 INFO Written out 500000 reads
2022-09-06 18:35:39,781 INFO Written out 600000 reads
2022-09-06 18:35:41,901 INFO Parsed 1000000 input reads
2022-09-06 18:35:46,166 INFO Written out 700000 reads
2022-09-06 18:35:51,591 INFO Written out 800000 reads
2022-09-06 18:35:56,726 INFO Written out 900000 reads
2022-09-06 18:36:03,452 INFO Written out 1000000 reads
2022-09-06 18:36:09,300 INFO Written out 1100000 reads
2022-09-06 18:36:14,933 INFO Written out 1200000 reads
2022-09-06 18:36:18,755 INFO Parsed 2000000 input reads
2022-09-06 18:36:20,591 INFO Written out 1300000 reads
2022-09-06 18:36:26,277 INFO Written out 1400000 reads
2022-09-06 18:36:32,026 INFO Written out 1500000 reads
2022-09-06 18:36:37,699 INFO Written out 1600000 reads
2022-09-06 18:36:43,329 INFO Written out 1700000 reads
2022-09-06 18:36:48,624 INFO Written out 1800000 reads
2022-09-06 18:36:53,995 INFO Written out 1900000 reads
2022-09-06 18:36:55,097 INFO Parsed 3000000 input reads
2022-09-06 18:36:59,107 INFO Written out 2000000 reads
2022-09-06 18:37:04,043 INFO Written out 2100000 reads
2022-09-06 18:37:09,846 INFO Written out 2200000 reads
2022-09-06 18:37:16,530 INFO Written out 2300000 reads
2022-09-06 18:37:22,980 INFO Written out 2400000 reads
2022-09-06 18:37:28,652 INFO Written out 2500000 reads
2022-09-06 18:37:31,977 INFO Parsed 4000000 input reads
2022-09-06 18:37:38,600 INFO Written out 2600000 reads
2022-09-06 18:37:44,903 INFO Written out 2700000 reads
2022-09-06 18:38:04,740 INFO Reads: Input Reads: 4422993
2022-09-06 18:38:04,740 INFO Number of reads out: 2744280
2022-09-06 18:38:04,740 INFO Total number of positions deduplicated: 1218571
2022-09-06 18:38:04,741 INFO Mean number of unique UMIs per position: 2.99
2022-09-06 18:38:04,741 INFO Max. number of unique UMIs per position: 799
# job finished in 188 seconds at Tue Sep  6 18:38:04 2022 -- 188.23  2.42  0.00  0.00 -- 9e2c01b6-2960-4d7e-9c42-e966c7af34fc
