This is cutadapt 1.7 with Python 3.6.10

Command line parameters: --cores 2 --overlap 5 --minimum-length 30 --error-rate 0.1 -a file:primers.fasta -A file:primers.fasta -o SAMPLE1_PE_1.ptrim.fastq.gz -p SAMPLE1_PE_2.ptrim.fastq.gz SAMPLE1_PE_1.trim.fastq.gz SAMPLE1_PE_2.trim.fastq.gz
Processing reads on 2 cores in paired-end mode ...
Finished in 19.52 s (809 us/read; 0.07 M reads/minute).

=== First read: Adapter background ===

Sequence: GGGGGGGGGGATATGCGATCGC...GTGTCTCAACGGTATCCGCAACT; Type: linked; Length: 22+23; 5' trimmed: 1629783 times; 3' trimmed: 115720 times


No. of allowed errors:
0-9 bp: 0; 10-19 bp: 1; 20-22 bp: 2

No. of allowed errors:
0-9 bp: 0; 10-19 bp: 1; 20-23 bp: 2

Overview of removed sequences at 5' end
length	count	expect	max.err error counts
20	60597	0.0	2	0	0	60597
21	389603	0.0	2	0	231655	157948
22	1043405	0.0	2	321979	609400	112026
23	126665	0.0	2	0	67428	59237
24	9513	0.0	2	0	0	9513



Overview of removed sequences at 3' end
length	count	expect	max.err error counts
3	28945	141088.9	0	28945
4	10134	35272.2	0	10134
5	4431	8818.1	0	4431
6	3462	2204.5	0	3462
7	3057	551.1	0	3057
8	2775	137.8	0	2775
9	2650	34.4	0	2596	54
10	2768	8.6	1	2535	233
11	2582	2.2	1	2385	197
