java -Djava.library.path=/software/bbmap-36.02/jni/ -ea -Xmx80698m -cp /software/bbmap-36.02/current/ align2.BBMap build=1 overwrite=true fastareadlen=500 ref=sample1.fasta.gz jni pigz unpigz threads=32 in=sample1.R#.fq.gz out=sample1.bam machineout covstats=sample1machineout.covstats rpkm=sample1machineout.rpkm covhist=sample1machineout.covhist bincov=sample1machineout.bincov statsfile=sample1machineout.statsfile idhist=sample1machineout.idhist gchist=sample1machineout.gchist mhist=sample1machineout.mhist indelhist=sample1machineout.indelhist qahist=sample1machineout.qahist ehist=sample1machineout.ehist ihist=sample1machineout.ihist lhist=sample1machineout.lhist bqhist=sample1machineout.bqhist aqhist=sample1machineout.aqhist qhist=sample1machineout.qhist bhist=sample1machineout.bhist
Executing align2.BBMap [build=1, overwrite=true, fastareadlen=500, ref=sample1.fasta.gz, jni, pigz, unpigz, threads=32, in=sample1.R#.fq.gz, out=sample1.bam, machineout, covstats=sample1machineout.covstats, rpkm=sample1machineout.rpkm, covhist=sample1machineout.covhist, bincov=sample1machineout.bincov, statsfile=sample1machineout.statsfile, idhist=sample1machineout.idhist, gchist=sample1machineout.gchist, mhist=sample1machineout.mhist, indelhist=sample1machineout.indelhist, qahist=sample1machineout.qahist, ehist=sample1machineout.ehist, ihist=sample1machineout.ihist, lhist=sample1machineout.lhist, bqhist=sample1machineout.bqhist, aqhist=sample1machineout.aqhist, qhist=sample1machineout.qhist, bhist=sample1machineout.bhist]

BBMap version 36.02
Set threads to 32
Set identity histogram output to sample1machineout.idhist
Set GC histogram output to sample1machineout.gchist
Set match histogram output to sample1machineout.mhist
Set indel histogram output to sample1machineout.indelhist
Set quality accuracy histogram output to sample1machineout.qahist
Set error histogram output to sample1machineout.ehist
Set insert size histogram output to sample1machineout.ihist
Set length histogram output to sample1machineout.lhist
Set bquality histogram output to sample1machineout.bqhist
Set average quality histogram output to sample1machineout.aqhist
Set quality histogram output to sample1machineout.qhist
Set base content histogram output to sample1machineout.bhist
Retaining first best site only for ambiguous mappings.
NOTE:	Ignoring reference file because it already appears to have been processed.
NOTE:	If you wish to regenerate the index, please manually delete ref/genome/1/summary.txt
Set genome to 1

Loaded Reference:	0.189 seconds.
Loading index for chunk 1-1, build 1
Generated Index:	1.772 seconds.
Executing jgi.CoveragePileup [covhist=sample1machineout.covhist, covstats=sample1machineout.covstats, basecov=null, bincov=sample1machineout.bincov, physcov=false, 32bit=false, nzo=false, twocolumn=false, secondary=false, covminscaf=0, ksb=true, binsize=1000, startcov=false, strandedcov=false, rpkm=sample1machineout.rpkm, normcov=null, normcovo=null, in1=sample1.R1.fq.gz, in2=sample1.R2.fq.gz]

Set NONZERO_ONLY to false
Set TWOCOLUMN to false
Set USE_SECONDARY_ALIGNMENTS to false
Set KEEP_SHORT_BINS to true
Set USE_COVERAGE_ARRAYS to true
Set USE_BITSETS to false
Analyzed Index:   	5.020 seconds.
Found samtools.
Started output stream:	0.178 seconds.
Cleared Memory:    	0.487 seconds.
Processing reads in paired-ended mode.
Started read stream.
Started 32 mapping threads.
Detecting finished threads: 0, 1, 2, 3, 4, 5, 6, 7, 8, 9, 10, 11, 12, 13, 14, 15, 16, 17, 18, 19, 20, 21, 22, 23, 24, 25, 26, 27, 28, 29, 30, 31

   ------------------   Results   ------------------   

Genome=1
Key_Length=13
Max_Indel=16000
Minimum_Score_Ratio=0.56
Mapping_Mode=normal

Average coverage:                    	45.43
Standard deviation:                    	170.82
Percent scaffolds with any coverage: 	100.00
Percent of reference bases covered:  	99.00

Total time:     	295.233 seconds.
