## htsjdk.samtools.metrics.StringHeader
# picard.analysis.CollectGcBiasMetrics CHART_OUTPUT=/data/group/test/TEST_Run001/TEST_Run001-12345678/TST33-54-9-12345678/Data/Intensities/BaseCalls/TST33-54-9_S1_L001_R1_001.cutB_pe.sorted.GCplot.pdf SUMMARY_OUTPUT=/data/group/test/TEST_Run001/TEST_Run001-12345678/TST33-54-9-12345678/Data/Intensities/BaseCalls/TST33-54-9_S1_L001_R1_001.cutB_pe.sorted.summary.txt IS_BISULFITE_SEQUENCED=true INPUT=/data/group/test/TEST_Run001/TEST_Run001-12345678/TST33-54-9-12345678/Data/Intensities/BaseCalls/TST33-54-9_S1_L001_R1_001.cutB_pe.sorted.bam OUTPUT=/data/group/test/TEST_Run001/TEST_Run001-12345678/TST33-54-9-12345678/Data/Intensities/BaseCalls/TST33-54-9_S1_L001_R1_001.cutB_pe.sorted.output ASSUME_SORTED=true VALIDATION_STRINGENCY=SILENT REFERENCE_SEQUENCE=/data/home/user/genomes/bacteria/Ecoli-k12-mg1655-rawheader/Ecoli-k12-mg1655.rawheader.fa    WINDOW_SIZE=100 MINIMUM_GENOME_FRACTION=1.0E-5 METRIC_ACCUMULATION_LEVEL=[ALL_READS] STOP_AFTER=0 VERBOSITY=INFO QUIET=false COMPRESSION_LEVEL=5 MAX_RECORDS_IN_RAM=500000 CREATE_INDEX=false CREATE_MD5_FILE=false GA4GH_CLIENT_SECRETS=client_secrets.json
## htsjdk.samtools.metrics.StringHeader
# Started on: Mon Nov 23 10:15:18 GMT 2015

## METRICS CLASS	picard.analysis.GcBiasDetailMetrics
ACCUMULATION_LEVEL	GC	WINDOWS	READ_STARTS	MEAN_BASE_QUALITY	NORMALIZED_COVERAGE	ERROR_BAR_WIDTH	SAMPLE	LIBRARY	READ_GROUP
All Reads	0	0	0	0	0	0			
All Reads	1	0	0	0	0	0			
All Reads	2	0	0	0	0	0			
All Reads	3	0	0	0	0	0			
All Reads	4	0	0	0	0	0			
All Reads	5	0	0	0	0	0			
All Reads	6	0	0	0	0	0			
All Reads	7	0	0	0	0	0			
All Reads	8	0	0	0	0	0			
All Reads	9	0	0	0	0	0			
All Reads	10	0	0	0	0	0			
All Reads	11	0	0	0	0	0			
All Reads	12	4	0	0	0	0			
All Reads	13	23	0	0	0	0			
All Reads	14	30	4	21	0.953498	0.476749			
All Reads	15	93	5	18	0.384475	0.171942			
All Reads	16	149	13	16	0.623933	0.173048			
All Reads	17	242	15	18	0.443258	0.114449			
All Reads	18	354	18	17	0.363622	0.085707			
All Reads	19	618	56	18	0.648008	0.086594			
All Reads	20	860	73	18	0.607023	0.071047			
All Reads	21	1358	100	16	0.5266	0.05266			
All Reads	22	1825	134	16	0.525077	0.04536			
All Reads	23	2782	249	17	0.640064	0.040562			
All Reads	24	3544	336	16	0.677995	0.036988			
All Reads	25	4714	423	16	0.6417	0.031201			
All Reads	26	6193	549	16	0.633946	0.027056			
All Reads	27	7831	713	16	0.651108	0.024384			
All Reads	28	10243	1075	16	0.75052	0.022891			
All Reads	29	12543	1348	15	0.768545	0.020933			
All Reads	30	14966	1635	15	0.781255	0.019321			
All Reads	31	17568	1963	14	0.799059	0.018035			
All Reads	32	20117	2275	14	0.808722	0.016955			
All Reads	33	23580	2820	14	0.855237	0.016105			
All Reads	34	27649	3444	14	0.890768	0.015179			
All Reads	35	31545	3879	14	0.879367	0.014119			
All Reads	36	35836	4494	14	0.896798	0.013378			
All Reads	37	39757	4993	14	0.898109	0.01271			
All Reads	38	45667	5983	13	0.936909	0.012113			
All Reads	39	53199	7124	13	0.957638	0.011346			
All Reads	40	62666	8390	13	0.957439	0.010453			
All Reads	41	72394	9838	13	0.971819	0.009798			
All Reads	42	85093	11887	13	0.998986	0.009163			
All Reads	43	99490	14578	13	1.047851	0.008679			
All Reads	44	116387	16822	12	1.033604	0.007969			
All Reads	45	136105	19608	12	1.030244	0.007357			
All Reads	46	157904	23135	12	1.047749	0.006888			
All Reads	47	181671	26367	12	1.037901	0.006392			
All Reads	48	208706	30564	12	1.047264	0.00599			
All Reads	49	234616	34074	12	1.038596	0.005626			
All Reads	50	257779	37899	12	1.051384	0.005401			
All Reads	51	280055	41468	12	1.05889	0.0052			
All Reads	52	292413	42607	12	1.041994	0.005048			
All Reads	53	298623	43340	12	1.037879	0.004985			
All Reads	54	292850	41544	11	1.014481	0.004977			
All Reads	55	275721	38426	11	0.996635	0.005084			
All Reads	56	250394	35014	11	0.999997	0.005344			
All Reads	57	218855	30628	11	1.00079	0.005719			
All Reads	58	186373	25565	11	0.980943	0.006135			
All Reads	59	152666	20468	11	0.958769	0.006702			
All Reads	60	120341	16105	11	0.957036	0.007541			
All Reads	61	91537	11652	11	0.9103	0.008433			
All Reads	62	66898	8371	11	0.89484	0.00978			
All Reads	63	47716	6156	11	0.922604	0.011759			
All Reads	64	32960	4061	11	0.881103	0.013826			
All Reads	65	22040	2569	11	0.833553	0.016446			
All Reads	66	14283	1746	10	0.87419	0.020921			
All Reads	67	8624	1021	10	0.846638	0.026496			
All Reads	68	5195	592	10	0.814924	0.033493			
All Reads	69	3164	309	10	0.698398	0.03973			
All Reads	70	1981	209	10	0.754471	0.052188			
All Reads	71	1187	130	10	0.783202	0.068691			
All Reads	72	707	82	10	0.829422	0.091594			
All Reads	73	415	50	10	0.861594	0.121848			
All Reads	74	171	18	13	0.752761	0.177428			
All Reads	75	64	7	15	0.782166	0.295631			
All Reads	76	44	4	10	0.650112	0.325056			
All Reads	77	61	8	6	0.937867	0.331586			
All Reads	78	61	16	7	1.875733	0.468933			
All Reads	79	42	5	15	0.851337	0.38073			
All Reads	80	9	2	0	1.589163	1.123708			
All Reads	81	0	0	0	0	0			
All Reads	82	0	0	0	0	0			
All Reads	83	0	0	0	0	0			
All Reads	84	0	0	0	0	0			
All Reads	85	0	0	0	0	0			
All Reads	86	0	0	0	0	0			
All Reads	87	0	0	0	0	0			
All Reads	88	0	0	0	0	0			
All Reads	89	0	0	0	0	0			
All Reads	90	0	0	0	0	0			
All Reads	91	0	0	0	0	0			
All Reads	92	0	0	0	0	0			
All Reads	93	0	0	0	0	0			
All Reads	94	0	0	0	0	0			
All Reads	95	0	0	0	0	0			
All Reads	96	0	0	0	0	0			
All Reads	97	0	0	0	0	0			
All Reads	98	0	0	0	0	0			
All Reads	99	0	0	0	0	0			
All Reads	100	0	0	0	0	0			


