Metrics dataset
number_of_reads 10808843
number_of_bases 7766775806.0
median_read_length      603.0
mean_read_length        718.6
read_length_stdev       457.3
n50     854.0
mean_qual       14.7
median_qual     16.1
longest_read_(with_Q):1 31056 (12.2)
longest_read_(with_Q):2 26449 (11.0)
longest_read_(with_Q):3 22496 (13.4)
longest_read_(with_Q):4 15360 (13.9)
longest_read_(with_Q):5 14667 (18.6)
highest_Q_read_(with_length):1  34.3 (252)
highest_Q_read_(with_length):2  34.1 (21)
highest_Q_read_(with_length):3  34.1 (21)
highest_Q_read_(with_length):4  34.0 (225)
highest_Q_read_(with_length):5  33.9 (21)
Reads >Q5:      10808842 (100.0%) 7766.8Mb
Reads >Q7:      10808842 (100.0%) 7766.8Mb
Reads >Q10:     10801911 (99.9%) 7763.6Mb
Reads >Q12:     9978424 (92.3%) 7091.9Mb
Reads >Q15:     6910107 (63.9%) 4764.5Mb
