refLength: 3209803352, numBins: 3134574
Number of STR records in binary file: 6938958
Number of STR list entries: 6938958

Reference statistics
	RepeatLen
Period	0	1	2	3	4	5	6	7	8	9	10	11	12	13	14	15	16	17	18	19	20
0	0	0	0	0	0	0	0	0	0	0	0	0	0	0	0	0	0	0	0	0	0
1	0	931227	346834	246463	165564	117404	132176	205967	295690	335097	217084	132341	103005	90438	80156	71473	61206	49356	39596	33530	178089
2	0	0	195739	132376	149389	272497	113924	60346	33960	21871	15605	12417	10593	9324	8310	7565	7158	6696	5965	5488	24369
3	0	0	138835	79896	62635	39632	17303	8214	4104	2348	1584	1109	923	909	813	599	344	186	93	66	376
4	0	0	163528	387731	107203	43126	18979	9147	5272	4218	5108	5019	3583	2321	1643	1236	975	700	398	248	321
5	0	0	100932	129279	34991	11179	3468	1701	1326	1160	912	639	513	309	178	101	79	34	22	11	42
6	0	0	91660	44207	7255	1564	563	294	168	115	65	34	27	11	10	3	1	1	2	4	31
7	0	0	220325	10598	1044	163	38	23	10	3	3	3	1	0	0	0	0	1	1	0	1
8	0	0	221368	4791	475	117	44	20	8	4	6	4	1	1	0	0	0	0	1	0	0

Initial downsampling factors
	RepeatLen
Period	0	1	2	3	4	5	6	7	8	9	10	11	12	13	14	15	16	17	18	19	20
0	0	0	0	0	0	0	0	0	0	0	0	0	0	0	0	0	0	0	0	0	0
1	0	10	10	9	8	7	5	3	1	0	0	0	0	0	0	0	0	0	0	0	0
2	0	0	9	6	3	0	0	0	0	0	0	0	0	0	0	0	0	0	0	0	0
3	0	0	8	4	1	0	0	0	0	0	0	0	0	0	0	0	0	0	0	0	0
4	0	0	6	0	0	0	0	0	0	0	0	0	0	0	0	0	0	0	0	0	0
5	0	0	5	0	0	0	0	0	0	0	0	0	0	0	0	0	0	0	0	0	0
6	0	0	4	0	0	0	0	0	0	0	0	0	0	0	0	0	0	0	0	0	0
7	0	0	1	0	0	0	0	0	0	0	0	0	0	0	0	0	0	0	0	0	0
8	0	0	0	0	0	0	0	0	0	0	0	0	0	0	0	0	0	0	0	0	0


Thread 0

Reference statistics
	RepeatLen
Period	0	1	2	3	4	5	6	7	8	9	10	11	12	13	14	15	16	17	18	19	20
0	0	0	0	0	0	0	0	0	0	0	0	0	0	0	0	0	0	0	0	0	0
1	0	931227	346834	246463	165564	117404	132176	205967	295690	335097	217084	132341	103005	90438	80156	71473	61206	49356	39596	33530	178089
2	0	0	195739	132376	149389	272497	113924	60346	33960	21871	15605	12417	10593	9324	8310	7565	7158	6696	5965	5488	24369
3	0	0	138835	79896	62635	39632	17303	8214	4104	2348	1584	1109	923	909	813	599	344	186	93	66	376
4	0	0	163528	387731	107203	43126	18979	9147	5272	4218	5108	5019	3583	2321	1643	1236	975	700	398	248	321
5	0	0	100932	129279	34991	11179	3468	1701	1326	1160	912	639	513	309	178	101	79	34	22	11	42
6	0	0	91660	44207	7255	1564	563	294	168	115	65	34	27	11	10	3	1	1	2	4	31
7	0	0	220325	10598	1044	163	38	23	10	3	3	3	1	0	0	0	0	1	1	0	1
8	0	0	221368	4791	475	117	44	20	8	4	6	4	1	1	0	0	0	0	1	0	0

STRs with at least minimum qualifying reads
	RepeatLen
Period	0	1	2	3	4	5	6	7	8	9	10	11	12	13	14	15	16	17	18	19	20
0	0	0	0	0	0	0	0	0	0	0	0	0	0	0	0	0	0	0	0	0	0
1	0	916406	341267	242091	163160	115393	130644	203294	292273	331475	214704	131016	101945	89472	79277	70685	60486	48646	39053	32905	165342
2	0	0	191934	129626	146145	267684	112298	59518	33538	21470	15336	12235	10406	9180	8144	7450	7043	6571	5882	5408	23831
3	0	0	136770	78969	61883	39101	17131	8102	4039	2302	1568	1088	900	891	804	597	334	185	88	63	332
4	0	0	160822	383088	105832	42557	18724	9040	5211	4164	5027	4928	3504	2271	1602	1207	947	667	384	240	247
5	0	0	99335	125991	34189	10874	3372	1640	1285	1128	866	618	490	295	164	90	75	33	21	7	10
6	0	0	90598	43695	7101	1537	521	279	152	108	61	31	24	5	6	0	1	0	0	2	3
7	0	0	217870	10406	1013	154	36	21	9	2	2	3	1	0	0	0	0	0	0	0	0
8	0	0	218862	4716	465	114	44	18	6	3	6	2	1	0	0	0	0	0	0	0	0

Final downsampling factors
	RepeatLen
Period	0	1	2	3	4	5	6	7	8	9	10	11	12	13	14	15	16	17	18	19	20
0	0	0	0	0	0	0	0	0	0	0	0	0	0	0	0	0	0	0	0	0	0
1	0	10	10	9	8	7	5	3	1	0	0	0	0	0	0	0	0	0	0	0	0
2	0	0	9	6	3	0	0	0	0	0	0	0	0	0	0	0	0	0	0	0	0
3	0	0	8	4	1	0	0	0	0	0	0	0	0	0	0	0	0	0	0	0	0
4	0	0	6	0	0	0	0	0	0	0	0	0	0	0	0	0	0	0	0	0	0
5	0	0	5	0	0	0	0	0	0	0	0	0	0	0	0	0	0	0	0	0	0
6	0	0	4	0	0	0	0	0	0	0	0	0	0	0	0	0	0	0	0	0	0
7	0	0	1	0	0	0	0	0	0	0	0	0	0	0	0	0	0	0	0	0	0
8	0	0	0	0	0	0	0	0	0	0	0	0	0	0	0	0	0	0	0	0	0

Read statistics
	RepeatLen
Period	0	1	2	3	4	5	6	7	8	9	10	11	12	13	14	15	16	17	18	19	20
0	0	0	0	0	0	0	0	0	0	0	0	0	0	0	0	0	0	0	0	0	0
1	0	30810601	11478983	7989618	5350983	3720717	4178725	6480590	9149566	9899753	5853998	3390375	2666102	2084677	1649365	1333285	1041610	755452	535503	401451	1770729
2	0	0	6180486	4167979	4569834	7978017	3378019	1774702	1001577	624800	412937	329117	272088	219256	192405	183775	160265	141451	123649	111217	415979
3	0	0	4376906	2711212	1834453	1097012	472421	224856	100349	53951	35486	23797	18636	18758	15366	12158	6524	3292	1822	979	6659
4	0	0	5121211	11490768	2942197	1084253	495251	212827	117615	84679	111718	102800	66339	42707	25654	20513	12032	7873	3974	2257	1783
5	0	0	3209067	5383938	1431451	463303	160210	78839	59560	62350	50318	22069	19772	7631	2980	1806	603	217	348	25	35
6	0	0	2752140	1156901	166849	30822	9616	4706	2327	1528	716	419	200	52	55	0	13	0	0	4	17
7	0	0	6345486	235957	19078	2701	645	293	70	145	68	6	6	0	0	0	0	0	0	0	0
8	0	0	6449300	110858	9286	2093	688	244	64	37	27	2	4	0	0	0	0	0	0	0	0

Tlen Stats
Num Reads for Tlen:700687796
Mean:386.328, Variance:8652.82

Thread 1

Reference statistics
	RepeatLen
Period	0	1	2	3	4	5	6	7	8	9	10	11	12	13	14	15	16	17	18	19	20
0	0	0	0	0	0	0	0	0	0	0	0	0	0	0	0	0	0	0	0	0	0
1	0	931227	346834	246463	165564	117404	132176	205967	295690	335097	217084	132341	103005	90438	80156	71473	61206	49356	39596	33530	178089
2	0	0	195739	132376	149389	272497	113924	60346	33960	21871	15605	12417	10593	9324	8310	7565	7158	6696	5965	5488	24369
3	0	0	138835	79896	62635	39632	17303	8214	4104	2348	1584	1109	923	909	813	599	344	186	93	66	376
4	0	0	163528	387731	107203	43126	18979	9147	5272	4218	5108	5019	3583	2321	1643	1236	975	700	398	248	321
5	0	0	100932	129279	34991	11179	3468	1701	1326	1160	912	639	513	309	178	101	79	34	22	11	42
6	0	0	91660	44207	7255	1564	563	294	168	115	65	34	27	11	10	3	1	1	2	4	31
7	0	0	220325	10598	1044	163	38	23	10	3	3	3	1	0	0	0	0	1	1	0	1
8	0	0	221368	4791	475	117	44	20	8	4	6	4	1	1	0	0	0	0	1	0	0

STRs with at least minimum qualifying reads
	RepeatLen
Period	0	1	2	3	4	5	6	7	8	9	10	11	12	13	14	15	16	17	18	19	20
0	0	0	0	0	0	0	0	0	0	0	0	0	0	0	0	0	0	0	0	0	0
1	0	916393	341279	242033	163182	115379	130621	203321	292277	331484	214706	131008	101965	89492	79285	70682	60488	48614	39045	32869	165330
2	0	0	191956	129659	146209	267775	112293	59478	33536	21473	15321	12245	10401	9180	8148	7451	7031	6561	5885	5409	23836
3	0	0	136789	78965	61880	39101	17128	8104	4039	2306	1568	1083	902	889	806	596	335	182	89	64	342
4	0	0	160807	383088	105823	42560	18719	9040	5219	4163	5026	4930	3506	2268	1601	1199	937	671	379	239	250
5	0	0	99311	126004	34206	10893	3369	1646	1282	1120	874	617	496	295	169	92	74	31	20	7	8
6	0	0	90592	43704	7103	1539	518	279	152	110	60	31	24	7	6	1	1	0	0	2	3
7	0	0	217894	10402	1016	155	36	20	9	2	3	2	1	0	0	0	0	0	0	0	0
8	0	0	218881	4715	465	115	44	19	6	4	6	3	1	0	0	0	0	0	0	0	0

Final downsampling factors
	RepeatLen
Period	0	1	2	3	4	5	6	7	8	9	10	11	12	13	14	15	16	17	18	19	20
0	0	0	0	0	0	0	0	0	0	0	0	0	0	0	0	0	0	0	0	0	0
1	0	10	10	9	8	7	5	3	1	0	0	0	0	0	0	0	0	0	0	0	0
2	0	0	9	6	3	0	0	0	0	0	0	0	0	0	0	0	0	0	0	0	0
3	0	0	8	4	1	0	0	0	0	0	0	0	0	0	0	0	0	0	0	0	0
4	0	0	6	0	0	0	0	0	0	0	0	0	0	0	0	0	0	0	0	0	0
5	0	0	5	0	0	0	0	0	0	0	0	0	0	0	0	0	0	0	0	0	0
6	0	0	4	0	0	0	0	0	0	0	0	0	0	0	0	0	0	0	0	0	0
7	0	0	1	0	0	0	0	0	0	0	0	0	0	0	0	0	0	0	0	0	0
8	0	0	0	0	0	0	0	0	0	0	0	0	0	0	0	0	0	0	0	0	0

Read statistics
	RepeatLen
Period	0	1	2	3	4	5	6	7	8	9	10	11	12	13	14	15	16	17	18	19	20
0	0	0	0	0	0	0	0	0	0	0	0	0	0	0	0	0	0	0	0	0	0
1	0	30810961	11475118	7985778	5353245	3720339	4179126	6480933	9148994	9901756	5859412	3388219	2667779	2084084	1649231	1334622	1045406	754142	536027	401320	1764754
2	0	0	6175121	4169269	4572535	7982621	3379601	1775322	1002436	623882	414120	328400	272273	219753	191177	184497	160440	141695	123000	111613	416260
3	0	0	4376269	2710705	1837645	1097134	472948	225673	100690	54292	35202	23691	18597	18879	15670	12027	6429	3338	1789	978	6751
4	0	0	5123205	11491920	2945162	1085227	494837	212132	117974	84751	112571	102259	66573	42822	25646	20606	12275	7692	4097	2324	1730
5	0	0	3207703	5385544	1429680	461806	160707	79195	59927	62471	50667	21738	19777	7600	3098	1906	541	212	351	29	33
6	0	0	2752338	1157598	167708	30872	9794	4764	2454	1477	697	411	224	36	45	1	7	0	0	2	14
7	0	0	6343581	235801	19304	2841	620	307	86	129	59	6	4	0	0	0	0	0	0	0	0
8	0	0	6450649	111604	9383	1936	637	246	72	41	29	7	1	0	0	0	0	0	0	0	0

Tlen Stats
Num Reads for Tlen:700707597
Mean:386.325, Variance:8574.47

Thread 2

Reference statistics
	RepeatLen
Period	0	1	2	3	4	5	6	7	8	9	10	11	12	13	14	15	16	17	18	19	20
0	0	0	0	0	0	0	0	0	0	0	0	0	0	0	0	0	0	0	0	0	0
1	0	931227	346834	246463	165564	117404	132176	205967	295690	335097	217084	132341	103005	90438	80156	71473	61206	49356	39596	33530	178089
2	0	0	195739	132376	149389	272497	113924	60346	33960	21871	15605	12417	10593	9324	8310	7565	7158	6696	5965	5488	24369
3	0	0	138835	79896	62635	39632	17303	8214	4104	2348	1584	1109	923	909	813	599	344	186	93	66	376
4	0	0	163528	387731	107203	43126	18979	9147	5272	4218	5108	5019	3583	2321	1643	1236	975	700	398	248	321
5	0	0	100932	129279	34991	11179	3468	1701	1326	1160	912	639	513	309	178	101	79	34	22	11	42
6	0	0	91660	44207	7255	1564	563	294	168	115	65	34	27	11	10	3	1	1	2	4	31
7	0	0	220325	10598	1044	163	38	23	10	3	3	3	1	0	0	0	0	1	1	0	1
8	0	0	221368	4791	475	117	44	20	8	4	6	4	1	1	0	0	0	0	1	0	0

STRs with at least minimum qualifying reads
	RepeatLen
Period	0	1	2	3	4	5	6	7	8	9	10	11	12	13	14	15	16	17	18	19	20
0	0	0	0	0	0	0	0	0	0	0	0	0	0	0	0	0	0	0	0	0	0
1	0	916408	341248	242038	163159	115396	130639	203335	292243	331451	214734	130999	101941	89465	79283	70691	60465	48605	39044	32885	165411
2	0	0	191921	129665	146194	267747	112320	59495	33524	21471	15321	12231	10399	9175	8147	7450	7028	6566	5882	5405	23842
3	0	0	136789	78957	61884	39108	17133	8103	4042	2302	1569	1083	901	889	803	597	334	182	89	62	341
4	0	0	160854	383082	105832	42563	18731	9050	5213	4166	5025	4929	3507	2268	1594	1203	944	667	382	241	254
5	0	0	99302	126005	34171	10878	3373	1644	1288	1126	871	617	491	292	169	90	73	30	19	6	12
6	0	0	90603	43694	7109	1535	523	275	151	108	59	30	27	8	6	0	1	0	0	2	3
7	0	0	217885	10407	1007	154	35	20	8	2	2	3	1	0	0	0	0	0	0	0	0
8	0	0	218885	4714	464	113	44	19	6	4	6	2	1	0	0	0	0	0	0	0	0

Final downsampling factors
	RepeatLen
Period	0	1	2	3	4	5	6	7	8	9	10	11	12	13	14	15	16	17	18	19	20
0	0	0	0	0	0	0	0	0	0	0	0	0	0	0	0	0	0	0	0	0	0
1	0	10	10	9	8	7	5	3	1	0	0	0	0	0	0	0	0	0	0	0	0
2	0	0	9	6	3	0	0	0	0	0	0	0	0	0	0	0	0	0	0	0	0
3	0	0	8	4	1	0	0	0	0	0	0	0	0	0	0	0	0	0	0	0	0
4	0	0	6	0	0	0	0	0	0	0	0	0	0	0	0	0	0	0	0	0	0
5	0	0	5	0	0	0	0	0	0	0	0	0	0	0	0	0	0	0	0	0	0
6	0	0	4	0	0	0	0	0	0	0	0	0	0	0	0	0	0	0	0	0	0
7	0	0	1	0	0	0	0	0	0	0	0	0	0	0	0	0	0	0	0	0	0
8	0	0	0	0	0	0	0	0	0	0	0	0	0	0	0	0	0	0	0	0	0

Read statistics
	RepeatLen
Period	0	1	2	3	4	5	6	7	8	9	10	11	12	13	14	15	16	17	18	19	20
0	0	0	0	0	0	0	0	0	0	0	0	0	0	0	0	0	0	0	0	0	0
1	0	30805852	11481582	7985858	5355257	3721840	4176613	6476944	9146376	9907119	5849967	3388771	2665495	2083495	1651117	1334530	1041481	755153	537022	401501	1769314
2	0	0	6177904	4168490	4571048	7978365	3376085	1775301	1000833	623847	412298	329308	272048	219498	192537	183914	160553	140631	123249	111465	415934
3	0	0	4376561	2708811	1835483	1097731	471834	224643	99613	54969	35728	23209	18660	18616	15550	12346	6587	3424	1731	986	6572
4	0	0	5121514	11492071	2942383	1084223	495081	212703	117298	85479	111758	103377	67163	42692	25727	20384	12249	7864	3822	2298	1744
5	0	0	3210202	5387638	1431098	462577	160929	78613	59454	62376	50429	21850	19802	7558	2924	1817	564	201	328	27	35
6	0	0	2753475	1158276	166575	30599	9553	4572	2392	1558	706	423	208	47	39	0	6	0	0	6	12
7	0	0	6342211	235966	19239	2885	659	317	86	142	59	10	9	0	0	0	0	0	0	0	0
8	0	0	6452437	110711	9223	1931	682	273	61	32	48	2	4	0	0	0	0	0	0	0	0

Tlen Stats
Num Reads for Tlen:700702367
Mean:386.326, Variance:8482.41

Thread 3

Reference statistics
	RepeatLen
Period	0	1	2	3	4	5	6	7	8	9	10	11	12	13	14	15	16	17	18	19	20
0	0	0	0	0	0	0	0	0	0	0	0	0	0	0	0	0	0	0	0	0	0
1	0	931227	346834	246463	165564	117404	132176	205967	295690	335097	217084	132341	103005	90438	80156	71473	61206	49356	39596	33530	178089
2	0	0	195739	132376	149389	272497	113924	60346	33960	21871	15605	12417	10593	9324	8310	7565	7158	6696	5965	5488	24369
3	0	0	138835	79896	62635	39632	17303	8214	4104	2348	1584	1109	923	909	813	599	344	186	93	66	376
4	0	0	163528	387731	107203	43126	18979	9147	5272	4218	5108	5019	3583	2321	1643	1236	975	700	398	248	321
5	0	0	100932	129279	34991	11179	3468	1701	1326	1160	912	639	513	309	178	101	79	34	22	11	42
6	0	0	91660	44207	7255	1564	563	294	168	115	65	34	27	11	10	3	1	1	2	4	31
7	0	0	220325	10598	1044	163	38	23	10	3	3	3	1	0	0	0	0	1	1	0	1
8	0	0	221368	4791	475	117	44	20	8	4	6	4	1	1	0	0	0	0	1	0	0

STRs with at least minimum qualifying reads
	RepeatLen
Period	0	1	2	3	4	5	6	7	8	9	10	11	12	13	14	15	16	17	18	19	20
0	0	0	0	0	0	0	0	0	0	0	0	0	0	0	0	0	0	0	0	0	0
1	0	40577	14774	10668	7119	4979	5661	8697	12204	13200	7661	4467	3307	2686	2083	1772	1418	1021	709	511	1763
2	0	0	8103	5536	5940	10607	4475	2334	1256	791	549	416	325	294	238	234	203	196	173	149	580
3	0	0	5898	3298	2483	1484	597	298	127	71	58	27	33	33	20	14	7	5	2	2	7
4	0	0	6686	15159	3862	1463	603	295	154	106	138	151	93	63	42	23	17	10	4	1	3
5	0	0	4295	5452	1505	479	140	81	78	63	37	32	20	7	2	1	2	1	1	0	0
6	0	0	3608	1535	212	39	14	6	4	2	1	1	1	0	0	0	0	0	0	0	0
7	0	0	8332	302	27	4	0	0	2	1	0	0	0	0	0	0	0	0	0	0	0
8	0	0	8404	174	10	3	3	1	0	0	0	0	0	0	0	0	0	0	0	0	0

Final downsampling factors
	RepeatLen
Period	0	1	2	3	4	5	6	7	8	9	10	11	12	13	14	15	16	17	18	19	20
0	0	0	0	0	0	0	0	0	0	0	0	0	0	0	0	0	0	0	0	0	0
1	0	10	10	9	8	7	5	3	1	0	0	0	0	0	0	0	0	0	0	0	0
2	0	0	9	6	3	0	0	0	0	0	0	0	0	0	0	0	0	0	0	0	0
3	0	0	8	4	1	0	0	0	0	0	0	0	0	0	0	0	0	0	0	0	0
4	0	0	6	0	0	0	0	0	0	0	0	0	0	0	0	0	0	0	0	0	0
5	0	0	5	0	0	0	0	0	0	0	0	0	0	0	0	0	0	0	0	0	0
6	0	0	4	0	0	0	0	0	0	0	0	0	0	0	0	0	0	0	0	0	0
7	0	0	1	0	0	0	0	0	0	0	0	0	0	0	0	0	0	0	0	0	0
8	0	0	0	0	0	0	0	0	0	0	0	0	0	0	0	0	0	0	0	0	0

Read statistics
	RepeatLen
Period	0	1	2	3	4	5	6	7	8	9	10	11	12	13	14	15	16	17	18	19	20
0	0	0	0	0	0	0	0	0	0	0	0	0	0	0	0	0	0	0	0	0	0
1	0	42403	15603	11100	7323	5108	5824	8947	12521	13553	7852	4631	3672	2848	2134	1819	1456	1043	716	515	2342
2	0	0	8349	5750	6218	10939	4719	2511	1386	851	572	448	356	304	248	251	215	201	178	149	602
3	0	0	6119	3716	2561	1524	614	320	131	74	61	27	33	36	21	14	7	5	2	2	9
4	0	0	6950	15854	4044	1509	654	308	164	110	158	169	96	70	42	24	17	10	4	1	3
5	0	0	4560	7441	1945	626	212	104	95	77	61	40	28	8	2	1	2	1	1	0	0
6	0	0	3755	1611	227	41	14	6	4	2	1	1	1	0	0	0	0	0	0	0	0
7	0	0	8598	308	27	4	0	0	2	1	0	0	0	0	0	0	0	0	0	0	0
8	0	0	8801	177	10	3	3	1	0	0	0	0	0	0	0	0	0	0	0	0	0

Tlen Stats
Num Reads for Tlen:962610
Mean:386.244, Variance:8329.85


Final Tlen Stats
Num Reads for Tlen:2102097760
Mean:386.327, Sigma:92.5738
Pruning nodes with period 1 length 1, decimation factor 10
Pruning nodes with period 1 length 1, decimation factor 11
Pruning nodes with period 1 length 1, decimation factor 12
Pruning nodes with period 1 length 1, decimation factor 13
Pruning nodes with period 1 length 1, decimation factor 14
Pruning nodes with period 1 length 1, decimation factor 15
Pruning nodes with period 1 length 1, decimation factor 16
Pruning nodes with period 1 length 1, decimation factor 17
Pruning nodes with period 1 length 2, decimation factor 10
Pruning nodes with period 1 length 2, decimation factor 11
Pruning nodes with period 1 length 2, decimation factor 12
Pruning nodes with period 1 length 2, decimation factor 13
Pruning nodes with period 1 length 2, decimation factor 14
Pruning nodes with period 1 length 2, decimation factor 15
Pruning nodes with period 1 length 2, decimation factor 16
Pruning nodes with period 1 length 3, decimation factor 9
Pruning nodes with period 1 length 3, decimation factor 10
Pruning nodes with period 1 length 3, decimation factor 11
Pruning nodes with period 1 length 3, decimation factor 12
Pruning nodes with period 1 length 3, decimation factor 13
Pruning nodes with period 1 length 3, decimation factor 14
Pruning nodes with period 1 length 4, decimation factor 8
Pruning nodes with period 1 length 4, decimation factor 9
Pruning nodes with period 1 length 4, decimation factor 10
Pruning nodes with period 1 length 4, decimation factor 11
Pruning nodes with period 1 length 4, decimation factor 12
Pruning nodes with period 1 length 4, decimation factor 13
Pruning nodes with period 1 length 5, decimation factor 7
Pruning nodes with period 1 length 5, decimation factor 8
Pruning nodes with period 1 length 5, decimation factor 9
Pruning nodes with period 1 length 5, decimation factor 10
Pruning nodes with period 1 length 5, decimation factor 11
Pruning nodes with period 1 length 6, decimation factor 5
Pruning nodes with period 1 length 6, decimation factor 6
Pruning nodes with period 1 length 6, decimation factor 7
Pruning nodes with period 1 length 6, decimation factor 8
Pruning nodes with period 1 length 6, decimation factor 9
Pruning nodes with period 1 length 7, decimation factor 3
Pruning nodes with period 1 length 7, decimation factor 4
Pruning nodes with period 1 length 7, decimation factor 5
Pruning nodes with period 1 length 7, decimation factor 6
Pruning nodes with period 1 length 7, decimation factor 7
Pruning nodes with period 1 length 7, decimation factor 8
Pruning nodes with period 1 length 8, decimation factor 1
Pruning nodes with period 1 length 8, decimation factor 2
Pruning nodes with period 1 length 8, decimation factor 3
Pruning nodes with period 1 length 8, decimation factor 4
Pruning nodes with period 1 length 8, decimation factor 5
Pruning nodes with period 1 length 8, decimation factor 6
Pruning nodes with period 1 length 8, decimation factor 7
Pruning nodes with period 1 length 9, decimation factor 0
Pruning nodes with period 1 length 9, decimation factor 1
Pruning nodes with period 1 length 9, decimation factor 2
Pruning nodes with period 1 length 9, decimation factor 3
Pruning nodes with period 1 length 9, decimation factor 4
Pruning nodes with period 1 length 9, decimation factor 5
Pruning nodes with period 1 length 9, decimation factor 6
Pruning nodes with period 1 length 10, decimation factor 0
Pruning nodes with period 1 length 10, decimation factor 1
Pruning nodes with period 1 length 10, decimation factor 2
Pruning nodes with period 1 length 10, decimation factor 3
Pruning nodes with period 1 length 10, decimation factor 4
Pruning nodes with period 1 length 10, decimation factor 5
Pruning nodes with period 1 length 11, decimation factor 0
Pruning nodes with period 1 length 11, decimation factor 1
Pruning nodes with period 1 length 11, decimation factor 2
Pruning nodes with period 1 length 11, decimation factor 3
Pruning nodes with period 1 length 11, decimation factor 4
Pruning nodes with period 1 length 12, decimation factor 0
Pruning nodes with period 1 length 12, decimation factor 1
Pruning nodes with period 1 length 12, decimation factor 2
Pruning nodes with period 1 length 12, decimation factor 3
Pruning nodes with period 1 length 12, decimation factor 4
Pruning nodes with period 1 length 13, decimation factor 0
Pruning nodes with period 1 length 13, decimation factor 1
Pruning nodes with period 1 length 13, decimation factor 2
Pruning nodes with period 1 length 13, decimation factor 3
Pruning nodes with period 1 length 13, decimation factor 4
Pruning nodes with period 1 length 14, decimation factor 0
Pruning nodes with period 1 length 14, decimation factor 1
Pruning nodes with period 1 length 14, decimation factor 2
Pruning nodes with period 1 length 14, decimation factor 3
Pruning nodes with period 1 length 14, decimation factor 4
Pruning nodes with period 1 length 15, decimation factor 0
Pruning nodes with period 1 length 15, decimation factor 1
Pruning nodes with period 1 length 15, decimation factor 2
Pruning nodes with period 1 length 15, decimation factor 3
Pruning nodes with period 1 length 15, decimation factor 4
Pruning nodes with period 1 length 16, decimation factor 0
Pruning nodes with period 1 length 16, decimation factor 1
Pruning nodes with period 1 length 16, decimation factor 2
Pruning nodes with period 1 length 16, decimation factor 3
Pruning nodes with period 1 length 17, decimation factor 0
Pruning nodes with period 1 length 17, decimation factor 1
Pruning nodes with period 1 length 17, decimation factor 2
Pruning nodes with period 1 length 17, decimation factor 3
Pruning nodes with period 1 length 18, decimation factor 0
Pruning nodes with period 1 length 18, decimation factor 1
Pruning nodes with period 1 length 18, decimation factor 2
Pruning nodes with period 1 length 18, decimation factor 3
Pruning nodes with period 1 length 19, decimation factor 0
Pruning nodes with period 1 length 19, decimation factor 1
Pruning nodes with period 1 length 19, decimation factor 2
Pruning nodes with period 1 length 19, decimation factor 3
Pruning nodes with period 1 length 20, decimation factor 0
Pruning nodes with period 1 length 20, decimation factor 1
Pruning nodes with period 1 length 20, decimation factor 2
Pruning nodes with period 1 length 20, decimation factor 3
Pruning nodes with period 1 length 20, decimation factor 4
Pruning nodes with period 1 length 20, decimation factor 5
Pruning nodes with period 2 length 2, decimation factor 9
Pruning nodes with period 2 length 2, decimation factor 10
Pruning nodes with period 2 length 2, decimation factor 11
Pruning nodes with period 2 length 2, decimation factor 12
Pruning nodes with period 2 length 2, decimation factor 13
Pruning nodes with period 2 length 2, decimation factor 14
Pruning nodes with period 2 length 3, decimation factor 6
Pruning nodes with period 2 length 3, decimation factor 7
Pruning nodes with period 2 length 3, decimation factor 8
Pruning nodes with period 2 length 3, decimation factor 9
Pruning nodes with period 2 length 3, decimation factor 10
Pruning nodes with period 2 length 4, decimation factor 3
Pruning nodes with period 2 length 4, decimation factor 4
Pruning nodes with period 2 length 4, decimation factor 5
Pruning nodes with period 2 length 4, decimation factor 6
Pruning nodes with period 2 length 4, decimation factor 7
Pruning nodes with period 2 length 4, decimation factor 8
Pruning nodes with period 2 length 5, decimation factor 0
Pruning nodes with period 2 length 5, decimation factor 1
Pruning nodes with period 2 length 5, decimation factor 2
Pruning nodes with period 2 length 5, decimation factor 3
Pruning nodes with period 2 length 5, decimation factor 4
Pruning nodes with period 2 length 5, decimation factor 5
Pruning nodes with period 2 length 5, decimation factor 6
Pruning nodes with period 2 length 6, decimation factor 0
Pruning nodes with period 2 length 6, decimation factor 1
Pruning nodes with period 2 length 6, decimation factor 2
Pruning nodes with period 2 length 6, decimation factor 3
Pruning nodes with period 2 length 6, decimation factor 4
Pruning nodes with period 2 length 7, decimation factor 0
Pruning nodes with period 2 length 7, decimation factor 1
Pruning nodes with period 2 length 7, decimation factor 2
Pruning nodes with period 2 length 7, decimation factor 3
Pruning nodes with period 2 length 8, decimation factor 0
Pruning nodes with period 2 length 8, decimation factor 1
Pruning nodes with period 2 length 8, decimation factor 2
Pruning nodes with period 2 length 8, decimation factor 3
Pruning nodes with period 2 length 9, decimation factor 0
Pruning nodes with period 2 length 9, decimation factor 1
Pruning nodes with period 2 length 9, decimation factor 2
Pruning nodes with period 2 length 10, decimation factor 0
Pruning nodes with period 2 length 10, decimation factor 1
Pruning nodes with period 2 length 11, decimation factor 0
Pruning nodes with period 2 length 11, decimation factor 1
Pruning nodes with period 2 length 12, decimation factor 0
Pruning nodes with period 2 length 12, decimation factor 1
Pruning nodes with period 2 length 13, decimation factor 0
Pruning nodes with period 2 length 13, decimation factor 1
Pruning nodes with period 2 length 14, decimation factor 0
Pruning nodes with period 2 length 15, decimation factor 0
Pruning nodes with period 2 length 16, decimation factor 0
Pruning nodes with period 2 length 17, decimation factor 0
Pruning nodes with period 2 length 18, decimation factor 0
Pruning nodes with period 2 length 19, decimation factor 0
Pruning nodes with period 2 length 20, decimation factor 0
Pruning nodes with period 2 length 20, decimation factor 1
Pruning nodes with period 2 length 20, decimation factor 2
Pruning nodes with period 3 length 2, decimation factor 8
Pruning nodes with period 3 length 2, decimation factor 9
Pruning nodes with period 3 length 2, decimation factor 10
Pruning nodes with period 3 length 2, decimation factor 11
Pruning nodes with period 3 length 2, decimation factor 12
Pruning nodes with period 3 length 2, decimation factor 13
Pruning nodes with period 3 length 3, decimation factor 4
Pruning nodes with period 3 length 3, decimation factor 5
Pruning nodes with period 3 length 3, decimation factor 6
Pruning nodes with period 3 length 3, decimation factor 7
Pruning nodes with period 3 length 3, decimation factor 8
Pruning nodes with period 3 length 4, decimation factor 1
Pruning nodes with period 3 length 4, decimation factor 2
Pruning nodes with period 3 length 4, decimation factor 3
Pruning nodes with period 3 length 4, decimation factor 4
Pruning nodes with period 3 length 5, decimation factor 0
Pruning nodes with period 3 length 5, decimation factor 1
Pruning nodes with period 3 length 5, decimation factor 2
Pruning nodes with period 3 length 5, decimation factor 3
Pruning nodes with period 3 length 6, decimation factor 0
Pruning nodes with period 3 length 6, decimation factor 1
Pruning nodes with period 3 length 6, decimation factor 2
Pruning nodes with period 3 length 7, decimation factor 0
Pruning nodes with period 4 length 2, decimation factor 6
Pruning nodes with period 4 length 2, decimation factor 7
Pruning nodes with period 4 length 2, decimation factor 8
Pruning nodes with period 4 length 2, decimation factor 9
Pruning nodes with period 4 length 2, decimation factor 10
Pruning nodes with period 4 length 2, decimation factor 11
Pruning nodes with period 4 length 3, decimation factor 0
Pruning nodes with period 4 length 3, decimation factor 1
Pruning nodes with period 4 length 3, decimation factor 2
Pruning nodes with period 4 length 3, decimation factor 3
Pruning nodes with period 4 length 3, decimation factor 4
Pruning nodes with period 4 length 3, decimation factor 5
Pruning nodes with period 4 length 3, decimation factor 6
Pruning nodes with period 4 length 4, decimation factor 0
Pruning nodes with period 4 length 4, decimation factor 1
Pruning nodes with period 4 length 4, decimation factor 2
Pruning nodes with period 4 length 4, decimation factor 3
Pruning nodes with period 4 length 4, decimation factor 4
Pruning nodes with period 4 length 5, decimation factor 0
Pruning nodes with period 4 length 5, decimation factor 1
Pruning nodes with period 4 length 5, decimation factor 2
Pruning nodes with period 4 length 5, decimation factor 3
Pruning nodes with period 4 length 6, decimation factor 0
Pruning nodes with period 4 length 6, decimation factor 1
Pruning nodes with period 4 length 6, decimation factor 2
Pruning nodes with period 4 length 7, decimation factor 0
Pruning nodes with period 4 length 7, decimation factor 1
Pruning nodes with period 4 length 8, decimation factor 0
Pruning nodes with period 4 length 9, decimation factor 0
Pruning nodes with period 4 length 10, decimation factor 0
Pruning nodes with period 4 length 11, decimation factor 0
Pruning nodes with period 5 length 2, decimation factor 5
Pruning nodes with period 5 length 2, decimation factor 6
Pruning nodes with period 5 length 2, decimation factor 7
Pruning nodes with period 5 length 2, decimation factor 8
Pruning nodes with period 5 length 2, decimation factor 9
Pruning nodes with period 5 length 3, decimation factor 0
Pruning nodes with period 5 length 3, decimation factor 1
Pruning nodes with period 5 length 3, decimation factor 2
Pruning nodes with period 5 length 3, decimation factor 3
Pruning nodes with period 5 length 3, decimation factor 4
Pruning nodes with period 5 length 4, decimation factor 0
Pruning nodes with period 5 length 4, decimation factor 1
Pruning nodes with period 5 length 4, decimation factor 2
Pruning nodes with period 5 length 4, decimation factor 3
Pruning nodes with period 5 length 5, decimation factor 0
Pruning nodes with period 5 length 5, decimation factor 1
Pruning nodes with period 6 length 2, decimation factor 4
Pruning nodes with period 6 length 2, decimation factor 5
Pruning nodes with period 6 length 2, decimation factor 6
Pruning nodes with period 6 length 2, decimation factor 7
Pruning nodes with period 6 length 2, decimation factor 8
Pruning nodes with period 6 length 3, decimation factor 0
Pruning nodes with period 6 length 3, decimation factor 1
Pruning nodes with period 6 length 3, decimation factor 2
Pruning nodes with period 6 length 3, decimation factor 3
Pruning nodes with period 6 length 4, decimation factor 0
Pruning nodes with period 7 length 2, decimation factor 1
Pruning nodes with period 7 length 2, decimation factor 2
Pruning nodes with period 7 length 2, decimation factor 3
Pruning nodes with period 7 length 2, decimation factor 4
Pruning nodes with period 7 length 2, decimation factor 5
Pruning nodes with period 7 length 2, decimation factor 6
Pruning nodes with period 7 length 3, decimation factor 0
Pruning nodes with period 7 length 3, decimation factor 1
Pruning nodes with period 8 length 2, decimation factor 0
Pruning nodes with period 8 length 2, decimation factor 1
Pruning nodes with period 8 length 2, decimation factor 2
Pruning nodes with period 8 length 2, decimation factor 3
Pruning nodes with period 8 length 2, decimation factor 4
Pruning nodes with period 8 length 2, decimation factor 5
Pruning nodes with period 8 length 3, decimation factor 0

Time downsampling 00:00:04.276

Calculating PCR parameters

Reference statistics after downsampling
	RepeatLen
Period	0	1	2	3	4	5	6	7	8	9	10	11	12	13	14	15	16	17	18	19	20
0	0	0	0	0	0	0	0	0	0	0	0	0	0	0	0	0	0	0	0	0	0
1	0	16112	7334	7347	4576	5188	5377	5404	5331	5799	5439	5210	4057	3561	3176	2801	4312	3551	2793	2471	8430
2	0	0	6087	6238	4744	5884	4923	4457	2456	3039	4057	3207	2781	2415	4212	3822	3621	3391	3001	2766	3342
3	0	0	3879	3249	4535	2923	2295	4151	4104	2348	1584	1109	923	909	813	599	344	186	93	66	376
4	0	0	4741	7249	4535	3162	2571	2348	2664	2134	2594	2549	3583	2321	1643	1236	975	700	398	248	321
5	0	0	4445	6634	2790	2961	3468	1701	1326	1160	912	639	513	309	178	101	79	34	22	11	42
6	0	0	3773	3217	3689	1564	563	294	168	115	65	34	27	11	10	3	1	1	2	4	31
7	0	0	5732	2788	1044	163	38	23	10	3	3	3	1	0	0	0	0	1	1	0	1
8	0	0	5902	2451	475	117	44	20	8	4	6	4	1	1	0	0	0	0	1	0	0

STRs with at least minimum qualifying reads
	RepeatLen
Period	0	1	2	3	4	5	6	7	8	9	10	11	12	13	14	15	16	17	18	19	20
0	0	0	0	0	0	0	0	0	0	0	0	0	0	0	0	0	0	0	0	0	0
1	0	3501	2611	3721	2505	3536	3999	3151	2270	2573	3348	4090	3183	2811	2471	2204	3783	3042	2442	2073	2684
2	0	0	2945	3980	2257	2087	3511	3711	2093	2699	3837	3063	2621	2298	4093	3740	3526	3285	2939	2704	3002
3	0	0	2089	2440	3871	2450	2143	4049	4048	2306	1569	1088	902	892	806	597	335	185	89	64	349
4	0	0	2455	3084	3304	2654	2346	2261	2623	2092	2523	2470	3523	2278	1613	1210	956	677	385	243	267
5	0	0	3054	4014	2157	2734	3391	1659	1300	1143	882	623	498	299	174	93	78	33	21	8	12
6	0	0	2811	2789	3566	1544	527	282	153	111	62	31	27	8	6	1	1	0	0	2	3
7	0	0	3557	2644	1033	158	36	22	9	2	3	3	1	0	0	0	0	0	0	0	0
8	0	0	3689	2390	469	115	44	19	6	4	6	4	1	0	0	0	0	0	0	0	0

Final downsampling factors
	RepeatLen
Period	0	1	2	3	4	5	6	7	8	9	10	11	12	13	14	15	16	17	18	19	20
0	0	0	0	0	0	0	0	0	0	0	0	0	0	0	0	0	0	0	0	0	0
1	0	18	17	15	14	12	10	9	8	7	6	5	5	5	5	5	4	4	4	4	6
2	0	0	15	11	9	7	5	4	4	3	2	2	2	2	1	1	1	1	1	1	3
3	0	0	14	9	5	4	3	1	0	0	0	0	0	0	0	0	0	0	0	0	0
4	0	0	12	7	5	4	3	2	1	1	1	1	0	0	0	0	0	0	0	0	0
5	0	0	10	5	4	2	0	0	0	0	0	0	0	0	0	0	0	0	0	0	0
6	0	0	9	4	1	0	0	0	0	0	0	0	0	0	0	0	0	0	0	0	0
7	0	0	7	2	0	0	0	0	0	0	0	0	0	0	0	0	0	0	0	0	0
8	0	0	6	1	0	0	0	0	0	0	0	0	0	0	0	0	0	0	0	0	0

Read statistics
	RepeatLen
Period	0	1	2	3	4	5	6	7	8	9	10	11	12	13	14	15	16	17	18	19	20
0	0	0	0	0	0	0	0	0	0	0	0	0	0	0	0	0	0	0	0	0	0
1	0	344554	255575	371238	247085	339502	390473	316100	213086	228433	271853	372648	228395	192938	157877	121711	202147	136700	99735	75157	63008
2	0	0	284529	381640	215601	184331	318157	343267	184719	236075	319471	252430	212918	169794	286606	277627	243424	216908	181178	171434	157653
3	0	0	197613	233910	340884	207169	173721	338236	300783	163286	106477	70724	55926	56289	46607	36545	19547	10059	5344	2945	19991
4	0	0	229769	273630	279075	205752	184672	166317	170879	129431	170350	151405	200171	128291	77069	61527	36573	23439	11897	6880	5260
5	0	0	297475	462663	243170	405178	482058	236751	179036	187274	151475	65697	59379	22797	9004	5530	1710	631	1028	81	103
6	0	0	265340	221774	257371	92334	28977	14048	7177	4565	2120	1254	633	135	139	1	26	0	0	12	43
7	0	0	298459	178665	57648	8431	1924	917	244	417	186	22	19	0	0	0	0	0	0	0	0
8	0	0	315028	171415	27902	5963	2010	764	197	110	104	11	9	0	0	0	0	0	0	0	0

Repeat period 8 calibration time 00:00:04.647

Repeat period 7 calibration time 00:00:05.189

Repeat period 6 calibration time 00:00:09.230

Repeat period 5 calibration time 00:00:17.196

Repeat period 3 calibration time 00:00:23.137

Repeat period 4 calibration time 00:00:24.895

Repeat period 1 calibration time 00:00:27.315

Repeat period 2 calibration time 00:00:37.033

Time calibration 00:00:37.034

Max GOP: 40, GOP bias: 0

Insertion GOP:
	RepeatLen
Period	0	1	2	3	4	5	6	7	8	9	10	11	12	13	14	15	16	17	18	19	20
0	0	0	0	0	0	0	0	0	0	0	0	0	0	0	0	0	0	0	0	0	0
1	0	45.00	45.00	45.00	45.00	45.00	45.00	45.00	43.50	39.25	35.50	32.50	31.50	31.25	30.25	30.00	29.25	29.25	28.25	28.25	27.50
2	0	41.75	41.75	41.75	41.75	41.75	39.75	35.50	32.50	31.25	29.50	29.00	28.25	28.25	28.25	27.75	27.75	28.00	27.50	27.25	27.50
3	0	40.00	40.00	40.00	40.00	40.00	39.50	36.00	33.00	32.00	29.25	29.25	28.25	28.75	28.75	28.75	28.75	28.00	28.00	25.50	26.50
4	0	39.00	39.00	39.00	38.50	36.00	34.25	31.50	28.50	26.75	26.00	26.00	26.00	25.25	23.50	23.75	22.75	22.75	22.75	22.75	22.75
5	0	40.00	40.00	40.00	40.00	37.00	33.50	29.00	25.75	25.50	25.25	25.25	24.00	25.00	25.00	25.00	25.00	24.00	23.25	23.25	23.25
6	0	38.75	38.75	38.75	38.75	35.25	28.75	22.75	22.75	24.00	24.00	24.00	24.00	24.00	24.00	24.00	24.00	24.00	24.00	24.00	24.00
7	0	37.50	37.50	37.50	34.50	29.75	28.25	26.50	24.75	17.75	17.75	17.75	17.75	19.25	19.25	19.25	19.25	19.25	19.25	19.25	19.25
8	0	38.00	38.00	38.00	30.25	29.25	23.50	23.50	23.50	23.50	23.50	23.50	23.50	16.75	16.75	16.75	16.75	16.75	16.75	16.75	16.75

Command line insertion GOP:
 160 160 160 160 160 160 160 160 157 142 130 126 125 121 120 117 117 113 113 110 160 160 160 160 160 159 142 130 125 118 116 113 113 113 111 111 112 110 109 110 160 160 160 160 160 158 144 132 128 117 117 113 115 115 115 115 112 112 102 106 156 156 156 154 144 137 126 114 107 104 104 104 101 94 95 91 91 91 91 91 160 160 160 160 148 134 116 103 102 101 101 96 100 100 100 100 96 93 93 93 155 155 155 155 141 115 91 91 96 96 96 96 96 96 96 96 96 96 96 96 150 150 150 138 119 113 106 99 71 71 71 71 77 77 77 77 77 77 77 77 152 152 152 121 117 94 94 94 94 94 94 94 67 67 67 67 67 67 67 67

Max GOP: 40.00, GOP bias: 0.00

Deletion GOP
	RepeatLen
Period	0	1	2	3	4	5	6	7	8	9	10	11	12	13	14	15	16	17	18	19	20
0	0	0	0	0	0	0	0	0	0	0	0	0	0	0	0	0	0	0	0	0	0
1	0	45.00	45.00	45.00	45.00	45.00	43.50	39.25	35.50	32.50	31.50	31.25	30.25	30.00	29.25	29.25	28.25	28.25	27.50	27.25	27.25
2	0	42.50	42.50	42.25	39.25	35.25	32.25	30.50	29.25	28.75	28.00	27.75	27.00	26.75	26.75	26.50	26.50	26.50	26.50	26.50	26.50
3	0	41.50	41.50	41.50	38.50	34.75	33.75	31.50	30.50	30.25	29.25	29.00	29.00	29.00	29.00	28.75	28.75	28.00	26.25	26.00	26.00
4	0	41.25	39.75	36.25	33.25	31.50	29.75	26.75	26.50	26.50	26.50	26.50	26.25	25.75	25.25	25.25	24.00	24.00	23.75	23.75	23.75
5	0	41.00	41.00	36.00	32.75	29.50	26.75	26.75	26.50	26.50	25.75	25.75	25.75	25.75	25.75	25.75	25.75	25.75	25.75	22.00	22.00
6	0	40.00	36.50	32.75	28.00	27.00	26.00	24.25	24.00	24.00	24.00	23.00	18.50	18.50	18.50	14.75	14.75	14.75	14.75	14.75	14.75
7	0	40.50	35.00	28.00	27.00	23.00	23.00	23.00	23.00	23.00	23.00	23.00	23.00	23.00	23.00	23.00	23.00	23.00	23.00	23.00	23.00
8	0	39.75	29.75	27.00	27.00	22.50	19.75	19.75	19.75	19.75	19.75	15.75	15.75	15.75	15.75	15.75	15.75	15.75	15.75	15.75	15.75

Command line deletion GOP:
 160 160 160 160 160 160 157 142 130 126 125 121 120 117 117 113 113 110 109 109 160 160 160 157 141 129 122 117 115 112 111 108 107 107 106 106 106 106 106 106 160 160 160 154 139 135 126 122 121 117 116 116 116 116 115 115 112 105 104 104 160 159 145 133 126 119 107 106 106 106 106 105 103 101 101 96 96 95 95 95 160 160 144 131 118 107 107 106 106 103 103 103 103 103 103 103 103 103 88 88 160 146 131 112 108 104 97 96 96 96 92 74 74 74 59 59 59 59 59 59 160 140 112 108 92 92 92 92 92 92 92 92 92 92 92 92 92 92 92 92 159 119 108 108 90 79 79 79 79 79 63 63 63 63 63 63 63 63 63 63

Insertion GCP:
	RepeatLen
Period	0	1	2	3	4	5	6	7	8	9	10	11	12	13	14	15	16	17	18	19	20
0	0	0	0	0	0	0	0	0	0	0	0	0	0	0	0	0	0	0	0	0	0
1	0	7.75	7.75	7.75	7.75	7.75	7.75	7.75	7.75	7.75	7.75	7.75	7.75	7.50	7.00	7.00	7.00	7.00	7.00	6.50	6.50
2	0	3.25	3.25	3.25	3.25	3.25	3.25	3.25	3.25	3.25	3.25	3.25	3.00	3.00	3.00	3.00	3.00	2.75	2.75	2.75	2.50
3	0	2.50	2.50	2.50	2.50	2.50	2.50	2.50	2.50	2.50	2.50	2.50	2.50	2.25	2.25	2.25	2.25	2.25	2.25	2.25	1.75
4	0	2.00	2.00	2.00	2.00	2.00	2.00	2.00	2.00	2.00	1.75	1.75	1.75	1.75	1.75	1.25	1.25	1.25	1.25	1.25	1.25
5	0	1.25	1.25	1.25	1.25	1.25	1.25	1.25	1.25	1.25	1.25	1.25	1.25	1.00	1.00	1.00	1.00	1.00	1.00	1.00	1.00
6	0	1.25	1.25	1.25	1.25	1.25	1.25	1.25	1.25	1.00	1.00	1.00	1.00	1.00	1.00	1.00	1.00	1.00	1.00	1.00	1.00
7	0	1.25	1.25	1.25	1.25	1.00	1.00	1.00	1.00	1.00	1.00	1.00	1.00	0.75	0.75	0.75	0.75	0.75	0.75	0.75	0.75
8	0	1.00	1.00	1.00	0.75	0.75	0.75	0.75	0.75	0.75	0.75	0.75	0.75	0.75	0.75	0.75	0.75	0.75	0.75	0.75	0.75

Command line insertion GCP:
 31 31 31 31 31 31 31 31 31 31 31 31 30 28 28 28 28 28 26 26 13 13 13 13 13 13 13 13 13 13 13 12 12 12 12 12 11 11 11 10 10 10 10 10 10 10 10 10 10 10 10 10 9 9 9 9 9 9 9 7 8 8 8 8 8 8 8 8 8 7 7 7 7 7 5 5 5 5 5 5 5 5 5 5 5 5 5 5 5 5 5 5 4 4 4 4 4 4 4 4 5 5 5 5 5 5 5 5 4 4 4 4 4 4 4 4 4 4 4 4 5 5 5 5 4 4 4 4 4 4 4 4 3 3 3 3 3 3 3 3 4 4 4 3 3 3 3 3 3 3 3 3 3 3 3 3 3 3 3 3

Deletion GCP:
	RepeatLen
Period	0	1	2	3	4	5	6	7	8	9	10	11	12	13	14	15	16	17	18	19	20
0	0	0	0	0	0	0	0	0	0	0	0	0	0	0	0	0	0	0	0	0	0
1	0	7.75	7.75	7.75	7.75	7.75	7.75	7.75	7.75	7.75	7.75	7.50	7.00	7.00	7.00	7.00	7.00	6.50	6.50	6.00	6.00
2	0	2.50	2.50	2.50	2.50	2.50	2.50	2.50	2.50	2.50	2.50	2.50	2.50	2.50	2.50	2.50	2.50	2.50	2.50	2.50	2.50
3	0	1.75	1.75	1.75	1.75	1.75	1.75	1.75	1.75	1.75	1.75	1.75	1.75	1.75	1.75	1.75	1.75	1.75	1.75	1.75	1.75
4	0	1.25	1.25	1.25	1.25	1.25	1.25	1.25	1.25	1.25	1.25	1.25	1.25	1.25	1.25	1.25	1.25	1.25	1.25	1.25	1.25
5	0	1.00	1.00	1.00	1.00	1.00	1.00	1.00	1.00	1.00	1.00	1.00	1.00	1.00	1.00	1.00	1.00	1.00	1.00	1.00	1.00
6	0	1.00	1.00	1.00	1.00	1.00	1.00	1.00	1.00	1.00	1.00	1.00	1.00	1.00	1.00	1.00	1.00	1.00	1.00	1.00	1.00
7	0	0.75	0.75	0.75	0.75	0.75	0.75	0.75	0.75	0.75	0.75	0.75	0.75	0.75	0.75	0.75	0.75	0.75	0.75	0.75	0.75
8	0	0.75	0.75	0.75	0.75	0.75	0.75	0.75	0.75	0.75	0.75	0.75	0.75	0.75	0.75	0.75	0.75	0.75	0.75	0.75	0.75

Command line deletion GCP:
 31 31 31 31 31 31 31 31 31 31 30 28 28 28 28 28 26 26 24 24 10 10 10 10 10 10 10 10 10 10 10 10 10 10 10 10 10 10 10 10 7 7 7 7 7 7 7 7 7 7 7 7 7 7 7 7 7 7 7 7 5 5 5 5 5 5 5 5 5 5 5 5 5 5 5 5 5 5 5 5 4 4 4 4 4 4 4 4 4 4 4 4 4 4 4 4 4 4 4 4 4 4 4 4 4 4 4 4 4 4 4 4 4 4 4 4 4 4 4 4 3 3 3 3 3 3 3 3 3 3 3 3 3 3 3 3 3 3 3 3 3 3 3 3 3 3 3 3 3 3 3 3 3 3 3 3 3 3 3 3

API:
	RepeatLen
Period	0	1	2	3	4	5	6	7	8	9	10	11	12	13	14	15	16	17	18	19	20
0	0	0	0	0	0	0	0	0	0	0	0	0	0	0	0	0	0	0	0	0	0
1	0	30.00	30.00	30.00	30.00	30.00	29.50	25.50	21.25	17.75	15.00	13.25	12.00	10.75	10.50	9.75	9.00	8.50	8.25	8.00	6.25
2	0	30.00	30.00	30.00	29.25	23.75	18.75	16.00	12.75	10.25	8.50	7.25	6.00	5.25	4.50	4.00	3.25	3.00	3.00	3.00	3.00
3	0	30.00	30.00	30.00	26.25	21.25	18.00	14.00	11.00	8.50	6.25	4.50	3.25	3.00	3.00	3.00	3.00	3.00	3.00	3.00	3.00
4	0	30.00	30.00	25.25	21.00	16.75	12.50	8.50	5.25	3.75	3.50	3.25	3.00	3.00	3.00	3.00	3.00	3.00	3.00	3.00	3.00
5	0	30.00	30.00	25.50	20.00	14.25	9.50	5.75	4.50	3.00	3.00	3.00	3.00	3.00	3.00	3.00	3.00	3.00	3.00	3.00	3.00
6	0	30.00	30.00	23.00	17.50	11.25	7.25	6.00	4.00	3.00	3.00	3.00	3.00	3.00	3.00	3.00	3.00	3.00	3.00	3.00	3.00
7	0	30.00	30.00	20.50	13.75	10.25	6.75	5.00	5.00	5.00	5.00	5.00	5.00	5.00	5.00	5.00	5.00	5.00	5.00	5.00	5.00
8	0	27.00	27.00	17.50	11.75	9.00	6.25	6.25	6.25	6.25	5.50	5.50	3.00	3.00	3.00	3.00	3.00	3.00	3.00	3.00	3.00

Command line API:
 30 30 30 30 30 29 25 21 17 15 13 12 10 10 9 9 8 8 8 6 30 30 30 29 23 18 16 12 10 8 7 6 5 4 4 3 3 3 3 3 30 30 30 26 21 18 14 11 8 6 4 3 3 3 3 3 3 3 3 3 30 30 25 21 16 12 8 5 3 3 3 3 3 3 3 3 3 3 3 3 30 30 25 20 14 9 5 4 3 3 3 3 3 3 3 3 3 3 3 3 30 30 23 17 11 7 6 4 3 3 3 3 3 3 3 3 3 3 3 3 30 30 20 13 10 6 5 5 5 5 5 5 5 5 5 5 5 5 5 5 27 27 17 11 9 6 6 6 6 5 5 3 3 3 3 3 3 3 3 3

Group: 1, totalBases: 3255181802, pcrProbErr: 182164.20
Group 1 Estimated PCR error probability: 42.52
