# UMI-tools version: 1.1.5
# output generated by extract -I SRR6357073_1.fastq.gz -S RAP1_UNINDUCED_REP1.umi_extract.fastq.gz --extract-method=string --bc-pattern=NNNNN
# job started at Wed Jun  5 19:57:50 2024 on m16.uppmax.uu.se -- db920afc-4839-4af2-9439-f873e468250e
# pid: 36, system: Linux 4.18.0-513.24.1.el8_9.x86_64 #1 SMP Thu Apr 4 18:13:02 UTC 2024 x86_64
# blacklist                               : None
# compresslevel                           : 6
# correct_umi_threshold                   : 0
# either_read                             : False
# either_read_resolve                     : discard
# error_correct_cell                      : False
# extract_method                          : string
# filter_cell_barcode                     : None
# filter_cell_barcodes                    : False
# filter_umi                              : None
# filtered_out                            : None
# filtered_out2                           : None
# ignore_suffix                           : False
# log2stderr                              : False
# loglevel                                : 1
# pattern                                 : NNNNN
# pattern2                                : None
# prime3                                  : None
# quality_encoding                        : None
# quality_filter_mask                     : None
# quality_filter_threshold                : None
# random_seed                             : None
# read2_in                                : None
# read2_out                               : False
# read2_stdout                            : False
# reads_subset                            : None
# reconcile                               : False
# retain_umi                              : None
# short_help                              : None
# stderr                                  : <_io.TextIOWrapper name='<stderr>' mode='w' encoding='utf-8'>
# stdin                                   : <_io.TextIOWrapper name='SRR6357073_1.fastq.gz' encoding='ascii'>
# stdlog                                  : <_io.TextIOWrapper name='<stdout>' mode='w' encoding='utf-8'>
# stdout                                  : <_io.TextIOWrapper name='RAP1_UNINDUCED_REP1.umi_extract.fastq.gz' encoding='ascii'>
# timeit_file                             : None
# timeit_header                           : None
# timeit_name                             : all
# tmpdir                                  : None
# umi_correct_log                         : None
# umi_separator                           : _
# umi_whitelist                           : None
# umi_whitelist_paired                    : None
# whitelist                               : None
2024-06-05 19:57:50,845 INFO Starting barcode extraction
2024-06-05 19:57:52,145 INFO Input Reads: 50000
2024-06-05 19:57:52,145 INFO Reads output: 50000
# job finished in 1 seconds at Wed Jun  5 19:57:52 2024 --  3.16  0.15  0.00  0.00 -- db920afc-4839-4af2-9439-f873e468250e
