# UMI-tools version: 1.1.4
# output generated by extract -I FF231221_86_S86_R1_001.fastq.gz --read2-in=FF231221_86_S86_R2_001.fastq.gz -S RMGI_wt_250_48h-3.umi_extract_1.fastq.gz --read2-out=RMGI_wt_250_48h-3.umi_extract_2.fastq.gz --extract-method=regex --bc-pattern=(?P<umi_1>.{6})(?P<discard_1>GGG).* --bc-pattern2=(?P<umi_2>.{6})(?P<discard_2>T).*
# job started at Thu Jan 25 00:19:04 2024 on harris -- 441cccf2-ccde-49a5-b886-c2fff6113c7f
# pid: 1863060, system: Linux 5.4.0-169-generic #187-Ubuntu SMP Thu Nov 23 14:52:28 UTC 2023 x86_64
# blacklist                               : None
# compresslevel                           : 6
# correct_umi_threshold                   : 0
# either_read                             : False
# either_read_resolve                     : discard
# error_correct_cell                      : False
# extract_method                          : regex
# filter_cell_barcode                     : None
# filter_cell_barcodes                    : False
# filter_umi                              : None
# filtered_out                            : None
# filtered_out2                           : None
# ignore_suffix                           : False
# log2stderr                              : False
# loglevel                                : 1
# pattern                                 : (?P<umi_1>.{6})(?P<discard_1>GGG).*
# pattern2                                : (?P<umi_2>.{6})(?P<discard_2>T).*
# prime3                                  : None
# quality_encoding                        : None
# quality_filter_mask                     : None
# quality_filter_threshold                : None
# random_seed                             : None
# read2_in                                : FF231221_86_S86_R2_001.fastq.gz
# read2_out                               : RMGI_wt_250_48h-3.umi_extract_2.fastq.gz
# read2_stdout                            : False
# reads_subset                            : None
# reconcile                               : False
# retain_umi                              : None
# short_help                              : None
# stderr                                  : <_io.TextIOWrapper name='<stderr>' mode='w' encoding='utf-8'>
# stdin                                   : <_io.TextIOWrapper name='FF231221_86_S86_R1_001.fastq.gz' encoding='ascii'>
# stdlog                                  : <_io.TextIOWrapper name='<stdout>' mode='w' encoding='utf-8'>
# stdout                                  : <_io.TextIOWrapper name='RMGI_wt_250_48h-3.umi_extract_1.fastq.gz' encoding='ascii'>
# timeit_file                             : None
# timeit_header                           : None
# timeit_name                             : all
# tmpdir                                  : None
# umi_correct_log                         : None
# umi_separator                           : _
# umi_whitelist                           : None
# umi_whitelist_paired                    : None
# whitelist                               : None
2024-01-25 00:19:04,607 INFO Starting barcode extraction
2024-01-25 00:19:05,675 INFO Parsed 100000 reads
2024-01-25 00:19:06,748 INFO Parsed 200000 reads
2024-01-25 00:19:07,772 INFO Parsed 300000 reads
2024-01-25 00:19:08,723 INFO Parsed 400000 reads
2024-01-25 00:19:09,701 INFO Parsed 500000 reads
2024-01-25 00:19:10,684 INFO Parsed 600000 reads
2024-01-25 00:19:11,611 INFO Parsed 700000 reads
2024-01-25 00:19:12,520 INFO Parsed 800000 reads
2024-01-25 00:19:13,458 INFO Parsed 900000 reads
2024-01-25 00:19:14,397 INFO Parsed 1000000 reads
2024-01-25 00:19:15,344 INFO Parsed 1100000 reads
2024-01-25 00:19:16,282 INFO Parsed 1200000 reads
2024-01-25 00:19:17,313 INFO Parsed 1300000 reads
2024-01-25 00:19:18,341 INFO Parsed 1400000 reads
2024-01-25 00:19:19,364 INFO Parsed 1500000 reads
2024-01-25 00:19:20,295 INFO Parsed 1600000 reads
2024-01-25 00:19:21,207 INFO Parsed 1700000 reads
2024-01-25 00:19:22,138 INFO Parsed 1800000 reads
2024-01-25 00:19:23,049 INFO Parsed 1900000 reads
2024-01-25 00:19:23,968 INFO Parsed 2000000 reads
2024-01-25 00:19:24,884 INFO Parsed 2100000 reads
2024-01-25 00:19:25,800 INFO Parsed 2200000 reads
2024-01-25 00:19:26,717 INFO Parsed 2300000 reads
2024-01-25 00:19:27,625 INFO Parsed 2400000 reads
2024-01-25 00:19:28,570 INFO Parsed 2500000 reads
2024-01-25 00:19:29,516 INFO Parsed 2600000 reads
2024-01-25 00:19:30,451 INFO Parsed 2700000 reads
2024-01-25 00:19:31,363 INFO Parsed 2800000 reads
2024-01-25 00:19:32,292 INFO Parsed 2900000 reads
2024-01-25 00:19:33,213 INFO Parsed 3000000 reads
2024-01-25 00:19:34,141 INFO Parsed 3100000 reads
2024-01-25 00:19:35,073 INFO Parsed 3200000 reads
2024-01-25 00:19:35,989 INFO Parsed 3300000 reads
2024-01-25 00:19:36,961 INFO Parsed 3400000 reads
2024-01-25 00:19:37,881 INFO Parsed 3500000 reads
2024-01-25 00:19:38,811 INFO Parsed 3600000 reads
2024-01-25 00:19:39,719 INFO Parsed 3700000 reads
2024-01-25 00:19:40,626 INFO Parsed 3800000 reads
2024-01-25 00:19:41,588 INFO Parsed 3900000 reads
2024-01-25 00:19:42,517 INFO Parsed 4000000 reads
2024-01-25 00:19:43,434 INFO Parsed 4100000 reads
2024-01-25 00:19:44,350 INFO Parsed 4200000 reads
2024-01-25 00:19:45,245 INFO Parsed 4300000 reads
2024-01-25 00:19:46,151 INFO Parsed 4400000 reads
2024-01-25 00:19:47,049 INFO Parsed 4500000 reads
2024-01-25 00:19:47,964 INFO Parsed 4600000 reads
2024-01-25 00:19:48,867 INFO Parsed 4700000 reads
2024-01-25 00:19:49,780 INFO Parsed 4800000 reads
2024-01-25 00:19:50,677 INFO Parsed 4900000 reads
2024-01-25 00:19:51,574 INFO Parsed 5000000 reads
2024-01-25 00:19:52,505 INFO Parsed 5100000 reads
2024-01-25 00:19:53,426 INFO Parsed 5200000 reads
2024-01-25 00:19:54,341 INFO Parsed 5300000 reads
2024-01-25 00:19:55,247 INFO Parsed 5400000 reads
2024-01-25 00:19:56,166 INFO Parsed 5500000 reads
2024-01-25 00:19:57,099 INFO Parsed 5600000 reads
2024-01-25 00:19:58,041 INFO Parsed 5700000 reads
2024-01-25 00:19:59,011 INFO Parsed 5800000 reads
2024-01-25 00:19:59,959 INFO Parsed 5900000 reads
2024-01-25 00:20:00,928 INFO Parsed 6000000 reads
2024-01-25 00:20:01,892 INFO Parsed 6100000 reads
2024-01-25 00:20:02,895 INFO Parsed 6200000 reads
2024-01-25 00:20:03,848 INFO Parsed 6300000 reads
2024-01-25 00:20:04,789 INFO Parsed 6400000 reads
2024-01-25 00:20:05,698 INFO Parsed 6500000 reads
2024-01-25 00:20:06,671 INFO Parsed 6600000 reads
2024-01-25 00:20:07,659 INFO Parsed 6700000 reads
2024-01-25 00:20:08,655 INFO Parsed 6800000 reads
2024-01-25 00:20:09,617 INFO Parsed 6900000 reads
2024-01-25 00:20:10,534 INFO Parsed 7000000 reads
2024-01-25 00:20:11,498 INFO Parsed 7100000 reads
2024-01-25 00:20:12,359 INFO Parsed 7200000 reads
2024-01-25 00:20:13,258 INFO Parsed 7300000 reads
2024-01-25 00:20:14,249 INFO Parsed 7400000 reads
2024-01-25 00:20:15,263 INFO Parsed 7500000 reads
2024-01-25 00:20:16,236 INFO Parsed 7600000 reads
2024-01-25 00:20:17,212 INFO Parsed 7700000 reads
2024-01-25 00:20:18,206 INFO Parsed 7800000 reads
2024-01-25 00:20:19,222 INFO Parsed 7900000 reads
2024-01-25 00:20:20,220 INFO Parsed 8000000 reads
2024-01-25 00:20:21,199 INFO Parsed 8100000 reads
2024-01-25 00:20:22,184 INFO Parsed 8200000 reads
2024-01-25 00:20:23,148 INFO Parsed 8300000 reads
2024-01-25 00:20:24,154 INFO Parsed 8400000 reads
2024-01-25 00:20:25,084 INFO Parsed 8500000 reads
2024-01-25 00:20:26,036 INFO Parsed 8600000 reads
2024-01-25 00:20:26,999 INFO Parsed 8700000 reads
2024-01-25 00:20:27,971 INFO Parsed 8800000 reads
2024-01-25 00:20:28,909 INFO Parsed 8900000 reads
2024-01-25 00:20:29,865 INFO Parsed 9000000 reads
2024-01-25 00:20:30,827 INFO Parsed 9100000 reads
2024-01-25 00:20:31,791 INFO Parsed 9200000 reads
2024-01-25 00:20:32,718 INFO Parsed 9300000 reads
2024-01-25 00:20:33,681 INFO Parsed 9400000 reads
2024-01-25 00:20:34,650 INFO Parsed 9500000 reads
2024-01-25 00:20:35,634 INFO Parsed 9600000 reads
2024-01-25 00:20:36,573 INFO Parsed 9700000 reads
2024-01-25 00:20:37,504 INFO Parsed 9800000 reads
2024-01-25 00:20:38,459 INFO Parsed 9900000 reads
2024-01-25 00:20:39,419 INFO Parsed 10000000 reads
2024-01-25 00:20:40,180 INFO Input Reads: 10077011
2024-01-25 00:20:40,180 INFO regex does not match read1: 9215286
2024-01-25 00:20:40,180 INFO regex matches read1: 861725
2024-01-25 00:20:40,180 INFO regex does not match read2: 752463
2024-01-25 00:20:40,180 INFO regex matches read2: 109262
2024-01-25 00:20:40,180 INFO Reads output: 109262
# job finished in 95 seconds at Thu Jan 25 00:20:40 2024 -- 97.95  4.86  0.00  0.00 -- 441cccf2-ccde-49a5-b886-c2fff6113c7f
