/home/vsaveliev/quast/quast.pyc --colors #E31A1C,#1F78B4 --ls solid,solid --no-check-meta --contig-thresholds 1000,5000,10000,25000,50000 --memory-efficient -t 10 /home/vsaveliev/quast/quast_test_output/quast_corrected_input/meta_contigs_1_to_meta_ref_2.fasta /home/vsaveliev/quast/quast_test_output/quast_corrected_input/meta_contigs_2_to_meta_ref_2.fasta -R /home/vsaveliev/quast/quast_test_output/quast_corrected_input/meta_ref_2.fasta -o /home/vsaveliev/quast/quast_test_output/runs_per_reference/meta_ref_2 --labels "meta_contigs_1, meta_contigs_2"

Started: 2017-07-11 00:53:57

Logging to /home/vsaveliev/quast/quast_test_output/runs_per_reference/meta_ref_2/quast.log

CWD: /home/vsaveliev/quast
Main parameters: 
  Threads: 10, minimum contig length: 500, ambiguity: one, threshold for extensive misassembly size: 1000

Reference:
  /home/vsaveliev/quast/quast_test_output/quast_corrected_input/meta_ref_2.fasta ==> meta_ref_2

Contigs:
  Pre-processing...
  1  /home/vsaveliev/quast/quast_test_output/quast_corrected_input/meta_contigs_1_to_meta_ref_2.fasta ==> meta_contigs_1
  2  /home/vsaveliev/quast/quast_test_output/quast_corrected_input/meta_contigs_2_to_meta_ref_2.fasta ==> meta_contigs_2

2017-07-11 00:53:57
Running Basic statistics processor...
  Reference genome:
    meta_ref_2.fasta, length = 59999, num fragments = 1, GC % = 50.25
  Contig files: 
    1  meta_contigs_1
    2  meta_contigs_2
  Calculating N50 and L50...
    1  meta_contigs_1, N50 = 55106, L50 = 1, Total length = 59158, GC % = 50.17, # N's per 100 kbp =  1.69
    2  meta_contigs_2, N50 = 54221, L50 = 1, Total length = 58431, GC % = 50.11, # N's per 100 kbp =  0.00
  Drawing Nx plot...
    saved to /home/vsaveliev/quast/quast_test_output/runs_per_reference/meta_ref_2/basic_stats/Nx_plot.pdf
  Drawing NGx plot...
    saved to /home/vsaveliev/quast/quast_test_output/runs_per_reference/meta_ref_2/basic_stats/NGx_plot.pdf
  Drawing cumulative plot...
    saved to /home/vsaveliev/quast/quast_test_output/runs_per_reference/meta_ref_2/basic_stats/cumulative_plot.pdf
  Drawing GC content plot...
    saved to /home/vsaveliev/quast/quast_test_output/runs_per_reference/meta_ref_2/basic_stats/GC_content_plot.pdf
  Drawing meta_contigs_1 GC content plot...
    saved to /home/vsaveliev/quast/quast_test_output/runs_per_reference/meta_ref_2/basic_stats/meta_contigs_1_GC_content_plot.pdf
  Drawing meta_contigs_2 GC content plot...
    saved to /home/vsaveliev/quast/quast_test_output/runs_per_reference/meta_ref_2/basic_stats/meta_contigs_2_GC_content_plot.pdf
  Drawing Coverage histogram (bin size: 1x)...
    saved to /home/vsaveliev/quast/quast_test_output/runs_per_reference/meta_ref_2/basic_stats/coverage_histogram.pdf
  Drawing meta_contigs_1 coverage histogram (bin size: 1x)...
    saved to /home/vsaveliev/quast/quast_test_output/runs_per_reference/meta_ref_2/basic_stats/meta_contigs_1_coverage_histogram.pdf
  Drawing meta_contigs_2 coverage histogram (bin size: 1x)...
    saved to /home/vsaveliev/quast/quast_test_output/runs_per_reference/meta_ref_2/basic_stats/meta_contigs_2_coverage_histogram.pdf
Done.

2017-07-11 00:54:02
Running Contig analyzer...
NOTICE: Previous try of gnuplot compilation was unsuccessful! For forced retrying, please remove /home/vsaveliev/quast/quast_libs/gnuplot/make.failed and restart QUAST. 
  1  meta_contigs_1
  1  Logging to files /home/vsaveliev/quast/quast_test_output/runs_per_reference/meta_ref_2/contigs_reports/contigs_report_meta_contigs_1.stdout and contigs_report_meta_contigs_1.stderr...
  1  Aligning contigs to the reference
  1  quast_libs/MUMmer/nucmer -c 65 -l 65 --maxmatch -p quast_test_output/runs_per_reference/meta_ref_2/contigs_reports/nucmer_output/meta_contigs_1 \
     -t 10 quast_test_output/quast_corrected_input/meta_ref_2.fasta quast_test_output/quast_corrected_input/meta_contigs_1_to_meta_ref_2.fasta \
     >> quast_test_output/runs_per_reference/meta_ref_2/contigs_reports/contigs_report_meta_contigs_1.stdout \
     2>> quast_test_output/runs_per_reference/meta_ref_2/contigs_reports/contigs_report_meta_contigs_1.stderr
  1  quast_libs/MUMmer/delta-filter -i 95.0 -l 0 quast_test_output/runs_per_reference/meta_ref_2/contigs_reports/nucmer_output/meta_contigs_1.delta \
     > quast_test_output/runs_per_reference/meta_ref_2/contigs_reports/nucmer_output/meta_contigs_1.fdelta \
     2> quast_test_output/runs_per_reference/meta_ref_2/contigs_reports/contigs_report_meta_contigs_1.stderr
  1  quast_libs/MUMmer/mummerplot --html --layout -p quast_test_output/runs_per_reference/meta_ref_2/contigs_reports/nucmer_output/meta_contigs_1 \
     quast_test_output/runs_per_reference/meta_ref_2/contigs_reports/nucmer_output/meta_contigs_1.delta \
     > quast_test_output/runs_per_reference/meta_ref_2/contigs_reports/contigs_report_meta_contigs_1.stdout \
     2> quast_test_output/runs_per_reference/meta_ref_2/contigs_reports/contigs_report_meta_contigs_1.stderr
NOTICE: 1   MUMmer plot cannot be created.

  1  quast_libs/MUMmer/show-coords quast_test_output/runs_per_reference/meta_ref_2/contigs_reports/nucmer_output/meta_contigs_1.delta \
     > quast_test_output/runs_per_reference/meta_ref_2/contigs_reports/nucmer_output/meta_contigs_1.coords_tmp \
     2> quast_test_output/runs_per_reference/meta_ref_2/contigs_reports/contigs_report_meta_contigs_1.stderr
  1  quast_libs/MUMmer/show-snps -S -T -H quast_test_output/runs_per_reference/meta_ref_2/contigs_reports/nucmer_output/meta_contigs_1.delta \
     < quast_test_output/runs_per_reference/meta_ref_2/contigs_reports/nucmer_output/meta_contigs_1.coords.headless \
     > quast_test_output/runs_per_reference/meta_ref_2/contigs_reports/nucmer_output/meta_contigs_1.all_snps \
     2> quast_test_output/runs_per_reference/meta_ref_2/contigs_reports/contigs_report_meta_contigs_1.stderr
  1  Analysis is finished.

  Gzipping /home/vsaveliev/quast/quast_test_output/runs_per_reference/meta_ref_2/contigs_reports/nucmer_output/meta_contigs_1.all_snps to reduce disk space usage...
    saved to /home/vsaveliev/quast/quast_test_output/runs_per_reference/meta_ref_2/contigs_reports/nucmer_output/meta_contigs_1.all_snps.gz
  2  meta_contigs_2
  2  Logging to files /home/vsaveliev/quast/quast_test_output/runs_per_reference/meta_ref_2/contigs_reports/contigs_report_meta_contigs_2.stdout and contigs_report_meta_contigs_2.stderr...
  2  Aligning contigs to the reference
  2  quast_libs/MUMmer/nucmer -c 65 -l 65 --maxmatch -p quast_test_output/runs_per_reference/meta_ref_2/contigs_reports/nucmer_output/meta_contigs_2 \
     -t 10 quast_test_output/quast_corrected_input/meta_ref_2.fasta quast_test_output/quast_corrected_input/meta_contigs_2_to_meta_ref_2.fasta \
     >> quast_test_output/runs_per_reference/meta_ref_2/contigs_reports/contigs_report_meta_contigs_2.stdout \
     2>> quast_test_output/runs_per_reference/meta_ref_2/contigs_reports/contigs_report_meta_contigs_2.stderr
  2  quast_libs/MUMmer/delta-filter -i 95.0 -l 0 quast_test_output/runs_per_reference/meta_ref_2/contigs_reports/nucmer_output/meta_contigs_2.delta \
     > quast_test_output/runs_per_reference/meta_ref_2/contigs_reports/nucmer_output/meta_contigs_2.fdelta \
     2> quast_test_output/runs_per_reference/meta_ref_2/contigs_reports/contigs_report_meta_contigs_2.stderr
  2  quast_libs/MUMmer/mummerplot --html --layout -p quast_test_output/runs_per_reference/meta_ref_2/contigs_reports/nucmer_output/meta_contigs_2 \
     quast_test_output/runs_per_reference/meta_ref_2/contigs_reports/nucmer_output/meta_contigs_2.delta \
     > quast_test_output/runs_per_reference/meta_ref_2/contigs_reports/contigs_report_meta_contigs_2.stdout \
     2> quast_test_output/runs_per_reference/meta_ref_2/contigs_reports/contigs_report_meta_contigs_2.stderr
NOTICE: 2   MUMmer plot cannot be created.

  2  quast_libs/MUMmer/show-coords quast_test_output/runs_per_reference/meta_ref_2/contigs_reports/nucmer_output/meta_contigs_2.delta \
     > quast_test_output/runs_per_reference/meta_ref_2/contigs_reports/nucmer_output/meta_contigs_2.coords_tmp \
     2> quast_test_output/runs_per_reference/meta_ref_2/contigs_reports/contigs_report_meta_contigs_2.stderr
  2  quast_libs/MUMmer/show-snps -S -T -H quast_test_output/runs_per_reference/meta_ref_2/contigs_reports/nucmer_output/meta_contigs_2.delta \
     < quast_test_output/runs_per_reference/meta_ref_2/contigs_reports/nucmer_output/meta_contigs_2.coords.headless \
     > quast_test_output/runs_per_reference/meta_ref_2/contigs_reports/nucmer_output/meta_contigs_2.all_snps \
     2> quast_test_output/runs_per_reference/meta_ref_2/contigs_reports/contigs_report_meta_contigs_2.stderr
  2  Analysis is finished.

  Gzipping /home/vsaveliev/quast/quast_test_output/runs_per_reference/meta_ref_2/contigs_reports/nucmer_output/meta_contigs_2.all_snps to reduce disk space usage...
    saved to /home/vsaveliev/quast/quast_test_output/runs_per_reference/meta_ref_2/contigs_reports/nucmer_output/meta_contigs_2.all_snps.gz
  Creating total report...
    saved to /home/vsaveliev/quast/quast_test_output/runs_per_reference/meta_ref_2/contigs_reports/misassemblies_report.txt, misassemblies_report.tsv, and misassemblies_report.tex
  Transposed version of total report...
    saved to /home/vsaveliev/quast/quast_test_output/runs_per_reference/meta_ref_2/contigs_reports/transposed_report_misassemblies.txt, transposed_report_misassemblies.tsv, and transposed_report_misassemblies.tex
  Creating total report...
    saved to /home/vsaveliev/quast/quast_test_output/runs_per_reference/meta_ref_2/contigs_reports/unaligned_report.txt, unaligned_report.tsv, and unaligned_report.tex
  Drawing misassemblies by types plot...
    saved to /home/vsaveliev/quast/quast_test_output/runs_per_reference/meta_ref_2/contigs_reports/misassemblies_plot.pdf
  Drawing misassemblies FRCurve plot...
    saved to /home/vsaveliev/quast/quast_test_output/runs_per_reference/meta_ref_2/contigs_reports/misassemblies_frcurve_plot.pdf
Done.

2017-07-11 00:54:05
Running NA-NGA calculation...
  1  meta_contigs_1, Largest alignment = 55106, NA50 = 55106, NGA50 = 55106, LA50 = 1, LGA50 = 1
  2  meta_contigs_2, Largest alignment = 36102, NA50 = 36102, NGA50 = 36102, LA50 = 1, LGA50 = 1
  Drawing cumulative plot...
    saved to /home/vsaveliev/quast/quast_test_output/runs_per_reference/meta_ref_2/aligned_stats/cumulative_plot.pdf
  Drawing NAx plot...
    saved to /home/vsaveliev/quast/quast_test_output/runs_per_reference/meta_ref_2/aligned_stats/NAx_plot.pdf
  Drawing NGAx plot...
    saved to /home/vsaveliev/quast/quast_test_output/runs_per_reference/meta_ref_2/aligned_stats/NGAx_plot.pdf
Done.

2017-07-11 00:54:07
Running Genome analyzer...
  NOTICE: No file with genes provided. Use the -G option if you want to specify it.
  NOTICE: No file with operons provided. Use the -O option if you want to specify it.
  1  meta_contigs_1
  1  Analysis is finished.
  2  meta_contigs_2
  2  Analysis is finished.
  Drawing Genome fraction, % histogram...
    saved to /home/vsaveliev/quast/quast_test_output/runs_per_reference/meta_ref_2/genome_stats/genome_fraction_histogram.pdf
Done.

NOTICE: Genes are not predicted by default. Use --gene-finding option to enable it.

2017-07-11 00:54:07
Creating large visual summaries...
This may take a while: press Ctrl-C to skip this step..
  1 of 2: Creating Icarus viewers...
  2 of 2: Creating PDF with all tables and plots...
Done

2017-07-11 00:54:11
RESULTS:
  Text versions of total report are saved to /home/vsaveliev/quast/quast_test_output/runs_per_reference/meta_ref_2/report.txt, report.tsv, and report.tex
  Text versions of transposed total report are saved to /home/vsaveliev/quast/quast_test_output/runs_per_reference/meta_ref_2/transposed_report.txt, transposed_report.tsv, and transposed_report.tex
  HTML version (interactive tables and plots) saved to /home/vsaveliev/quast/quast_test_output/runs_per_reference/meta_ref_2/report.html
  PDF version (tables and plots) is saved to /home/vsaveliev/quast/quast_test_output/runs_per_reference/meta_ref_2/report.pdf
  Icarus (contig browser) is saved to /home/vsaveliev/quast/quast_test_output/runs_per_reference/meta_ref_2/icarus.html
