                                 Started job on |	Jun 23 14:54:08
                             Started mapping on |	Jun 23 15:13:12
                                    Finished on |	Jun 23 15:28:58
       Mapping speed, Million of reads per hour |	127.31

                          Number of input reads |	33453842
                      Average input read length |	220
                                    UNIQUE READS:
                   Uniquely mapped reads number |	21657374
                        Uniquely mapped reads % |	64.74%
                          Average mapped length |	229.90
                       Number of splices: Total |	12176388
            Number of splices: Annotated (sjdb) |	12131238
                       Number of splices: GT/AG |	11922642
                       Number of splices: GC/AG |	150271
                       Number of splices: AT/AC |	41087
               Number of splices: Non-canonical |	62388
                      Mismatch rate per base, % |	0.77%
                         Deletion rate per base |	0.01%
                        Deletion average length |	1.56
                        Insertion rate per base |	0.02%
                       Insertion average length |	1.48
                             MULTI-MAPPING READS:
        Number of reads mapped to multiple loci |	1063329
             % of reads mapped to multiple loci |	3.18%
        Number of reads mapped to too many loci |	780312
             % of reads mapped to too many loci |	2.33%
                                  UNMAPPED READS:
       % of reads unmapped: too many mismatches |	0.00%
                 % of reads unmapped: too short |	29.65%
                     % of reads unmapped: other |	0.10%
                                  CHIMERIC READS:
                       Number of chimeric reads |	0
                            % of chimeric reads |	0.00%
