                                 Started job on |	Jun 23 14:54:04
                             Started mapping on |	Jun 23 15:16:59
                                    Finished on |	Jun 23 15:32:36
       Mapping speed, Million of reads per hour |	128.35

                          Number of input reads |	33406147
                      Average input read length |	223
                                    UNIQUE READS:
                   Uniquely mapped reads number |	22770437
                        Uniquely mapped reads % |	68.16%
                          Average mapped length |	230.96
                       Number of splices: Total |	12956791
            Number of splices: Annotated (sjdb) |	12911590
                       Number of splices: GT/AG |	12751393
                       Number of splices: GC/AG |	111876
                       Number of splices: AT/AC |	13942
               Number of splices: Non-canonical |	79580
                      Mismatch rate per base, % |	0.75%
                         Deletion rate per base |	0.02%
                        Deletion average length |	1.69
                        Insertion rate per base |	0.02%
                       Insertion average length |	1.47
                             MULTI-MAPPING READS:
        Number of reads mapped to multiple loci |	1072417
             % of reads mapped to multiple loci |	3.21%
        Number of reads mapped to too many loci |	702015
             % of reads mapped to too many loci |	2.10%
                                  UNMAPPED READS:
       % of reads unmapped: too many mismatches |	0.00%
                 % of reads unmapped: too short |	26.43%
                     % of reads unmapped: other |	0.10%
                                  CHIMERIC READS:
                       Number of chimeric reads |	0
                            % of chimeric reads |	0.00%
