                                 Started job on |	Jun 23 14:54:08
                             Started mapping on |	Jun 23 15:09:39
                                    Finished on |	Jun 23 15:25:46
       Mapping speed, Million of reads per hour |	114.92

                          Number of input reads |	30867665
                      Average input read length |	215
                                    UNIQUE READS:
                   Uniquely mapped reads number |	17049475
                        Uniquely mapped reads % |	55.23%
                          Average mapped length |	225.78
                       Number of splices: Total |	6745295
            Number of splices: Annotated (sjdb) |	6709915
                       Number of splices: GT/AG |	6626567
                       Number of splices: GC/AG |	62360
                       Number of splices: AT/AC |	4857
               Number of splices: Non-canonical |	51511
                      Mismatch rate per base, % |	0.87%
                         Deletion rate per base |	0.02%
                        Deletion average length |	1.73
                        Insertion rate per base |	0.02%
                       Insertion average length |	1.44
                             MULTI-MAPPING READS:
        Number of reads mapped to multiple loci |	1083771
             % of reads mapped to multiple loci |	3.51%
        Number of reads mapped to too many loci |	570273
             % of reads mapped to too many loci |	1.85%
                                  UNMAPPED READS:
       % of reads unmapped: too many mismatches |	0.00%
                 % of reads unmapped: too short |	39.31%
                     % of reads unmapped: other |	0.09%
                                  CHIMERIC READS:
                       Number of chimeric reads |	0
                            % of chimeric reads |	0.00%
