                                 Started job on |	Jun 23 11:10:04
                             Started mapping on |	Jun 23 11:55:41
                                    Finished on |	Jun 23 12:03:04
       Mapping speed, Million of reads per hour |	90.43

                          Number of input reads |	11127934
                      Average input read length |	188
                                    UNIQUE READS:
                   Uniquely mapped reads number |	4924662
                        Uniquely mapped reads % |	44.25%
                          Average mapped length |	208.52
                       Number of splices: Total |	991396
            Number of splices: Annotated (sjdb) |	952757
                       Number of splices: GT/AG |	910496
                       Number of splices: GC/AG |	16612
                       Number of splices: AT/AC |	1514
               Number of splices: Non-canonical |	62774
                      Mismatch rate per base, % |	1.08%
                         Deletion rate per base |	0.31%
                        Deletion average length |	2.07
                        Insertion rate per base |	0.02%
                       Insertion average length |	1.32
                             MULTI-MAPPING READS:
        Number of reads mapped to multiple loci |	473249
             % of reads mapped to multiple loci |	4.25%
        Number of reads mapped to too many loci |	701218
             % of reads mapped to too many loci |	6.30%
                                  UNMAPPED READS:
       % of reads unmapped: too many mismatches |	0.00%
                 % of reads unmapped: too short |	44.57%
                     % of reads unmapped: other |	0.62%
                                  CHIMERIC READS:
                       Number of chimeric reads |	0
                            % of chimeric reads |	0.00%
