                                 Started job on |	Jun 23 14:54:07
                             Started mapping on |	Jun 23 15:07:20
                                    Finished on |	Jun 23 15:21:30
       Mapping speed, Million of reads per hour |	128.74

                          Number of input reads |	30397559
                      Average input read length |	179
                                    UNIQUE READS:
                   Uniquely mapped reads number |	12242908
                        Uniquely mapped reads % |	40.28%
                          Average mapped length |	199.68
                       Number of splices: Total |	1633778
            Number of splices: Annotated (sjdb) |	1569071
                       Number of splices: GT/AG |	1495101
                       Number of splices: GC/AG |	57552
                       Number of splices: AT/AC |	3943
               Number of splices: Non-canonical |	77182
                      Mismatch rate per base, % |	1.18%
                         Deletion rate per base |	0.16%
                        Deletion average length |	1.81
                        Insertion rate per base |	0.02%
                       Insertion average length |	1.29
                             MULTI-MAPPING READS:
        Number of reads mapped to multiple loci |	996335
             % of reads mapped to multiple loci |	3.28%
        Number of reads mapped to too many loci |	805805
             % of reads mapped to too many loci |	2.65%
                                  UNMAPPED READS:
       % of reads unmapped: too many mismatches |	0.00%
                 % of reads unmapped: too short |	53.41%
                     % of reads unmapped: other |	0.39%
                                  CHIMERIC READS:
                       Number of chimeric reads |	0
                            % of chimeric reads |	0.00%
