                                 Started job on |	Jun 23 14:54:07
                             Started mapping on |	Jun 23 15:07:04
                                    Finished on |	Jun 23 15:15:08
       Mapping speed, Million of reads per hour |	115.31

                          Number of input reads |	15503444
                      Average input read length |	170
                                    UNIQUE READS:
                   Uniquely mapped reads number |	5286072
                        Uniquely mapped reads % |	34.10%
                          Average mapped length |	189.05
                       Number of splices: Total |	868091
            Number of splices: Annotated (sjdb) |	836951
                       Number of splices: GT/AG |	797347
                       Number of splices: GC/AG |	27495
                       Number of splices: AT/AC |	1277
               Number of splices: Non-canonical |	41972
                      Mismatch rate per base, % |	1.43%
                         Deletion rate per base |	0.22%
                        Deletion average length |	1.93
                        Insertion rate per base |	0.02%
                       Insertion average length |	1.31
                             MULTI-MAPPING READS:
        Number of reads mapped to multiple loci |	518148
             % of reads mapped to multiple loci |	3.34%
        Number of reads mapped to too many loci |	530524
             % of reads mapped to too many loci |	3.42%
                                  UNMAPPED READS:
       % of reads unmapped: too many mismatches |	0.00%
                 % of reads unmapped: too short |	58.74%
                     % of reads unmapped: other |	0.40%
                                  CHIMERIC READS:
                       Number of chimeric reads |	0
                            % of chimeric reads |	0.00%
