                                 Started job on |	Jun 23 14:54:04
                             Started mapping on |	Jun 23 15:10:39
                                    Finished on |	Jun 23 15:27:14
       Mapping speed, Million of reads per hour |	101.30

                          Number of input reads |	27997437
                      Average input read length |	187
                                    UNIQUE READS:
                   Uniquely mapped reads number |	11967224
                        Uniquely mapped reads % |	42.74%
                          Average mapped length |	205.26
                       Number of splices: Total |	1062315
            Number of splices: Annotated (sjdb) |	988291
                       Number of splices: GT/AG |	944779
                       Number of splices: GC/AG |	31427
                       Number of splices: AT/AC |	2092
               Number of splices: Non-canonical |	84017
                      Mismatch rate per base, % |	1.27%
                         Deletion rate per base |	0.17%
                        Deletion average length |	1.68
                        Insertion rate per base |	0.02%
                       Insertion average length |	1.30
                             MULTI-MAPPING READS:
        Number of reads mapped to multiple loci |	900357
             % of reads mapped to multiple loci |	3.22%
        Number of reads mapped to too many loci |	758781
             % of reads mapped to too many loci |	2.71%
                                  UNMAPPED READS:
       % of reads unmapped: too many mismatches |	0.00%
                 % of reads unmapped: too short |	50.93%
                     % of reads unmapped: other |	0.40%
                                  CHIMERIC READS:
                       Number of chimeric reads |	0
                            % of chimeric reads |	0.00%
