                                 Started job on |	Jun 23 14:54:04
                             Started mapping on |	Jun 23 15:06:56
                                    Finished on |	Jun 23 15:20:08
       Mapping speed, Million of reads per hour |	126.37

                          Number of input reads |	27801160
                      Average input read length |	185
                                    UNIQUE READS:
                   Uniquely mapped reads number |	12888028
                        Uniquely mapped reads % |	46.36%
                          Average mapped length |	206.97
                       Number of splices: Total |	2771140
            Number of splices: Annotated (sjdb) |	2685015
                       Number of splices: GT/AG |	2596484
                       Number of splices: GC/AG |	49328
                       Number of splices: AT/AC |	4726
               Number of splices: Non-canonical |	120602
                      Mismatch rate per base, % |	1.12%
                         Deletion rate per base |	0.20%
                        Deletion average length |	2.00
                        Insertion rate per base |	0.02%
                       Insertion average length |	1.31
                             MULTI-MAPPING READS:
        Number of reads mapped to multiple loci |	907267
             % of reads mapped to multiple loci |	3.26%
        Number of reads mapped to too many loci |	500945
             % of reads mapped to too many loci |	1.80%
                                  UNMAPPED READS:
       % of reads unmapped: too many mismatches |	0.00%
                 % of reads unmapped: too short |	48.32%
                     % of reads unmapped: other |	0.26%
                                  CHIMERIC READS:
                       Number of chimeric reads |	0
                            % of chimeric reads |	0.00%
