                                 Started job on |	Jun 23 14:54:07
                             Started mapping on |	Jun 23 15:07:48
                                    Finished on |	Jun 23 15:21:41
       Mapping speed, Million of reads per hour |	113.23

                          Number of input reads |	26199947
                      Average input read length |	182
                                    UNIQUE READS:
                   Uniquely mapped reads number |	10646021
                        Uniquely mapped reads % |	40.63%
                          Average mapped length |	203.98
                       Number of splices: Total |	1033662
            Number of splices: Annotated (sjdb) |	978129
                       Number of splices: GT/AG |	927563
                       Number of splices: GC/AG |	44013
                       Number of splices: AT/AC |	1703
               Number of splices: Non-canonical |	60383
                      Mismatch rate per base, % |	1.18%
                         Deletion rate per base |	0.10%
                        Deletion average length |	1.53
                        Insertion rate per base |	0.02%
                       Insertion average length |	1.43
                             MULTI-MAPPING READS:
        Number of reads mapped to multiple loci |	797283
             % of reads mapped to multiple loci |	3.04%
        Number of reads mapped to too many loci |	535059
             % of reads mapped to too many loci |	2.04%
                                  UNMAPPED READS:
       % of reads unmapped: too many mismatches |	0.00%
                 % of reads unmapped: too short |	53.97%
                     % of reads unmapped: other |	0.32%
                                  CHIMERIC READS:
                       Number of chimeric reads |	0
                            % of chimeric reads |	0.00%
