                                 Started job on |	Jun 23 14:54:04
                             Started mapping on |	Jun 23 15:06:58
                                    Finished on |	Jun 23 15:34:07
       Mapping speed, Million of reads per hour |	46.81

                          Number of input reads |	21181084
                      Average input read length |	171
                                    UNIQUE READS:
                   Uniquely mapped reads number |	6980568
                        Uniquely mapped reads % |	32.96%
                          Average mapped length |	191.33
                       Number of splices: Total |	1504314
            Number of splices: Annotated (sjdb) |	1460142
                       Number of splices: GT/AG |	1385309
                       Number of splices: GC/AG |	64168
                       Number of splices: AT/AC |	1704
               Number of splices: Non-canonical |	53133
                      Mismatch rate per base, % |	1.35%
                         Deletion rate per base |	0.19%
                        Deletion average length |	2.02
                        Insertion rate per base |	0.02%
                       Insertion average length |	1.32
                             MULTI-MAPPING READS:
        Number of reads mapped to multiple loci |	1389085
             % of reads mapped to multiple loci |	6.56%
        Number of reads mapped to too many loci |	1241902
             % of reads mapped to too many loci |	5.86%
                                  UNMAPPED READS:
       % of reads unmapped: too many mismatches |	0.00%
                 % of reads unmapped: too short |	54.23%
                     % of reads unmapped: other |	0.40%
                                  CHIMERIC READS:
                       Number of chimeric reads |	0
                            % of chimeric reads |	0.00%
