                                 Started job on |	Jun 23 10:55:41
                             Started mapping on |	Jun 23 11:07:26
                                    Finished on |	Jun 23 11:08:43
       Mapping speed, Million of reads per hour |	0.00

                          Number of input reads |	81
                      Average input read length |	217
                                    UNIQUE READS:
                   Uniquely mapped reads number |	48
                        Uniquely mapped reads % |	59.26%
                          Average mapped length |	226.58
                       Number of splices: Total |	10
            Number of splices: Annotated (sjdb) |	10
                       Number of splices: GT/AG |	10
                       Number of splices: GC/AG |	0
                       Number of splices: AT/AC |	0
               Number of splices: Non-canonical |	0
                      Mismatch rate per base, % |	1.20%
                         Deletion rate per base |	0.08%
                        Deletion average length |	1.50
                        Insertion rate per base |	0.04%
                       Insertion average length |	1.00
                             MULTI-MAPPING READS:
        Number of reads mapped to multiple loci |	1
             % of reads mapped to multiple loci |	1.23%
        Number of reads mapped to too many loci |	2
             % of reads mapped to too many loci |	2.47%
                                  UNMAPPED READS:
       % of reads unmapped: too many mismatches |	0.00%
                 % of reads unmapped: too short |	37.04%
                     % of reads unmapped: other |	0.00%
                                  CHIMERIC READS:
                       Number of chimeric reads |	0
                            % of chimeric reads |	0.00%
