                                 Started job on |	Jun 23 14:54:08
                             Started mapping on |	Jun 23 15:04:09
                                    Finished on |	Jun 23 15:12:35
       Mapping speed, Million of reads per hour |	117.25

                          Number of input reads |	16480776
                      Average input read length |	169
                                    UNIQUE READS:
                   Uniquely mapped reads number |	5623721
                        Uniquely mapped reads % |	34.12%
                          Average mapped length |	188.89
                       Number of splices: Total |	938088
            Number of splices: Annotated (sjdb) |	903971
                       Number of splices: GT/AG |	856652
                       Number of splices: GC/AG |	29092
                       Number of splices: AT/AC |	1157
               Number of splices: Non-canonical |	51187
                      Mismatch rate per base, % |	1.44%
                         Deletion rate per base |	0.21%
                        Deletion average length |	1.91
                        Insertion rate per base |	0.02%
                       Insertion average length |	1.31
                             MULTI-MAPPING READS:
        Number of reads mapped to multiple loci |	555489
             % of reads mapped to multiple loci |	3.37%
        Number of reads mapped to too many loci |	542000
             % of reads mapped to too many loci |	3.29%
                                  UNMAPPED READS:
       % of reads unmapped: too many mismatches |	0.00%
                 % of reads unmapped: too short |	58.84%
                     % of reads unmapped: other |	0.38%
                                  CHIMERIC READS:
                       Number of chimeric reads |	0
                            % of chimeric reads |	0.00%
