                                 Started job on |	Jun 23 14:54:08
                             Started mapping on |	Jun 23 15:07:55
                                    Finished on |	Jun 23 15:22:46
       Mapping speed, Million of reads per hour |	111.02

                          Number of input reads |	27477339
                      Average input read length |	182
                                    UNIQUE READS:
                   Uniquely mapped reads number |	11606350
                        Uniquely mapped reads % |	42.24%
                          Average mapped length |	206.01
                       Number of splices: Total |	1061247
            Number of splices: Annotated (sjdb) |	1002110
                       Number of splices: GT/AG |	969992
                       Number of splices: GC/AG |	21810
                       Number of splices: AT/AC |	4821
               Number of splices: Non-canonical |	64624
                      Mismatch rate per base, % |	1.15%
                         Deletion rate per base |	0.10%
                        Deletion average length |	1.53
                        Insertion rate per base |	0.02%
                       Insertion average length |	1.43
                             MULTI-MAPPING READS:
        Number of reads mapped to multiple loci |	860582
             % of reads mapped to multiple loci |	3.13%
        Number of reads mapped to too many loci |	536184
             % of reads mapped to too many loci |	1.95%
                                  UNMAPPED READS:
       % of reads unmapped: too many mismatches |	0.00%
                 % of reads unmapped: too short |	52.36%
                     % of reads unmapped: other |	0.32%
                                  CHIMERIC READS:
                       Number of chimeric reads |	0
                            % of chimeric reads |	0.00%
