                                 Started job on |	Jun 23 11:09:25
                             Started mapping on |	Jun 23 11:32:51
                                    Finished on |	Jun 23 11:40:27
       Mapping speed, Million of reads per hour |	122.31

                          Number of input reads |	15492825
                      Average input read length |	145
                                    UNIQUE READS:
                   Uniquely mapped reads number |	4259864
                        Uniquely mapped reads % |	27.50%
                          Average mapped length |	173.53
                       Number of splices: Total |	860695
            Number of splices: Annotated (sjdb) |	834350
                       Number of splices: GT/AG |	752550
                       Number of splices: GC/AG |	72334
                       Number of splices: AT/AC |	1087
               Number of splices: Non-canonical |	34724
                      Mismatch rate per base, % |	1.52%
                         Deletion rate per base |	0.23%
                        Deletion average length |	2.01
                        Insertion rate per base |	0.02%
                       Insertion average length |	1.26
                             MULTI-MAPPING READS:
        Number of reads mapped to multiple loci |	519661
             % of reads mapped to multiple loci |	3.35%
        Number of reads mapped to too many loci |	901285
             % of reads mapped to too many loci |	5.82%
                                  UNMAPPED READS:
       % of reads unmapped: too many mismatches |	0.00%
                 % of reads unmapped: too short |	63.10%
                     % of reads unmapped: other |	0.23%
                                  CHIMERIC READS:
                       Number of chimeric reads |	0
                            % of chimeric reads |	0.00%
