                                 Started job on |	Jun 23 14:54:07
                             Started mapping on |	Jun 23 15:08:14
                                    Finished on |	Jun 23 15:24:17
       Mapping speed, Million of reads per hour |	125.47

                          Number of input reads |	33563570
                      Average input read length |	177
                                    UNIQUE READS:
                   Uniquely mapped reads number |	13402992
                        Uniquely mapped reads % |	39.93%
                          Average mapped length |	198.54
                       Number of splices: Total |	1748036
            Number of splices: Annotated (sjdb) |	1676753
                       Number of splices: GT/AG |	1621513
                       Number of splices: GC/AG |	41446
                       Number of splices: AT/AC |	3567
               Number of splices: Non-canonical |	81510
                      Mismatch rate per base, % |	1.20%
                         Deletion rate per base |	0.16%
                        Deletion average length |	1.82
                        Insertion rate per base |	0.02%
                       Insertion average length |	1.31
                             MULTI-MAPPING READS:
        Number of reads mapped to multiple loci |	1082973
             % of reads mapped to multiple loci |	3.23%
        Number of reads mapped to too many loci |	906933
             % of reads mapped to too many loci |	2.70%
                                  UNMAPPED READS:
       % of reads unmapped: too many mismatches |	0.00%
                 % of reads unmapped: too short |	53.77%
                     % of reads unmapped: other |	0.37%
                                  CHIMERIC READS:
                       Number of chimeric reads |	0
                            % of chimeric reads |	0.00%
