                                 Started job on |	Jun 23 14:54:07
                             Started mapping on |	Jun 23 15:18:15
                                    Finished on |	Jun 23 15:51:52
       Mapping speed, Million of reads per hour |	104.61

                          Number of input reads |	58613366
                      Average input read length |	212
                                    UNIQUE READS:
                   Uniquely mapped reads number |	35646260
                        Uniquely mapped reads % |	60.82%
                          Average mapped length |	227.25
                       Number of splices: Total |	4416380
            Number of splices: Annotated (sjdb) |	4294244
                       Number of splices: GT/AG |	4181726
                       Number of splices: GC/AG |	78448
                       Number of splices: AT/AC |	6807
               Number of splices: Non-canonical |	149399
                      Mismatch rate per base, % |	0.93%
                         Deletion rate per base |	0.10%
                        Deletion average length |	1.62
                        Insertion rate per base |	0.02%
                       Insertion average length |	1.34
                             MULTI-MAPPING READS:
        Number of reads mapped to multiple loci |	1778907
             % of reads mapped to multiple loci |	3.03%
        Number of reads mapped to too many loci |	1453349
             % of reads mapped to too many loci |	2.48%
                                  UNMAPPED READS:
       % of reads unmapped: too many mismatches |	0.00%
                 % of reads unmapped: too short |	33.28%
                     % of reads unmapped: other |	0.39%
                                  CHIMERIC READS:
                       Number of chimeric reads |	0
                            % of chimeric reads |	0.00%
