                                 Started job on |	Jun 23 14:54:04
                             Started mapping on |	Jun 23 15:14:25
                                    Finished on |	Jun 23 15:45:18
       Mapping speed, Million of reads per hour |	90.48

                          Number of input reads |	46569572
                      Average input read length |	217
                                    UNIQUE READS:
                   Uniquely mapped reads number |	30146710
                        Uniquely mapped reads % |	64.73%
                          Average mapped length |	229.85
                       Number of splices: Total |	3603491
            Number of splices: Annotated (sjdb) |	3507489
                       Number of splices: GT/AG |	3427274
                       Number of splices: GC/AG |	61377
                       Number of splices: AT/AC |	4826
               Number of splices: Non-canonical |	110014
                      Mismatch rate per base, % |	0.92%
                         Deletion rate per base |	0.10%
                        Deletion average length |	1.62
                        Insertion rate per base |	0.02%
                       Insertion average length |	1.35
                             MULTI-MAPPING READS:
        Number of reads mapped to multiple loci |	1422168
             % of reads mapped to multiple loci |	3.05%
        Number of reads mapped to too many loci |	995250
             % of reads mapped to too many loci |	2.14%
                                  UNMAPPED READS:
       % of reads unmapped: too many mismatches |	0.00%
                 % of reads unmapped: too short |	29.69%
                     % of reads unmapped: other |	0.38%
                                  CHIMERIC READS:
                       Number of chimeric reads |	0
                            % of chimeric reads |	0.00%
