                                 Started job on |	Jun 23 14:54:07
                             Started mapping on |	Jun 23 15:02:25
                                    Finished on |	Jun 23 15:09:28
       Mapping speed, Million of reads per hour |	111.14

                          Number of input reads |	13059315
                      Average input read length |	190
                                    UNIQUE READS:
                   Uniquely mapped reads number |	6271426
                        Uniquely mapped reads % |	48.02%
                          Average mapped length |	209.84
                       Number of splices: Total |	1350915
            Number of splices: Annotated (sjdb) |	1303799
                       Number of splices: GT/AG |	1276160
                       Number of splices: GC/AG |	25076
                       Number of splices: AT/AC |	1761
               Number of splices: Non-canonical |	47918
                      Mismatch rate per base, % |	1.12%
                         Deletion rate per base |	0.20%
                        Deletion average length |	2.00
                        Insertion rate per base |	0.02%
                       Insertion average length |	1.34
                             MULTI-MAPPING READS:
        Number of reads mapped to multiple loci |	431584
             % of reads mapped to multiple loci |	3.30%
        Number of reads mapped to too many loci |	220889
             % of reads mapped to too many loci |	1.69%
                                  UNMAPPED READS:
       % of reads unmapped: too many mismatches |	0.00%
                 % of reads unmapped: too short |	46.71%
                     % of reads unmapped: other |	0.27%
                                  CHIMERIC READS:
                       Number of chimeric reads |	0
                            % of chimeric reads |	0.00%
