gnuplot 4.6 patchlevel 6
Aligning contigs to reference...
	Aligning contigs to the reference
Parsing coords...
Loading reference...
	Loaded [meta_ref_3_Lactobacillus_reuteri_F275_Kitasato_55_65k.fa]
Loading SNPs...
	Total Regions: 1
	Total Region Length: 64999
Analyzing contigs...
CONTIG: NODE_25_length_832_cov_317.008 (832bp)
Best alignment score: 832.0 (LEN: 832, IDY: 100.00)
		One align captures most of this contig: 6129 6960 | 832 1 | 832 832 | 100.0 | meta_ref_3_Lactobacillus_reuteri_F275_Kitasato_55_65k.fa NODE_25_length_832_cov_317.008

CONTIG: NODE_30_length_694_cov_43.795 (694bp)
Best alignment score: 690.0 (LEN: 694, IDY: 99.42)
		One align captures most of this contig: 6958 7651 | 1 694 | 694 694 | 99.42 | meta_ref_3_Lactobacillus_reuteri_F275_Kitasato_55_65k.fa NODE_30_length_694_cov_43.795

CONTIG: NODE_32_length_1057_cov_298.503 (1057bp)
Best alignment score: 1056.0 (LEN: 1057, IDY: 99.91)
		One align captures most of this contig: 3868 4924 | 1 1057 | 1057 1057 | 99.91 | meta_ref_3_Lactobacillus_reuteri_F275_Kitasato_55_65k.fa NODE_32_length_1057_cov_298.503

CONTIG: NODE_34_length_3898_cov_294.65 (3898bp)
Best alignment score: 3896.8 (LEN: 3898, IDY: 99.97)
		Skipping these alignments as insignificant (option --ambiguity-score is set to "0.99"):
			Skipping alignment 1 79 | 3349 3427 | 79 79 | 100.0 | meta_ref_3_Lactobacillus_reuteri_F275_Kitasato_55_65k.fa NODE_34_length_3898_cov_294.65
		One align captures most of this contig: 25 3922 | 1 3898 | 3898 3898 | 99.97 | meta_ref_3_Lactobacillus_reuteri_F275_Kitasato_55_65k.fa NODE_34_length_3898_cov_294.65

CONTIG: NODE_37_length_747_cov_199.488 (747bp)
Best alignment score: 746.0 (LEN: 747, IDY: 99.87)
		One align captures most of this contig: 6958 7704 | 1 747 | 747 747 | 99.87 | meta_ref_3_Lactobacillus_reuteri_F275_Kitasato_55_65k.fa NODE_37_length_747_cov_199.488

CONTIG: NODE_38_length_862_cov_88.5167 (862bp)
Best alignment score: 840.0 (LEN: 862, IDY: 97.45)
		One align captures most of this contig: 6958 7819 | 1 862 | 862 862 | 97.45 | meta_ref_3_Lactobacillus_reuteri_F275_Kitasato_55_65k.fa NODE_38_length_862_cov_88.5167

CONTIG: NODE_40_length_987_cov_309.523 (987bp)
Best alignment score: 987.0 (LEN: 987, IDY: 100.00)
		One align captures most of this contig: 5197 6183 | 1 987 | 987 987 | 100.0 | meta_ref_3_Lactobacillus_reuteri_F275_Kitasato_55_65k.fa NODE_40_length_987_cov_309.523

CONTIG: NODE_41_length_17535_cov_311.913 (17535bp)
Best alignment score: 17528.7 (LEN: 17534, IDY: 99.97)
		Skipping these alignments as insignificant (option --ambiguity-score is set to "0.99"):
			Skipping alignment 34802 35618 | 817 1 | 817 817 | 98.65 | meta_ref_3_Lactobacillus_reuteri_F275_Kitasato_55_65k.fa NODE_41_length_17535_cov_311.913
			Skipping alignment 53899 54626 | 17534 16807 | 728 728 | 98.9 | meta_ref_3_Lactobacillus_reuteri_F275_Kitasato_55_65k.fa NODE_41_length_17535_cov_311.913
		One align captures most of this contig: 35992 53525 | 17534 1 | 17534 17534 | 99.97 | meta_ref_3_Lactobacillus_reuteri_F275_Kitasato_55_65k.fa NODE_41_length_17535_cov_311.913

CONTIG: NODE_42_length_11102_cov_303.126 (11102bp)
Best alignment score: 11093.2 (LEN: 11101, IDY: 99.93)
		Skipping these alignments as insignificant (option --ambiguity-score is set to "0.99"):
			Skipping alignment 35992 36719 | 2 729 | 728 728 | 100.0 | meta_ref_3_Lactobacillus_reuteri_F275_Kitasato_55_65k.fa NODE_42_length_11102_cov_303.126
		One align captures most of this contig: 53899 64999 | 2 11102 | 11101 11101 | 99.93 | meta_ref_3_Lactobacillus_reuteri_F275_Kitasato_55_65k.fa NODE_42_length_11102_cov_303.126

CONTIG: NODE_43_length_3427_cov_1.72301 (3427bp)
Best alignment score: 3426.0 (LEN: 3427, IDY: 99.97)
		Skipping these alignments as insignificant (option --ambiguity-score is set to "0.99"):
			Skipping alignment 1 79 | 3349 3427 | 79 79 | 100.0 | meta_ref_3_Lactobacillus_reuteri_F275_Kitasato_55_65k.fa NODE_43_length_3427_cov_1.72301
		One align captures most of this contig: 25 3451 | 1 3427 | 3427 3427 | 99.97 | meta_ref_3_Lactobacillus_reuteri_F275_Kitasato_55_65k.fa NODE_43_length_3427_cov_1.72301

CONTIG: NODE_44_length_27969_cov_310.914 (27969bp)
Best alignment score: 27957.8 (LEN: 27969, IDY: 99.96)
		Skipping these alignments as insignificant (option --ambiguity-score is set to "0.99"):
			Skipping alignment 52709 53525 | 817 1 | 817 817 | 99.39 | meta_ref_3_Lactobacillus_reuteri_F275_Kitasato_55_65k.fa NODE_44_length_27969_cov_310.914
		One align captures most of this contig: 7650 35618 | 27969 1 | 27969 27969 | 99.96 | meta_ref_3_Lactobacillus_reuteri_F275_Kitasato_55_65k.fa NODE_44_length_27969_cov_310.914

Analyzing coverage...
Writing SNPs into /home/vsaveliev/quast/quast_test_output/runs_per_reference/meta_ref_3/contigs_reports/nucmer_output/meta_contigs_1.used_snps.gz
	Reference meta_ref_3_Lactobacillus_reuteri_F275_Kitasato_55_65k.fa: 11 total alignments. 1 total regions.
		Region: 1 to 64999 (64999 bp)
			START in gap: 1 to 25 (24 bp)
			Align 1: 25 3922 NODE_34_length_3898_cov_294.65 1 3898
				The next alignment (25 3451 NODE_43_length_3427_cov_1.72301 1 3427) is redundant. Skipping.
				Negative gap (overlap) between this and next alignment: 3922 to 3868 (-54 bp)
				Next Alignment: 3868 4924 NODE_32_length_1057_cov_298.503 1 1057

			Previous gap was negative, modifying coordinates to ignore overlap
				Moving contig start from 1 to 56.
			Align 3: 3923 4924 NODE_32_length_1057_cov_298.503 56 1057
				Gap between this and next alignment: 4924 to 5197 (272 bp)
				Next Alignment: 5197 6183 NODE_40_length_987_cov_309.523 1 987

			Align 4: 5197 6183 NODE_40_length_987_cov_309.523 1 987
				Negative gap (overlap) between this and next alignment: 6183 to 6129 (-54 bp)
				Next Alignment: 6129 6960 NODE_25_length_832_cov_317.008 832 1

			Previous gap was negative, modifying coordinates to ignore overlap
				Moving contig start from 832 to 777.
			Align 5: 6184 6960 NODE_25_length_832_cov_317.008 777 1
				Negative gap (overlap) between this and next alignment: 6960 to 6958 (-2 bp)
				Next Alignment: 6958 7651 NODE_30_length_694_cov_43.795 1 694

			Previous gap was negative, modifying coordinates to ignore overlap
				Moving contig start from 1 to 4.
			Align 6: 6961 7651 NODE_30_length_694_cov_43.795 4 694
				Negative gap (overlap) between this and next alignment: 7651 to 6958 (-693 bp)
				Next Alignment: 6958 7704 NODE_37_length_747_cov_199.488 1 747

			Previous gap was negative, modifying coordinates to ignore overlap
				Moving contig start from 1 to 695.
			Align 7: 7652 7704 NODE_37_length_747_cov_199.488 695 747
				Negative gap (overlap) between this and next alignment: 7704 to 6958 (-746 bp)
				Next Alignment: 6958 7819 NODE_38_length_862_cov_88.5167 1 862

			Previous gap was negative, modifying coordinates to ignore overlap
				Moving contig start from 1 to 748.
			Align 8: 7705 7819 NODE_38_length_862_cov_88.5167 748 862
				Negative gap (overlap) between this and next alignment: 7819 to 7650 (-169 bp)
				Next Alignment: 7650 35618 NODE_44_length_27969_cov_310.914 27969 1

			Previous gap was negative, modifying coordinates to ignore overlap
				Moving contig start from 27969 to 27799.
			Align 9: 7820 35618 NODE_44_length_27969_cov_310.914 27799 1
				Gap between this and next alignment: 35618 to 35992 (373 bp)
				Next Alignment: 35992 53525 NODE_41_length_17535_cov_311.913 17534 1

			Align 10: 35992 53525 NODE_41_length_17535_cov_311.913 17534 1
				Gap between this and next alignment: 53525 to 53899 (373 bp)
				Next Alignment: 53899 64999 NODE_42_length_11102_cov_303.126 2 11102

			Align 11: 53899 64999 NODE_42_length_11102_cov_303.126 2 11102
			END in current alignment.  Modifying 64999 to 64999.


Analysis is finished!
Founded SNPs were written into /home/vsaveliev/quast/quast_test_output/runs_per_reference/meta_ref_3/contigs_reports/nucmer_output/meta_contigs_1.used_snps.gz

Results:
	Local Misassemblies: 0
	Misassemblies: 0
		Relocations: 0
		Translocations: 0
		Inversions: 0
	Scaffold gap misassemblies: 0
	Misassembled Contigs: 0
	Misassembled Contig Bases: 0
	Misassemblies Inter-Contig Overlap: 0
Uncovered Regions: 0 (0)
Unaligned Contigs: 0 + 0 part
Half Unaligned Contigs with Misassemblies: 0
Unaligned Contig Bases: 0

Ambiguously Mapped Contigs: 0
Total Bases in Ambiguously Mapped Contigs: 0
Extra Bases in Ambiguously Mapped Contigs: 0
Note that --allow-ambiguity option was set to "one" and only first alignment per each of these contigs was used.

	Covered Bases: 63957

	SNPs: 30
	Insertions: 1
	Deletions: 1

	Positive Gaps: 4
		Internal Gaps: 0
		External Gaps: 4
		External Gap Total: 1042
		External Gap Average: 260
	Negative Gaps: 6
		Internal Overlaps: 0
		External Overlaps: 6
		External Overlaps Total: -1718
		External Overlaps Average: -286
	Contigs with Redundant Alignments: 1 (3427)
