gnuplot 4.6 patchlevel 6
Aligning contigs to reference...
	Aligning contigs to the reference
Parsing coords...
Loading reference...
	Loaded [meta_ref_1_Lactobacillus_plantarum_22_55k.fa]
Loading SNPs...
	Total Regions: 1
	Total Region Length: 54999
Analyzing contigs...
CONTIG: NODE_2_length_49658_cov_2.58581_ID_2497514 (49658bp)
Best alignment score: 49648.1 (LEN: 49658, IDY: 99.98)
		One align captures most of this contig: 5305 54962 | 1 49658 | 49658 49658 | 99.98 | meta_ref_1_Lactobacillus_plantarum_22_55k.fa NODE_2_length_49658_cov_2.58581_ID_2497514

CONTIG: NODE_10_length_714_cov_2.71927_ID_9333852 (714bp)
Best alignment score: 713.0 (LEN: 714, IDY: 99.86)
		Skipping these alignments as insignificant (option --ambiguity-score is set to "0.99"):
			Skipping alignment 1 131 | 464 333 | 131 132 | 97.73 | meta_ref_1_Lactobacillus_plantarum_22_55k.fa NODE_10_length_714_cov_2.71927_ID_9333852
		One align captures most of this contig: 78 791 | 714 1 | 714 714 | 99.86 | meta_ref_1_Lactobacillus_plantarum_22_55k.fa NODE_10_length_714_cov_2.71927_ID_9333852

CONTIG: NODE_29_length_219_cov_25.5122_ID_8985538 (763bp)
Best alignment score: 183.0 (LEN: 183, IDY: 100.00)
			The best set is below. Score: 183.0, number of alignments: 1, unaligned bases: 580
		Alignment: 3645 3827 | 428 610 | 183 183 | 100.0 | meta_ref_1_Lactobacillus_plantarum_22_55k.fa NODE_29_length_219_cov_25.5122_ID_8985538

Analyzing coverage...
Writing SNPs into /home/vsaveliev/quast/quast_test_output/runs_per_reference/meta_ref_1/contigs_reports/nucmer_output/meta_contigs_2.used_snps.gz
	Reference meta_ref_1_Lactobacillus_plantarum_22_55k.fa: 3 total alignments. 1 total regions.
		Region: 1 to 54999 (54999 bp)
			START in gap: 1 to 78 (77 bp)
			Align 1: 78 791 NODE_10_length_714_cov_2.71927_ID_9333852 714 1
				Gap between this and next alignment: 791 to 3645 (2853 bp)
				Next Alignment: 3645 3827 NODE_29_length_219_cov_25.5122_ID_8985538 428 610

			Align 2: 3645 3827 NODE_29_length_219_cov_25.5122_ID_8985538 428 610
				Gap between this and next alignment: 3827 to 5305 (1477 bp)
				Next Alignment: 5305 54962 NODE_2_length_49658_cov_2.58581_ID_2497514 1 49658

			Align 3: 5305 54962 NODE_2_length_49658_cov_2.58581_ID_2497514 1 49658
			END in gap: 54962 to 54999 (37 bp).


Analysis is finished!
Founded SNPs were written into /home/vsaveliev/quast/quast_test_output/runs_per_reference/meta_ref_1/contigs_reports/nucmer_output/meta_contigs_2.used_snps.gz

Results:
	Local Misassemblies: 0
	Misassemblies: 0
		Relocations: 0
		Translocations: 0
		Inversions: 0
	Scaffold gap misassemblies: 0
	Misassembled Contigs: 0
	Misassembled Contig Bases: 0
	Misassemblies Inter-Contig Overlap: 0
Uncovered Regions: 0 (0)
Unaligned Contigs: 0 + 0 part
Half Unaligned Contigs with Misassemblies: 0
Unaligned Contig Bases: 0

Ambiguously Mapped Contigs: 0
Total Bases in Ambiguously Mapped Contigs: 0
Extra Bases in Ambiguously Mapped Contigs: 0
Note that --allow-ambiguity option was set to "one" and only first alignment per each of these contigs was used.

	Covered Bases: 50555

	SNPs: 13
	Insertions: 0
	Deletions: 0

	Positive Gaps: 4
		Internal Gaps: 0
		External Gaps: 4
		External Gap Total: 4444
		External Gap Average: 1111
	Negative Gaps: 0
		Internal Overlaps: 0
		External Overlaps: 0
		External Overlaps Total: 0
		External Overlaps Average: 0
	Contigs with Redundant Alignments: 0 (0)
