COMMAND LINE:	/path/to/skewer -z -t 2 --quiet -o trimmed_se test_1.fastq.gz
Input file:	test_1.fastq.gz
trimmed:	trimmed_se.fastq.gz

Parameters used:
-- 3' end adapter sequence (-x):	AGATCGGAAGAGCACACGTCTGAACTCCAGTCAC
-- maximum error ratio allowed (-r):	0.100
-- maximum indel error ratio allowed (-d):	0.030
-- minimum read length allowed after trimming (-l):	18
-- file format (-f):		Sanger/Illumina 1.8+ FASTQ (auto detected)
-- minimum overlap length for adapter detection (-k):	3
-- number of concurrent threads (-t):	2
Tue Feb 16 21:02:41 2016 >> started

Tue Feb 16 21:02:46 2016 >> done (4.578s)
100000 reads processed; of these:
     0 ( 0.00%) short reads filtered out after trimming by size control
     0 ( 0.00%) empty reads filtered out after trimming by size control
100000 (100.00%) reads available; of these:
  7036 ( 7.04%) trimmed reads available after processing
 92964 (92.96%) untrimmed reads available after processing

Length distribution of reads after trimming:
length	count	percentage
 39	     3	  0.00%
 40	     0	  0.00%
 41	     2	  0.00%
 42	     3	  0.00%
 43	     1	  0.00%
 44	     2	  0.00%
 45	     3	  0.00%
 46	     3	  0.00%
 47	     8	  0.01%
 48	     3	  0.00%
 49	     5	  0.01%
 50	     5	  0.01%
 51	     3	  0.00%
 52	     6	  0.01%
 53	     7	  0.01%
 54	    13	  0.01%
 55	     7	  0.01%
 56	    11	  0.01%
 57	    19	  0.02%
 58	    11	  0.01%
 59	    17	  0.02%
 60	    15	  0.01%
 61	    16	  0.02%
 62	    26	  0.03%
 63	    26	  0.03%
 64	    20	  0.02%
 65	    23	  0.02%
 66	    29	  0.03%
 67	    34	  0.03%
 68	    31	  0.03%
 69	    40	  0.04%
 70	    42	  0.04%
 71	    46	  0.05%
 72	    54	  0.05%
 73	    51	  0.05%
 74	    65	  0.07%
 75	    65	  0.07%
 76	    74	  0.07%
 77	    53	  0.05%
 78	    57	  0.06%
 79	    82	  0.08%
 80	    80	  0.08%
 81	    86	  0.09%
 82	    94	  0.09%
 83	   100	  0.10%
 84	    83	  0.08%
 85	   104	  0.10%
 86	   129	  0.13%
 87	   104	  0.10%
 88	   124	  0.12%
 89	   135	  0.14%
 90	   148	  0.15%
 91	   142	  0.14%
 92	   167	  0.17%
 93	   169	  0.17%
 94	   159	  0.16%
 95	   212	  0.21%
 96	   301	  0.30%
 97	   811	  0.81%
 98	  2907	  2.91%
 99	     0	  0.00%
100	     0	  0.00%
101	 92964	 92.96%
