refLength: 3209803352, numBins: 3134574
Number of STR records in binary file: 6938958
Number of STR list entries: 6938958

Reference statistics
	RepeatLen
Period	0	1	2	3	4	5	6	7	8	9	10	11	12	13	14	15	16	17	18	19	20
0	0	0	0	0	0	0	0	0	0	0	0	0	0	0	0	0	0	0	0	0	0
1	0	931227	346834	246463	165564	117404	132176	205967	295690	335097	217084	132341	103005	90438	80156	71473	61206	49356	39596	33530	178089
2	0	0	195739	132376	149389	272497	113924	60346	33960	21871	15605	12417	10593	9324	8310	7565	7158	6696	5965	5488	24369
3	0	0	138835	79896	62635	39632	17303	8214	4104	2348	1584	1109	923	909	813	599	344	186	93	66	376
4	0	0	163528	387731	107203	43126	18979	9147	5272	4218	5108	5019	3583	2321	1643	1236	975	700	398	248	321
5	0	0	100932	129279	34991	11179	3468	1701	1326	1160	912	639	513	309	178	101	79	34	22	11	42
6	0	0	91660	44207	7255	1564	563	294	168	115	65	34	27	11	10	3	1	1	2	4	31
7	0	0	220325	10598	1044	163	38	23	10	3	3	3	1	0	0	0	0	1	1	0	1
8	0	0	221368	4791	475	117	44	20	8	4	6	4	1	1	0	0	0	0	1	0	0

Initial downsampling factors
	RepeatLen
Period	0	1	2	3	4	5	6	7	8	9	10	11	12	13	14	15	16	17	18	19	20
0	0	0	0	0	0	0	0	0	0	0	0	0	0	0	0	0	0	0	0	0	0
1	0	10	10	9	8	7	5	3	1	0	0	0	0	0	0	0	0	0	0	0	0
2	0	0	9	6	3	0	0	0	0	0	0	0	0	0	0	0	0	0	0	0	0
3	0	0	8	4	1	0	0	0	0	0	0	0	0	0	0	0	0	0	0	0	0
4	0	0	6	0	0	0	0	0	0	0	0	0	0	0	0	0	0	0	0	0	0
5	0	0	5	0	0	0	0	0	0	0	0	0	0	0	0	0	0	0	0	0	0
6	0	0	4	0	0	0	0	0	0	0	0	0	0	0	0	0	0	0	0	0	0
7	0	0	1	0	0	0	0	0	0	0	0	0	0	0	0	0	0	0	0	0	0
8	0	0	0	0	0	0	0	0	0	0	0	0	0	0	0	0	0	0	0	0	0


Thread 0

Reference statistics
	RepeatLen
Period	0	1	2	3	4	5	6	7	8	9	10	11	12	13	14	15	16	17	18	19	20
0	0	0	0	0	0	0	0	0	0	0	0	0	0	0	0	0	0	0	0	0	0
1	0	931227	346834	246463	165564	117404	132176	205967	295690	335097	217084	132341	103005	90438	80156	71473	61206	49356	39596	33530	178089
2	0	0	195739	132376	149389	272497	113924	60346	33960	21871	15605	12417	10593	9324	8310	7565	7158	6696	5965	5488	24369
3	0	0	138835	79896	62635	39632	17303	8214	4104	2348	1584	1109	923	909	813	599	344	186	93	66	376
4	0	0	163528	387731	107203	43126	18979	9147	5272	4218	5108	5019	3583	2321	1643	1236	975	700	398	248	321
5	0	0	100932	129279	34991	11179	3468	1701	1326	1160	912	639	513	309	178	101	79	34	22	11	42
6	0	0	91660	44207	7255	1564	563	294	168	115	65	34	27	11	10	3	1	1	2	4	31
7	0	0	220325	10598	1044	163	38	23	10	3	3	3	1	0	0	0	0	1	1	0	1
8	0	0	221368	4791	475	117	44	20	8	4	6	4	1	1	0	0	0	0	1	0	0

STRs with at least minimum qualifying reads
	RepeatLen
Period	0	1	2	3	4	5	6	7	8	9	10	11	12	13	14	15	16	17	18	19	20
0	0	0	0	0	0	0	0	0	0	0	0	0	0	0	0	0	0	0	0	0	0
1	0	913127	340114	241108	162653	114913	130337	202732	291650	330736	214141	130575	101570	89104	78841	70240	59974	48038	38451	32217	153123
2	0	0	190996	128984	145073	265926	111864	59297	33416	21361	15266	12178	10351	9131	8087	7407	6976	6525	5833	5366	23494
3	0	0	136348	78754	61684	39016	17091	8078	4029	2296	1563	1075	896	884	803	593	334	180	88	62	326
4	0	0	160240	382029	105471	42397	18638	8994	5179	4123	4990	4877	3467	2237	1583	1178	915	651	370	229	227
5	0	0	98972	125243	33972	10801	3334	1619	1259	1108	858	602	481	288	159	85	61	29	18	4	8
6	0	0	90365	43524	7042	1519	514	271	148	102	58	29	24	6	6	0	1	0	0	1	2
7	0	0	217222	10316	993	152	35	19	6	2	2	2	1	0	0	0	0	0	0	0	0
8	0	0	218186	4663	457	112	44	18	6	4	3	0	1	0	0	0	0	0	0	0	0

Final downsampling factors
	RepeatLen
Period	0	1	2	3	4	5	6	7	8	9	10	11	12	13	14	15	16	17	18	19	20
0	0	0	0	0	0	0	0	0	0	0	0	0	0	0	0	0	0	0	0	0	0
1	0	10	10	9	8	7	5	3	1	0	0	0	0	0	0	0	0	0	0	0	0
2	0	0	9	6	3	0	0	0	0	0	0	0	0	0	0	0	0	0	0	0	0
3	0	0	8	4	1	0	0	0	0	0	0	0	0	0	0	0	0	0	0	0	0
4	0	0	6	0	0	0	0	0	0	0	0	0	0	0	0	0	0	0	0	0	0
5	0	0	5	0	0	0	0	0	0	0	0	0	0	0	0	0	0	0	0	0	0
6	0	0	4	0	0	0	0	0	0	0	0	0	0	0	0	0	0	0	0	0	0
7	0	0	1	0	0	0	0	0	0	0	0	0	0	0	0	0	0	0	0	0	0
8	0	0	0	0	0	0	0	0	0	0	0	0	0	0	0	0	0	0	0	0	0

Read statistics
	RepeatLen
Period	0	1	2	3	4	5	6	7	8	9	10	11	12	13	14	15	16	17	18	19	20
0	0	0	0	0	0	0	0	0	0	0	0	0	0	0	0	0	0	0	0	0	0
1	0	15469611	5743557	3996496	2684171	1864869	2095940	3257480	4598255	5033718	3037426	1725176	1352382	1031142	819844	669220	515771	377647	270168	201419	887478
2	0	0	3098456	2085414	2284481	3974577	1693166	894642	508699	316527	209736	165343	139098	110840	97127	93545	81428	70778	62738	57036	211350
3	0	0	2195791	1323159	919892	549507	236594	113131	50115	27219	18102	11739	9435	9889	8018	6511	3583	1798	1062	503	3378
4	0	0	2555310	5753661	1474492	544353	251226	106930	60019	42477	55897	51828	33756	21753	13479	10342	6108	3892	2000	1103	863
5	0	0	1602187	2672847	726977	234414	80269	39888	29373	31643	25146	11252	9630	3639	1393	887	273	103	234	11	19
6	0	0	1377714	581272	83911	15244	4995	2320	1225	730	365	211	97	23	28	0	5	0	0	1	5
7	0	0	3177671	117256	9390	1392	355	172	41	109	39	4	3	0	0	0	0	0	0	0	0
8	0	0	3215613	53854	4592	1012	312	129	44	21	7	0	1	0	0	0	0	0	0	0	0

Tlen Stats
Num Reads for Tlen:351645567
Mean:384.764, Variance:7715.8

Thread 1

Reference statistics
	RepeatLen
Period	0	1	2	3	4	5	6	7	8	9	10	11	12	13	14	15	16	17	18	19	20
0	0	0	0	0	0	0	0	0	0	0	0	0	0	0	0	0	0	0	0	0	0
1	0	931227	346834	246463	165564	117404	132176	205967	295690	335097	217084	132341	103005	90438	80156	71473	61206	49356	39596	33530	178089
2	0	0	195739	132376	149389	272497	113924	60346	33960	21871	15605	12417	10593	9324	8310	7565	7158	6696	5965	5488	24369
3	0	0	138835	79896	62635	39632	17303	8214	4104	2348	1584	1109	923	909	813	599	344	186	93	66	376
4	0	0	163528	387731	107203	43126	18979	9147	5272	4218	5108	5019	3583	2321	1643	1236	975	700	398	248	321
5	0	0	100932	129279	34991	11179	3468	1701	1326	1160	912	639	513	309	178	101	79	34	22	11	42
6	0	0	91660	44207	7255	1564	563	294	168	115	65	34	27	11	10	3	1	1	2	4	31
7	0	0	220325	10598	1044	163	38	23	10	3	3	3	1	0	0	0	0	1	1	0	1
8	0	0	221368	4791	475	117	44	20	8	4	6	4	1	1	0	0	0	0	1	0	0

STRs with at least minimum qualifying reads
	RepeatLen
Period	0	1	2	3	4	5	6	7	8	9	10	11	12	13	14	15	16	17	18	19	20
0	0	0	0	0	0	0	0	0	0	0	0	0	0	0	0	0	0	0	0	0	0
1	0	913066	340086	241064	162659	114910	130317	202710	291620	330684	214210	130593	101570	89032	78819	70208	59955	48060	38457	32157	153314
2	0	0	191015	129018	145126	266029	111838	59298	33414	21358	15226	12166	10345	9123	8089	7421	6989	6512	5850	5368	23486
3	0	0	136333	78777	61707	39003	17090	8081	4030	2297	1565	1084	898	885	801	591	331	182	86	62	326
4	0	0	160258	382047	105432	42410	18636	8988	5182	4116	4995	4893	3468	2240	1581	1181	930	654	363	228	222
5	0	0	98993	125236	33994	10810	3347	1624	1263	1104	862	607	483	285	161	85	71	30	21	6	8
6	0	0	90361	43510	7069	1520	511	276	150	104	58	29	23	8	5	1	1	0	0	1	2
7	0	0	217203	10311	992	149	35	19	7	2	2	1	1	0	0	0	0	0	0	0	0
8	0	0	218193	4673	452	111	44	18	5	3	5	1	1	0	0	0	0	0	0	0	0

Final downsampling factors
	RepeatLen
Period	0	1	2	3	4	5	6	7	8	9	10	11	12	13	14	15	16	17	18	19	20
0	0	0	0	0	0	0	0	0	0	0	0	0	0	0	0	0	0	0	0	0	0
1	0	10	10	9	8	7	5	3	1	0	0	0	0	0	0	0	0	0	0	0	0
2	0	0	9	6	3	0	0	0	0	0	0	0	0	0	0	0	0	0	0	0	0
3	0	0	8	4	1	0	0	0	0	0	0	0	0	0	0	0	0	0	0	0	0
4	0	0	6	0	0	0	0	0	0	0	0	0	0	0	0	0	0	0	0	0	0
5	0	0	5	0	0	0	0	0	0	0	0	0	0	0	0	0	0	0	0	0	0
6	0	0	4	0	0	0	0	0	0	0	0	0	0	0	0	0	0	0	0	0	0
7	0	0	1	0	0	0	0	0	0	0	0	0	0	0	0	0	0	0	0	0	0
8	0	0	0	0	0	0	0	0	0	0	0	0	0	0	0	0	0	0	0	0	0

Read statistics
	RepeatLen
Period	0	1	2	3	4	5	6	7	8	9	10	11	12	13	14	15	16	17	18	19	20
0	0	0	0	0	0	0	0	0	0	0	0	0	0	0	0	0	0	0	0	0	0
1	0	15463741	5745701	3997245	2686250	1866966	2094538	3259088	4597499	5033865	3035751	1723710	1350524	1031761	822494	669976	515888	379095	269025	201441	889106
2	0	0	3095022	2085916	2285327	3974790	1692165	891436	508298	316403	209478	165350	138475	110934	97817	93736	80695	71226	62599	56871	212092
3	0	0	2195287	1322304	919793	549717	235486	113128	50370	27285	18160	11695	9685	9890	8098	6502	3430	1854	1029	506	3473
4	0	0	2555231	5750128	1472822	545123	250888	107048	59747	43123	56408	51754	33502	21811	13123	10332	5953	3826	1964	1158	846
5	0	0	1601711	2672809	729594	234023	80338	40041	29442	31248	25226	11175	9510	3625	1434	876	271	98	233	18	22
6	0	0	1378592	581568	83836	15336	4943	2280	1217	742	383	225	94	30	18	1	8	0	0	1	3
7	0	0	3178703	117448	9566	1387	358	202	40	101	39	2	5	0	0	0	0	0	0	0	0
8	0	0	3218674	53521	4611	972	329	124	35	21	10	1	1	0	0	0	0	0	0	0	0

Tlen Stats
Num Reads for Tlen:351662930
Mean:384.75, Variance:7549.23

Thread 2

Reference statistics
	RepeatLen
Period	0	1	2	3	4	5	6	7	8	9	10	11	12	13	14	15	16	17	18	19	20
0	0	0	0	0	0	0	0	0	0	0	0	0	0	0	0	0	0	0	0	0	0
1	0	931227	346834	246463	165564	117404	132176	205967	295690	335097	217084	132341	103005	90438	80156	71473	61206	49356	39596	33530	178089
2	0	0	195739	132376	149389	272497	113924	60346	33960	21871	15605	12417	10593	9324	8310	7565	7158	6696	5965	5488	24369
3	0	0	138835	79896	62635	39632	17303	8214	4104	2348	1584	1109	923	909	813	599	344	186	93	66	376
4	0	0	163528	387731	107203	43126	18979	9147	5272	4218	5108	5019	3583	2321	1643	1236	975	700	398	248	321
5	0	0	100932	129279	34991	11179	3468	1701	1326	1160	912	639	513	309	178	101	79	34	22	11	42
6	0	0	91660	44207	7255	1564	563	294	168	115	65	34	27	11	10	3	1	1	2	4	31
7	0	0	220325	10598	1044	163	38	23	10	3	3	3	1	0	0	0	0	1	1	0	1
8	0	0	221368	4791	475	117	44	20	8	4	6	4	1	1	0	0	0	0	1	0	0

STRs with at least minimum qualifying reads
	RepeatLen
Period	0	1	2	3	4	5	6	7	8	9	10	11	12	13	14	15	16	17	18	19	20
0	0	0	0	0	0	0	0	0	0	0	0	0	0	0	0	0	0	0	0	0	0
1	0	913120	340096	241103	162631	114914	130311	202719	291621	330715	214171	130609	101560	89085	78821	70217	59942	48044	38418	32177	153321
2	0	0	191025	128974	145106	265959	111873	59311	33403	21345	15248	12175	10332	9114	8080	7403	6986	6520	5839	5376	23478
3	0	0	136350	78788	61732	38999	17083	8075	4032	2298	1567	1080	896	879	801	592	333	181	86	61	316
4	0	0	160233	382054	105454	42418	18645	8990	5180	4136	4993	4890	3467	2247	1587	1180	924	649	374	234	226
5	0	0	98983	125224	33976	10779	3345	1620	1264	1104	855	605	478	281	156	83	64	29	16	6	8
6	0	0	90388	43494	7059	1513	514	274	150	101	57	28	25	8	6	0	1	0	0	1	2
7	0	0	217196	10316	981	151	33	18	7	2	2	2	1	0	0	0	0	0	0	0	0
8	0	0	218177	4678	455	113	43	18	6	2	6	0	1	0	0	0	0	0	0	0	0

Final downsampling factors
	RepeatLen
Period	0	1	2	3	4	5	6	7	8	9	10	11	12	13	14	15	16	17	18	19	20
0	0	0	0	0	0	0	0	0	0	0	0	0	0	0	0	0	0	0	0	0	0
1	0	10	10	9	8	7	5	3	1	0	0	0	0	0	0	0	0	0	0	0	0
2	0	0	9	6	3	0	0	0	0	0	0	0	0	0	0	0	0	0	0	0	0
3	0	0	8	4	1	0	0	0	0	0	0	0	0	0	0	0	0	0	0	0	0
4	0	0	6	0	0	0	0	0	0	0	0	0	0	0	0	0	0	0	0	0	0
5	0	0	5	0	0	0	0	0	0	0	0	0	0	0	0	0	0	0	0	0	0
6	0	0	4	0	0	0	0	0	0	0	0	0	0	0	0	0	0	0	0	0	0
7	0	0	1	0	0	0	0	0	0	0	0	0	0	0	0	0	0	0	0	0	0
8	0	0	0	0	0	0	0	0	0	0	0	0	0	0	0	0	0	0	0	0	0

Read statistics
	RepeatLen
Period	0	1	2	3	4	5	6	7	8	9	10	11	12	13	14	15	16	17	18	19	20
0	0	0	0	0	0	0	0	0	0	0	0	0	0	0	0	0	0	0	0	0	0
1	0	15467913	5743801	3998667	2686457	1862284	2096193	3255367	4598698	5035399	3033677	1725252	1351007	1030532	822696	669814	514903	378476	269613	201223	889338
2	0	0	3096755	2088173	2285150	3976525	1694029	893740	507537	316256	209791	165358	139190	110098	97197	93121	80685	71644	62100	56832	211889
3	0	0	2195541	1324826	919677	550408	236390	113557	50419	27479	18060	11816	9512	9598	8007	6517	3458	1868	1020	480	3376
4	0	0	2553679	5757133	1474501	543295	251341	107274	59800	42801	56276	51804	33238	21756	13274	10460	6024	3815	2004	1135	872
5	0	0	1605990	2673042	730211	234070	80112	39569	28981	31410	25128	11135	9581	3576	1421	871	279	97	245	20	20
6	0	0	1380509	581256	83430	15584	4850	2363	1198	754	389	202	96	27	24	0	1	0	0	2	3
7	0	0	3179514	117520	9671	1401	313	180	44	108	40	2	4	0	0	0	0	0	0	0	0
8	0	0	3215541	53577	4424	942	333	146	33	19	14	0	1	0	0	0	0	0	0	0	0

Tlen Stats
Num Reads for Tlen:351672914
Mean:384.762, Variance:7514.06

Thread 3

Reference statistics
	RepeatLen
Period	0	1	2	3	4	5	6	7	8	9	10	11	12	13	14	15	16	17	18	19	20
0	0	0	0	0	0	0	0	0	0	0	0	0	0	0	0	0	0	0	0	0	0
1	0	931227	346834	246463	165564	117404	132176	205967	295690	335097	217084	132341	103005	90438	80156	71473	61206	49356	39596	33530	178089
2	0	0	195739	132376	149389	272497	113924	60346	33960	21871	15605	12417	10593	9324	8310	7565	7158	6696	5965	5488	24369
3	0	0	138835	79896	62635	39632	17303	8214	4104	2348	1584	1109	923	909	813	599	344	186	93	66	376
4	0	0	163528	387731	107203	43126	18979	9147	5272	4218	5108	5019	3583	2321	1643	1236	975	700	398	248	321
5	0	0	100932	129279	34991	11179	3468	1701	1326	1160	912	639	513	309	178	101	79	34	22	11	42
6	0	0	91660	44207	7255	1564	563	294	168	115	65	34	27	11	10	3	1	1	2	4	31
7	0	0	220325	10598	1044	163	38	23	10	3	3	3	1	0	0	0	0	1	1	0	1
8	0	0	221368	4791	475	117	44	20	8	4	6	4	1	1	0	0	0	0	1	0	0

STRs with at least minimum qualifying reads
	RepeatLen
Period	0	1	2	3	4	5	6	7	8	9	10	11	12	13	14	15	16	17	18	19	20
0	0	0	0	0	0	0	0	0	0	0	0	0	0	0	0	0	0	0	0	0	0
1	0	20491	7550	5337	3612	2506	2816	4401	6039	6926	4126	2224	1655	1384	1101	911	705	525	378	266	889
2	0	0	4112	2861	2993	5291	2268	1143	668	404	267	207	163	156	143	120	115	107	72	85	257
3	0	0	2931	1729	1272	748	287	169	72	46	26	16	16	18	6	5	3	1	1	0	3
4	0	0	3468	7772	1900	689	332	156	77	49	72	65	46	27	23	7	10	8	10	0	1
5	0	0	2068	2967	816	261	97	47	43	38	29	18	12	2	3	0	0	0	0	0	0
6	0	0	1884	775	104	15	6	3	2	2	0	0	0	0	0	0	0	0	0	0	0
7	0	0	4237	184	14	2	1	1	0	0	0	0	0	0	0	0	0	0	0	0	0
8	0	0	4362	77	7	1	0	1	0	0	0	0	0	0	0	0	0	0	0	0	0

Final downsampling factors
	RepeatLen
Period	0	1	2	3	4	5	6	7	8	9	10	11	12	13	14	15	16	17	18	19	20
0	0	0	0	0	0	0	0	0	0	0	0	0	0	0	0	0	0	0	0	0	0
1	0	10	10	9	8	7	5	3	1	0	0	0	0	0	0	0	0	0	0	0	0
2	0	0	9	6	3	0	0	0	0	0	0	0	0	0	0	0	0	0	0	0	0
3	0	0	8	4	1	0	0	0	0	0	0	0	0	0	0	0	0	0	0	0	0
4	0	0	6	0	0	0	0	0	0	0	0	0	0	0	0	0	0	0	0	0	0
5	0	0	5	0	0	0	0	0	0	0	0	0	0	0	0	0	0	0	0	0	0
6	0	0	4	0	0	0	0	0	0	0	0	0	0	0	0	0	0	0	0	0	0
7	0	0	1	0	0	0	0	0	0	0	0	0	0	0	0	0	0	0	0	0	0
8	0	0	0	0	0	0	0	0	0	0	0	0	0	0	0	0	0	0	0	0	0

Read statistics
	RepeatLen
Period	0	1	2	3	4	5	6	7	8	9	10	11	12	13	14	15	16	17	18	19	20
0	0	0	0	0	0	0	0	0	0	0	0	0	0	0	0	0	0	0	0	0	0
1	0	21201	7841	5466	3682	2553	2850	4475	6133	7026	4186	2255	1807	1435	1115	919	708	527	379	268	1189
2	0	0	4184	2926	3103	5415	2350	1192	709	430	272	215	173	162	148	127	117	109	74	88	269
3	0	0	2972	1882	1303	756	292	174	72	47	27	16	17	18	6	5	3	1	1	0	3
4	0	0	3547	8031	1962	709	355	160	83	51	78	69	46	30	23	9	10	8	10	0	1
5	0	0	2137	3773	1024	340	119	54	48	44	30	19	13	2	4	0	0	0	0	0	0
6	0	0	1945	793	106	15	6	3	2	2	0	0	0	0	0	0	0	0	0	0	0
7	0	0	4327	186	14	2	1	1	0	0	0	0	0	0	0	0	0	0	0	0	0
8	0	0	4519	82	7	1	0	1	0	0	0	0	0	0	0	0	0	0	0	0	0

Tlen Stats
Num Reads for Tlen:483365
Mean:384.899, Variance:7314.51


Final Tlen Stats
Num Reads for Tlen:1054981411
Mean:384.758, Sigma:87.138
Pruning nodes with period 1 length 1, decimation factor 10
Pruning nodes with period 1 length 1, decimation factor 11
Pruning nodes with period 1 length 1, decimation factor 12
Pruning nodes with period 1 length 1, decimation factor 13
Pruning nodes with period 1 length 1, decimation factor 14
Pruning nodes with period 1 length 1, decimation factor 15
Pruning nodes with period 1 length 1, decimation factor 16
Pruning nodes with period 1 length 1, decimation factor 17
Pruning nodes with period 1 length 2, decimation factor 10
Pruning nodes with period 1 length 2, decimation factor 11
Pruning nodes with period 1 length 2, decimation factor 12
Pruning nodes with period 1 length 2, decimation factor 13
Pruning nodes with period 1 length 2, decimation factor 14
Pruning nodes with period 1 length 2, decimation factor 15
Pruning nodes with period 1 length 2, decimation factor 16
Pruning nodes with period 1 length 3, decimation factor 9
Pruning nodes with period 1 length 3, decimation factor 10
Pruning nodes with period 1 length 3, decimation factor 11
Pruning nodes with period 1 length 3, decimation factor 12
Pruning nodes with period 1 length 3, decimation factor 13
Pruning nodes with period 1 length 3, decimation factor 14
Pruning nodes with period 1 length 4, decimation factor 8
Pruning nodes with period 1 length 4, decimation factor 9
Pruning nodes with period 1 length 4, decimation factor 10
Pruning nodes with period 1 length 4, decimation factor 11
Pruning nodes with period 1 length 4, decimation factor 12
Pruning nodes with period 1 length 4, decimation factor 13
Pruning nodes with period 1 length 5, decimation factor 7
Pruning nodes with period 1 length 5, decimation factor 8
Pruning nodes with period 1 length 5, decimation factor 9
Pruning nodes with period 1 length 5, decimation factor 10
Pruning nodes with period 1 length 5, decimation factor 11
Pruning nodes with period 1 length 6, decimation factor 5
Pruning nodes with period 1 length 6, decimation factor 6
Pruning nodes with period 1 length 6, decimation factor 7
Pruning nodes with period 1 length 6, decimation factor 8
Pruning nodes with period 1 length 6, decimation factor 9
Pruning nodes with period 1 length 7, decimation factor 3
Pruning nodes with period 1 length 7, decimation factor 4
Pruning nodes with period 1 length 7, decimation factor 5
Pruning nodes with period 1 length 7, decimation factor 6
Pruning nodes with period 1 length 7, decimation factor 7
Pruning nodes with period 1 length 7, decimation factor 8
Pruning nodes with period 1 length 8, decimation factor 1
Pruning nodes with period 1 length 8, decimation factor 2
Pruning nodes with period 1 length 8, decimation factor 3
Pruning nodes with period 1 length 8, decimation factor 4
Pruning nodes with period 1 length 8, decimation factor 5
Pruning nodes with period 1 length 8, decimation factor 6
Pruning nodes with period 1 length 8, decimation factor 7
Pruning nodes with period 1 length 9, decimation factor 0
Pruning nodes with period 1 length 9, decimation factor 1
Pruning nodes with period 1 length 9, decimation factor 2
Pruning nodes with period 1 length 9, decimation factor 3
Pruning nodes with period 1 length 9, decimation factor 4
Pruning nodes with period 1 length 9, decimation factor 5
Pruning nodes with period 1 length 9, decimation factor 6
Pruning nodes with period 1 length 10, decimation factor 0
Pruning nodes with period 1 length 10, decimation factor 1
Pruning nodes with period 1 length 10, decimation factor 2
Pruning nodes with period 1 length 10, decimation factor 3
Pruning nodes with period 1 length 10, decimation factor 4
Pruning nodes with period 1 length 10, decimation factor 5
Pruning nodes with period 1 length 11, decimation factor 0
Pruning nodes with period 1 length 11, decimation factor 1
Pruning nodes with period 1 length 11, decimation factor 2
Pruning nodes with period 1 length 11, decimation factor 3
Pruning nodes with period 1 length 11, decimation factor 4
Pruning nodes with period 1 length 12, decimation factor 0
Pruning nodes with period 1 length 12, decimation factor 1
Pruning nodes with period 1 length 12, decimation factor 2
Pruning nodes with period 1 length 12, decimation factor 3
Pruning nodes with period 1 length 12, decimation factor 4
Pruning nodes with period 1 length 13, decimation factor 0
Pruning nodes with period 1 length 13, decimation factor 1
Pruning nodes with period 1 length 13, decimation factor 2
Pruning nodes with period 1 length 13, decimation factor 3
Pruning nodes with period 1 length 13, decimation factor 4
Pruning nodes with period 1 length 14, decimation factor 0
Pruning nodes with period 1 length 14, decimation factor 1
Pruning nodes with period 1 length 14, decimation factor 2
Pruning nodes with period 1 length 14, decimation factor 3
Pruning nodes with period 1 length 14, decimation factor 4
Pruning nodes with period 1 length 15, decimation factor 0
Pruning nodes with period 1 length 15, decimation factor 1
Pruning nodes with period 1 length 15, decimation factor 2
Pruning nodes with period 1 length 15, decimation factor 3
Pruning nodes with period 1 length 15, decimation factor 4
Pruning nodes with period 1 length 16, decimation factor 0
Pruning nodes with period 1 length 16, decimation factor 1
Pruning nodes with period 1 length 16, decimation factor 2
Pruning nodes with period 1 length 16, decimation factor 3
Pruning nodes with period 1 length 17, decimation factor 0
Pruning nodes with period 1 length 17, decimation factor 1
Pruning nodes with period 1 length 17, decimation factor 2
Pruning nodes with period 1 length 17, decimation factor 3
Pruning nodes with period 1 length 18, decimation factor 0
Pruning nodes with period 1 length 18, decimation factor 1
Pruning nodes with period 1 length 18, decimation factor 2
Pruning nodes with period 1 length 18, decimation factor 3
Pruning nodes with period 1 length 19, decimation factor 0
Pruning nodes with period 1 length 19, decimation factor 1
Pruning nodes with period 1 length 19, decimation factor 2
Pruning nodes with period 1 length 19, decimation factor 3
Pruning nodes with period 1 length 20, decimation factor 0
Pruning nodes with period 1 length 20, decimation factor 1
Pruning nodes with period 1 length 20, decimation factor 2
Pruning nodes with period 1 length 20, decimation factor 3
Pruning nodes with period 1 length 20, decimation factor 4
Pruning nodes with period 1 length 20, decimation factor 5
Pruning nodes with period 2 length 2, decimation factor 9
Pruning nodes with period 2 length 2, decimation factor 10
Pruning nodes with period 2 length 2, decimation factor 11
Pruning nodes with period 2 length 2, decimation factor 12
Pruning nodes with period 2 length 2, decimation factor 13
Pruning nodes with period 2 length 2, decimation factor 14
Pruning nodes with period 2 length 3, decimation factor 6
Pruning nodes with period 2 length 3, decimation factor 7
Pruning nodes with period 2 length 3, decimation factor 8
Pruning nodes with period 2 length 3, decimation factor 9
Pruning nodes with period 2 length 3, decimation factor 10
Pruning nodes with period 2 length 4, decimation factor 3
Pruning nodes with period 2 length 4, decimation factor 4
Pruning nodes with period 2 length 4, decimation factor 5
Pruning nodes with period 2 length 4, decimation factor 6
Pruning nodes with period 2 length 4, decimation factor 7
Pruning nodes with period 2 length 4, decimation factor 8
Pruning nodes with period 2 length 5, decimation factor 0
Pruning nodes with period 2 length 5, decimation factor 1
Pruning nodes with period 2 length 5, decimation factor 2
Pruning nodes with period 2 length 5, decimation factor 3
Pruning nodes with period 2 length 5, decimation factor 4
Pruning nodes with period 2 length 5, decimation factor 5
Pruning nodes with period 2 length 5, decimation factor 6
Pruning nodes with period 2 length 6, decimation factor 0
Pruning nodes with period 2 length 6, decimation factor 1
Pruning nodes with period 2 length 6, decimation factor 2
Pruning nodes with period 2 length 6, decimation factor 3
Pruning nodes with period 2 length 6, decimation factor 4
Pruning nodes with period 2 length 7, decimation factor 0
Pruning nodes with period 2 length 7, decimation factor 1
Pruning nodes with period 2 length 7, decimation factor 2
Pruning nodes with period 2 length 7, decimation factor 3
Pruning nodes with period 2 length 8, decimation factor 0
Pruning nodes with period 2 length 8, decimation factor 1
Pruning nodes with period 2 length 8, decimation factor 2
Pruning nodes with period 2 length 8, decimation factor 3
Pruning nodes with period 2 length 9, decimation factor 0
Pruning nodes with period 2 length 9, decimation factor 1
Pruning nodes with period 2 length 9, decimation factor 2
Pruning nodes with period 2 length 10, decimation factor 0
Pruning nodes with period 2 length 10, decimation factor 1
Pruning nodes with period 2 length 11, decimation factor 0
Pruning nodes with period 2 length 11, decimation factor 1
Pruning nodes with period 2 length 12, decimation factor 0
Pruning nodes with period 2 length 12, decimation factor 1
Pruning nodes with period 2 length 13, decimation factor 0
Pruning nodes with period 2 length 13, decimation factor 1
Pruning nodes with period 2 length 14, decimation factor 0
Pruning nodes with period 2 length 15, decimation factor 0
Pruning nodes with period 2 length 16, decimation factor 0
Pruning nodes with period 2 length 17, decimation factor 0
Pruning nodes with period 2 length 18, decimation factor 0
Pruning nodes with period 2 length 19, decimation factor 0
Pruning nodes with period 2 length 20, decimation factor 0
Pruning nodes with period 2 length 20, decimation factor 1
Pruning nodes with period 2 length 20, decimation factor 2
Pruning nodes with period 3 length 2, decimation factor 8
Pruning nodes with period 3 length 2, decimation factor 9
Pruning nodes with period 3 length 2, decimation factor 10
Pruning nodes with period 3 length 2, decimation factor 11
Pruning nodes with period 3 length 2, decimation factor 12
Pruning nodes with period 3 length 2, decimation factor 13
Pruning nodes with period 3 length 3, decimation factor 4
Pruning nodes with period 3 length 3, decimation factor 5
Pruning nodes with period 3 length 3, decimation factor 6
Pruning nodes with period 3 length 3, decimation factor 7
Pruning nodes with period 3 length 3, decimation factor 8
Pruning nodes with period 3 length 4, decimation factor 1
Pruning nodes with period 3 length 4, decimation factor 2
Pruning nodes with period 3 length 4, decimation factor 3
Pruning nodes with period 3 length 4, decimation factor 4
Pruning nodes with period 3 length 5, decimation factor 0
Pruning nodes with period 3 length 5, decimation factor 1
Pruning nodes with period 3 length 5, decimation factor 2
Pruning nodes with period 3 length 5, decimation factor 3
Pruning nodes with period 3 length 6, decimation factor 0
Pruning nodes with period 3 length 6, decimation factor 1
Pruning nodes with period 3 length 6, decimation factor 2
Pruning nodes with period 3 length 7, decimation factor 0
Pruning nodes with period 4 length 2, decimation factor 6
Pruning nodes with period 4 length 2, decimation factor 7
Pruning nodes with period 4 length 2, decimation factor 8
Pruning nodes with period 4 length 2, decimation factor 9
Pruning nodes with period 4 length 2, decimation factor 10
Pruning nodes with period 4 length 2, decimation factor 11
Pruning nodes with period 4 length 3, decimation factor 0
Pruning nodes with period 4 length 3, decimation factor 1
Pruning nodes with period 4 length 3, decimation factor 2
Pruning nodes with period 4 length 3, decimation factor 3
Pruning nodes with period 4 length 3, decimation factor 4
Pruning nodes with period 4 length 3, decimation factor 5
Pruning nodes with period 4 length 3, decimation factor 6
Pruning nodes with period 4 length 4, decimation factor 0
Pruning nodes with period 4 length 4, decimation factor 1
Pruning nodes with period 4 length 4, decimation factor 2
Pruning nodes with period 4 length 4, decimation factor 3
Pruning nodes with period 4 length 4, decimation factor 4
Pruning nodes with period 4 length 5, decimation factor 0
Pruning nodes with period 4 length 5, decimation factor 1
Pruning nodes with period 4 length 5, decimation factor 2
Pruning nodes with period 4 length 5, decimation factor 3
Pruning nodes with period 4 length 6, decimation factor 0
Pruning nodes with period 4 length 6, decimation factor 1
Pruning nodes with period 4 length 6, decimation factor 2
Pruning nodes with period 4 length 7, decimation factor 0
Pruning nodes with period 4 length 7, decimation factor 1
Pruning nodes with period 4 length 8, decimation factor 0
Pruning nodes with period 4 length 9, decimation factor 0
Pruning nodes with period 4 length 10, decimation factor 0
Pruning nodes with period 4 length 11, decimation factor 0
Pruning nodes with period 5 length 2, decimation factor 5
Pruning nodes with period 5 length 2, decimation factor 6
Pruning nodes with period 5 length 2, decimation factor 7
Pruning nodes with period 5 length 2, decimation factor 8
Pruning nodes with period 5 length 2, decimation factor 9
Pruning nodes with period 5 length 3, decimation factor 0
Pruning nodes with period 5 length 3, decimation factor 1
Pruning nodes with period 5 length 3, decimation factor 2
Pruning nodes with period 5 length 3, decimation factor 3
Pruning nodes with period 5 length 3, decimation factor 4
Pruning nodes with period 5 length 4, decimation factor 0
Pruning nodes with period 5 length 4, decimation factor 1
Pruning nodes with period 5 length 4, decimation factor 2
Pruning nodes with period 5 length 4, decimation factor 3
Pruning nodes with period 5 length 5, decimation factor 0
Pruning nodes with period 5 length 5, decimation factor 1
Pruning nodes with period 6 length 2, decimation factor 4
Pruning nodes with period 6 length 2, decimation factor 5
Pruning nodes with period 6 length 2, decimation factor 6
Pruning nodes with period 6 length 2, decimation factor 7
Pruning nodes with period 6 length 2, decimation factor 8
Pruning nodes with period 6 length 3, decimation factor 0
Pruning nodes with period 6 length 3, decimation factor 1
Pruning nodes with period 6 length 3, decimation factor 2
Pruning nodes with period 6 length 3, decimation factor 3
Pruning nodes with period 6 length 4, decimation factor 0
Pruning nodes with period 7 length 2, decimation factor 1
Pruning nodes with period 7 length 2, decimation factor 2
Pruning nodes with period 7 length 2, decimation factor 3
Pruning nodes with period 7 length 2, decimation factor 4
Pruning nodes with period 7 length 2, decimation factor 5
Pruning nodes with period 7 length 2, decimation factor 6
Pruning nodes with period 7 length 3, decimation factor 0
Pruning nodes with period 7 length 3, decimation factor 1
Pruning nodes with period 8 length 2, decimation factor 0
Pruning nodes with period 8 length 2, decimation factor 1
Pruning nodes with period 8 length 2, decimation factor 2
Pruning nodes with period 8 length 2, decimation factor 3
Pruning nodes with period 8 length 2, decimation factor 4
Pruning nodes with period 8 length 2, decimation factor 5
Pruning nodes with period 8 length 3, decimation factor 0

Time downsampling 00:00:03.215

Calculating PCR parameters

Reference statistics after downsampling
	RepeatLen
Period	0	1	2	3	4	5	6	7	8	9	10	11	12	13	14	15	16	17	18	19	20
0	0	0	0	0	0	0	0	0	0	0	0	0	0	0	0	0	0	0	0	0	0
1	0	18310	8093	7993	4925	5504	5571	5822	5754	6324	5800	5507	4263	3772	3367	2979	4495	3749	2991	2633	12369
2	0	0	6694	6662	5423	6930	5179	4555	2527	3114	4091	3232	2804	2437	4221	3838	3644	3400	3014	2775	3445
3	0	0	4145	3382	4644	2980	2315	4157	4104	2348	1584	1109	923	909	813	599	344	186	93	66	376
4	0	0	5129	7845	4719	3244	2602	2374	2670	2141	2601	2557	3583	2321	1643	1236	975	700	398	248	321
5	0	0	4702	7115	2906	3004	3468	1701	1326	1160	912	639	513	309	178	101	79	34	22	11	42
6	0	0	3900	3310	3702	1564	563	294	168	115	65	34	27	11	10	3	1	1	2	4	31
7	0	0	6120	2818	1044	163	38	23	10	3	3	3	1	0	0	0	0	1	1	0	1
8	0	0	6282	2467	475	117	44	20	8	4	6	4	1	1	0	0	0	0	1	0	0

STRs with at least minimum qualifying reads
	RepeatLen
Period	0	1	2	3	4	5	6	7	8	9	10	11	12	13	14	15	16	17	18	19	20
0	0	0	0	0	0	0	0	0	0	0	0	0	0	0	0	0	0	0	0	0	0
1	0	3493	2603	3712	2497	3530	3993	3141	2266	2567	3346	4082	3176	2800	2462	2199	3779	3035	2438	2059	2623
2	0	0	2943	3972	2247	2073	3500	3705	2085	2694	3820	3058	2610	2289	4067	3721	3512	3276	2931	2695	2980
3	0	0	2080	2435	3858	2445	2137	4046	4042	2306	1569	1086	899	888	805	595	334	184	88	63	338
4	0	0	2453	3075	3301	2651	2339	2256	2604	2082	2513	2461	3502	2265	1603	1204	951	671	382	243	254
5	0	0	3048	4010	2148	2719	3372	1646	1287	1128	879	618	494	297	168	91	72	33	21	9	10
6	0	0	2809	2785	3559	1539	523	279	153	109	61	30	25	8	6	1	1	0	0	2	3
7	0	0	3550	2631	1016	157	36	20	8	2	2	3	1	0	0	0	0	0	0	0	0
8	0	0	3680	2383	463	114	44	19	6	4	6	1	1	0	0	0	0	0	0	0	0

Final downsampling factors
	RepeatLen
Period	0	1	2	3	4	5	6	7	8	9	10	11	12	13	14	15	16	17	18	19	20
0	0	0	0	0	0	0	0	0	0	0	0	0	0	0	0	0	0	0	0	0	0
1	0	18	17	15	14	12	10	9	8	7	6	5	5	5	5	5	4	4	4	4	6
2	0	0	15	11	9	7	5	4	4	3	2	2	2	2	1	1	1	1	1	1	3
3	0	0	14	9	5	4	3	1	0	0	0	0	0	0	0	0	0	0	0	0	0
4	0	0	12	7	5	4	3	2	1	1	1	1	0	0	0	0	0	0	0	0	0
5	0	0	10	5	4	2	0	0	0	0	0	0	0	0	0	0	0	0	0	0	0
6	0	0	9	4	1	0	0	0	0	0	0	0	0	0	0	0	0	0	0	0	0
7	0	0	7	2	0	0	0	0	0	0	0	0	0	0	0	0	0	0	0	0	0
8	0	0	6	1	0	0	0	0	0	0	0	0	0	0	0	0	0	0	0	0	0

Read statistics
	RepeatLen
Period	0	1	2	3	4	5	6	7	8	9	10	11	12	13	14	15	16	17	18	19	20
0	0	0	0	0	0	0	0	0	0	0	0	0	0	0	0	0	0	0	0	0	0
1	0	172656	127750	185328	123916	170702	195483	158700	106632	115328	140347	182016	115695	95384	78614	61691	97179	68958	49710	38061	31768
2	0	0	141365	191358	107346	91793	159192	172407	93959	118478	163076	127455	108126	86031	145222	141518	122524	108775	92023	87911	80466
3	0	0	99437	116118	168897	103419	87203	169795	150976	82030	54349	35266	28649	29395	24129	19535	10474	5521	3112	1489	10230
4	0	0	115666	136818	139927	104352	93853	83553	86227	65204	85613	76211	100542	65350	39899	31143	18095	11541	5978	3396	2582
5	0	0	149133	229455	123584	205723	240838	119552	87844	94345	75530	33581	28734	10842	4252	2634	823	298	712	49	61
6	0	0	135367	111240	129371	46179	14794	6966	3642	2228	1137	638	287	80	70	1	14	0	0	4	11
7	0	0	150298	88918	28641	4182	1027	555	125	318	118	8	12	0	0	0	0	0	0	0	0
8	0	0	156744	83045	13634	2927	974	400	112	61	31	1	3	0	0	0	0	0	0	0	0

Repeat period 8 calibration time 00:00:04.777

Repeat period 7 calibration time 00:00:05.419

Repeat period 6 calibration time 00:00:07.654

Repeat period 5 calibration time 00:00:13.761

Repeat period 3 calibration time 00:00:20.048

Repeat period 4 calibration time 00:00:22.990

Repeat period 1 calibration time 00:00:28.886

Repeat period 2 calibration time 00:00:35.432

Time calibration 00:00:35.434

Max GOP: 40, GOP bias: 0

Insertion GOP:
	RepeatLen
Period	0	1	2	3	4	5	6	7	8	9	10	11	12	13	14	15	16	17	18	19	20
0	0	0	0	0	0	0	0	0	0	0	0	0	0	0	0	0	0	0	0	0	0
1	0	45.00	45.00	45.00	45.00	45.00	45.00	45.00	43.25	40.00	35.75	33.75	32.75	32.25	31.25	31.25	30.75	30.00	29.25	29.00	28.50
2	0	42.25	42.25	42.25	42.25	42.25	41.25	36.50	33.25	32.00	30.75	30.00	29.50	29.50	29.50	29.25	29.00	29.00	29.00	28.75	28.25
3	0	41.00	41.00	41.00	41.00	41.00	39.50	37.75	34.75	33.75	31.50	31.50	30.75	30.50	30.50	30.50	30.25	29.75	29.75	24.00	24.00
4	0	39.75	39.75	39.75	37.50	36.25	33.75	32.50	29.00	27.50	27.25	26.75	26.75	26.25	24.50	24.50	22.75	22.75	22.75	22.75	22.75
5	0	40.00	40.00	40.00	39.50	34.75	31.50	29.25	26.25	27.25	25.25	25.25	25.25	25.25	25.25	25.25	25.25	25.25	24.00	24.00	24.00
6	0	40.00	40.00	40.00	39.00	37.00	29.75	24.75	24.50	22.75	22.75	22.75	22.75	21.50	21.50	21.50	21.50	21.50	21.50	21.50	21.50
7	0	37.50	37.50	37.50	34.00	27.00	26.25	22.00	21.25	21.25	13.50	13.50	13.50	13.50	13.50	13.50	13.50	13.50	13.50	13.50	13.50
8	0	38.00	38.00	38.00	31.00	25.75	22.75	20.50	20.50	20.50	20.50	20.50	20.50	20.50	20.50	20.50	20.50	20.50	20.50	20.50	20.50

Command line insertion GOP:
 160 160 160 160 160 160 160 160 160 143 135 131 129 125 125 123 120 117 116 114 160 160 160 160 160 160 146 133 128 123 120 118 118 118 117 116 116 116 115 113 160 160 160 160 160 158 151 139 135 126 126 123 122 122 122 121 119 119 96 96 159 159 159 150 145 135 130 116 110 109 107 107 105 98 98 91 91 91 91 91 160 160 160 158 139 126 117 105 109 101 101 101 101 101 101 101 101 96 96 96 160 160 160 156 148 119 99 98 91 91 91 91 86 86 86 86 86 86 86 86 150 150 150 136 108 105 88 85 85 54 54 54 54 54 54 54 54 54 54 54 152 152 152 124 103 91 82 82 82 82 82 82 82 82 82 82 82 82 82 82

Max GOP: 40.00, GOP bias: 0.00

Deletion GOP
	RepeatLen
Period	0	1	2	3	4	5	6	7	8	9	10	11	12	13	14	15	16	17	18	19	20
0	0	0	0	0	0	0	0	0	0	0	0	0	0	0	0	0	0	0	0	0	0
1	0	45.00	45.00	45.00	45.00	45.00	43.25	40.00	35.75	33.75	32.75	32.25	31.25	31.25	30.75	30.00	29.25	29.00	28.50	27.75	27.75
2	0	42.50	42.50	42.50	40.00	34.75	34.00	31.00	29.75	29.50	28.50	28.00	27.50	27.50	27.25	27.25	27.25	27.25	27.25	27.25	27.25
3	0	41.50	41.50	40.75	37.50	35.75	34.00	31.50	31.50	30.00	29.75	29.75	29.75	29.75	29.75	29.75	29.75	29.75	28.75	25.75	25.75
4	0	41.25	41.25	37.00	32.50	30.75	30.00	27.00	26.75	26.75	26.75	26.75	26.50	25.75	25.75	25.50	25.50	25.50	25.50	25.50	25.50
5	0	41.00	41.00	35.75	32.00	29.00	27.00	27.00	27.00	27.00	27.00	27.00	27.00	27.00	27.00	27.00	27.00	27.00	27.00	21.25	21.25
6	0	40.00	37.50	31.50	28.50	26.50	26.25	26.25	26.25	25.00	25.00	25.00	25.00	25.00	25.00	25.00	25.00	25.00	25.00	25.00	25.00
7	0	40.50	35.50	29.50	25.00	22.50	22.50	22.50	22.50	22.50	22.50	22.50	22.50	22.50	22.50	22.50	22.50	22.50	22.50	22.50	22.50
8	0	39.75	30.25	25.50	24.75	24.75	24.75	24.75	24.75	24.75	12.75	12.75	12.75	12.75	12.75	12.75	12.75	12.75	12.75	12.75	12.75

Command line deletion GOP:
 160 160 160 160 160 160 160 143 135 131 129 125 125 123 120 117 116 114 111 111 160 160 160 160 139 136 124 119 118 114 112 110 110 109 109 109 109 109 109 109 160 160 160 150 143 136 126 126 120 119 119 119 119 119 119 119 119 115 103 103 160 160 148 130 123 120 108 107 107 107 107 106 103 103 102 102 102 102 102 102 160 160 143 128 116 108 108 108 108 108 108 108 108 108 108 108 108 108 85 85 160 150 126 114 106 105 105 105 100 100 100 100 100 100 100 100 100 100 100 100 160 142 118 100 90 90 90 90 90 90 90 90 90 90 90 90 90 90 90 90 159 121 102 99 99 99 99 99 99 51 51 51 51 51 51 51 51 51 51 51

Insertion GCP:
	RepeatLen
Period	0	1	2	3	4	5	6	7	8	9	10	11	12	13	14	15	16	17	18	19	20
0	0	0	0	0	0	0	0	0	0	0	0	0	0	0	0	0	0	0	0	0	0
1	0	6.25	6.25	6.25	6.25	6.25	6.25	6.25	6.25	6.25	6.25	6.25	6.25	6.25	6.25	6.25	6.25	6.25	6.25	6.25	6.25
2	0	2.75	2.75	2.75	2.75	2.75	2.75	2.75	2.75	2.75	2.75	2.75	2.50	2.50	2.50	2.50	2.50	2.50	2.50	2.50	2.50
3	0	2.00	2.00	2.00	2.00	2.00	2.00	2.00	2.00	2.00	2.00	2.00	2.00	2.00	2.00	2.00	1.75	1.75	1.75	1.75	1.75
4	0	1.75	1.75	1.75	1.75	1.75	1.75	1.75	1.50	1.50	1.50	1.50	1.50	1.25	1.25	1.25	1.25	1.25	1.25	1.25	1.25
5	0	1.25	1.25	1.25	1.25	1.25	1.25	1.25	1.25	1.00	1.00	1.00	1.00	1.00	1.00	1.00	1.00	1.00	1.00	1.00	1.00
6	0	1.00	1.00	1.00	1.00	1.00	1.00	1.00	1.00	1.00	1.00	1.00	1.00	1.00	1.00	1.00	1.00	1.00	1.00	1.00	1.00
7	0	1.25	1.25	1.25	1.25	1.25	0.75	0.75	0.75	0.75	0.75	0.75	0.75	0.75	0.75	0.75	0.75	0.75	0.75	0.75	0.75
8	0	1.00	1.00	1.00	0.75	0.75	0.75	0.75	0.75	0.75	0.75	0.75	0.75	0.75	0.75	0.75	0.75	0.75	0.75	0.75	0.75

Command line insertion GCP:
 25 25 25 25 25 25 25 25 25 25 25 25 25 25 25 25 25 25 25 25 11 11 11 11 11 11 11 11 11 11 11 10 10 10 10 10 10 10 10 10 8 8 8 8 8 8 8 8 8 8 8 8 8 8 8 7 7 7 7 7 7 7 7 7 7 7 7 6 6 6 6 6 5 5 5 5 5 5 5 5 5 5 5 5 5 5 5 5 4 4 4 4 4 4 4 4 4 4 4 4 4 4 4 4 4 4 4 4 4 4 4 4 4 4 4 4 4 4 4 4 5 5 5 5 5 3 3 3 3 3 3 3 3 3 3 3 3 3 3 3 4 4 4 3 3 3 3 3 3 3 3 3 3 3 3 3 3 3 3 3

Deletion GCP:
	RepeatLen
Period	0	1	2	3	4	5	6	7	8	9	10	11	12	13	14	15	16	17	18	19	20
0	0	0	0	0	0	0	0	0	0	0	0	0	0	0	0	0	0	0	0	0	0
1	0	6.25	6.25	6.25	6.25	6.25	6.25	6.25	6.25	6.25	6.25	6.25	6.25	6.25	6.25	6.25	6.25	6.25	6.25	6.25	6.25
2	0	2.50	2.50	2.50	2.50	2.50	2.50	2.50	2.50	2.50	2.50	2.50	2.50	2.50	2.50	2.50	2.50	2.50	2.50	2.50	2.50
3	0	1.75	1.75	1.75	1.75	1.75	1.75	1.75	1.75	1.75	1.75	1.75	1.75	1.75	1.75	1.75	1.75	1.75	1.75	1.75	1.75
4	0	1.25	1.25	1.25	1.25	1.25	1.25	1.25	1.25	1.25	1.25	1.25	1.25	1.25	1.25	1.25	1.25	1.25	1.25	1.25	1.25
5	0	1.00	1.00	1.00	1.00	1.00	1.00	1.00	1.00	1.00	1.00	1.00	1.00	1.00	1.00	1.00	1.00	1.00	1.00	1.00	1.00
6	0	1.00	1.00	1.00	1.00	1.00	1.00	1.00	1.00	1.00	1.00	1.00	1.00	1.00	1.00	1.00	1.00	1.00	1.00	1.00	1.00
7	0	0.75	0.75	0.75	0.75	0.75	0.75	0.75	0.75	0.75	0.75	0.75	0.75	0.75	0.75	0.75	0.75	0.75	0.75	0.75	0.75
8	0	0.75	0.75	0.75	0.75	0.75	0.75	0.75	0.75	0.75	0.75	0.75	0.75	0.75	0.75	0.75	0.75	0.75	0.75	0.75	0.75

Command line deletion GCP:
 25 25 25 25 25 25 25 25 25 25 25 25 25 25 25 25 25 25 25 25 10 10 10 10 10 10 10 10 10 10 10 10 10 10 10 10 10 10 10 10 7 7 7 7 7 7 7 7 7 7 7 7 7 7 7 7 7 7 7 7 5 5 5 5 5 5 5 5 5 5 5 5 5 5 5 5 5 5 5 5 4 4 4 4 4 4 4 4 4 4 4 4 4 4 4 4 4 4 4 4 4 4 4 4 4 4 4 4 4 4 4 4 4 4 4 4 4 4 4 4 3 3 3 3 3 3 3 3 3 3 3 3 3 3 3 3 3 3 3 3 3 3 3 3 3 3 3 3 3 3 3 3 3 3 3 3 3 3 3 3

API:
	RepeatLen
Period	0	1	2	3	4	5	6	7	8	9	10	11	12	13	14	15	16	17	18	19	20
0	0	0	0	0	0	0	0	0	0	0	0	0	0	0	0	0	0	0	0	0	0
1	0	30.00	30.00	30.00	30.00	30.00	29.50	25.25	21.25	17.75	15.00	13.25	12.00	11.00	10.25	9.50	9.00	8.25	8.00	7.75	6.25
2	0	30.00	30.00	30.00	28.00	22.75	18.50	15.75	13.00	10.50	8.75	7.00	6.00	5.25	4.50	4.00	3.50	3.00	3.00	3.00	3.00
3	0	30.00	30.00	30.00	25.75	21.00	18.25	14.25	11.00	8.50	6.25	5.00	3.25	3.00	3.00	3.00	3.00	3.00	3.00	3.00	3.00
4	0	30.00	30.00	24.50	20.00	16.50	12.25	8.75	5.50	4.00	3.75	3.50	3.00	3.00	3.00	3.00	3.00	3.00	3.00	3.00	3.00
5	0	30.00	30.00	24.75	20.25	14.00	9.50	5.75	4.75	3.50	3.00	3.00	3.00	3.00	3.00	3.00	3.00	3.00	3.00	3.00	3.00
6	0	30.00	30.00	22.75	17.25	11.25	7.75	6.50	4.25	3.00	3.00	3.00	3.00	3.00	3.00	3.00	3.00	3.00	3.00	3.00	3.00
7	0	30.00	30.00	20.50	14.00	9.50	6.50	5.50	5.50	3.00	3.00	3.00	3.00	3.00	3.00	3.00	3.00	3.00	3.00	3.00	3.00
8	0	27.25	27.25	17.50	12.00	9.25	5.50	4.75	4.75	4.75	4.75	3.00	3.00	3.00	3.00	3.00	3.00	3.00	3.00	3.00	3.00

Command line API:
 30 30 30 30 30 29 25 21 17 15 13 12 11 10 9 9 8 8 7 6 30 30 30 28 22 18 15 13 10 8 7 6 5 4 4 3 3 3 3 3 30 30 30 25 21 18 14 11 8 6 5 3 3 3 3 3 3 3 3 3 30 30 24 20 16 12 8 5 4 3 3 3 3 3 3 3 3 3 3 3 30 30 24 20 14 9 5 4 3 3 3 3 3 3 3 3 3 3 3 3 30 30 22 17 11 7 6 4 3 3 3 3 3 3 3 3 3 3 3 3 30 30 20 14 9 6 5 5 3 3 3 3 3 3 3 3 3 3 3 3 27 27 17 12 9 5 4 4 4 4 3 3 3 3 3 3 3 3 3 3

Group: 0, totalBases: 3255181802, pcrProbErr: 165369.74
Group 0 Estimated PCR error probability: 42.94
