refLength: 3209803352, numBins: 3134574
Number of STR records in binary file: 6938958
Number of STR list entries: 6938958

Reference statistics
	RepeatLen
Period	0	1	2	3	4	5	6	7	8	9	10	11	12	13	14	15	16	17	18	19	20
0	0	0	0	0	0	0	0	0	0	0	0	0	0	0	0	0	0	0	0	0	0
1	0	931227	346834	246463	165564	117404	132176	205967	295690	335097	217084	132341	103005	90438	80156	71473	61206	49356	39596	33530	178089
2	0	0	195739	132376	149389	272497	113924	60346	33960	21871	15605	12417	10593	9324	8310	7565	7158	6696	5965	5488	24369
3	0	0	138835	79896	62635	39632	17303	8214	4104	2348	1584	1109	923	909	813	599	344	186	93	66	376
4	0	0	163528	387731	107203	43126	18979	9147	5272	4218	5108	5019	3583	2321	1643	1236	975	700	398	248	321
5	0	0	100932	129279	34991	11179	3468	1701	1326	1160	912	639	513	309	178	101	79	34	22	11	42
6	0	0	91660	44207	7255	1564	563	294	168	115	65	34	27	11	10	3	1	1	2	4	31
7	0	0	220325	10598	1044	163	38	23	10	3	3	3	1	0	0	0	0	1	1	0	1
8	0	0	221368	4791	475	117	44	20	8	4	6	4	1	1	0	0	0	0	1	0	0

Initial downsampling factors
	RepeatLen
Period	0	1	2	3	4	5	6	7	8	9	10	11	12	13	14	15	16	17	18	19	20
0	0	0	0	0	0	0	0	0	0	0	0	0	0	0	0	0	0	0	0	0	0
1	0	10	10	9	8	7	5	3	1	0	0	0	0	0	0	0	0	0	0	0	0
2	0	0	9	6	3	0	0	0	0	0	0	0	0	0	0	0	0	0	0	0	0
3	0	0	8	4	1	0	0	0	0	0	0	0	0	0	0	0	0	0	0	0	0
4	0	0	6	0	0	0	0	0	0	0	0	0	0	0	0	0	0	0	0	0	0
5	0	0	5	0	0	0	0	0	0	0	0	0	0	0	0	0	0	0	0	0	0
6	0	0	4	0	0	0	0	0	0	0	0	0	0	0	0	0	0	0	0	0	0
7	0	0	1	0	0	0	0	0	0	0	0	0	0	0	0	0	0	0	0	0	0
8	0	0	0	0	0	0	0	0	0	0	0	0	0	0	0	0	0	0	0	0	0


Thread 0

Reference statistics
	RepeatLen
Period	0	1	2	3	4	5	6	7	8	9	10	11	12	13	14	15	16	17	18	19	20
0	0	0	0	0	0	0	0	0	0	0	0	0	0	0	0	0	0	0	0	0	0
1	0	931227	346834	246463	165564	117404	132176	205967	295690	335097	217084	132341	103005	90438	80156	71473	61206	49356	39596	33530	178089
2	0	0	195739	132376	149389	272497	113924	60346	33960	21871	15605	12417	10593	9324	8310	7565	7158	6696	5965	5488	24369
3	0	0	138835	79896	62635	39632	17303	8214	4104	2348	1584	1109	923	909	813	599	344	186	93	66	376
4	0	0	163528	387731	107203	43126	18979	9147	5272	4218	5108	5019	3583	2321	1643	1236	975	700	398	248	321
5	0	0	100932	129279	34991	11179	3468	1701	1326	1160	912	639	513	309	178	101	79	34	22	11	42
6	0	0	91660	44207	7255	1564	563	294	168	115	65	34	27	11	10	3	1	1	2	4	31
7	0	0	220325	10598	1044	163	38	23	10	3	3	3	1	0	0	0	0	1	1	0	1
8	0	0	221368	4791	475	117	44	20	8	4	6	4	1	1	0	0	0	0	1	0	0

STRs with at least minimum qualifying reads
	RepeatLen
Period	0	1	2	3	4	5	6	7	8	9	10	11	12	13	14	15	16	17	18	19	20
0	0	0	0	0	0	0	0	0	0	0	0	0	0	0	0	0	0	0	0	0	0
1	0	916364	341277	242072	163158	115378	130645	203293	292265	331468	214713	131017	101944	89481	79277	70681	60501	48639	39057	32907	165347
2	0	0	191949	129634	146122	267680	112293	59521	33532	21471	15340	12229	10407	9183	8147	7446	7039	6567	5879	5409	23827
3	0	0	136791	78965	61878	39099	17132	8104	4039	2303	1568	1087	899	890	804	597	334	185	89	64	335
4	0	0	160835	383087	105840	42552	18725	9043	5212	4163	5026	4927	3506	2273	1600	1207	947	667	384	241	250
5	0	0	99318	126000	34185	10877	3371	1639	1289	1129	865	618	493	296	164	89	74	33	21	6	10
6	0	0	90596	43698	7102	1536	519	281	152	108	61	31	24	5	6	0	1	0	0	2	3
7	0	0	217876	10397	1009	153	36	21	9	2	2	3	1	0	0	0	0	0	0	0	0
8	0	0	218853	4715	464	114	44	18	6	3	6	3	1	0	0	0	0	0	0	0	0

Final downsampling factors
	RepeatLen
Period	0	1	2	3	4	5	6	7	8	9	10	11	12	13	14	15	16	17	18	19	20
0	0	0	0	0	0	0	0	0	0	0	0	0	0	0	0	0	0	0	0	0	0
1	0	10	10	9	8	7	5	3	1	0	0	0	0	0	0	0	0	0	0	0	0
2	0	0	9	6	3	0	0	0	0	0	0	0	0	0	0	0	0	0	0	0	0
3	0	0	8	4	1	0	0	0	0	0	0	0	0	0	0	0	0	0	0	0	0
4	0	0	6	0	0	0	0	0	0	0	0	0	0	0	0	0	0	0	0	0	0
5	0	0	5	0	0	0	0	0	0	0	0	0	0	0	0	0	0	0	0	0	0
6	0	0	4	0	0	0	0	0	0	0	0	0	0	0	0	0	0	0	0	0	0
7	0	0	1	0	0	0	0	0	0	0	0	0	0	0	0	0	0	0	0	0	0
8	0	0	0	0	0	0	0	0	0	0	0	0	0	0	0	0	0	0	0	0	0

Read statistics
	RepeatLen
Period	0	1	2	3	4	5	6	7	8	9	10	11	12	13	14	15	16	17	18	19	20
0	0	0	0	0	0	0	0	0	0	0	0	0	0	0	0	0	0	0	0	0	0
1	0	30809790	11477194	7988883	5351935	3722189	4177001	6481248	9149384	9900678	5855067	3390094	2667742	2083894	1650066	1333011	1041707	755175	535064	401754	1769932
2	0	0	6179631	4168728	4570644	7981728	3378099	1775254	1001258	625000	413303	329602	271971	219574	192184	183955	160215	141318	123470	111199	416193
3	0	0	4377280	2710740	1834922	1096597	472421	224830	100462	54069	35476	23937	18654	18655	15404	12156	6541	3283	1826	944	6673
4	0	0	5120960	11489967	2942540	1083774	495278	213072	117429	84759	112005	102967	66311	42631	25602	20485	11946	7785	3938	2245	1762
5	0	0	3208978	5384439	1430932	463672	160208	78956	59501	62460	50322	22039	19852	7630	2992	1793	593	217	336	22	38
6	0	0	2753133	1156197	166796	30801	9542	4655	2333	1511	713	408	204	49	57	0	12	0	0	3	14
7	0	0	6344436	236021	19074	2731	630	294	79	138	72	5	6	0	0	0	0	0	0	0	0
8	0	0	6452969	110762	9317	2065	706	245	68	38	29	3	5	0	0	0	0	0	0	0	0

Tlen Stats
Num Reads for Tlen:700689555
Mean:386.332, Variance:8662.63

Thread 1

Reference statistics
	RepeatLen
Period	0	1	2	3	4	5	6	7	8	9	10	11	12	13	14	15	16	17	18	19	20
0	0	0	0	0	0	0	0	0	0	0	0	0	0	0	0	0	0	0	0	0	0
1	0	931227	346834	246463	165564	117404	132176	205967	295690	335097	217084	132341	103005	90438	80156	71473	61206	49356	39596	33530	178089
2	0	0	195739	132376	149389	272497	113924	60346	33960	21871	15605	12417	10593	9324	8310	7565	7158	6696	5965	5488	24369
3	0	0	138835	79896	62635	39632	17303	8214	4104	2348	1584	1109	923	909	813	599	344	186	93	66	376
4	0	0	163528	387731	107203	43126	18979	9147	5272	4218	5108	5019	3583	2321	1643	1236	975	700	398	248	321
5	0	0	100932	129279	34991	11179	3468	1701	1326	1160	912	639	513	309	178	101	79	34	22	11	42
6	0	0	91660	44207	7255	1564	563	294	168	115	65	34	27	11	10	3	1	1	2	4	31
7	0	0	220325	10598	1044	163	38	23	10	3	3	3	1	0	0	0	0	1	1	0	1
8	0	0	221368	4791	475	117	44	20	8	4	6	4	1	1	0	0	0	0	1	0	0

STRs with at least minimum qualifying reads
	RepeatLen
Period	0	1	2	3	4	5	6	7	8	9	10	11	12	13	14	15	16	17	18	19	20
0	0	0	0	0	0	0	0	0	0	0	0	0	0	0	0	0	0	0	0	0	0
1	0	916405	341289	242047	163182	115391	130620	203322	292281	331483	214710	131010	101954	89470	79289	70692	60476	48629	39031	32882	165326
2	0	0	191942	129649	146208	267740	112300	59476	33541	21468	15320	12246	10399	9180	8147	7451	7032	6564	5883	5413	23834
3	0	0	136787	78965	61883	39100	17130	8105	4039	2306	1568	1084	902	889	805	596	335	183	88	63	339
4	0	0	160823	383095	105821	42565	18725	9040	5214	4160	5024	4931	3505	2267	1601	1201	937	670	380	238	243
5	0	0	99322	126016	34200	10888	3369	1644	1281	1123	871	618	494	292	170	92	73	31	20	7	8
6	0	0	90593	43704	7102	1538	520	278	152	110	60	31	24	8	6	1	1	0	0	2	3
7	0	0	217872	10404	1016	155	36	20	9	2	3	3	1	0	0	0	0	0	0	0	0
8	0	0	218881	4711	464	115	44	19	6	4	6	3	1	0	0	0	0	0	0	0	0

Final downsampling factors
	RepeatLen
Period	0	1	2	3	4	5	6	7	8	9	10	11	12	13	14	15	16	17	18	19	20
0	0	0	0	0	0	0	0	0	0	0	0	0	0	0	0	0	0	0	0	0	0
1	0	10	10	9	8	7	5	3	1	0	0	0	0	0	0	0	0	0	0	0	0
2	0	0	9	6	3	0	0	0	0	0	0	0	0	0	0	0	0	0	0	0	0
3	0	0	8	4	1	0	0	0	0	0	0	0	0	0	0	0	0	0	0	0	0
4	0	0	6	0	0	0	0	0	0	0	0	0	0	0	0	0	0	0	0	0	0
5	0	0	5	0	0	0	0	0	0	0	0	0	0	0	0	0	0	0	0	0	0
6	0	0	4	0	0	0	0	0	0	0	0	0	0	0	0	0	0	0	0	0	0
7	0	0	1	0	0	0	0	0	0	0	0	0	0	0	0	0	0	0	0	0	0
8	0	0	0	0	0	0	0	0	0	0	0	0	0	0	0	0	0	0	0	0	0

Read statistics
	RepeatLen
Period	0	1	2	3	4	5	6	7	8	9	10	11	12	13	14	15	16	17	18	19	20
0	0	0	0	0	0	0	0	0	0	0	0	0	0	0	0	0	0	0	0	0	0
1	0	30812963	11477259	7983953	5350897	3720255	4179405	6481677	9149800	9901848	5858528	3388808	2666974	2084501	1649639	1334953	1045262	754262	537163	400925	1765239
2	0	0	6178203	4168137	4572409	7983126	3378478	1776139	1002870	624266	414073	328325	272309	219758	191689	183801	160441	141585	123295	111531	416022
3	0	0	4374279	2710844	1837631	1097510	472525	225813	100512	54658	35326	23574	18563	18771	15668	12149	6398	3326	1784	1007	6736
4	0	0	5123862	11491737	2943328	1084403	494884	212048	118121	84619	112194	102291	66710	42868	25815	20535	12261	7749	4095	2259	1743
5	0	0	3208350	5385564	1429933	461365	161070	79200	59852	62403	50554	21790	19733	7589	3129	1904	533	212	346	28	31
6	0	0	2751868	1157540	167812	30979	9808	4811	2428	1512	690	413	229	38	40	1	10	0	0	4	16
7	0	0	6344294	236076	19343	2823	651	312	83	135	57	6	5	0	0	0	0	0	0	0	0
8	0	0	6450108	111272	9357	1960	634	254	71	36	24	6	1	0	0	0	0	0	0	0	0

Tlen Stats
Num Reads for Tlen:700704225
Mean:386.323, Variance:8577.69

Thread 2

Reference statistics
	RepeatLen
Period	0	1	2	3	4	5	6	7	8	9	10	11	12	13	14	15	16	17	18	19	20
0	0	0	0	0	0	0	0	0	0	0	0	0	0	0	0	0	0	0	0	0	0
1	0	931227	346834	246463	165564	117404	132176	205967	295690	335097	217084	132341	103005	90438	80156	71473	61206	49356	39596	33530	178089
2	0	0	195739	132376	149389	272497	113924	60346	33960	21871	15605	12417	10593	9324	8310	7565	7158	6696	5965	5488	24369
3	0	0	138835	79896	62635	39632	17303	8214	4104	2348	1584	1109	923	909	813	599	344	186	93	66	376
4	0	0	163528	387731	107203	43126	18979	9147	5272	4218	5108	5019	3583	2321	1643	1236	975	700	398	248	321
5	0	0	100932	129279	34991	11179	3468	1701	1326	1160	912	639	513	309	178	101	79	34	22	11	42
6	0	0	91660	44207	7255	1564	563	294	168	115	65	34	27	11	10	3	1	1	2	4	31
7	0	0	220325	10598	1044	163	38	23	10	3	3	3	1	0	0	0	0	1	1	0	1
8	0	0	221368	4791	475	117	44	20	8	4	6	4	1	1	0	0	0	0	1	0	0

STRs with at least minimum qualifying reads
	RepeatLen
Period	0	1	2	3	4	5	6	7	8	9	10	11	12	13	14	15	16	17	18	19	20
0	0	0	0	0	0	0	0	0	0	0	0	0	0	0	0	0	0	0	0	0	0
1	0	916441	341263	242065	163147	115403	130630	203345	292258	331457	214726	131003	101945	89468	79282	70681	60469	48614	39042	32898	165393
2	0	0	191928	129663	146209	267783	112318	59491	33534	21470	15321	12235	10398	9174	8147	7449	7025	6565	5884	5408	23853
3	0	0	136780	78966	61886	39102	17130	8102	4042	2301	1569	1083	901	889	805	597	334	182	89	62	341
4	0	0	160825	383087	105835	42563	18728	9050	5218	4165	5026	4931	3510	2271	1597	1205	947	668	381	241	255
5	0	0	99311	126006	34170	10880	3375	1644	1288	1125	873	618	489	294	169	91	74	30	19	6	11
6	0	0	90597	43695	7108	1539	522	278	151	108	59	30	26	8	6	0	1	0	0	2	3
7	0	0	217895	10412	1004	153	35	20	8	2	2	3	1	0	0	0	0	0	0	0	0
8	0	0	218889	4714	464	113	44	19	6	3	6	2	1	0	0	0	0	0	0	0	0

Final downsampling factors
	RepeatLen
Period	0	1	2	3	4	5	6	7	8	9	10	11	12	13	14	15	16	17	18	19	20
0	0	0	0	0	0	0	0	0	0	0	0	0	0	0	0	0	0	0	0	0	0
1	0	10	10	9	8	7	5	3	1	0	0	0	0	0	0	0	0	0	0	0	0
2	0	0	9	6	3	0	0	0	0	0	0	0	0	0	0	0	0	0	0	0	0
3	0	0	8	4	1	0	0	0	0	0	0	0	0	0	0	0	0	0	0	0	0
4	0	0	6	0	0	0	0	0	0	0	0	0	0	0	0	0	0	0	0	0	0
5	0	0	5	0	0	0	0	0	0	0	0	0	0	0	0	0	0	0	0	0	0
6	0	0	4	0	0	0	0	0	0	0	0	0	0	0	0	0	0	0	0	0	0
7	0	0	1	0	0	0	0	0	0	0	0	0	0	0	0	0	0	0	0	0	0
8	0	0	0	0	0	0	0	0	0	0	0	0	0	0	0	0	0	0	0	0	0

Read statistics
	RepeatLen
Period	0	1	2	3	4	5	6	7	8	9	10	11	12	13	14	15	16	17	18	19	20
0	0	0	0	0	0	0	0	0	0	0	0	0	0	0	0	0	0	0	0	0	0
1	0	30804759	11481115	7988479	5356601	3720407	4178141	6475591	9145790	9906084	5849422	3388474	2664753	2083891	1649910	1334412	1041576	755322	536325	401559	1769578
2	0	0	6175528	4168870	4570370	7974074	3377223	1773961	1000691	623261	411987	328885	272124	219173	192212	184407	160617	140871	123153	111551	415983
3	0	0	4378217	2709207	1835045	1097809	472235	224538	99654	54479	35597	23176	18688	18840	15515	12224	6602	3445	1731	993	6569
4	0	0	5121150	11493232	2943801	1085577	495008	212551	117343	85523	111843	103216	67038	42742	25626	20482	12353	7888	3857	2372	1755
5	0	0	3209803	5386956	1431340	462603	160570	78487	59609	62331	50530	21841	19767	7574	2879	1831	584	202	346	31	34
6	0	0	2752919	1159050	166533	30505	9614	4576	2415	1535	717	433	200	48	42	0	4	0	0	5	13
7	0	0	6342457	235586	19208	2875	641	311	82	144	57	11	8	0	0	0	0	0	0	0	0
8	0	0	6449344	111167	9215	1934	669	265	57	36	51	2	3	0	0	0	0	0	0	0	0

Tlen Stats
Num Reads for Tlen:700703743
Mean:386.325, Variance:8469.37

Thread 3

Reference statistics
	RepeatLen
Period	0	1	2	3	4	5	6	7	8	9	10	11	12	13	14	15	16	17	18	19	20
0	0	0	0	0	0	0	0	0	0	0	0	0	0	0	0	0	0	0	0	0	0
1	0	931227	346834	246463	165564	117404	132176	205967	295690	335097	217084	132341	103005	90438	80156	71473	61206	49356	39596	33530	178089
2	0	0	195739	132376	149389	272497	113924	60346	33960	21871	15605	12417	10593	9324	8310	7565	7158	6696	5965	5488	24369
3	0	0	138835	79896	62635	39632	17303	8214	4104	2348	1584	1109	923	909	813	599	344	186	93	66	376
4	0	0	163528	387731	107203	43126	18979	9147	5272	4218	5108	5019	3583	2321	1643	1236	975	700	398	248	321
5	0	0	100932	129279	34991	11179	3468	1701	1326	1160	912	639	513	309	178	101	79	34	22	11	42
6	0	0	91660	44207	7255	1564	563	294	168	115	65	34	27	11	10	3	1	1	2	4	31
7	0	0	220325	10598	1044	163	38	23	10	3	3	3	1	0	0	0	0	1	1	0	1
8	0	0	221368	4791	475	117	44	20	8	4	6	4	1	1	0	0	0	0	1	0	0

STRs with at least minimum qualifying reads
	RepeatLen
Period	0	1	2	3	4	5	6	7	8	9	10	11	12	13	14	15	16	17	18	19	20
0	0	0	0	0	0	0	0	0	0	0	0	0	0	0	0	0	0	0	0	0	0
1	0	40468	14920	10629	7163	5013	5604	8650	12149	13216	8001	4483	3214	2675	2178	1841	1381	1009	703	544	1789
2	0	0	8276	5535	5935	10601	4360	2337	1336	774	527	423	336	295	277	243	186	198	156	154	554
3	0	0	5899	3252	2474	1439	616	293	152	79	77	36	20	23	19	15	6	5	3	1	12
4	0	0	6642	14946	3906	1412	613	289	145	117	150	122	108	45	25	25	13	17	7	4	0
5	0	0	4118	5564	1491	499	158	85	60	66	55	19	22	4	4	2	0	0	0	0	0
6	0	0	3643	1525	210	49	13	6	1	7	0	0	0	0	0	0	0	0	0	0	0
7	0	0	8427	339	23	2	2	0	0	0	0	0	0	0	0	0	0	0	0	0	0
8	0	0	8331	148	11	4	1	0	1	0	0	0	0	0	0	0	0	0	0	0	0

Final downsampling factors
	RepeatLen
Period	0	1	2	3	4	5	6	7	8	9	10	11	12	13	14	15	16	17	18	19	20
0	0	0	0	0	0	0	0	0	0	0	0	0	0	0	0	0	0	0	0	0	0
1	0	10	10	9	8	7	5	3	1	0	0	0	0	0	0	0	0	0	0	0	0
2	0	0	9	6	3	0	0	0	0	0	0	0	0	0	0	0	0	0	0	0	0
3	0	0	8	4	1	0	0	0	0	0	0	0	0	0	0	0	0	0	0	0	0
4	0	0	6	0	0	0	0	0	0	0	0	0	0	0	0	0	0	0	0	0	0
5	0	0	5	0	0	0	0	0	0	0	0	0	0	0	0	0	0	0	0	0	0
6	0	0	4	0	0	0	0	0	0	0	0	0	0	0	0	0	0	0	0	0	0
7	0	0	1	0	0	0	0	0	0	0	0	0	0	0	0	0	0	0	0	0	0
8	0	0	0	0	0	0	0	0	0	0	0	0	0	0	0	0	0	0	0	0	0

Read statistics
	RepeatLen
Period	0	1	2	3	4	5	6	7	8	9	10	11	12	13	14	15	16	17	18	19	20
0	0	0	0	0	0	0	0	0	0	0	0	0	0	0	0	0	0	0	0	0	0
1	0	42305	15718	11039	7375	5153	5741	8898	12483	13571	8212	4620	3579	2818	2232	1880	1408	1031	716	549	2390
2	0	0	8498	5753	6212	11014	4624	2482	1413	853	564	461	361	306	282	274	200	204	158	163	577
3	0	0	6079	3653	2544	1485	636	311	155	80	78	37	21	23	20	16	6	5	3	1	13
4	0	0	6908	15677	4117	1458	653	299	158	118	163	131	112	50	26	25	13	17	7	4	0
5	0	0	4401	7602	1969	672	210	108	74	80	69	27	27	4	4	2	0	0	0	0	0
6	0	0	3788	1599	218	49	13	6	1	7	0	0	0	0	0	0	0	0	0	0	0
7	0	0	8689	349	23	2	2	0	0	0	0	0	0	0	0	0	0	0	0	0	0
8	0	0	8766	149	13	4	1	0	1	0	0	0	0	0	0	0	0	0	0	0	0

Tlen Stats
Num Reads for Tlen:962847
Mean:386.347, Variance:8340.69


Final Tlen Stats
Num Reads for Tlen:2102097523
Mean:386.326, Sigma:92.5737
Pruning nodes with period 1 length 1, decimation factor 10
Pruning nodes with period 1 length 1, decimation factor 11
Pruning nodes with period 1 length 1, decimation factor 12
Pruning nodes with period 1 length 1, decimation factor 13
Pruning nodes with period 1 length 1, decimation factor 14
Pruning nodes with period 1 length 1, decimation factor 15
Pruning nodes with period 1 length 1, decimation factor 16
Pruning nodes with period 1 length 1, decimation factor 17
Pruning nodes with period 1 length 2, decimation factor 10
Pruning nodes with period 1 length 2, decimation factor 11
Pruning nodes with period 1 length 2, decimation factor 12
Pruning nodes with period 1 length 2, decimation factor 13
Pruning nodes with period 1 length 2, decimation factor 14
Pruning nodes with period 1 length 2, decimation factor 15
Pruning nodes with period 1 length 2, decimation factor 16
Pruning nodes with period 1 length 3, decimation factor 9
Pruning nodes with period 1 length 3, decimation factor 10
Pruning nodes with period 1 length 3, decimation factor 11
Pruning nodes with period 1 length 3, decimation factor 12
Pruning nodes with period 1 length 3, decimation factor 13
Pruning nodes with period 1 length 3, decimation factor 14
Pruning nodes with period 1 length 4, decimation factor 8
Pruning nodes with period 1 length 4, decimation factor 9
Pruning nodes with period 1 length 4, decimation factor 10
Pruning nodes with period 1 length 4, decimation factor 11
Pruning nodes with period 1 length 4, decimation factor 12
Pruning nodes with period 1 length 4, decimation factor 13
Pruning nodes with period 1 length 5, decimation factor 7
Pruning nodes with period 1 length 5, decimation factor 8
Pruning nodes with period 1 length 5, decimation factor 9
Pruning nodes with period 1 length 5, decimation factor 10
Pruning nodes with period 1 length 5, decimation factor 11
Pruning nodes with period 1 length 6, decimation factor 5
Pruning nodes with period 1 length 6, decimation factor 6
Pruning nodes with period 1 length 6, decimation factor 7
Pruning nodes with period 1 length 6, decimation factor 8
Pruning nodes with period 1 length 6, decimation factor 9
Pruning nodes with period 1 length 7, decimation factor 3
Pruning nodes with period 1 length 7, decimation factor 4
Pruning nodes with period 1 length 7, decimation factor 5
Pruning nodes with period 1 length 7, decimation factor 6
Pruning nodes with period 1 length 7, decimation factor 7
Pruning nodes with period 1 length 7, decimation factor 8
Pruning nodes with period 1 length 8, decimation factor 1
Pruning nodes with period 1 length 8, decimation factor 2
Pruning nodes with period 1 length 8, decimation factor 3
Pruning nodes with period 1 length 8, decimation factor 4
Pruning nodes with period 1 length 8, decimation factor 5
Pruning nodes with period 1 length 8, decimation factor 6
Pruning nodes with period 1 length 8, decimation factor 7
Pruning nodes with period 1 length 9, decimation factor 0
Pruning nodes with period 1 length 9, decimation factor 1
Pruning nodes with period 1 length 9, decimation factor 2
Pruning nodes with period 1 length 9, decimation factor 3
Pruning nodes with period 1 length 9, decimation factor 4
Pruning nodes with period 1 length 9, decimation factor 5
Pruning nodes with period 1 length 9, decimation factor 6
Pruning nodes with period 1 length 10, decimation factor 0
Pruning nodes with period 1 length 10, decimation factor 1
Pruning nodes with period 1 length 10, decimation factor 2
Pruning nodes with period 1 length 10, decimation factor 3
Pruning nodes with period 1 length 10, decimation factor 4
Pruning nodes with period 1 length 10, decimation factor 5
Pruning nodes with period 1 length 11, decimation factor 0
Pruning nodes with period 1 length 11, decimation factor 1
Pruning nodes with period 1 length 11, decimation factor 2
Pruning nodes with period 1 length 11, decimation factor 3
Pruning nodes with period 1 length 11, decimation factor 4
Pruning nodes with period 1 length 12, decimation factor 0
Pruning nodes with period 1 length 12, decimation factor 1
Pruning nodes with period 1 length 12, decimation factor 2
Pruning nodes with period 1 length 12, decimation factor 3
Pruning nodes with period 1 length 12, decimation factor 4
Pruning nodes with period 1 length 13, decimation factor 0
Pruning nodes with period 1 length 13, decimation factor 1
Pruning nodes with period 1 length 13, decimation factor 2
Pruning nodes with period 1 length 13, decimation factor 3
Pruning nodes with period 1 length 13, decimation factor 4
Pruning nodes with period 1 length 14, decimation factor 0
Pruning nodes with period 1 length 14, decimation factor 1
Pruning nodes with period 1 length 14, decimation factor 2
Pruning nodes with period 1 length 14, decimation factor 3
Pruning nodes with period 1 length 14, decimation factor 4
Pruning nodes with period 1 length 15, decimation factor 0
Pruning nodes with period 1 length 15, decimation factor 1
Pruning nodes with period 1 length 15, decimation factor 2
Pruning nodes with period 1 length 15, decimation factor 3
Pruning nodes with period 1 length 15, decimation factor 4
Pruning nodes with period 1 length 16, decimation factor 0
Pruning nodes with period 1 length 16, decimation factor 1
Pruning nodes with period 1 length 16, decimation factor 2
Pruning nodes with period 1 length 16, decimation factor 3
Pruning nodes with period 1 length 17, decimation factor 0
Pruning nodes with period 1 length 17, decimation factor 1
Pruning nodes with period 1 length 17, decimation factor 2
Pruning nodes with period 1 length 17, decimation factor 3
Pruning nodes with period 1 length 18, decimation factor 0
Pruning nodes with period 1 length 18, decimation factor 1
Pruning nodes with period 1 length 18, decimation factor 2
Pruning nodes with period 1 length 18, decimation factor 3
Pruning nodes with period 1 length 19, decimation factor 0
Pruning nodes with period 1 length 19, decimation factor 1
Pruning nodes with period 1 length 19, decimation factor 2
Pruning nodes with period 1 length 19, decimation factor 3
Pruning nodes with period 1 length 20, decimation factor 0
Pruning nodes with period 1 length 20, decimation factor 1
Pruning nodes with period 1 length 20, decimation factor 2
Pruning nodes with period 1 length 20, decimation factor 3
Pruning nodes with period 1 length 20, decimation factor 4
Pruning nodes with period 1 length 20, decimation factor 5
Pruning nodes with period 2 length 2, decimation factor 9
Pruning nodes with period 2 length 2, decimation factor 10
Pruning nodes with period 2 length 2, decimation factor 11
Pruning nodes with period 2 length 2, decimation factor 12
Pruning nodes with period 2 length 2, decimation factor 13
Pruning nodes with period 2 length 2, decimation factor 14
Pruning nodes with period 2 length 3, decimation factor 6
Pruning nodes with period 2 length 3, decimation factor 7
Pruning nodes with period 2 length 3, decimation factor 8
Pruning nodes with period 2 length 3, decimation factor 9
Pruning nodes with period 2 length 3, decimation factor 10
Pruning nodes with period 2 length 4, decimation factor 3
Pruning nodes with period 2 length 4, decimation factor 4
Pruning nodes with period 2 length 4, decimation factor 5
Pruning nodes with period 2 length 4, decimation factor 6
Pruning nodes with period 2 length 4, decimation factor 7
Pruning nodes with period 2 length 4, decimation factor 8
Pruning nodes with period 2 length 5, decimation factor 0
Pruning nodes with period 2 length 5, decimation factor 1
Pruning nodes with period 2 length 5, decimation factor 2
Pruning nodes with period 2 length 5, decimation factor 3
Pruning nodes with period 2 length 5, decimation factor 4
Pruning nodes with period 2 length 5, decimation factor 5
Pruning nodes with period 2 length 5, decimation factor 6
Pruning nodes with period 2 length 6, decimation factor 0
Pruning nodes with period 2 length 6, decimation factor 1
Pruning nodes with period 2 length 6, decimation factor 2
Pruning nodes with period 2 length 6, decimation factor 3
Pruning nodes with period 2 length 6, decimation factor 4
Pruning nodes with period 2 length 7, decimation factor 0
Pruning nodes with period 2 length 7, decimation factor 1
Pruning nodes with period 2 length 7, decimation factor 2
Pruning nodes with period 2 length 7, decimation factor 3
Pruning nodes with period 2 length 8, decimation factor 0
Pruning nodes with period 2 length 8, decimation factor 1
Pruning nodes with period 2 length 8, decimation factor 2
Pruning nodes with period 2 length 8, decimation factor 3
Pruning nodes with period 2 length 9, decimation factor 0
Pruning nodes with period 2 length 9, decimation factor 1
Pruning nodes with period 2 length 9, decimation factor 2
Pruning nodes with period 2 length 10, decimation factor 0
Pruning nodes with period 2 length 10, decimation factor 1
Pruning nodes with period 2 length 11, decimation factor 0
Pruning nodes with period 2 length 11, decimation factor 1
Pruning nodes with period 2 length 12, decimation factor 0
Pruning nodes with period 2 length 12, decimation factor 1
Pruning nodes with period 2 length 13, decimation factor 0
Pruning nodes with period 2 length 13, decimation factor 1
Pruning nodes with period 2 length 14, decimation factor 0
Pruning nodes with period 2 length 15, decimation factor 0
Pruning nodes with period 2 length 16, decimation factor 0
Pruning nodes with period 2 length 17, decimation factor 0
Pruning nodes with period 2 length 18, decimation factor 0
Pruning nodes with period 2 length 19, decimation factor 0
Pruning nodes with period 2 length 20, decimation factor 0
Pruning nodes with period 2 length 20, decimation factor 1
Pruning nodes with period 2 length 20, decimation factor 2
Pruning nodes with period 3 length 2, decimation factor 8
Pruning nodes with period 3 length 2, decimation factor 9
Pruning nodes with period 3 length 2, decimation factor 10
Pruning nodes with period 3 length 2, decimation factor 11
Pruning nodes with period 3 length 2, decimation factor 12
Pruning nodes with period 3 length 2, decimation factor 13
Pruning nodes with period 3 length 3, decimation factor 4
Pruning nodes with period 3 length 3, decimation factor 5
Pruning nodes with period 3 length 3, decimation factor 6
Pruning nodes with period 3 length 3, decimation factor 7
Pruning nodes with period 3 length 3, decimation factor 8
Pruning nodes with period 3 length 4, decimation factor 1
Pruning nodes with period 3 length 4, decimation factor 2
Pruning nodes with period 3 length 4, decimation factor 3
Pruning nodes with period 3 length 4, decimation factor 4
Pruning nodes with period 3 length 5, decimation factor 0
Pruning nodes with period 3 length 5, decimation factor 1
Pruning nodes with period 3 length 5, decimation factor 2
Pruning nodes with period 3 length 5, decimation factor 3
Pruning nodes with period 3 length 6, decimation factor 0
Pruning nodes with period 3 length 6, decimation factor 1
Pruning nodes with period 3 length 6, decimation factor 2
Pruning nodes with period 3 length 7, decimation factor 0
Pruning nodes with period 4 length 2, decimation factor 6
Pruning nodes with period 4 length 2, decimation factor 7
Pruning nodes with period 4 length 2, decimation factor 8
Pruning nodes with period 4 length 2, decimation factor 9
Pruning nodes with period 4 length 2, decimation factor 10
Pruning nodes with period 4 length 2, decimation factor 11
Pruning nodes with period 4 length 3, decimation factor 0
Pruning nodes with period 4 length 3, decimation factor 1
Pruning nodes with period 4 length 3, decimation factor 2
Pruning nodes with period 4 length 3, decimation factor 3
Pruning nodes with period 4 length 3, decimation factor 4
Pruning nodes with period 4 length 3, decimation factor 5
Pruning nodes with period 4 length 3, decimation factor 6
Pruning nodes with period 4 length 4, decimation factor 0
Pruning nodes with period 4 length 4, decimation factor 1
Pruning nodes with period 4 length 4, decimation factor 2
Pruning nodes with period 4 length 4, decimation factor 3
Pruning nodes with period 4 length 4, decimation factor 4
Pruning nodes with period 4 length 5, decimation factor 0
Pruning nodes with period 4 length 5, decimation factor 1
Pruning nodes with period 4 length 5, decimation factor 2
Pruning nodes with period 4 length 5, decimation factor 3
Pruning nodes with period 4 length 6, decimation factor 0
Pruning nodes with period 4 length 6, decimation factor 1
Pruning nodes with period 4 length 6, decimation factor 2
Pruning nodes with period 4 length 7, decimation factor 0
Pruning nodes with period 4 length 7, decimation factor 1
Pruning nodes with period 4 length 8, decimation factor 0
Pruning nodes with period 4 length 9, decimation factor 0
Pruning nodes with period 4 length 10, decimation factor 0
Pruning nodes with period 4 length 11, decimation factor 0
Pruning nodes with period 5 length 2, decimation factor 5
Pruning nodes with period 5 length 2, decimation factor 6
Pruning nodes with period 5 length 2, decimation factor 7
Pruning nodes with period 5 length 2, decimation factor 8
Pruning nodes with period 5 length 2, decimation factor 9
Pruning nodes with period 5 length 3, decimation factor 0
Pruning nodes with period 5 length 3, decimation factor 1
Pruning nodes with period 5 length 3, decimation factor 2
Pruning nodes with period 5 length 3, decimation factor 3
Pruning nodes with period 5 length 3, decimation factor 4
Pruning nodes with period 5 length 4, decimation factor 0
Pruning nodes with period 5 length 4, decimation factor 1
Pruning nodes with period 5 length 4, decimation factor 2
Pruning nodes with period 5 length 4, decimation factor 3
Pruning nodes with period 5 length 5, decimation factor 0
Pruning nodes with period 5 length 5, decimation factor 1
Pruning nodes with period 6 length 2, decimation factor 4
Pruning nodes with period 6 length 2, decimation factor 5
Pruning nodes with period 6 length 2, decimation factor 6
Pruning nodes with period 6 length 2, decimation factor 7
Pruning nodes with period 6 length 2, decimation factor 8
Pruning nodes with period 6 length 3, decimation factor 0
Pruning nodes with period 6 length 3, decimation factor 1
Pruning nodes with period 6 length 3, decimation factor 2
Pruning nodes with period 6 length 3, decimation factor 3
Pruning nodes with period 6 length 4, decimation factor 0
Pruning nodes with period 7 length 2, decimation factor 1
Pruning nodes with period 7 length 2, decimation factor 2
Pruning nodes with period 7 length 2, decimation factor 3
Pruning nodes with period 7 length 2, decimation factor 4
Pruning nodes with period 7 length 2, decimation factor 5
Pruning nodes with period 7 length 2, decimation factor 6
Pruning nodes with period 7 length 3, decimation factor 0
Pruning nodes with period 7 length 3, decimation factor 1
Pruning nodes with period 8 length 2, decimation factor 0
Pruning nodes with period 8 length 2, decimation factor 1
Pruning nodes with period 8 length 2, decimation factor 2
Pruning nodes with period 8 length 2, decimation factor 3
Pruning nodes with period 8 length 2, decimation factor 4
Pruning nodes with period 8 length 2, decimation factor 5
Pruning nodes with period 8 length 3, decimation factor 0

Time downsampling 00:00:03.527

Calculating PCR parameters

Reference statistics after downsampling
	RepeatLen
Period	0	1	2	3	4	5	6	7	8	9	10	11	12	13	14	15	16	17	18	19	20
0	0	0	0	0	0	0	0	0	0	0	0	0	0	0	0	0	0	0	0	0	0
1	0	16112	7334	7347	4576	5188	5377	5404	5331	5799	5439	5210	4057	3561	3176	2801	4312	3551	2793	2471	8430
2	0	0	6087	6238	4744	5884	4923	4457	2456	3039	4057	3207	2781	2415	4212	3822	3621	3391	3001	2766	3342
3	0	0	3879	3249	4535	2923	2295	4151	4104	2348	1584	1109	923	909	813	599	344	186	93	66	376
4	0	0	4741	7249	4535	3162	2571	2348	2664	2134	2594	2549	3583	2321	1643	1236	975	700	398	248	321
5	0	0	4445	6634	2790	2961	3468	1701	1326	1160	912	639	513	309	178	101	79	34	22	11	42
6	0	0	3773	3217	3689	1564	563	294	168	115	65	34	27	11	10	3	1	1	2	4	31
7	0	0	5732	2788	1044	163	38	23	10	3	3	3	1	0	0	0	0	1	1	0	1
8	0	0	5902	2451	475	117	44	20	8	4	6	4	1	1	0	0	0	0	1	0	0

STRs with at least minimum qualifying reads
	RepeatLen
Period	0	1	2	3	4	5	6	7	8	9	10	11	12	13	14	15	16	17	18	19	20
0	0	0	0	0	0	0	0	0	0	0	0	0	0	0	0	0	0	0	0	0	0
1	0	3501	2611	3721	2505	3536	3999	3151	2270	2573	3348	4090	3183	2811	2471	2204	3783	3042	2442	2073	2684
2	0	0	2945	3980	2257	2087	3511	3711	2093	2699	3837	3063	2621	2298	4093	3740	3526	3285	2939	2704	3002
3	0	0	2089	2440	3871	2450	2143	4049	4048	2306	1569	1088	902	892	806	597	335	185	89	64	349
4	0	0	2455	3084	3304	2654	2346	2261	2623	2092	2523	2470	3523	2278	1613	1210	956	677	385	243	267
5	0	0	3054	4014	2157	2734	3391	1659	1300	1143	882	623	498	299	174	93	78	33	21	8	12
6	0	0	2811	2789	3566	1544	527	282	153	111	62	31	27	8	6	1	1	0	0	2	3
7	0	0	3557	2644	1033	158	36	22	9	2	3	3	1	0	0	0	0	0	0	0	0
8	0	0	3689	2390	469	115	44	19	6	4	6	4	1	0	0	0	0	0	0	0	0

Final downsampling factors
	RepeatLen
Period	0	1	2	3	4	5	6	7	8	9	10	11	12	13	14	15	16	17	18	19	20
0	0	0	0	0	0	0	0	0	0	0	0	0	0	0	0	0	0	0	0	0	0
1	0	18	17	15	14	12	10	9	8	7	6	5	5	5	5	5	4	4	4	4	6
2	0	0	15	11	9	7	5	4	4	3	2	2	2	2	1	1	1	1	1	1	3
3	0	0	14	9	5	4	3	1	0	0	0	0	0	0	0	0	0	0	0	0	0
4	0	0	12	7	5	4	3	2	1	1	1	1	0	0	0	0	0	0	0	0	0
5	0	0	10	5	4	2	0	0	0	0	0	0	0	0	0	0	0	0	0	0	0
6	0	0	9	4	1	0	0	0	0	0	0	0	0	0	0	0	0	0	0	0	0
7	0	0	7	2	0	0	0	0	0	0	0	0	0	0	0	0	0	0	0	0	0
8	0	0	6	1	0	0	0	0	0	0	0	0	0	0	0	0	0	0	0	0	0

Read statistics
	RepeatLen
Period	0	1	2	3	4	5	6	7	8	9	10	11	12	13	14	15	16	17	18	19	20
0	0	0	0	0	0	0	0	0	0	0	0	0	0	0	0	0	0	0	0	0	0
1	0	344554	255575	371238	247085	339502	390473	316100	213086	228433	271853	372648	228395	192938	157877	121711	202147	136700	99735	75157	63008
2	0	0	284529	381640	215601	184331	318157	343267	184719	236075	319471	252430	212918	169794	286606	277627	243424	216908	181178	171434	157653
3	0	0	197613	233910	340884	207169	173721	338236	300783	163286	106477	70724	55926	56289	46607	36545	19547	10059	5344	2945	19991
4	0	0	229769	273630	279075	205752	184672	166317	170879	129431	170350	151405	200171	128291	77069	61527	36573	23439	11897	6880	5260
5	0	0	297475	462663	243170	405178	482058	236751	179036	187274	151475	65697	59379	22797	9004	5530	1710	631	1028	81	103
6	0	0	265340	221774	257371	92334	28977	14048	7177	4565	2120	1254	633	135	139	1	26	0	0	12	43
7	0	0	298459	178665	57648	8431	1924	917	244	417	186	22	19	0	0	0	0	0	0	0	0
8	0	0	315028	171415	27902	5963	2010	764	197	110	104	11	9	0	0	0	0	0	0	0	0

Repeat period 8 calibration time 00:00:04.540

Repeat period 7 calibration time 00:00:05.234

Repeat period 6 calibration time 00:00:08.285

Repeat period 5 calibration time 00:00:14.233

Repeat period 4 calibration time 00:00:20.577

Repeat period 3 calibration time 00:00:21.469

Repeat period 1 calibration time 00:00:24.412

Repeat period 2 calibration time 00:00:32.479

Time calibration 00:00:32.481

Max GOP: 40, GOP bias: 0

Insertion GOP:
	RepeatLen
Period	0	1	2	3	4	5	6	7	8	9	10	11	12	13	14	15	16	17	18	19	20
0	0	0	0	0	0	0	0	0	0	0	0	0	0	0	0	0	0	0	0	0	0
1	0	45.00	45.00	45.00	45.00	45.00	45.00	45.00	43.50	39.25	35.50	32.50	31.50	31.25	30.25	30.00	29.25	29.25	28.25	28.25	27.50
2	0	41.75	41.75	41.75	41.75	41.75	39.75	35.50	32.50	31.25	29.50	29.00	28.25	28.25	28.25	27.75	27.75	28.00	27.50	27.25	27.50
3	0	40.00	40.00	40.00	40.00	40.00	39.50	36.00	33.00	32.00	29.25	29.25	28.25	28.75	28.75	28.75	28.75	28.00	28.00	25.50	26.50
4	0	39.00	39.00	39.00	38.50	36.00	34.25	31.50	28.50	26.75	26.00	26.00	26.00	25.25	23.50	23.75	22.75	22.75	22.75	22.75	22.75
5	0	40.00	40.00	40.00	40.00	37.00	33.50	29.00	25.75	25.50	25.25	25.25	24.00	25.00	25.00	25.00	25.00	24.00	23.25	23.25	23.25
6	0	38.75	38.75	38.75	38.75	35.25	28.75	22.75	22.75	24.00	24.00	24.00	24.00	24.00	24.00	24.00	24.00	24.00	24.00	24.00	24.00
7	0	37.50	37.50	37.50	34.50	29.75	28.25	26.50	24.75	17.75	17.75	17.75	17.75	19.25	19.25	19.25	19.25	19.25	19.25	19.25	19.25
8	0	38.00	38.00	38.00	30.25	29.25	23.50	23.50	23.50	23.50	23.50	23.50	23.50	16.75	16.75	16.75	16.75	16.75	16.75	16.75	16.75

Command line insertion GOP:
 160 160 160 160 160 160 160 160 157 142 130 126 125 121 120 117 117 113 113 110 160 160 160 160 160 159 142 130 125 118 116 113 113 113 111 111 112 110 109 110 160 160 160 160 160 158 144 132 128 117 117 113 115 115 115 115 112 112 102 106 156 156 156 154 144 137 126 114 107 104 104 104 101 94 95 91 91 91 91 91 160 160 160 160 148 134 116 103 102 101 101 96 100 100 100 100 96 93 93 93 155 155 155 155 141 115 91 91 96 96 96 96 96 96 96 96 96 96 96 96 150 150 150 138 119 113 106 99 71 71 71 71 77 77 77 77 77 77 77 77 152 152 152 121 117 94 94 94 94 94 94 94 67 67 67 67 67 67 67 67

Max GOP: 40.00, GOP bias: 0.00

Deletion GOP
	RepeatLen
Period	0	1	2	3	4	5	6	7	8	9	10	11	12	13	14	15	16	17	18	19	20
0	0	0	0	0	0	0	0	0	0	0	0	0	0	0	0	0	0	0	0	0	0
1	0	45.00	45.00	45.00	45.00	45.00	43.50	39.25	35.50	32.50	31.50	31.25	30.25	30.00	29.25	29.25	28.25	28.25	27.50	27.25	27.25
2	0	42.50	42.50	42.25	39.25	35.25	32.25	30.50	29.25	28.75	28.00	27.75	27.00	26.75	26.75	26.50	26.50	26.50	26.50	26.50	26.50
3	0	41.50	41.50	41.50	38.50	34.75	33.75	31.50	30.50	30.25	29.25	29.00	29.00	29.00	29.00	28.75	28.75	28.00	26.25	26.00	26.00
4	0	41.25	39.75	36.25	33.25	31.50	29.75	26.75	26.50	26.50	26.50	26.50	26.25	25.75	25.25	25.25	24.00	24.00	23.75	23.75	23.75
5	0	41.00	41.00	36.00	32.75	29.50	26.75	26.75	26.50	26.50	25.75	25.75	25.75	25.75	25.75	25.75	25.75	25.75	25.75	22.00	22.00
6	0	40.00	36.50	32.75	28.00	27.00	26.00	24.25	24.00	24.00	24.00	23.00	18.50	18.50	18.50	14.75	14.75	14.75	14.75	14.75	14.75
7	0	40.50	35.00	28.00	27.00	23.00	23.00	23.00	23.00	23.00	23.00	23.00	23.00	23.00	23.00	23.00	23.00	23.00	23.00	23.00	23.00
8	0	39.75	29.75	27.00	27.00	22.50	19.75	19.75	19.75	19.75	19.75	15.75	15.75	15.75	15.75	15.75	15.75	15.75	15.75	15.75	15.75

Command line deletion GOP:
 160 160 160 160 160 160 157 142 130 126 125 121 120 117 117 113 113 110 109 109 160 160 160 157 141 129 122 117 115 112 111 108 107 107 106 106 106 106 106 106 160 160 160 154 139 135 126 122 121 117 116 116 116 116 115 115 112 105 104 104 160 159 145 133 126 119 107 106 106 106 106 105 103 101 101 96 96 95 95 95 160 160 144 131 118 107 107 106 106 103 103 103 103 103 103 103 103 103 88 88 160 146 131 112 108 104 97 96 96 96 92 74 74 74 59 59 59 59 59 59 160 140 112 108 92 92 92 92 92 92 92 92 92 92 92 92 92 92 92 92 159 119 108 108 90 79 79 79 79 79 63 63 63 63 63 63 63 63 63 63

Insertion GCP:
	RepeatLen
Period	0	1	2	3	4	5	6	7	8	9	10	11	12	13	14	15	16	17	18	19	20
0	0	0	0	0	0	0	0	0	0	0	0	0	0	0	0	0	0	0	0	0	0
1	0	7.75	7.75	7.75	7.75	7.75	7.75	7.75	7.75	7.75	7.75	7.75	7.75	7.50	7.00	7.00	7.00	7.00	7.00	6.50	6.50
2	0	3.25	3.25	3.25	3.25	3.25	3.25	3.25	3.25	3.25	3.25	3.25	3.00	3.00	3.00	3.00	3.00	2.75	2.75	2.75	2.50
3	0	2.50	2.50	2.50	2.50	2.50	2.50	2.50	2.50	2.50	2.50	2.50	2.50	2.25	2.25	2.25	2.25	2.25	2.25	2.25	1.75
4	0	2.00	2.00	2.00	2.00	2.00	2.00	2.00	2.00	2.00	1.75	1.75	1.75	1.75	1.75	1.25	1.25	1.25	1.25	1.25	1.25
5	0	1.25	1.25	1.25	1.25	1.25	1.25	1.25	1.25	1.25	1.25	1.25	1.25	1.00	1.00	1.00	1.00	1.00	1.00	1.00	1.00
6	0	1.25	1.25	1.25	1.25	1.25	1.25	1.25	1.25	1.00	1.00	1.00	1.00	1.00	1.00	1.00	1.00	1.00	1.00	1.00	1.00
7	0	1.25	1.25	1.25	1.25	1.00	1.00	1.00	1.00	1.00	1.00	1.00	1.00	0.75	0.75	0.75	0.75	0.75	0.75	0.75	0.75
8	0	1.00	1.00	1.00	0.75	0.75	0.75	0.75	0.75	0.75	0.75	0.75	0.75	0.75	0.75	0.75	0.75	0.75	0.75	0.75	0.75

Command line insertion GCP:
 31 31 31 31 31 31 31 31 31 31 31 31 30 28 28 28 28 28 26 26 13 13 13 13 13 13 13 13 13 13 13 12 12 12 12 12 11 11 11 10 10 10 10 10 10 10 10 10 10 10 10 10 9 9 9 9 9 9 9 7 8 8 8 8 8 8 8 8 8 7 7 7 7 7 5 5 5 5 5 5 5 5 5 5 5 5 5 5 5 5 5 5 4 4 4 4 4 4 4 4 5 5 5 5 5 5 5 5 4 4 4 4 4 4 4 4 4 4 4 4 5 5 5 5 4 4 4 4 4 4 4 4 3 3 3 3 3 3 3 3 4 4 4 3 3 3 3 3 3 3 3 3 3 3 3 3 3 3 3 3

Deletion GCP:
	RepeatLen
Period	0	1	2	3	4	5	6	7	8	9	10	11	12	13	14	15	16	17	18	19	20
0	0	0	0	0	0	0	0	0	0	0	0	0	0	0	0	0	0	0	0	0	0
1	0	7.75	7.75	7.75	7.75	7.75	7.75	7.75	7.75	7.75	7.75	7.50	7.00	7.00	7.00	7.00	7.00	6.50	6.50	6.00	6.00
2	0	2.50	2.50	2.50	2.50	2.50	2.50	2.50	2.50	2.50	2.50	2.50	2.50	2.50	2.50	2.50	2.50	2.50	2.50	2.50	2.50
3	0	1.75	1.75	1.75	1.75	1.75	1.75	1.75	1.75	1.75	1.75	1.75	1.75	1.75	1.75	1.75	1.75	1.75	1.75	1.75	1.75
4	0	1.25	1.25	1.25	1.25	1.25	1.25	1.25	1.25	1.25	1.25	1.25	1.25	1.25	1.25	1.25	1.25	1.25	1.25	1.25	1.25
5	0	1.00	1.00	1.00	1.00	1.00	1.00	1.00	1.00	1.00	1.00	1.00	1.00	1.00	1.00	1.00	1.00	1.00	1.00	1.00	1.00
6	0	1.00	1.00	1.00	1.00	1.00	1.00	1.00	1.00	1.00	1.00	1.00	1.00	1.00	1.00	1.00	1.00	1.00	1.00	1.00	1.00
7	0	0.75	0.75	0.75	0.75	0.75	0.75	0.75	0.75	0.75	0.75	0.75	0.75	0.75	0.75	0.75	0.75	0.75	0.75	0.75	0.75
8	0	0.75	0.75	0.75	0.75	0.75	0.75	0.75	0.75	0.75	0.75	0.75	0.75	0.75	0.75	0.75	0.75	0.75	0.75	0.75	0.75

Command line deletion GCP:
 31 31 31 31 31 31 31 31 31 31 30 28 28 28 28 28 26 26 24 24 10 10 10 10 10 10 10 10 10 10 10 10 10 10 10 10 10 10 10 10 7 7 7 7 7 7 7 7 7 7 7 7 7 7 7 7 7 7 7 7 5 5 5 5 5 5 5 5 5 5 5 5 5 5 5 5 5 5 5 5 4 4 4 4 4 4 4 4 4 4 4 4 4 4 4 4 4 4 4 4 4 4 4 4 4 4 4 4 4 4 4 4 4 4 4 4 4 4 4 4 3 3 3 3 3 3 3 3 3 3 3 3 3 3 3 3 3 3 3 3 3 3 3 3 3 3 3 3 3 3 3 3 3 3 3 3 3 3 3 3

API:
	RepeatLen
Period	0	1	2	3	4	5	6	7	8	9	10	11	12	13	14	15	16	17	18	19	20
0	0	0	0	0	0	0	0	0	0	0	0	0	0	0	0	0	0	0	0	0	0
1	0	30.00	30.00	30.00	30.00	30.00	29.50	25.50	21.25	17.75	15.00	13.25	12.00	10.75	10.50	9.75	9.00	8.50	8.25	8.00	6.25
2	0	30.00	30.00	30.00	29.25	23.75	18.75	16.00	12.75	10.25	8.50	7.25	6.00	5.25	4.50	4.00	3.25	3.00	3.00	3.00	3.00
3	0	30.00	30.00	30.00	26.25	21.25	18.00	14.00	11.00	8.50	6.25	4.50	3.25	3.00	3.00	3.00	3.00	3.00	3.00	3.00	3.00
4	0	30.00	30.00	25.25	21.00	16.75	12.50	8.50	5.25	3.75	3.50	3.25	3.00	3.00	3.00	3.00	3.00	3.00	3.00	3.00	3.00
5	0	30.00	30.00	25.50	20.00	14.25	9.50	5.75	4.50	3.00	3.00	3.00	3.00	3.00	3.00	3.00	3.00	3.00	3.00	3.00	3.00
6	0	30.00	30.00	23.00	17.50	11.25	7.25	6.00	4.00	3.00	3.00	3.00	3.00	3.00	3.00	3.00	3.00	3.00	3.00	3.00	3.00
7	0	30.00	30.00	20.50	13.75	10.25	6.75	5.00	5.00	5.00	5.00	5.00	5.00	5.00	5.00	5.00	5.00	5.00	5.00	5.00	5.00
8	0	27.00	27.00	17.50	11.75	9.00	6.25	6.25	6.25	6.25	5.50	5.50	3.00	3.00	3.00	3.00	3.00	3.00	3.00	3.00	3.00

Command line API:
 30 30 30 30 30 29 25 21 17 15 13 12 10 10 9 9 8 8 8 6 30 30 30 29 23 18 16 12 10 8 7 6 5 4 4 3 3 3 3 3 30 30 30 26 21 18 14 11 8 6 4 3 3 3 3 3 3 3 3 3 30 30 25 21 16 12 8 5 3 3 3 3 3 3 3 3 3 3 3 3 30 30 25 20 14 9 5 4 3 3 3 3 3 3 3 3 3 3 3 3 30 30 23 17 11 7 6 4 3 3 3 3 3 3 3 3 3 3 3 3 30 30 20 13 10 6 5 5 5 5 5 5 5 5 5 5 5 5 5 5 27 27 17 11 9 6 6 6 6 5 5 3 3 3 3 3 3 3 3 3

Group: 1, totalBases: 3255181802, pcrProbErr: 182164.20
Group 1 Estimated PCR error probability: 42.52
